[11.455s] DEBUG:colcon:Command line arguments: ['/usr/bin/colcon', 'build', '--symlink-install', '--packages-select', 'atmaca_flight_control']
[11.455s] DEBUG:colcon:Parsed command line arguments: Namespace(ament_cmake_args=None, base_paths=['.'], build_base='build', catkin_cmake_args=None, catkin_skip_building_tests=False, cmake_args=None, cmake_clean_cache=False, cmake_clean_first=False, cmake_force_configure=False, cmake_target=None, cmake_target_skip_unavailable=False, continue_on_error=False, event_handlers=None, executor='parallel', ignore_user_meta=False, install_base='install', log_base=None, log_level=None, main=<bound method BuildVerb.main of <colcon_core.verb.build.BuildVerb object at 0xffff941dd7c0>>, merge_install=False, metas=['./colcon.meta'], packages_above=None, packages_above_and_dependencies=None, packages_above_depth=None, packages_end=None, packages_ignore=None, packages_ignore_regex=None, packages_select=['atmaca_flight_control'], packages_select_build_failed=False, packages_select_by_dep=None, packages_select_regex=None, packages_select_test_failures=False, packages_skip=None, packages_skip_build_finished=False, packages_skip_by_dep=None, packages_skip_regex=None, packages_skip_test_passed=False, packages_skip_up_to=None, packages_start=None, packages_up_to=None, packages_up_to_regex=None, parallel_workers=4, paths=None, symlink_install=True, test_result_base=None, verb_extension=<colcon_core.verb.build.BuildVerb object at 0xffff941dd7c0>, verb_name='build', verb_parser=<colcon_defaults.argument_parser.defaults.DefaultArgumentsDecorator object at 0xffff941ddfa0>)
[11.945s] Level 1:colcon.colcon_core.package_discovery:discover_packages(colcon_meta) check parameters
[11.945s] Level 1:colcon.colcon_core.package_discovery:discover_packages(recursive) check parameters
[11.946s] Level 1:colcon.colcon_core.package_discovery:discover_packages(ignore) check parameters
[11.946s] Level 1:colcon.colcon_core.package_discovery:discover_packages(path) check parameters
[11.946s] Level 1:colcon.colcon_core.package_discovery:discover_packages(colcon_meta) discover
[11.946s] Level 1:colcon.colcon_core.package_discovery:discover_packages(recursive) discover
[11.947s] INFO:colcon.colcon_core.package_discovery:Crawling recursively for packages in '/root/bridges/jetson_workspace'
[11.947s] Level 1:colcon.colcon_core.package_identification:_identify(.) by extensions ['ignore', 'ignore_ament_install']
[11.948s] Level 1:colcon.colcon_core.package_identification:_identify(.) by extension 'ignore'
[11.948s] Level 1:colcon.colcon_core.package_identification:_identify(.) by extension 'ignore_ament_install'
[11.948s] Level 1:colcon.colcon_core.package_identification:_identify(.) by extensions ['colcon_pkg']
[11.948s] Level 1:colcon.colcon_core.package_identification:_identify(.) by extension 'colcon_pkg'
[11.949s] Level 1:colcon.colcon_core.package_identification:_identify(.) by extensions ['colcon_meta']
[11.949s] Level 1:colcon.colcon_core.package_identification:_identify(.) by extension 'colcon_meta'
[11.949s] Level 1:colcon.colcon_core.package_identification:_identify(.) by extensions ['ros']
[11.949s] Level 1:colcon.colcon_core.package_identification:_identify(.) by extension 'ros'
[12.020s] Level 1:colcon.colcon_core.package_identification:_identify(.) by extensions ['cmake', 'python']
[12.020s] Level 1:colcon.colcon_core.package_identification:_identify(.) by extension 'cmake'
[12.020s] Level 1:colcon.colcon_core.package_identification:_identify(.) by extension 'python'
[12.021s] Level 1:colcon.colcon_core.package_identification:_identify(.) by extensions ['python_setup_py']
[12.021s] Level 1:colcon.colcon_core.package_identification:_identify(.) by extension 'python_setup_py'
[12.022s] Level 1:colcon.colcon_core.package_identification:_identify(build) by extensions ['ignore', 'ignore_ament_install']
[12.022s] Level 1:colcon.colcon_core.package_identification:_identify(build) by extension 'ignore'
[12.022s] Level 1:colcon.colcon_core.package_identification:_identify(build) ignored
[12.023s] Level 1:colcon.colcon_core.package_identification:_identify(install) by extensions ['ignore', 'ignore_ament_install']
[12.023s] Level 1:colcon.colcon_core.package_identification:_identify(install) by extension 'ignore'
[12.024s] Level 1:colcon.colcon_core.package_identification:_identify(install) ignored
[12.024s] Level 1:colcon.colcon_core.package_identification:_identify(log) by extensions ['ignore', 'ignore_ament_install']
[12.024s] Level 1:colcon.colcon_core.package_identification:_identify(log) by extension 'ignore'
[12.025s] Level 1:colcon.colcon_core.package_identification:_identify(log) ignored
[12.025s] Level 1:colcon.colcon_core.package_identification:_identify(onnxruntime-linux-aarch64-1.16.3) by extensions ['ignore', 'ignore_ament_install']
[12.026s] Level 1:colcon.colcon_core.package_identification:_identify(onnxruntime-linux-aarch64-1.16.3) by extension 'ignore'
[12.026s] Level 1:colcon.colcon_core.package_identification:_identify(onnxruntime-linux-aarch64-1.16.3) by extension 'ignore_ament_install'
[12.026s] Level 1:colcon.colcon_core.package_identification:_identify(onnxruntime-linux-aarch64-1.16.3) by extensions ['colcon_pkg']
[12.026s] Level 1:colcon.colcon_core.package_identification:_identify(onnxruntime-linux-aarch64-1.16.3) by extension 'colcon_pkg'
[12.027s] Level 1:colcon.colcon_core.package_identification:_identify(onnxruntime-linux-aarch64-1.16.3) by extensions ['colcon_meta']
[12.027s] Level 1:colcon.colcon_core.package_identification:_identify(onnxruntime-linux-aarch64-1.16.3) by extension 'colcon_meta'
[12.027s] Level 1:colcon.colcon_core.package_identification:_identify(onnxruntime-linux-aarch64-1.16.3) by extensions ['ros']
[12.027s] Level 1:colcon.colcon_core.package_identification:_identify(onnxruntime-linux-aarch64-1.16.3) by extension 'ros'
[12.027s] Level 1:colcon.colcon_core.package_identification:_identify(onnxruntime-linux-aarch64-1.16.3) by extensions ['cmake', 'python']
[12.028s] Level 1:colcon.colcon_core.package_identification:_identify(onnxruntime-linux-aarch64-1.16.3) by extension 'cmake'
[12.028s] Level 1:colcon.colcon_core.package_identification:_identify(onnxruntime-linux-aarch64-1.16.3) by extension 'python'
[12.028s] Level 1:colcon.colcon_core.package_identification:_identify(onnxruntime-linux-aarch64-1.16.3) by extensions ['python_setup_py']
[12.028s] Level 1:colcon.colcon_core.package_identification:_identify(onnxruntime-linux-aarch64-1.16.3) by extension 'python_setup_py'
[12.029s] Level 1:colcon.colcon_core.package_identification:_identify(onnxruntime-linux-aarch64-1.16.3/include) by extensions ['ignore', 'ignore_ament_install']
[12.029s] Level 1:colcon.colcon_core.package_identification:_identify(onnxruntime-linux-aarch64-1.16.3/include) by extension 'ignore'
[12.030s] Level 1:colcon.colcon_core.package_identification:_identify(onnxruntime-linux-aarch64-1.16.3/include) by extension 'ignore_ament_install'
[12.030s] Level 1:colcon.colcon_core.package_identification:_identify(onnxruntime-linux-aarch64-1.16.3/include) by extensions ['colcon_pkg']
[12.030s] Level 1:colcon.colcon_core.package_identification:_identify(onnxruntime-linux-aarch64-1.16.3/include) by extension 'colcon_pkg'
[12.030s] Level 1:colcon.colcon_core.package_identification:_identify(onnxruntime-linux-aarch64-1.16.3/include) by extensions ['colcon_meta']
[12.030s] Level 1:colcon.colcon_core.package_identification:_identify(onnxruntime-linux-aarch64-1.16.3/include) by extension 'colcon_meta'
[12.031s] Level 1:colcon.colcon_core.package_identification:_identify(onnxruntime-linux-aarch64-1.16.3/include) by extensions ['ros']
[12.031s] Level 1:colcon.colcon_core.package_identification:_identify(onnxruntime-linux-aarch64-1.16.3/include) by extension 'ros'
[12.031s] Level 1:colcon.colcon_core.package_identification:_identify(onnxruntime-linux-aarch64-1.16.3/include) by extensions ['cmake', 'python']
[12.032s] Level 1:colcon.colcon_core.package_identification:_identify(onnxruntime-linux-aarch64-1.16.3/include) by extension 'cmake'
[12.032s] Level 1:colcon.colcon_core.package_identification:_identify(onnxruntime-linux-aarch64-1.16.3/include) by extension 'python'
[12.032s] Level 1:colcon.colcon_core.package_identification:_identify(onnxruntime-linux-aarch64-1.16.3/include) by extensions ['python_setup_py']
[12.032s] Level 1:colcon.colcon_core.package_identification:_identify(onnxruntime-linux-aarch64-1.16.3/include) by extension 'python_setup_py'
[12.033s] Level 1:colcon.colcon_core.package_identification:_identify(onnxruntime-linux-aarch64-1.16.3/lib) by extensions ['ignore', 'ignore_ament_install']
[12.033s] Level 1:colcon.colcon_core.package_identification:_identify(onnxruntime-linux-aarch64-1.16.3/lib) by extension 'ignore'
[12.034s] Level 1:colcon.colcon_core.package_identification:_identify(onnxruntime-linux-aarch64-1.16.3/lib) by extension 'ignore_ament_install'
[12.034s] Level 1:colcon.colcon_core.package_identification:_identify(onnxruntime-linux-aarch64-1.16.3/lib) by extensions ['colcon_pkg']
[12.034s] Level 1:colcon.colcon_core.package_identification:_identify(onnxruntime-linux-aarch64-1.16.3/lib) by extension 'colcon_pkg'
[12.034s] Level 1:colcon.colcon_core.package_identification:_identify(onnxruntime-linux-aarch64-1.16.3/lib) by extensions ['colcon_meta']
[12.034s] Level 1:colcon.colcon_core.package_identification:_identify(onnxruntime-linux-aarch64-1.16.3/lib) by extension 'colcon_meta'
[12.035s] Level 1:colcon.colcon_core.package_identification:_identify(onnxruntime-linux-aarch64-1.16.3/lib) by extensions ['ros']
[12.035s] Level 1:colcon.colcon_core.package_identification:_identify(onnxruntime-linux-aarch64-1.16.3/lib) by extension 'ros'
[12.035s] Level 1:colcon.colcon_core.package_identification:_identify(onnxruntime-linux-aarch64-1.16.3/lib) by extensions ['cmake', 'python']
[12.035s] Level 1:colcon.colcon_core.package_identification:_identify(onnxruntime-linux-aarch64-1.16.3/lib) by extension 'cmake'
[12.036s] Level 1:colcon.colcon_core.package_identification:_identify(onnxruntime-linux-aarch64-1.16.3/lib) by extension 'python'
[12.036s] Level 1:colcon.colcon_core.package_identification:_identify(onnxruntime-linux-aarch64-1.16.3/lib) by extensions ['python_setup_py']
[12.036s] Level 1:colcon.colcon_core.package_identification:_identify(onnxruntime-linux-aarch64-1.16.3/lib) by extension 'python_setup_py'
[12.037s] Level 1:colcon.colcon_core.package_identification:_identify(src) by extensions ['ignore', 'ignore_ament_install']
[12.037s] Level 1:colcon.colcon_core.package_identification:_identify(src) by extension 'ignore'
[12.037s] Level 1:colcon.colcon_core.package_identification:_identify(src) by extension 'ignore_ament_install'
[12.038s] Level 1:colcon.colcon_core.package_identification:_identify(src) by extensions ['colcon_pkg']
[12.038s] Level 1:colcon.colcon_core.package_identification:_identify(src) by extension 'colcon_pkg'
[12.038s] Level 1:colcon.colcon_core.package_identification:_identify(src) by extensions ['colcon_meta']
[12.038s] Level 1:colcon.colcon_core.package_identification:_identify(src) by extension 'colcon_meta'
[12.038s] Level 1:colcon.colcon_core.package_identification:_identify(src) by extensions ['ros']
[12.038s] Level 1:colcon.colcon_core.package_identification:_identify(src) by extension 'ros'
[12.039s] Level 1:colcon.colcon_core.package_identification:_identify(src) by extensions ['cmake', 'python']
[12.039s] Level 1:colcon.colcon_core.package_identification:_identify(src) by extension 'cmake'
[12.039s] Level 1:colcon.colcon_core.package_identification:_identify(src) by extension 'python'
[12.040s] Level 1:colcon.colcon_core.package_identification:_identify(src) by extensions ['python_setup_py']
[12.040s] Level 1:colcon.colcon_core.package_identification:_identify(src) by extension 'python_setup_py'
[12.040s] Level 1:colcon.colcon_core.package_identification:_identify(src/Micro-XRCE-DDS-Agent) by extensions ['ignore', 'ignore_ament_install']
[12.041s] Level 1:colcon.colcon_core.package_identification:_identify(src/Micro-XRCE-DDS-Agent) by extension 'ignore'
[12.041s] Level 1:colcon.colcon_core.package_identification:_identify(src/Micro-XRCE-DDS-Agent) by extension 'ignore_ament_install'
[12.041s] Level 1:colcon.colcon_core.package_identification:_identify(src/Micro-XRCE-DDS-Agent) by extensions ['colcon_pkg']
[12.041s] Level 1:colcon.colcon_core.package_identification:_identify(src/Micro-XRCE-DDS-Agent) by extension 'colcon_pkg'
[12.046s] INFO:colcon.colcon_metadata.metadata.colcon_pkg:Setting type 'cmake' of package 'src/Micro-XRCE-DDS-Agent' from colcon.pkg
[12.046s] INFO:colcon.colcon_metadata.metadata.colcon_pkg:Setting name 'microxrcedds_agent' of package 'src/Micro-XRCE-DDS-Agent' from colcon.pkg
[12.047s] DEBUG:colcon.colcon_core.package_identification:Package 'src/Micro-XRCE-DDS-Agent' with type 'cmake' and name 'microxrcedds_agent'
[12.047s] Level 1:colcon.colcon_core.package_identification:_identify(src/atmaca_flight_control) by extensions ['ignore', 'ignore_ament_install']
[12.047s] Level 1:colcon.colcon_core.package_identification:_identify(src/atmaca_flight_control) by extension 'ignore'
[12.048s] Level 1:colcon.colcon_core.package_identification:_identify(src/atmaca_flight_control) by extension 'ignore_ament_install'
[12.048s] Level 1:colcon.colcon_core.package_identification:_identify(src/atmaca_flight_control) by extensions ['colcon_pkg']
[12.048s] Level 1:colcon.colcon_core.package_identification:_identify(src/atmaca_flight_control) by extension 'colcon_pkg'
[12.048s] Level 1:colcon.colcon_core.package_identification:_identify(src/atmaca_flight_control) by extensions ['colcon_meta']
[12.048s] Level 1:colcon.colcon_core.package_identification:_identify(src/atmaca_flight_control) by extension 'colcon_meta'
[12.049s] Level 1:colcon.colcon_core.package_identification:_identify(src/atmaca_flight_control) by extensions ['ros']
[12.049s] Level 1:colcon.colcon_core.package_identification:_identify(src/atmaca_flight_control) by extension 'ros'
[12.062s] DEBUG:colcon.colcon_core.package_identification:Package 'src/atmaca_flight_control' with type 'ros.ament_cmake' and name 'atmaca_flight_control'
[12.062s] Level 1:colcon.colcon_core.package_identification:_identify(src/atmaca_vision) by extensions ['ignore', 'ignore_ament_install']
[12.063s] Level 1:colcon.colcon_core.package_identification:_identify(src/atmaca_vision) by extension 'ignore'
[12.063s] Level 1:colcon.colcon_core.package_identification:_identify(src/atmaca_vision) by extension 'ignore_ament_install'
[12.063s] Level 1:colcon.colcon_core.package_identification:_identify(src/atmaca_vision) by extensions ['colcon_pkg']
[12.064s] Level 1:colcon.colcon_core.package_identification:_identify(src/atmaca_vision) by extension 'colcon_pkg'
[12.064s] Level 1:colcon.colcon_core.package_identification:_identify(src/atmaca_vision) by extensions ['colcon_meta']
[12.064s] Level 1:colcon.colcon_core.package_identification:_identify(src/atmaca_vision) by extension 'colcon_meta'
[12.064s] Level 1:colcon.colcon_core.package_identification:_identify(src/atmaca_vision) by extensions ['ros']
[12.064s] Level 1:colcon.colcon_core.package_identification:_identify(src/atmaca_vision) by extension 'ros'
[12.069s] DEBUG:colcon.colcon_core.package_identification:Package 'src/atmaca_vision' with type 'ros.ament_cmake' and name 'atmaca_vision'
[12.070s] Level 1:colcon.colcon_core.package_identification:_identify(src/pars_msgs) by extensions ['ignore', 'ignore_ament_install']
[12.070s] Level 1:colcon.colcon_core.package_identification:_identify(src/pars_msgs) by extension 'ignore'
[12.071s] Level 1:colcon.colcon_core.package_identification:_identify(src/pars_msgs) by extension 'ignore_ament_install'
[12.071s] Level 1:colcon.colcon_core.package_identification:_identify(src/pars_msgs) by extensions ['colcon_pkg']
[12.071s] Level 1:colcon.colcon_core.package_identification:_identify(src/pars_msgs) by extension 'colcon_pkg'
[12.071s] Level 1:colcon.colcon_core.package_identification:_identify(src/pars_msgs) by extensions ['colcon_meta']
[12.071s] Level 1:colcon.colcon_core.package_identification:_identify(src/pars_msgs) by extension 'colcon_meta'
[12.072s] Level 1:colcon.colcon_core.package_identification:_identify(src/pars_msgs) by extensions ['ros']
[12.072s] Level 1:colcon.colcon_core.package_identification:_identify(src/pars_msgs) by extension 'ros'
[12.075s] DEBUG:colcon.colcon_core.package_identification:Package 'src/pars_msgs' with type 'ros.ament_cmake' and name 'pars_msgs'
[12.076s] Level 1:colcon.colcon_core.package_identification:_identify(src/pkg_srv) by extensions ['ignore', 'ignore_ament_install']
[12.076s] Level 1:colcon.colcon_core.package_identification:_identify(src/pkg_srv) by extension 'ignore'
[12.076s] Level 1:colcon.colcon_core.package_identification:_identify(src/pkg_srv) by extension 'ignore_ament_install'
[12.077s] Level 1:colcon.colcon_core.package_identification:_identify(src/pkg_srv) by extensions ['colcon_pkg']
[12.077s] Level 1:colcon.colcon_core.package_identification:_identify(src/pkg_srv) by extension 'colcon_pkg'
[12.077s] Level 1:colcon.colcon_core.package_identification:_identify(src/pkg_srv) by extensions ['colcon_meta']
[12.077s] Level 1:colcon.colcon_core.package_identification:_identify(src/pkg_srv) by extension 'colcon_meta'
[12.078s] Level 1:colcon.colcon_core.package_identification:_identify(src/pkg_srv) by extensions ['ros']
[12.078s] Level 1:colcon.colcon_core.package_identification:_identify(src/pkg_srv) by extension 'ros'
[12.080s] DEBUG:colcon.colcon_core.package_identification:Package 'src/pkg_srv' with type 'ros.ament_cmake' and name 'pkg_srv'
[12.081s] Level 1:colcon.colcon_core.package_identification:_identify(src/px4_msgs) by extensions ['ignore', 'ignore_ament_install']
[12.081s] Level 1:colcon.colcon_core.package_identification:_identify(src/px4_msgs) by extension 'ignore'
[12.082s] Level 1:colcon.colcon_core.package_identification:_identify(src/px4_msgs) by extension 'ignore_ament_install'
[12.082s] Level 1:colcon.colcon_core.package_identification:_identify(src/px4_msgs) by extensions ['colcon_pkg']
[12.082s] Level 1:colcon.colcon_core.package_identification:_identify(src/px4_msgs) by extension 'colcon_pkg'
[12.082s] Level 1:colcon.colcon_core.package_identification:_identify(src/px4_msgs) by extensions ['colcon_meta']
[12.083s] Level 1:colcon.colcon_core.package_identification:_identify(src/px4_msgs) by extension 'colcon_meta'
[12.083s] Level 1:colcon.colcon_core.package_identification:_identify(src/px4_msgs) by extensions ['ros']
[12.083s] Level 1:colcon.colcon_core.package_identification:_identify(src/px4_msgs) by extension 'ros'
[12.086s] DEBUG:colcon.colcon_core.package_identification:Package 'src/px4_msgs' with type 'ros.ament_cmake' and name 'px4_msgs'
[12.086s] Level 1:colcon.colcon_core.package_identification:_identify(src/px4_ros_com) by extensions ['ignore', 'ignore_ament_install']
[12.087s] Level 1:colcon.colcon_core.package_identification:_identify(src/px4_ros_com) by extension 'ignore'
[12.087s] Level 1:colcon.colcon_core.package_identification:_identify(src/px4_ros_com) by extension 'ignore_ament_install'
[12.087s] Level 1:colcon.colcon_core.package_identification:_identify(src/px4_ros_com) by extensions ['colcon_pkg']
[12.087s] Level 1:colcon.colcon_core.package_identification:_identify(src/px4_ros_com) by extension 'colcon_pkg'
[12.088s] Level 1:colcon.colcon_core.package_identification:_identify(src/px4_ros_com) by extensions ['colcon_meta']
[12.088s] Level 1:colcon.colcon_core.package_identification:_identify(src/px4_ros_com) by extension 'colcon_meta'
[12.088s] Level 1:colcon.colcon_core.package_identification:_identify(src/px4_ros_com) by extensions ['ros']
[12.088s] Level 1:colcon.colcon_core.package_identification:_identify(src/px4_ros_com) by extension 'ros'
[12.089s] Level 1:colcon.colcon_core.package_identification:_identify(src/px4_ros_com) by extensions ['cmake', 'python']
[12.089s] Level 1:colcon.colcon_core.package_identification:_identify(src/px4_ros_com) by extension 'cmake'
[12.089s] Level 1:colcon.colcon_core.package_identification:_identify(src/px4_ros_com) by extension 'python'
[12.089s] Level 1:colcon.colcon_core.package_identification:_identify(src/px4_ros_com) by extensions ['python_setup_py']
[12.089s] Level 1:colcon.colcon_core.package_identification:_identify(src/px4_ros_com) by extension 'python_setup_py'
[12.090s] Level 1:colcon.colcon_core.package_identification:_identify(src/qr_detector) by extensions ['ignore', 'ignore_ament_install']
[12.090s] Level 1:colcon.colcon_core.package_identification:_identify(src/qr_detector) by extension 'ignore'
[12.091s] Level 1:colcon.colcon_core.package_identification:_identify(src/qr_detector) by extension 'ignore_ament_install'
[12.091s] Level 1:colcon.colcon_core.package_identification:_identify(src/qr_detector) by extensions ['colcon_pkg']
[12.091s] Level 1:colcon.colcon_core.package_identification:_identify(src/qr_detector) by extension 'colcon_pkg'
[12.091s] Level 1:colcon.colcon_core.package_identification:_identify(src/qr_detector) by extensions ['colcon_meta']
[12.091s] Level 1:colcon.colcon_core.package_identification:_identify(src/qr_detector) by extension 'colcon_meta'
[12.092s] Level 1:colcon.colcon_core.package_identification:_identify(src/qr_detector) by extensions ['ros']
[12.092s] Level 1:colcon.colcon_core.package_identification:_identify(src/qr_detector) by extension 'ros'
[12.096s] DEBUG:colcon.colcon_core.package_identification:Package 'src/qr_detector' with type 'ros.ament_cmake' and name 'qr_detector'
[12.097s] Level 1:colcon.colcon_core.package_identification:_identify(src/siha_camera_pkg) by extensions ['ignore', 'ignore_ament_install']
[12.097s] Level 1:colcon.colcon_core.package_identification:_identify(src/siha_camera_pkg) by extension 'ignore'
[12.098s] Level 1:colcon.colcon_core.package_identification:_identify(src/siha_camera_pkg) by extension 'ignore_ament_install'
[12.098s] Level 1:colcon.colcon_core.package_identification:_identify(src/siha_camera_pkg) by extensions ['colcon_pkg']
[12.098s] Level 1:colcon.colcon_core.package_identification:_identify(src/siha_camera_pkg) by extension 'colcon_pkg'
[12.098s] Level 1:colcon.colcon_core.package_identification:_identify(src/siha_camera_pkg) by extensions ['colcon_meta']
[12.098s] Level 1:colcon.colcon_core.package_identification:_identify(src/siha_camera_pkg) by extension 'colcon_meta'
[12.099s] Level 1:colcon.colcon_core.package_identification:_identify(src/siha_camera_pkg) by extensions ['ros']
[12.099s] Level 1:colcon.colcon_core.package_identification:_identify(src/siha_camera_pkg) by extension 'ros'
[12.103s] DEBUG:colcon.colcon_core.package_identification:Package 'src/siha_camera_pkg' with type 'ros.ament_cmake' and name 'siha_camera_pkg'
[12.104s] Level 1:colcon.colcon_core.package_identification:_identify(src/video_recorder_pkg) by extensions ['ignore', 'ignore_ament_install']
[12.104s] Level 1:colcon.colcon_core.package_identification:_identify(src/video_recorder_pkg) by extension 'ignore'
[12.105s] Level 1:colcon.colcon_core.package_identification:_identify(src/video_recorder_pkg) by extension 'ignore_ament_install'
[12.105s] Level 1:colcon.colcon_core.package_identification:_identify(src/video_recorder_pkg) by extensions ['colcon_pkg']
[12.105s] Level 1:colcon.colcon_core.package_identification:_identify(src/video_recorder_pkg) by extension 'colcon_pkg'
[12.105s] Level 1:colcon.colcon_core.package_identification:_identify(src/video_recorder_pkg) by extensions ['colcon_meta']
[12.105s] Level 1:colcon.colcon_core.package_identification:_identify(src/video_recorder_pkg) by extension 'colcon_meta'
[12.106s] Level 1:colcon.colcon_core.package_identification:_identify(src/video_recorder_pkg) by extensions ['ros']
[12.106s] Level 1:colcon.colcon_core.package_identification:_identify(src/video_recorder_pkg) by extension 'ros'
[12.110s] DEBUG:colcon.colcon_core.package_identification:Package 'src/video_recorder_pkg' with type 'ros.ament_cmake' and name 'video_recorder_pkg'
[12.110s] Level 1:colcon.colcon_core.package_discovery:discover_packages(recursive) using defaults
[12.110s] Level 1:colcon.colcon_core.package_discovery:discover_packages(ignore) discover
[12.111s] Level 1:colcon.colcon_core.package_discovery:discover_packages(ignore) using defaults
[12.111s] Level 1:colcon.colcon_core.package_discovery:discover_packages(path) discover
[12.111s] Level 1:colcon.colcon_core.package_discovery:discover_packages(path) using defaults
[12.352s] INFO:colcon.colcon_metadata.metadata.colcon_pkg:Updating descriptor of package 'src/Micro-XRCE-DDS-Agent' from colcon.pkg: {'name': 'microxrcedds_agent', 'type': 'cmake', 'dependencies': ['fastcdr', 'fastrtps'], 'cmake-args': ['-DUAGENT_ISOLATED_INSTALL=OFF', '-DUAGENT_USE_SYSTEM_FASTCDR=ON', '-DUAGENT_USE_SYSTEM_FASTDDS=ON']}
[12.437s] INFO:colcon.colcon_core.package_selection:Skipping not selected package 'microxrcedds_agent' in 'src/Micro-XRCE-DDS-Agent'
[12.437s] INFO:colcon.colcon_core.package_selection:Skipping not selected package 'pars_msgs' in 'src/pars_msgs'
[12.437s] INFO:colcon.colcon_core.package_selection:Skipping not selected package 'pkg_srv' in 'src/pkg_srv'
[12.438s] INFO:colcon.colcon_core.package_selection:Skipping not selected package 'px4_msgs' in 'src/px4_msgs'
[12.438s] INFO:colcon.colcon_core.package_selection:Skipping not selected package 'video_recorder_pkg' in 'src/video_recorder_pkg'
[12.438s] INFO:colcon.colcon_core.package_selection:Skipping not selected package 'atmaca_vision' in 'src/atmaca_vision'
[12.438s] INFO:colcon.colcon_core.package_selection:Skipping not selected package 'qr_detector' in 'src/qr_detector'
[12.438s] INFO:colcon.colcon_core.package_selection:Skipping not selected package 'siha_camera_pkg' in 'src/siha_camera_pkg'
[12.511s] Level 5:colcon.colcon_core.verb:set package 'atmaca_flight_control' build argument 'cmake_args' from command line to 'None'
[12.511s] Level 5:colcon.colcon_core.verb:set package 'atmaca_flight_control' build argument 'cmake_target' from command line to 'None'
[12.511s] Level 5:colcon.colcon_core.verb:set package 'atmaca_flight_control' build argument 'cmake_target_skip_unavailable' from command line to 'False'
[12.511s] Level 5:colcon.colcon_core.verb:set package 'atmaca_flight_control' build argument 'cmake_clean_cache' from command line to 'False'
[12.512s] Level 5:colcon.colcon_core.verb:set package 'atmaca_flight_control' build argument 'cmake_clean_first' from command line to 'False'
[12.512s] Level 5:colcon.colcon_core.verb:set package 'atmaca_flight_control' build argument 'cmake_force_configure' from command line to 'False'
[12.512s] Level 5:colcon.colcon_core.verb:set package 'atmaca_flight_control' build argument 'ament_cmake_args' from command line to 'None'
[12.512s] Level 5:colcon.colcon_core.verb:set package 'atmaca_flight_control' build argument 'catkin_cmake_args' from command line to 'None'
[12.512s] Level 5:colcon.colcon_core.verb:set package 'atmaca_flight_control' build argument 'catkin_skip_building_tests' from command line to 'False'
[12.513s] DEBUG:colcon.colcon_core.verb:Building package 'atmaca_flight_control' with the following arguments: {'ament_cmake_args': None, 'build_base': '/root/bridges/jetson_workspace/build/atmaca_flight_control', 'catkin_cmake_args': None, 'catkin_skip_building_tests': False, 'cmake_args': None, 'cmake_clean_cache': False, 'cmake_clean_first': False, 'cmake_force_configure': False, 'cmake_target': None, 'cmake_target_skip_unavailable': False, 'install_base': '/root/bridges/jetson_workspace/install/atmaca_flight_control', 'merge_install': False, 'path': '/root/bridges/jetson_workspace/src/atmaca_flight_control', 'symlink_install': True, 'test_result_base': None}
[12.583s] INFO:colcon.colcon_core.executor:Executing jobs using 'parallel' executor
[12.658s] DEBUG:colcon.colcon_parallel_executor.executor.parallel:run_until_complete
[12.659s] INFO:colcon.colcon_ros.task.ament_cmake.build:Building ROS package in '/root/bridges/jetson_workspace/src/atmaca_flight_control' with build type 'ament_cmake'
[12.660s] INFO:colcon.colcon_cmake.task.cmake.build:Building CMake package in '/root/bridges/jetson_workspace/src/atmaca_flight_control'
[12.744s] INFO:colcon.colcon_core.plugin_system:Skipping extension 'colcon_core.shell.bat': Not used on non-Windows systems
[12.745s] INFO:colcon.colcon_core.shell:Skip shell extension 'powershell' for command environment: Not usable outside of PowerShell
[12.745s] DEBUG:colcon.colcon_core.shell:Skip shell extension 'dsv' for command environment
[13.111s] DEBUG:colcon.colcon_core.event_handler.log_command:Invoking command in '/root/bridges/jetson_workspace/build/atmaca_flight_control': CMAKE_PREFIX_PATH=/root/bridges/jetson_workspace/install/px4_msgs:/root/bridges/jetson_workspace/install/pars_msgs:/root/bridges/jetson_workspace/install/video_recorder_pkg:/root/bridges/jetson_workspace/install/siha_camera_pkg:/root/bridges/jetson_workspace/install/qr_detector:/root/bridges/jetson_workspace/install/atmaca_flight_control:/root/bridges/jetson_workspace/install/pkg_srv:/root/bridges/jetson_workspace/install/atmaca_vision:/root/bridges/jetson_workspace/install/microxrcedds_agent:/opt/ros/humble/install LD_LIBRARY_PATH=/root/bridges/jetson_workspace/install/px4_msgs/lib:/root/bridges/jetson_workspace/install/pars_msgs/lib:/root/bridges/jetson_workspace/install/pkg_srv/lib:/root/bridges/jetson_workspace/install/microxrcedds_agent/lib:/opt/ros/humble/install/opt/rviz_ogre_vendor/lib:/opt/ros/humble/install/lib:/usr/local/cuda/lib64:/root/bridges/jetson_workspace/onnxruntime-linux-aarch64-1.16.3/lib PS1=\[\033[1;31m\]\u@\h\[\033[0m\]:\[\033[1;34m\]\w\[\033[0m\]# PYTHONPATH=/root/bridges/jetson_workspace/install/px4_msgs/lib/python3.8/site-packages:/root/bridges/jetson_workspace/install/pars_msgs/lib/python3.8/site-packages:/root/bridges/jetson_workspace/install/pkg_srv/lib/python3.8/site-packages:/opt/ros/humble/install/lib/python3.8/site-packages /usr/local/bin/cmake --build /root/bridges/jetson_workspace/build/atmaca_flight_control -- -j4 -l4
[120.578s] DEBUG:colcon.colcon_core.event_handler.log_command:Invoked command in '/root/bridges/jetson_workspace/build/atmaca_flight_control' returned '0': CMAKE_PREFIX_PATH=/root/bridges/jetson_workspace/install/px4_msgs:/root/bridges/jetson_workspace/install/pars_msgs:/root/bridges/jetson_workspace/install/video_recorder_pkg:/root/bridges/jetson_workspace/install/siha_camera_pkg:/root/bridges/jetson_workspace/install/qr_detector:/root/bridges/jetson_workspace/install/atmaca_flight_control:/root/bridges/jetson_workspace/install/pkg_srv:/root/bridges/jetson_workspace/install/atmaca_vision:/root/bridges/jetson_workspace/install/microxrcedds_agent:/opt/ros/humble/install LD_LIBRARY_PATH=/root/bridges/jetson_workspace/install/px4_msgs/lib:/root/bridges/jetson_workspace/install/pars_msgs/lib:/root/bridges/jetson_workspace/install/pkg_srv/lib:/root/bridges/jetson_workspace/install/microxrcedds_agent/lib:/opt/ros/humble/install/opt/rviz_ogre_vendor/lib:/opt/ros/humble/install/lib:/usr/local/cuda/lib64:/root/bridges/jetson_workspace/onnxruntime-linux-aarch64-1.16.3/lib PS1=\[\033[1;31m\]\u@\h\[\033[0m\]:\[\033[1;34m\]\w\[\033[0m\]# PYTHONPATH=/root/bridges/jetson_workspace/install/px4_msgs/lib/python3.8/site-packages:/root/bridges/jetson_workspace/install/pars_msgs/lib/python3.8/site-packages:/root/bridges/jetson_workspace/install/pkg_srv/lib/python3.8/site-packages:/opt/ros/humble/install/lib/python3.8/site-packages /usr/local/bin/cmake --build /root/bridges/jetson_workspace/build/atmaca_flight_control -- -j4 -l4
[121.177s] DEBUG:colcon.colcon_core.event_handler.log_command:Invoking command in '/root/bridges/jetson_workspace/build/atmaca_flight_control': CMAKE_PREFIX_PATH=/root/bridges/jetson_workspace/install/px4_msgs:/root/bridges/jetson_workspace/install/pars_msgs:/root/bridges/jetson_workspace/install/video_recorder_pkg:/root/bridges/jetson_workspace/install/siha_camera_pkg:/root/bridges/jetson_workspace/install/qr_detector:/root/bridges/jetson_workspace/install/atmaca_flight_control:/root/bridges/jetson_workspace/install/pkg_srv:/root/bridges/jetson_workspace/install/atmaca_vision:/root/bridges/jetson_workspace/install/microxrcedds_agent:/opt/ros/humble/install LD_LIBRARY_PATH=/root/bridges/jetson_workspace/install/px4_msgs/lib:/root/bridges/jetson_workspace/install/pars_msgs/lib:/root/bridges/jetson_workspace/install/pkg_srv/lib:/root/bridges/jetson_workspace/install/microxrcedds_agent/lib:/opt/ros/humble/install/opt/rviz_ogre_vendor/lib:/opt/ros/humble/install/lib:/usr/local/cuda/lib64:/root/bridges/jetson_workspace/onnxruntime-linux-aarch64-1.16.3/lib PS1=\[\033[1;31m\]\u@\h\[\033[0m\]:\[\033[1;34m\]\w\[\033[0m\]# PYTHONPATH=/root/bridges/jetson_workspace/install/px4_msgs/lib/python3.8/site-packages:/root/bridges/jetson_workspace/install/pars_msgs/lib/python3.8/site-packages:/root/bridges/jetson_workspace/install/pkg_srv/lib/python3.8/site-packages:/opt/ros/humble/install/lib/python3.8/site-packages /usr/local/bin/cmake --install /root/bridges/jetson_workspace/build/atmaca_flight_control
[121.405s] Level 1:colcon.colcon_core.environment:create_environment_scripts_only(atmaca_flight_control)
[121.409s] DEBUG:colcon.colcon_core.event_handler.log_command:Invoked command in '/root/bridges/jetson_workspace/build/atmaca_flight_control' returned '0': CMAKE_PREFIX_PATH=/root/bridges/jetson_workspace/install/px4_msgs:/root/bridges/jetson_workspace/install/pars_msgs:/root/bridges/jetson_workspace/install/video_recorder_pkg:/root/bridges/jetson_workspace/install/siha_camera_pkg:/root/bridges/jetson_workspace/install/qr_detector:/root/bridges/jetson_workspace/install/atmaca_flight_control:/root/bridges/jetson_workspace/install/pkg_srv:/root/bridges/jetson_workspace/install/atmaca_vision:/root/bridges/jetson_workspace/install/microxrcedds_agent:/opt/ros/humble/install LD_LIBRARY_PATH=/root/bridges/jetson_workspace/install/px4_msgs/lib:/root/bridges/jetson_workspace/install/pars_msgs/lib:/root/bridges/jetson_workspace/install/pkg_srv/lib:/root/bridges/jetson_workspace/install/microxrcedds_agent/lib:/opt/ros/humble/install/opt/rviz_ogre_vendor/lib:/opt/ros/humble/install/lib:/usr/local/cuda/lib64:/root/bridges/jetson_workspace/onnxruntime-linux-aarch64-1.16.3/lib PS1=\[\033[1;31m\]\u@\h\[\033[0m\]:\[\033[1;34m\]\w\[\033[0m\]# PYTHONPATH=/root/bridges/jetson_workspace/install/px4_msgs/lib/python3.8/site-packages:/root/bridges/jetson_workspace/install/pars_msgs/lib/python3.8/site-packages:/root/bridges/jetson_workspace/install/pkg_srv/lib/python3.8/site-packages:/opt/ros/humble/install/lib/python3.8/site-packages /usr/local/bin/cmake --install /root/bridges/jetson_workspace/build/atmaca_flight_control
[121.510s] Level 1:colcon.colcon_core.environment:checking '/root/bridges/jetson_workspace/install/atmaca_flight_control' for CMake module files
[121.513s] Level 1:colcon.colcon_core.environment:checking '/root/bridges/jetson_workspace/install/atmaca_flight_control' for CMake config files
[121.515s] Level 1:colcon.colcon_core.shell:create_environment_hook('atmaca_flight_control', 'cmake_prefix_path')
[121.590s] INFO:colcon.colcon_core.shell:Creating environment hook '/root/bridges/jetson_workspace/install/atmaca_flight_control/share/atmaca_flight_control/hook/cmake_prefix_path.ps1'
[121.595s] INFO:colcon.colcon_core.shell:Creating environment descriptor '/root/bridges/jetson_workspace/install/atmaca_flight_control/share/atmaca_flight_control/hook/cmake_prefix_path.dsv'
[121.597s] INFO:colcon.colcon_core.shell:Creating environment hook '/root/bridges/jetson_workspace/install/atmaca_flight_control/share/atmaca_flight_control/hook/cmake_prefix_path.sh'
[121.603s] Level 1:colcon.colcon_core.environment:checking '/root/bridges/jetson_workspace/install/atmaca_flight_control/lib'
[121.603s] Level 1:colcon.colcon_core.environment:checking '/root/bridges/jetson_workspace/install/atmaca_flight_control/bin'
[121.604s] Level 1:colcon.colcon_core.environment:checking '/root/bridges/jetson_workspace/install/atmaca_flight_control/lib/pkgconfig/atmaca_flight_control.pc'
[121.609s] Level 1:colcon.colcon_core.environment:checking '/root/bridges/jetson_workspace/install/atmaca_flight_control/lib/python3.8/site-packages'
[121.609s] Level 1:colcon.colcon_core.environment:checking '/root/bridges/jetson_workspace/install/atmaca_flight_control/bin'
[121.684s] INFO:colcon.colcon_core.shell:Creating package script '/root/bridges/jetson_workspace/install/atmaca_flight_control/share/atmaca_flight_control/package.ps1'
[121.688s] INFO:colcon.colcon_core.shell:Creating package descriptor '/root/bridges/jetson_workspace/install/atmaca_flight_control/share/atmaca_flight_control/package.dsv'
[121.691s] INFO:colcon.colcon_core.shell:Creating package script '/root/bridges/jetson_workspace/install/atmaca_flight_control/share/atmaca_flight_control/package.sh'
[121.696s] INFO:colcon.colcon_core.shell:Creating package script '/root/bridges/jetson_workspace/install/atmaca_flight_control/share/atmaca_flight_control/package.bash'
[121.699s] INFO:colcon.colcon_core.shell:Creating package script '/root/bridges/jetson_workspace/install/atmaca_flight_control/share/atmaca_flight_control/package.zsh'
[121.702s] Level 1:colcon.colcon_core.environment:create_file_with_runtime_dependencies(/root/bridges/jetson_workspace/install/atmaca_flight_control/share/colcon-core/packages/atmaca_flight_control)
[122.139s] Level 1:colcon.colcon_core.environment:create_environment_scripts_only(atmaca_flight_control)
[122.215s] Level 1:colcon.colcon_core.environment:checking '/root/bridges/jetson_workspace/install/atmaca_flight_control' for CMake module files
[122.219s] Level 1:colcon.colcon_core.environment:checking '/root/bridges/jetson_workspace/install/atmaca_flight_control' for CMake config files
[122.220s] Level 1:colcon.colcon_core.shell:create_environment_hook('atmaca_flight_control', 'cmake_prefix_path')
[122.292s] INFO:colcon.colcon_core.shell:Creating environment hook '/root/bridges/jetson_workspace/install/atmaca_flight_control/share/atmaca_flight_control/hook/cmake_prefix_path.ps1'
[122.295s] INFO:colcon.colcon_core.shell:Creating environment descriptor '/root/bridges/jetson_workspace/install/atmaca_flight_control/share/atmaca_flight_control/hook/cmake_prefix_path.dsv'
[122.297s] INFO:colcon.colcon_core.shell:Creating environment hook '/root/bridges/jetson_workspace/install/atmaca_flight_control/share/atmaca_flight_control/hook/cmake_prefix_path.sh'
[122.300s] Level 1:colcon.colcon_core.environment:checking '/root/bridges/jetson_workspace/install/atmaca_flight_control/lib'
[122.301s] Level 1:colcon.colcon_core.environment:checking '/root/bridges/jetson_workspace/install/atmaca_flight_control/bin'
[122.301s] Level 1:colcon.colcon_core.environment:checking '/root/bridges/jetson_workspace/install/atmaca_flight_control/lib/pkgconfig/atmaca_flight_control.pc'
[122.303s] Level 1:colcon.colcon_core.environment:checking '/root/bridges/jetson_workspace/install/atmaca_flight_control/lib/python3.8/site-packages'
[122.304s] Level 1:colcon.colcon_core.environment:checking '/root/bridges/jetson_workspace/install/atmaca_flight_control/bin'
[122.378s] INFO:colcon.colcon_core.shell:Creating package script '/root/bridges/jetson_workspace/install/atmaca_flight_control/share/atmaca_flight_control/package.ps1'
[122.381s] INFO:colcon.colcon_core.shell:Creating package descriptor '/root/bridges/jetson_workspace/install/atmaca_flight_control/share/atmaca_flight_control/package.dsv'
[122.383s] INFO:colcon.colcon_core.shell:Creating package script '/root/bridges/jetson_workspace/install/atmaca_flight_control/share/atmaca_flight_control/package.sh'
[122.386s] INFO:colcon.colcon_core.shell:Creating package script '/root/bridges/jetson_workspace/install/atmaca_flight_control/share/atmaca_flight_control/package.bash'
[122.388s] INFO:colcon.colcon_core.shell:Creating package script '/root/bridges/jetson_workspace/install/atmaca_flight_control/share/atmaca_flight_control/package.zsh'
[122.390s] Level 1:colcon.colcon_core.environment:create_file_with_runtime_dependencies(/root/bridges/jetson_workspace/install/atmaca_flight_control/share/colcon-core/packages/atmaca_flight_control)
[122.392s] DEBUG:colcon.colcon_parallel_executor.executor.parallel:closing loop
[122.394s] DEBUG:colcon.colcon_parallel_executor.executor.parallel:loop closed
[122.396s] DEBUG:colcon.colcon_parallel_executor.executor.parallel:run_until_complete finished with '0'
[122.396s] DEBUG:colcon.colcon_core.event_reactor:joining thread
[122.502s] INFO:colcon.colcon_core.plugin_system:Skipping extension 'colcon_notification.desktop_notification.notify_send': Could not find 'notify-send'
[122.503s] INFO:colcon.colcon_core.plugin_system:Skipping extension 'colcon_notification.desktop_notification.terminal_notifier': Not used on non-Darwin systems
[122.503s] INFO:colcon.colcon_core.plugin_system:Skipping extension 'colcon_notification.desktop_notification.win32': Not used on non-Windows systems
[122.503s] INFO:colcon.colcon_notification.desktop_notification:Sending desktop notification using 'notify2'
[122.533s] DEBUG:colcon.colcon_notification.desktop_notification.notify2:Failed to initialize notify2: org.freedesktop.DBus.Error.ServiceUnknown: The name org.freedesktop.Notifications was not provided by any .service files
[122.536s] DEBUG:colcon.colcon_core.event_reactor:joined thread
[122.622s] INFO:colcon.colcon_core.shell:Creating prefix script '/root/bridges/jetson_workspace/install/local_setup.ps1'
[122.628s] INFO:colcon.colcon_core.shell:Creating prefix util module '/root/bridges/jetson_workspace/install/_local_setup_util_ps1.py'
[122.634s] INFO:colcon.colcon_core.shell:Creating prefix chain script '/root/bridges/jetson_workspace/install/setup.ps1'
[122.714s] INFO:colcon.colcon_core.shell:Creating prefix script '/root/bridges/jetson_workspace/install/local_setup.sh'
[122.717s] INFO:colcon.colcon_core.shell:Creating prefix util module '/root/bridges/jetson_workspace/install/_local_setup_util_sh.py'
[122.720s] INFO:colcon.colcon_core.shell:Creating prefix chain script '/root/bridges/jetson_workspace/install/setup.sh'
[122.800s] INFO:colcon.colcon_core.shell:Creating prefix script '/root/bridges/jetson_workspace/install/local_setup.bash'
[122.802s] INFO:colcon.colcon_core.shell:Creating prefix chain script '/root/bridges/jetson_workspace/install/setup.bash'
[122.881s] INFO:colcon.colcon_core.shell:Creating prefix script '/root/bridges/jetson_workspace/install/local_setup.zsh'
[122.884s] INFO:colcon.colcon_core.shell:Creating prefix chain script '/root/bridges/jetson_workspace/install/setup.zsh'
