-- Found ament_cmake: 1.3.6 (/opt/ros/humble/install/share/ament_cmake/cmake)
-- Override CMake install command with custom implementation using symlinks instead of copying resources
-- Found rclcpp: 16.0.6 (/opt/ros/humble/install/share/rclcpp/cmake)
-- Found rosidl_generator_c: 3.1.5 (/opt/ros/humble/install/share/rosidl_generator_c/cmake)
-- Found rosidl_adapter: 3.1.5 (/opt/ros/humble/install/share/rosidl_adapter/cmake)
-- Found rosidl_generator_cpp: 3.1.5 (/opt/ros/humble/install/share/rosidl_generator_cpp/cmake)
-- Using all available rosidl_typesupport_c: rosidl_typesupport_fastrtps_c;rosidl_typesupport_introspection_c
-- Using all available rosidl_typesupport_cpp: rosidl_typesupport_fastrtps_cpp;rosidl_typesupport_introspection_cpp
-- Found rmw_implementation_cmake: 6.1.1 (/opt/ros/humble/install/share/rmw_implementation_cmake/cmake)
-- Found rmw_cyclonedds_cpp: 1.3.4 (/opt/ros/humble/install/share/rmw_cyclonedds_cpp/cmake)
-- Using RMW implementation 'rmw_cyclonedds_cpp' as default
-- Found sensor_msgs: 4.2.3 (/opt/ros/humble/install/share/sensor_msgs/cmake)
-- Found image_transport: 3.1.7 (/opt/ros/humble/install/share/image_transport/cmake)
-- Found cv_bridge: 3.2.1 (/opt/ros/humble/install/share/cv_bridge/cmake)
-- Found OpenCV: /usr (found version "4.5.0") found components: core imgproc imgcodecs 
-- Found OpenCV: /usr (found version "4.5.0") found components: cudaimgproc cudawarping 
-- Found ament_lint_auto: 0.12.8 (/opt/ros/humble/install/share/ament_lint_auto/cmake)
-- Added test 'copyright' to check source files copyright and LICENSE
-- Added test 'cppcheck' to perform static code analysis on C / C++ code
-- Configured cppcheck include dirs: /root/bridges/jetson_workspace/src/qr_detector/include
-- Configured cppcheck exclude dirs and/or files: 
-- Added test 'cpplint' to check C / C++ code against the Google style
-- Configured cpplint exclude dirs and/or files: 
-- Added test 'flake8' to check Python code syntax and style conventions
-- Added test 'lint_cmake' to check CMake code style
-- Added test 'pep257' to check Python code against some of the docstring style conventions in PEP 257
-- Added test 'uncrustify' to check C / C++ code style
-- Configured uncrustify additional arguments: 
-- Added test 'xmllint' to check XML markup files
-- Configuring done (5.8s)
-- Generating done (0.1s)
-- Build files have been written to: /root/bridges/jetson_workspace/build/qr_detector
[ 50%] [32m[1mLinking CXX executable qr_detection_node[0m
[100%] Built target qr_detection_node
-- Install configuration: ""
-- Execute custom install script
-- Symlinking: /root/bridges/jetson_workspace/install/qr_detector/lib/qr_detector/qr_detection_node
-- Symlinking: /root/bridges/jetson_workspace/install/qr_detector/share/qr_detector//launch/qr_detection.launch.py
-- Symlinking: /root/bridges/jetson_workspace/install/qr_detector/share/ament_index/resource_index/package_run_dependencies/qr_detector
-- Symlinking: /root/bridges/jetson_workspace/install/qr_detector/share/ament_index/resource_index/parent_prefix_path/qr_detector
-- Symlinking: /root/bridges/jetson_workspace/install/qr_detector/share/qr_detector/environment/ament_prefix_path.sh
-- Symlinking: /root/bridges/jetson_workspace/install/qr_detector/share/qr_detector/environment/ament_prefix_path.dsv
-- Symlinking: /root/bridges/jetson_workspace/install/qr_detector/share/qr_detector/environment/path.sh
-- Symlinking: /root/bridges/jetson_workspace/install/qr_detector/share/qr_detector/environment/path.dsv
-- Symlinking: /root/bridges/jetson_workspace/install/qr_detector/share/qr_detector/local_setup.bash
-- Symlinking: /root/bridges/jetson_workspace/install/qr_detector/share/qr_detector/local_setup.sh
-- Symlinking: /root/bridges/jetson_workspace/install/qr_detector/share/qr_detector/local_setup.zsh
-- Symlinking: /root/bridges/jetson_workspace/install/qr_detector/share/qr_detector/local_setup.dsv
-- Symlinking: /root/bridges/jetson_workspace/install/qr_detector/share/qr_detector/package.dsv
-- Symlinking: /root/bridges/jetson_workspace/install/qr_detector/share/ament_index/resource_index/packages/qr_detector
-- Symlinking: /root/bridges/jetson_workspace/install/qr_detector/share/qr_detector/cmake/qr_detectorConfig.cmake
-- Symlinking: /root/bridges/jetson_workspace/install/qr_detector/share/qr_detector/cmake/qr_detectorConfig-version.cmake
-- Symlinking: /root/bridges/jetson_workspace/install/qr_detector/share/qr_detector/package.xml
