[14.971s] DEBUG:colcon:Command line arguments: ['/usr/bin/colcon', 'build', '--symlink-install', '--packages-select', 'video_recorder_pkg']
[14.972s] DEBUG:colcon:Parsed command line arguments: Namespace(ament_cmake_args=None, base_paths=['.'], build_base='build', catkin_cmake_args=None, catkin_skip_building_tests=False, cmake_args=None, cmake_clean_cache=False, cmake_clean_first=False, cmake_force_configure=False, cmake_target=None, cmake_target_skip_unavailable=False, continue_on_error=False, event_handlers=None, executor='parallel', ignore_user_meta=False, install_base='install', log_base=None, log_level=None, main=<bound method BuildVerb.main of <colcon_core.verb.build.BuildVerb object at 0xffffa1798dc0>>, merge_install=False, metas=['./colcon.meta'], packages_above=None, packages_above_and_dependencies=None, packages_above_depth=None, packages_end=None, packages_ignore=None, packages_ignore_regex=None, packages_select=['video_recorder_pkg'], packages_select_build_failed=False, packages_select_by_dep=None, packages_select_regex=None, packages_select_test_failures=False, packages_skip=None, packages_skip_build_finished=False, packages_skip_by_dep=None, packages_skip_regex=None, packages_skip_test_passed=False, packages_skip_up_to=None, packages_start=None, packages_up_to=None, packages_up_to_regex=None, parallel_workers=4, paths=None, symlink_install=True, test_result_base=None, verb_extension=<colcon_core.verb.build.BuildVerb object at 0xffffa1798dc0>, verb_name='build', verb_parser=<colcon_defaults.argument_parser.defaults.DefaultArgumentsDecorator object at 0xffffa1487b80>)
[15.667s] Level 1:colcon.colcon_core.package_discovery:discover_packages(colcon_meta) check parameters
[15.668s] Level 1:colcon.colcon_core.package_discovery:discover_packages(recursive) check parameters
[15.668s] Level 1:colcon.colcon_core.package_discovery:discover_packages(ignore) check parameters
[15.669s] Level 1:colcon.colcon_core.package_discovery:discover_packages(path) check parameters
[15.670s] Level 1:colcon.colcon_core.package_discovery:discover_packages(colcon_meta) discover
[15.671s] Level 1:colcon.colcon_core.package_discovery:discover_packages(recursive) discover
[15.671s] INFO:colcon.colcon_core.package_discovery:Crawling recursively for packages in '/root/bridges/jetson_workspace'
[15.672s] Level 1:colcon.colcon_core.package_identification:_identify(.) by extensions ['ignore', 'ignore_ament_install']
[15.673s] Level 1:colcon.colcon_core.package_identification:_identify(.) by extension 'ignore'
[15.673s] Level 1:colcon.colcon_core.package_identification:_identify(.) by extension 'ignore_ament_install'
[15.673s] Level 1:colcon.colcon_core.package_identification:_identify(.) by extensions ['colcon_pkg']
[15.674s] Level 1:colcon.colcon_core.package_identification:_identify(.) by extension 'colcon_pkg'
[15.674s] Level 1:colcon.colcon_core.package_identification:_identify(.) by extensions ['colcon_meta']
[15.674s] Level 1:colcon.colcon_core.package_identification:_identify(.) by extension 'colcon_meta'
[15.674s] Level 1:colcon.colcon_core.package_identification:_identify(.) by extensions ['ros']
[15.674s] Level 1:colcon.colcon_core.package_identification:_identify(.) by extension 'ros'
[15.755s] Level 1:colcon.colcon_core.package_identification:_identify(.) by extensions ['cmake', 'python']
[15.756s] Level 1:colcon.colcon_core.package_identification:_identify(.) by extension 'cmake'
[15.756s] Level 1:colcon.colcon_core.package_identification:_identify(.) by extension 'python'
[15.756s] Level 1:colcon.colcon_core.package_identification:_identify(.) by extensions ['python_setup_py']
[15.757s] Level 1:colcon.colcon_core.package_identification:_identify(.) by extension 'python_setup_py'
[15.757s] Level 1:colcon.colcon_core.package_identification:_identify(build) by extensions ['ignore', 'ignore_ament_install']
[15.758s] Level 1:colcon.colcon_core.package_identification:_identify(build) by extension 'ignore'
[15.758s] Level 1:colcon.colcon_core.package_identification:_identify(build) ignored
[15.759s] Level 1:colcon.colcon_core.package_identification:_identify(install) by extensions ['ignore', 'ignore_ament_install']
[15.760s] Level 1:colcon.colcon_core.package_identification:_identify(install) by extension 'ignore'
[15.760s] Level 1:colcon.colcon_core.package_identification:_identify(install) ignored
[15.761s] Level 1:colcon.colcon_core.package_identification:_identify(log) by extensions ['ignore', 'ignore_ament_install']
[15.761s] Level 1:colcon.colcon_core.package_identification:_identify(log) by extension 'ignore'
[15.761s] Level 1:colcon.colcon_core.package_identification:_identify(log) ignored
[15.762s] Level 1:colcon.colcon_core.package_identification:_identify(onnxruntime-linux-aarch64-1.16.3) by extensions ['ignore', 'ignore_ament_install']
[15.762s] Level 1:colcon.colcon_core.package_identification:_identify(onnxruntime-linux-aarch64-1.16.3) by extension 'ignore'
[15.763s] Level 1:colcon.colcon_core.package_identification:_identify(onnxruntime-linux-aarch64-1.16.3) by extension 'ignore_ament_install'
[15.763s] Level 1:colcon.colcon_core.package_identification:_identify(onnxruntime-linux-aarch64-1.16.3) by extensions ['colcon_pkg']
[15.763s] Level 1:colcon.colcon_core.package_identification:_identify(onnxruntime-linux-aarch64-1.16.3) by extension 'colcon_pkg'
[15.763s] Level 1:colcon.colcon_core.package_identification:_identify(onnxruntime-linux-aarch64-1.16.3) by extensions ['colcon_meta']
[15.763s] Level 1:colcon.colcon_core.package_identification:_identify(onnxruntime-linux-aarch64-1.16.3) by extension 'colcon_meta'
[15.764s] Level 1:colcon.colcon_core.package_identification:_identify(onnxruntime-linux-aarch64-1.16.3) by extensions ['ros']
[15.764s] Level 1:colcon.colcon_core.package_identification:_identify(onnxruntime-linux-aarch64-1.16.3) by extension 'ros'
[15.764s] Level 1:colcon.colcon_core.package_identification:_identify(onnxruntime-linux-aarch64-1.16.3) by extensions ['cmake', 'python']
[15.765s] Level 1:colcon.colcon_core.package_identification:_identify(onnxruntime-linux-aarch64-1.16.3) by extension 'cmake'
[15.765s] Level 1:colcon.colcon_core.package_identification:_identify(onnxruntime-linux-aarch64-1.16.3) by extension 'python'
[15.765s] Level 1:colcon.colcon_core.package_identification:_identify(onnxruntime-linux-aarch64-1.16.3) by extensions ['python_setup_py']
[15.765s] Level 1:colcon.colcon_core.package_identification:_identify(onnxruntime-linux-aarch64-1.16.3) by extension 'python_setup_py'
[15.766s] Level 1:colcon.colcon_core.package_identification:_identify(onnxruntime-linux-aarch64-1.16.3/include) by extensions ['ignore', 'ignore_ament_install']
[15.766s] Level 1:colcon.colcon_core.package_identification:_identify(onnxruntime-linux-aarch64-1.16.3/include) by extension 'ignore'
[15.767s] Level 1:colcon.colcon_core.package_identification:_identify(onnxruntime-linux-aarch64-1.16.3/include) by extension 'ignore_ament_install'
[15.767s] Level 1:colcon.colcon_core.package_identification:_identify(onnxruntime-linux-aarch64-1.16.3/include) by extensions ['colcon_pkg']
[15.767s] Level 1:colcon.colcon_core.package_identification:_identify(onnxruntime-linux-aarch64-1.16.3/include) by extension 'colcon_pkg'
[15.767s] Level 1:colcon.colcon_core.package_identification:_identify(onnxruntime-linux-aarch64-1.16.3/include) by extensions ['colcon_meta']
[15.767s] Level 1:colcon.colcon_core.package_identification:_identify(onnxruntime-linux-aarch64-1.16.3/include) by extension 'colcon_meta'
[15.768s] Level 1:colcon.colcon_core.package_identification:_identify(onnxruntime-linux-aarch64-1.16.3/include) by extensions ['ros']
[15.768s] Level 1:colcon.colcon_core.package_identification:_identify(onnxruntime-linux-aarch64-1.16.3/include) by extension 'ros'
[15.768s] Level 1:colcon.colcon_core.package_identification:_identify(onnxruntime-linux-aarch64-1.16.3/include) by extensions ['cmake', 'python']
[15.769s] Level 1:colcon.colcon_core.package_identification:_identify(onnxruntime-linux-aarch64-1.16.3/include) by extension 'cmake'
[15.769s] Level 1:colcon.colcon_core.package_identification:_identify(onnxruntime-linux-aarch64-1.16.3/include) by extension 'python'
[15.770s] Level 1:colcon.colcon_core.package_identification:_identify(onnxruntime-linux-aarch64-1.16.3/include) by extensions ['python_setup_py']
[15.770s] Level 1:colcon.colcon_core.package_identification:_identify(onnxruntime-linux-aarch64-1.16.3/include) by extension 'python_setup_py'
[15.771s] Level 1:colcon.colcon_core.package_identification:_identify(onnxruntime-linux-aarch64-1.16.3/lib) by extensions ['ignore', 'ignore_ament_install']
[15.771s] Level 1:colcon.colcon_core.package_identification:_identify(onnxruntime-linux-aarch64-1.16.3/lib) by extension 'ignore'
[15.771s] Level 1:colcon.colcon_core.package_identification:_identify(onnxruntime-linux-aarch64-1.16.3/lib) by extension 'ignore_ament_install'
[15.772s] Level 1:colcon.colcon_core.package_identification:_identify(onnxruntime-linux-aarch64-1.16.3/lib) by extensions ['colcon_pkg']
[15.772s] Level 1:colcon.colcon_core.package_identification:_identify(onnxruntime-linux-aarch64-1.16.3/lib) by extension 'colcon_pkg'
[15.772s] Level 1:colcon.colcon_core.package_identification:_identify(onnxruntime-linux-aarch64-1.16.3/lib) by extensions ['colcon_meta']
[15.772s] Level 1:colcon.colcon_core.package_identification:_identify(onnxruntime-linux-aarch64-1.16.3/lib) by extension 'colcon_meta'
[15.772s] Level 1:colcon.colcon_core.package_identification:_identify(onnxruntime-linux-aarch64-1.16.3/lib) by extensions ['ros']
[15.773s] Level 1:colcon.colcon_core.package_identification:_identify(onnxruntime-linux-aarch64-1.16.3/lib) by extension 'ros'
[15.773s] Level 1:colcon.colcon_core.package_identification:_identify(onnxruntime-linux-aarch64-1.16.3/lib) by extensions ['cmake', 'python']
[15.773s] Level 1:colcon.colcon_core.package_identification:_identify(onnxruntime-linux-aarch64-1.16.3/lib) by extension 'cmake'
[15.773s] Level 1:colcon.colcon_core.package_identification:_identify(onnxruntime-linux-aarch64-1.16.3/lib) by extension 'python'
[15.774s] Level 1:colcon.colcon_core.package_identification:_identify(onnxruntime-linux-aarch64-1.16.3/lib) by extensions ['python_setup_py']
[15.774s] Level 1:colcon.colcon_core.package_identification:_identify(onnxruntime-linux-aarch64-1.16.3/lib) by extension 'python_setup_py'
[15.775s] Level 1:colcon.colcon_core.package_identification:_identify(src) by extensions ['ignore', 'ignore_ament_install']
[15.775s] Level 1:colcon.colcon_core.package_identification:_identify(src) by extension 'ignore'
[15.775s] Level 1:colcon.colcon_core.package_identification:_identify(src) by extension 'ignore_ament_install'
[15.776s] Level 1:colcon.colcon_core.package_identification:_identify(src) by extensions ['colcon_pkg']
[15.776s] Level 1:colcon.colcon_core.package_identification:_identify(src) by extension 'colcon_pkg'
[15.776s] Level 1:colcon.colcon_core.package_identification:_identify(src) by extensions ['colcon_meta']
[15.776s] Level 1:colcon.colcon_core.package_identification:_identify(src) by extension 'colcon_meta'
[15.777s] Level 1:colcon.colcon_core.package_identification:_identify(src) by extensions ['ros']
[15.777s] Level 1:colcon.colcon_core.package_identification:_identify(src) by extension 'ros'
[15.777s] Level 1:colcon.colcon_core.package_identification:_identify(src) by extensions ['cmake', 'python']
[15.777s] Level 1:colcon.colcon_core.package_identification:_identify(src) by extension 'cmake'
[15.778s] Level 1:colcon.colcon_core.package_identification:_identify(src) by extension 'python'
[15.778s] Level 1:colcon.colcon_core.package_identification:_identify(src) by extensions ['python_setup_py']
[15.778s] Level 1:colcon.colcon_core.package_identification:_identify(src) by extension 'python_setup_py'
[15.779s] Level 1:colcon.colcon_core.package_identification:_identify(src/atmaca_vision) by extensions ['ignore', 'ignore_ament_install']
[15.779s] Level 1:colcon.colcon_core.package_identification:_identify(src/atmaca_vision) by extension 'ignore'
[15.779s] Level 1:colcon.colcon_core.package_identification:_identify(src/atmaca_vision) by extension 'ignore_ament_install'
[15.780s] Level 1:colcon.colcon_core.package_identification:_identify(src/atmaca_vision) by extensions ['colcon_pkg']
[15.780s] Level 1:colcon.colcon_core.package_identification:_identify(src/atmaca_vision) by extension 'colcon_pkg'
[15.780s] Level 1:colcon.colcon_core.package_identification:_identify(src/atmaca_vision) by extensions ['colcon_meta']
[15.780s] Level 1:colcon.colcon_core.package_identification:_identify(src/atmaca_vision) by extension 'colcon_meta'
[15.781s] Level 1:colcon.colcon_core.package_identification:_identify(src/atmaca_vision) by extensions ['ros']
[15.781s] Level 1:colcon.colcon_core.package_identification:_identify(src/atmaca_vision) by extension 'ros'
[15.797s] DEBUG:colcon.colcon_core.package_identification:Package 'src/atmaca_vision' with type 'ros.ament_cmake' and name 'atmaca_vision'
[15.798s] Level 1:colcon.colcon_core.package_identification:_identify(src/pars_msgs) by extensions ['ignore', 'ignore_ament_install']
[15.799s] Level 1:colcon.colcon_core.package_identification:_identify(src/pars_msgs) by extension 'ignore'
[15.800s] Level 1:colcon.colcon_core.package_identification:_identify(src/pars_msgs) by extension 'ignore_ament_install'
[15.800s] Level 1:colcon.colcon_core.package_identification:_identify(src/pars_msgs) by extensions ['colcon_pkg']
[15.800s] Level 1:colcon.colcon_core.package_identification:_identify(src/pars_msgs) by extension 'colcon_pkg'
[15.800s] Level 1:colcon.colcon_core.package_identification:_identify(src/pars_msgs) by extensions ['colcon_meta']
[15.801s] Level 1:colcon.colcon_core.package_identification:_identify(src/pars_msgs) by extension 'colcon_meta'
[15.801s] Level 1:colcon.colcon_core.package_identification:_identify(src/pars_msgs) by extensions ['ros']
[15.801s] Level 1:colcon.colcon_core.package_identification:_identify(src/pars_msgs) by extension 'ros'
[15.805s] DEBUG:colcon.colcon_core.package_identification:Package 'src/pars_msgs' with type 'ros.ament_cmake' and name 'pars_msgs'
[15.806s] Level 1:colcon.colcon_core.package_identification:_identify(src/pkg_srv) by extensions ['ignore', 'ignore_ament_install']
[15.806s] Level 1:colcon.colcon_core.package_identification:_identify(src/pkg_srv) by extension 'ignore'
[15.807s] Level 1:colcon.colcon_core.package_identification:_identify(src/pkg_srv) by extension 'ignore_ament_install'
[15.807s] Level 1:colcon.colcon_core.package_identification:_identify(src/pkg_srv) by extensions ['colcon_pkg']
[15.807s] Level 1:colcon.colcon_core.package_identification:_identify(src/pkg_srv) by extension 'colcon_pkg'
[15.807s] Level 1:colcon.colcon_core.package_identification:_identify(src/pkg_srv) by extensions ['colcon_meta']
[15.807s] Level 1:colcon.colcon_core.package_identification:_identify(src/pkg_srv) by extension 'colcon_meta'
[15.808s] Level 1:colcon.colcon_core.package_identification:_identify(src/pkg_srv) by extensions ['ros']
[15.808s] Level 1:colcon.colcon_core.package_identification:_identify(src/pkg_srv) by extension 'ros'
[15.811s] DEBUG:colcon.colcon_core.package_identification:Package 'src/pkg_srv' with type 'ros.ament_cmake' and name 'pkg_srv'
[15.812s] Level 1:colcon.colcon_core.package_identification:_identify(src/px4_msgs) by extensions ['ignore', 'ignore_ament_install']
[15.812s] Level 1:colcon.colcon_core.package_identification:_identify(src/px4_msgs) by extension 'ignore'
[15.813s] Level 1:colcon.colcon_core.package_identification:_identify(src/px4_msgs) by extension 'ignore_ament_install'
[15.813s] Level 1:colcon.colcon_core.package_identification:_identify(src/px4_msgs) by extensions ['colcon_pkg']
[15.813s] Level 1:colcon.colcon_core.package_identification:_identify(src/px4_msgs) by extension 'colcon_pkg'
[15.813s] Level 1:colcon.colcon_core.package_identification:_identify(src/px4_msgs) by extensions ['colcon_meta']
[15.814s] Level 1:colcon.colcon_core.package_identification:_identify(src/px4_msgs) by extension 'colcon_meta'
[15.814s] Level 1:colcon.colcon_core.package_identification:_identify(src/px4_msgs) by extensions ['ros']
[15.814s] Level 1:colcon.colcon_core.package_identification:_identify(src/px4_msgs) by extension 'ros'
[15.818s] DEBUG:colcon.colcon_core.package_identification:Package 'src/px4_msgs' with type 'ros.ament_cmake' and name 'px4_msgs'
[15.819s] Level 1:colcon.colcon_core.package_identification:_identify(src/px4_ros_com) by extensions ['ignore', 'ignore_ament_install']
[15.819s] Level 1:colcon.colcon_core.package_identification:_identify(src/px4_ros_com) by extension 'ignore'
[15.820s] Level 1:colcon.colcon_core.package_identification:_identify(src/px4_ros_com) by extension 'ignore_ament_install'
[15.820s] Level 1:colcon.colcon_core.package_identification:_identify(src/px4_ros_com) by extensions ['colcon_pkg']
[15.820s] Level 1:colcon.colcon_core.package_identification:_identify(src/px4_ros_com) by extension 'colcon_pkg'
[15.820s] Level 1:colcon.colcon_core.package_identification:_identify(src/px4_ros_com) by extensions ['colcon_meta']
[15.821s] Level 1:colcon.colcon_core.package_identification:_identify(src/px4_ros_com) by extension 'colcon_meta'
[15.821s] Level 1:colcon.colcon_core.package_identification:_identify(src/px4_ros_com) by extensions ['ros']
[15.821s] Level 1:colcon.colcon_core.package_identification:_identify(src/px4_ros_com) by extension 'ros'
[15.827s] DEBUG:colcon.colcon_core.package_identification:Package 'src/px4_ros_com' with type 'ros.ament_cmake' and name 'px4_ros_com'
[15.828s] Level 1:colcon.colcon_core.package_identification:_identify(src/qr_detector) by extensions ['ignore', 'ignore_ament_install']
[15.828s] Level 1:colcon.colcon_core.package_identification:_identify(src/qr_detector) by extension 'ignore'
[15.828s] Level 1:colcon.colcon_core.package_identification:_identify(src/qr_detector) by extension 'ignore_ament_install'
[15.829s] Level 1:colcon.colcon_core.package_identification:_identify(src/qr_detector) by extensions ['colcon_pkg']
[15.829s] Level 1:colcon.colcon_core.package_identification:_identify(src/qr_detector) by extension 'colcon_pkg'
[15.829s] Level 1:colcon.colcon_core.package_identification:_identify(src/qr_detector) by extensions ['colcon_meta']
[15.829s] Level 1:colcon.colcon_core.package_identification:_identify(src/qr_detector) by extension 'colcon_meta'
[15.830s] Level 1:colcon.colcon_core.package_identification:_identify(src/qr_detector) by extensions ['ros']
[15.830s] Level 1:colcon.colcon_core.package_identification:_identify(src/qr_detector) by extension 'ros'
[15.835s] DEBUG:colcon.colcon_core.package_identification:Package 'src/qr_detector' with type 'ros.ament_cmake' and name 'qr_detector'
[15.835s] Level 1:colcon.colcon_core.package_identification:_identify(src/siha_camera_pkg) by extensions ['ignore', 'ignore_ament_install']
[15.836s] Level 1:colcon.colcon_core.package_identification:_identify(src/siha_camera_pkg) by extension 'ignore'
[15.836s] Level 1:colcon.colcon_core.package_identification:_identify(src/siha_camera_pkg) by extension 'ignore_ament_install'
[15.836s] Level 1:colcon.colcon_core.package_identification:_identify(src/siha_camera_pkg) by extensions ['colcon_pkg']
[15.836s] Level 1:colcon.colcon_core.package_identification:_identify(src/siha_camera_pkg) by extension 'colcon_pkg'
[15.837s] Level 1:colcon.colcon_core.package_identification:_identify(src/siha_camera_pkg) by extensions ['colcon_meta']
[15.837s] Level 1:colcon.colcon_core.package_identification:_identify(src/siha_camera_pkg) by extension 'colcon_meta'
[15.837s] Level 1:colcon.colcon_core.package_identification:_identify(src/siha_camera_pkg) by extensions ['ros']
[15.837s] Level 1:colcon.colcon_core.package_identification:_identify(src/siha_camera_pkg) by extension 'ros'
[15.842s] DEBUG:colcon.colcon_core.package_identification:Package 'src/siha_camera_pkg' with type 'ros.ament_cmake' and name 'siha_camera_pkg'
[15.843s] Level 1:colcon.colcon_core.package_identification:_identify(src/video_recorder_pkg) by extensions ['ignore', 'ignore_ament_install']
[15.843s] Level 1:colcon.colcon_core.package_identification:_identify(src/video_recorder_pkg) by extension 'ignore'
[15.844s] Level 1:colcon.colcon_core.package_identification:_identify(src/video_recorder_pkg) by extension 'ignore_ament_install'
[15.844s] Level 1:colcon.colcon_core.package_identification:_identify(src/video_recorder_pkg) by extensions ['colcon_pkg']
[15.844s] Level 1:colcon.colcon_core.package_identification:_identify(src/video_recorder_pkg) by extension 'colcon_pkg'
[15.844s] Level 1:colcon.colcon_core.package_identification:_identify(src/video_recorder_pkg) by extensions ['colcon_meta']
[15.844s] Level 1:colcon.colcon_core.package_identification:_identify(src/video_recorder_pkg) by extension 'colcon_meta'
[15.845s] Level 1:colcon.colcon_core.package_identification:_identify(src/video_recorder_pkg) by extensions ['ros']
[15.845s] Level 1:colcon.colcon_core.package_identification:_identify(src/video_recorder_pkg) by extension 'ros'
[15.849s] DEBUG:colcon.colcon_core.package_identification:Package 'src/video_recorder_pkg' with type 'ros.ament_cmake' and name 'video_recorder_pkg'
[15.850s] Level 1:colcon.colcon_core.package_discovery:discover_packages(recursive) using defaults
[15.850s] Level 1:colcon.colcon_core.package_discovery:discover_packages(ignore) discover
[15.850s] Level 1:colcon.colcon_core.package_discovery:discover_packages(ignore) using defaults
[15.850s] Level 1:colcon.colcon_core.package_discovery:discover_packages(path) discover
[15.851s] Level 1:colcon.colcon_core.package_discovery:discover_packages(path) using defaults
[16.182s] INFO:colcon.colcon_core.package_selection:Skipping not selected package 'pars_msgs' in 'src/pars_msgs'
[16.182s] INFO:colcon.colcon_core.package_selection:Skipping not selected package 'pkg_srv' in 'src/pkg_srv'
[16.182s] INFO:colcon.colcon_core.package_selection:Skipping not selected package 'px4_msgs' in 'src/px4_msgs'
[16.183s] INFO:colcon.colcon_core.package_selection:Skipping not selected package 'atmaca_vision' in 'src/atmaca_vision'
[16.183s] INFO:colcon.colcon_core.package_selection:Skipping not selected package 'px4_ros_com' in 'src/px4_ros_com'
[16.183s] INFO:colcon.colcon_core.package_selection:Skipping not selected package 'qr_detector' in 'src/qr_detector'
[16.183s] INFO:colcon.colcon_core.package_selection:Skipping not selected package 'siha_camera_pkg' in 'src/siha_camera_pkg'
[16.257s] Level 5:colcon.colcon_core.verb:set package 'video_recorder_pkg' build argument 'cmake_args' from command line to 'None'
[16.258s] Level 5:colcon.colcon_core.verb:set package 'video_recorder_pkg' build argument 'cmake_target' from command line to 'None'
[16.258s] Level 5:colcon.colcon_core.verb:set package 'video_recorder_pkg' build argument 'cmake_target_skip_unavailable' from command line to 'False'
[16.258s] Level 5:colcon.colcon_core.verb:set package 'video_recorder_pkg' build argument 'cmake_clean_cache' from command line to 'False'
[16.258s] Level 5:colcon.colcon_core.verb:set package 'video_recorder_pkg' build argument 'cmake_clean_first' from command line to 'False'
[16.258s] Level 5:colcon.colcon_core.verb:set package 'video_recorder_pkg' build argument 'cmake_force_configure' from command line to 'False'
[16.259s] Level 5:colcon.colcon_core.verb:set package 'video_recorder_pkg' build argument 'ament_cmake_args' from command line to 'None'
[16.259s] Level 5:colcon.colcon_core.verb:set package 'video_recorder_pkg' build argument 'catkin_cmake_args' from command line to 'None'
[16.259s] Level 5:colcon.colcon_core.verb:set package 'video_recorder_pkg' build argument 'catkin_skip_building_tests' from command line to 'False'
[16.259s] DEBUG:colcon.colcon_core.verb:Building package 'video_recorder_pkg' with the following arguments: {'ament_cmake_args': None, 'build_base': '/root/bridges/jetson_workspace/build/video_recorder_pkg', 'catkin_cmake_args': None, 'catkin_skip_building_tests': False, 'cmake_args': None, 'cmake_clean_cache': False, 'cmake_clean_first': False, 'cmake_force_configure': False, 'cmake_target': None, 'cmake_target_skip_unavailable': False, 'install_base': '/root/bridges/jetson_workspace/install/video_recorder_pkg', 'merge_install': False, 'path': '/root/bridges/jetson_workspace/src/video_recorder_pkg', 'symlink_install': True, 'test_result_base': None}
[16.335s] INFO:colcon.colcon_core.executor:Executing jobs using 'parallel' executor
[16.569s] DEBUG:colcon.colcon_parallel_executor.executor.parallel:run_until_complete
[16.572s] INFO:colcon.colcon_ros.task.ament_cmake.build:Building ROS package in '/root/bridges/jetson_workspace/src/video_recorder_pkg' with build type 'ament_cmake'
[16.575s] INFO:colcon.colcon_cmake.task.cmake.build:Building CMake package in '/root/bridges/jetson_workspace/src/video_recorder_pkg'
[16.678s] INFO:colcon.colcon_core.plugin_system:Skipping extension 'colcon_core.shell.bat': Not used on non-Windows systems
[16.679s] INFO:colcon.colcon_core.shell:Skip shell extension 'powershell' for command environment: Not usable outside of PowerShell
[16.679s] DEBUG:colcon.colcon_core.shell:Skip shell extension 'dsv' for command environment
[17.037s] DEBUG:colcon.colcon_core.event_handler.log_command:Invoking command in '/root/bridges/jetson_workspace/build/video_recorder_pkg': PS1=\[\033[1;31m\]\u@\h\[\033[0m\]:\[\033[1;34m\]\w\[\033[0m\]# /usr/local/bin/cmake --build /root/bridges/jetson_workspace/build/video_recorder_pkg -- -j4 -l4
[95.281s] DEBUG:colcon.colcon_core.event_handler.log_command:Invoked command in '/root/bridges/jetson_workspace/build/video_recorder_pkg' returned '0': PS1=\[\033[1;31m\]\u@\h\[\033[0m\]:\[\033[1;34m\]\w\[\033[0m\]# /usr/local/bin/cmake --build /root/bridges/jetson_workspace/build/video_recorder_pkg -- -j4 -l4
[95.980s] DEBUG:colcon.colcon_core.event_handler.log_command:Invoking command in '/root/bridges/jetson_workspace/build/video_recorder_pkg': PS1=\[\033[1;31m\]\u@\h\[\033[0m\]:\[\033[1;34m\]\w\[\033[0m\]# /usr/local/bin/cmake --install /root/bridges/jetson_workspace/build/video_recorder_pkg
[96.214s] Level 1:colcon.colcon_core.environment:create_environment_scripts_only(video_recorder_pkg)
[96.217s] DEBUG:colcon.colcon_core.event_handler.log_command:Invoked command in '/root/bridges/jetson_workspace/build/video_recorder_pkg' returned '0': PS1=\[\033[1;31m\]\u@\h\[\033[0m\]:\[\033[1;34m\]\w\[\033[0m\]# /usr/local/bin/cmake --install /root/bridges/jetson_workspace/build/video_recorder_pkg
[96.321s] Level 1:colcon.colcon_core.environment:checking '/root/bridges/jetson_workspace/install/video_recorder_pkg' for CMake module files
[96.324s] Level 1:colcon.colcon_core.environment:checking '/root/bridges/jetson_workspace/install/video_recorder_pkg' for CMake config files
[96.326s] Level 1:colcon.colcon_core.shell:create_environment_hook('video_recorder_pkg', 'cmake_prefix_path')
[96.407s] INFO:colcon.colcon_core.shell:Creating environment hook '/root/bridges/jetson_workspace/install/video_recorder_pkg/share/video_recorder_pkg/hook/cmake_prefix_path.ps1'
[96.411s] INFO:colcon.colcon_core.shell:Creating environment descriptor '/root/bridges/jetson_workspace/install/video_recorder_pkg/share/video_recorder_pkg/hook/cmake_prefix_path.dsv'
[96.414s] INFO:colcon.colcon_core.shell:Creating environment hook '/root/bridges/jetson_workspace/install/video_recorder_pkg/share/video_recorder_pkg/hook/cmake_prefix_path.sh'
[96.419s] Level 1:colcon.colcon_core.environment:checking '/root/bridges/jetson_workspace/install/video_recorder_pkg/lib'
[96.420s] Level 1:colcon.colcon_core.environment:checking '/root/bridges/jetson_workspace/install/video_recorder_pkg/bin'
[96.421s] Level 1:colcon.colcon_core.environment:checking '/root/bridges/jetson_workspace/install/video_recorder_pkg/lib/pkgconfig/video_recorder_pkg.pc'
[96.426s] Level 1:colcon.colcon_core.environment:checking '/root/bridges/jetson_workspace/install/video_recorder_pkg/lib/python3.8/site-packages'
[96.427s] Level 1:colcon.colcon_core.environment:checking '/root/bridges/jetson_workspace/install/video_recorder_pkg/bin'
[96.660s] INFO:colcon.colcon_core.shell:Creating package script '/root/bridges/jetson_workspace/install/video_recorder_pkg/share/video_recorder_pkg/package.ps1'
[96.669s] INFO:colcon.colcon_core.shell:Creating package descriptor '/root/bridges/jetson_workspace/install/video_recorder_pkg/share/video_recorder_pkg/package.dsv'
[96.675s] INFO:colcon.colcon_core.shell:Creating package script '/root/bridges/jetson_workspace/install/video_recorder_pkg/share/video_recorder_pkg/package.sh'
[96.680s] INFO:colcon.colcon_core.shell:Creating package script '/root/bridges/jetson_workspace/install/video_recorder_pkg/share/video_recorder_pkg/package.bash'
[96.685s] INFO:colcon.colcon_core.shell:Creating package script '/root/bridges/jetson_workspace/install/video_recorder_pkg/share/video_recorder_pkg/package.zsh'
[96.690s] Level 1:colcon.colcon_core.environment:create_file_with_runtime_dependencies(/root/bridges/jetson_workspace/install/video_recorder_pkg/share/colcon-core/packages/video_recorder_pkg)
[97.103s] Level 1:colcon.colcon_core.environment:create_environment_scripts_only(video_recorder_pkg)
[97.181s] Level 1:colcon.colcon_core.environment:checking '/root/bridges/jetson_workspace/install/video_recorder_pkg' for CMake module files
[97.184s] Level 1:colcon.colcon_core.environment:checking '/root/bridges/jetson_workspace/install/video_recorder_pkg' for CMake config files
[97.186s] Level 1:colcon.colcon_core.shell:create_environment_hook('video_recorder_pkg', 'cmake_prefix_path')
[97.261s] INFO:colcon.colcon_core.shell:Creating environment hook '/root/bridges/jetson_workspace/install/video_recorder_pkg/share/video_recorder_pkg/hook/cmake_prefix_path.ps1'
[97.264s] INFO:colcon.colcon_core.shell:Creating environment descriptor '/root/bridges/jetson_workspace/install/video_recorder_pkg/share/video_recorder_pkg/hook/cmake_prefix_path.dsv'
[97.266s] INFO:colcon.colcon_core.shell:Creating environment hook '/root/bridges/jetson_workspace/install/video_recorder_pkg/share/video_recorder_pkg/hook/cmake_prefix_path.sh'
[97.269s] Level 1:colcon.colcon_core.environment:checking '/root/bridges/jetson_workspace/install/video_recorder_pkg/lib'
[97.269s] Level 1:colcon.colcon_core.environment:checking '/root/bridges/jetson_workspace/install/video_recorder_pkg/bin'
[97.270s] Level 1:colcon.colcon_core.environment:checking '/root/bridges/jetson_workspace/install/video_recorder_pkg/lib/pkgconfig/video_recorder_pkg.pc'
[97.271s] Level 1:colcon.colcon_core.environment:checking '/root/bridges/jetson_workspace/install/video_recorder_pkg/lib/python3.8/site-packages'
[97.272s] Level 1:colcon.colcon_core.environment:checking '/root/bridges/jetson_workspace/install/video_recorder_pkg/bin'
[97.348s] INFO:colcon.colcon_core.shell:Creating package script '/root/bridges/jetson_workspace/install/video_recorder_pkg/share/video_recorder_pkg/package.ps1'
[97.352s] INFO:colcon.colcon_core.shell:Creating package descriptor '/root/bridges/jetson_workspace/install/video_recorder_pkg/share/video_recorder_pkg/package.dsv'
[97.354s] INFO:colcon.colcon_core.shell:Creating package script '/root/bridges/jetson_workspace/install/video_recorder_pkg/share/video_recorder_pkg/package.sh'
[97.357s] INFO:colcon.colcon_core.shell:Creating package script '/root/bridges/jetson_workspace/install/video_recorder_pkg/share/video_recorder_pkg/package.bash'
[97.359s] INFO:colcon.colcon_core.shell:Creating package script '/root/bridges/jetson_workspace/install/video_recorder_pkg/share/video_recorder_pkg/package.zsh'
[97.361s] Level 1:colcon.colcon_core.environment:create_file_with_runtime_dependencies(/root/bridges/jetson_workspace/install/video_recorder_pkg/share/colcon-core/packages/video_recorder_pkg)
[97.363s] DEBUG:colcon.colcon_parallel_executor.executor.parallel:closing loop
[97.366s] DEBUG:colcon.colcon_parallel_executor.executor.parallel:loop closed
[97.368s] DEBUG:colcon.colcon_parallel_executor.executor.parallel:run_until_complete finished with '0'
[97.368s] DEBUG:colcon.colcon_core.event_reactor:joining thread
[97.660s] INFO:colcon.colcon_core.plugin_system:Skipping extension 'colcon_notification.desktop_notification.notify_send': Could not find 'notify-send'
[97.662s] INFO:colcon.colcon_core.plugin_system:Skipping extension 'colcon_notification.desktop_notification.terminal_notifier': Not used on non-Darwin systems
[97.664s] INFO:colcon.colcon_core.plugin_system:Skipping extension 'colcon_notification.desktop_notification.win32': Not used on non-Windows systems
[97.665s] INFO:colcon.colcon_notification.desktop_notification:Sending desktop notification using 'notify2'
[97.667s] DEBUG:colcon.colcon_notification.desktop_notification.notify2:Failed to initialize notify2: org.freedesktop.DBus.Error.NotSupported: Unable to autolaunch a dbus-daemon without a $DISPLAY for X11
[97.668s] DEBUG:colcon.colcon_core.event_reactor:joined thread
[97.755s] INFO:colcon.colcon_core.shell:Creating prefix script '/root/bridges/jetson_workspace/install/local_setup.ps1'
[97.761s] INFO:colcon.colcon_core.shell:Creating prefix util module '/root/bridges/jetson_workspace/install/_local_setup_util_ps1.py'
[97.769s] INFO:colcon.colcon_core.shell:Creating prefix chain script '/root/bridges/jetson_workspace/install/setup.ps1'
[97.856s] INFO:colcon.colcon_core.shell:Creating prefix script '/root/bridges/jetson_workspace/install/local_setup.sh'
[97.860s] INFO:colcon.colcon_core.shell:Creating prefix util module '/root/bridges/jetson_workspace/install/_local_setup_util_sh.py'
[97.863s] INFO:colcon.colcon_core.shell:Creating prefix chain script '/root/bridges/jetson_workspace/install/setup.sh'
[97.951s] INFO:colcon.colcon_core.shell:Creating prefix script '/root/bridges/jetson_workspace/install/local_setup.bash'
[97.954s] INFO:colcon.colcon_core.shell:Creating prefix chain script '/root/bridges/jetson_workspace/install/setup.bash'
[98.035s] INFO:colcon.colcon_core.shell:Creating prefix script '/root/bridges/jetson_workspace/install/local_setup.zsh'
[98.038s] INFO:colcon.colcon_core.shell:Creating prefix chain script '/root/bridges/jetson_workspace/install/setup.zsh'
