[0.647s] Invoking command in '/root/bridges/jetson_workspace/build/siha_camera_pkg': CMAKE_PREFIX_PATH=/root/bridges/jetson_workspace/install/px4_msgs:/root/bridges/jetson_workspace/install/video_recorder_pkg:/root/bridges/jetson_workspace/install/siha_camera_pkg:/root/bridges/jetson_workspace/install/qr_detector:/root/bridges/jetson_workspace/install/px4_ros_com:/root/bridges/jetson_workspace/install/pkg_srv:/root/bridges/jetson_workspace/install/atmaca_vision:/root/bridges/jetson_workspace/install/pars_msgs:/opt/ros/humble/install LD_LIBRARY_PATH=/root/bridges/jetson_workspace/install/px4_msgs/lib:/root/bridges/jetson_workspace/install/px4_ros_com/lib:/root/bridges/jetson_workspace/install/pkg_srv/lib:/root/bridges/jetson_workspace/install/pars_msgs/lib:/opt/ros/humble/install/opt/rviz_ogre_vendor/lib:/opt/ros/humble/install/lib:/usr/local/cuda/lib64:/root/bridges/jetson_workspace/onnxruntime-linux-aarch64-1.16.3/lib PS1=\[\033[1;31m\]\u@\h\[\033[0m\]:\[\033[1;34m\]\w\[\033[0m\]# PYTHONPATH=/root/bridges/jetson_workspace/install/px4_msgs/lib/python3.8/site-packages:/root/bridges/jetson_workspace/install/px4_ros_com/lib/python3.8/site-packages:/root/bridges/jetson_workspace/install/pkg_srv/lib/python3.8/site-packages:/root/bridges/jetson_workspace/install/pars_msgs/lib/python3.8/site-packages:/opt/ros/humble/install/lib/python3.8/site-packages /usr/local/bin/cmake /root/bridges/jetson_workspace/src/siha_camera_pkg -DAMENT_CMAKE_SYMLINK_INSTALL=1 -DCMAKE_INSTALL_PREFIX=/root/bridges/jetson_workspace/install/siha_camera_pkg
[1.271s] -- The C compiler identification is GNU 9.4.0
[1.659s] -- The CXX compiler identification is GNU 9.4.0
[1.826s] -- Detecting C compiler ABI info
[2.459s] -- Detecting C compiler ABI info - done
[2.526s] -- Check for working C compiler: /usr/bin/cc - skipped
[2.528s] -- Detecting C compile features
[2.530s] -- Detecting C compile features - done
[2.662s] -- Detecting CXX compiler ABI info
[3.352s] -- Detecting CXX compiler ABI info - done
[3.415s] -- Check for working CXX compiler: /usr/bin/c++ - skipped
[3.416s] -- Detecting CXX compile features
[3.419s] -- Detecting CXX compile features - done
[3.442s] -- Found ament_cmake: 1.3.6 (/opt/ros/humble/install/share/ament_cmake/cmake)
[12.473s] -- Found Python3: /usr/bin/python3.8 (found version "3.8.10") found components: Interpreter 
[12.798s] -- Override CMake install command with custom implementation using symlinks instead of copying resources
[13.044s] -- Found rclcpp: 16.0.6 (/opt/ros/humble/install/share/rclcpp/cmake)
[13.530s] -- Found rosidl_generator_c: 3.1.5 (/opt/ros/humble/install/share/rosidl_generator_c/cmake)
[13.551s] -- Found rosidl_adapter: 3.1.5 (/opt/ros/humble/install/share/rosidl_adapter/cmake)
[13.618s] -- Found rosidl_generator_cpp: 3.1.5 (/opt/ros/humble/install/share/rosidl_generator_cpp/cmake)
[13.744s] -- Using all available rosidl_typesupport_c: rosidl_typesupport_fastrtps_c;rosidl_typesupport_introspection_c
[13.908s] -- Using all available rosidl_typesupport_cpp: rosidl_typesupport_fastrtps_cpp;rosidl_typesupport_introspection_cpp
[14.579s] -- Found rmw_implementation_cmake: 6.1.1 (/opt/ros/humble/install/share/rmw_implementation_cmake/cmake)
[14.609s] -- Found rmw_cyclonedds_cpp: 1.3.4 (/opt/ros/humble/install/share/rmw_cyclonedds_cpp/cmake)
[14.855s] -- Using RMW implementation 'rmw_cyclonedds_cpp' as default
[14.932s] -- Performing Test CMAKE_HAVE_LIBC_PTHREAD
[15.523s] -- Performing Test CMAKE_HAVE_LIBC_PTHREAD - Failed
[15.524s] -- Looking for pthread_create in pthreads
[15.866s] -- Looking for pthread_create in pthreads - not found
[15.867s] -- Looking for pthread_create in pthread
[16.387s] -- Looking for pthread_create in pthread - found
[16.397s] -- Found Threads: TRUE  
[17.522s] -- Found sensor_msgs: 4.2.3 (/opt/ros/humble/install/share/sensor_msgs/cmake)
[18.376s] -- Found cv_bridge: 3.2.1 (/opt/ros/humble/install/share/cv_bridge/cmake)
[18.406s] [33mCMake Warning (dev) at /usr/lib/cmake/opencv4/OpenCVConfig.cmake:86 (find_package):
[18.407s]   Policy CMP0146 is not set: The FindCUDA module is removed.  Run "cmake
[18.408s]   --help-policy CMP0146" for policy details.  Use the cmake_policy command to
[18.409s]   set the policy and suppress this warning.
[18.409s] 
[18.409s] Call Stack (most recent call first):
[18.410s]   /usr/lib/cmake/opencv4/OpenCVConfig.cmake:108 (find_host_package)
[18.411s]   /opt/ros/humble/install/share/cv_bridge/cmake/ament_cmake_export_dependencies-extras.cmake:21 (find_package)
[18.411s]   /opt/ros/humble/install/share/cv_bridge/cmake/cv_bridgeConfig.cmake:41 (include)
[18.411s]   CMakeLists.txt:22 (find_package)
[18.412s] This warning is for project developers.  Use -Wno-dev to suppress it.
[18.413s] [0m
[18.576s] -- Found CUDA: /usr/local/cuda (found suitable exact version "11.4") 
[18.708s] -- Found image_transport: 3.1.7 (/opt/ros/humble/install/share/image_transport/cmake)
[19.042s] -- Found OpenCV: /usr (found version "4.5.0") 
[19.043s] -- Found px4_msgs: 2.0.1 (/root/bridges/jetson_workspace/install/px4_msgs/share/px4_msgs/cmake)
[19.461s] -- Found ament_lint_auto: 0.12.8 (/opt/ros/humble/install/share/ament_lint_auto/cmake)
[19.990s] -- Added test 'copyright' to check source files copyright and LICENSE
[20.000s] -- Added test 'cppcheck' to perform static code analysis on C / C++ code
[20.001s] -- Configured cppcheck include dirs: /root/bridges/jetson_workspace/src/siha_camera_pkg/include
[20.001s] -- Configured cppcheck exclude dirs and/or files: 
[20.011s] -- Added test 'cpplint' to check C / C++ code against the Google style
[20.012s] -- Configured cpplint exclude dirs and/or files: 
[20.017s] -- Added test 'flake8' to check Python code syntax and style conventions
[20.021s] -- Added test 'lint_cmake' to check CMake code style
[20.031s] -- Added test 'pep257' to check Python code against some of the docstring style conventions in PEP 257
[20.035s] -- Added test 'uncrustify' to check C / C++ code style
[20.035s] -- Configured uncrustify additional arguments: 
[20.040s] -- Added test 'xmllint' to check XML markup files
[20.055s] -- Configuring done (19.2s)
[20.366s] -- Generating done (0.1s)
[20.380s] -- Build files have been written to: /root/bridges/jetson_workspace/build/siha_camera_pkg
[20.450s] Invoked command in '/root/bridges/jetson_workspace/build/siha_camera_pkg' returned '0': CMAKE_PREFIX_PATH=/root/bridges/jetson_workspace/install/px4_msgs:/root/bridges/jetson_workspace/install/video_recorder_pkg:/root/bridges/jetson_workspace/install/siha_camera_pkg:/root/bridges/jetson_workspace/install/qr_detector:/root/bridges/jetson_workspace/install/px4_ros_com:/root/bridges/jetson_workspace/install/pkg_srv:/root/bridges/jetson_workspace/install/atmaca_vision:/root/bridges/jetson_workspace/install/pars_msgs:/opt/ros/humble/install LD_LIBRARY_PATH=/root/bridges/jetson_workspace/install/px4_msgs/lib:/root/bridges/jetson_workspace/install/px4_ros_com/lib:/root/bridges/jetson_workspace/install/pkg_srv/lib:/root/bridges/jetson_workspace/install/pars_msgs/lib:/opt/ros/humble/install/opt/rviz_ogre_vendor/lib:/opt/ros/humble/install/lib:/usr/local/cuda/lib64:/root/bridges/jetson_workspace/onnxruntime-linux-aarch64-1.16.3/lib PS1=\[\033[1;31m\]\u@\h\[\033[0m\]:\[\033[1;34m\]\w\[\033[0m\]# PYTHONPATH=/root/bridges/jetson_workspace/install/px4_msgs/lib/python3.8/site-packages:/root/bridges/jetson_workspace/install/px4_ros_com/lib/python3.8/site-packages:/root/bridges/jetson_workspace/install/pkg_srv/lib/python3.8/site-packages:/root/bridges/jetson_workspace/install/pars_msgs/lib/python3.8/site-packages:/opt/ros/humble/install/lib/python3.8/site-packages /usr/local/bin/cmake /root/bridges/jetson_workspace/src/siha_camera_pkg -DAMENT_CMAKE_SYMLINK_INSTALL=1 -DCMAKE_INSTALL_PREFIX=/root/bridges/jetson_workspace/install/siha_camera_pkg
[20.459s] Invoking command in '/root/bridges/jetson_workspace/build/siha_camera_pkg': CMAKE_PREFIX_PATH=/root/bridges/jetson_workspace/install/px4_msgs:/root/bridges/jetson_workspace/install/video_recorder_pkg:/root/bridges/jetson_workspace/install/siha_camera_pkg:/root/bridges/jetson_workspace/install/qr_detector:/root/bridges/jetson_workspace/install/px4_ros_com:/root/bridges/jetson_workspace/install/pkg_srv:/root/bridges/jetson_workspace/install/atmaca_vision:/root/bridges/jetson_workspace/install/pars_msgs:/opt/ros/humble/install LD_LIBRARY_PATH=/root/bridges/jetson_workspace/install/px4_msgs/lib:/root/bridges/jetson_workspace/install/px4_ros_com/lib:/root/bridges/jetson_workspace/install/pkg_srv/lib:/root/bridges/jetson_workspace/install/pars_msgs/lib:/opt/ros/humble/install/opt/rviz_ogre_vendor/lib:/opt/ros/humble/install/lib:/usr/local/cuda/lib64:/root/bridges/jetson_workspace/onnxruntime-linux-aarch64-1.16.3/lib PS1=\[\033[1;31m\]\u@\h\[\033[0m\]:\[\033[1;34m\]\w\[\033[0m\]# PYTHONPATH=/root/bridges/jetson_workspace/install/px4_msgs/lib/python3.8/site-packages:/root/bridges/jetson_workspace/install/px4_ros_com/lib/python3.8/site-packages:/root/bridges/jetson_workspace/install/pkg_srv/lib/python3.8/site-packages:/root/bridges/jetson_workspace/install/pars_msgs/lib/python3.8/site-packages:/opt/ros/humble/install/lib/python3.8/site-packages /usr/local/bin/cmake --build /root/bridges/jetson_workspace/build/siha_camera_pkg -- -j4 -l4
[20.836s] [ 50%] [32mBuilding CXX object CMakeFiles/camera_publisher.dir/src/camera_publisher.cpp.o[0m
[138.117s] [100%] [32m[1mLinking CXX executable camera_publisher[0m
[140.131s] [100%] Built target camera_publisher
[140.182s] Invoked command in '/root/bridges/jetson_workspace/build/siha_camera_pkg' returned '0': CMAKE_PREFIX_PATH=/root/bridges/jetson_workspace/install/px4_msgs:/root/bridges/jetson_workspace/install/video_recorder_pkg:/root/bridges/jetson_workspace/install/siha_camera_pkg:/root/bridges/jetson_workspace/install/qr_detector:/root/bridges/jetson_workspace/install/px4_ros_com:/root/bridges/jetson_workspace/install/pkg_srv:/root/bridges/jetson_workspace/install/atmaca_vision:/root/bridges/jetson_workspace/install/pars_msgs:/opt/ros/humble/install LD_LIBRARY_PATH=/root/bridges/jetson_workspace/install/px4_msgs/lib:/root/bridges/jetson_workspace/install/px4_ros_com/lib:/root/bridges/jetson_workspace/install/pkg_srv/lib:/root/bridges/jetson_workspace/install/pars_msgs/lib:/opt/ros/humble/install/opt/rviz_ogre_vendor/lib:/opt/ros/humble/install/lib:/usr/local/cuda/lib64:/root/bridges/jetson_workspace/onnxruntime-linux-aarch64-1.16.3/lib PS1=\[\033[1;31m\]\u@\h\[\033[0m\]:\[\033[1;34m\]\w\[\033[0m\]# PYTHONPATH=/root/bridges/jetson_workspace/install/px4_msgs/lib/python3.8/site-packages:/root/bridges/jetson_workspace/install/px4_ros_com/lib/python3.8/site-packages:/root/bridges/jetson_workspace/install/pkg_srv/lib/python3.8/site-packages:/root/bridges/jetson_workspace/install/pars_msgs/lib/python3.8/site-packages:/opt/ros/humble/install/lib/python3.8/site-packages /usr/local/bin/cmake --build /root/bridges/jetson_workspace/build/siha_camera_pkg -- -j4 -l4
[140.650s] Invoking command in '/root/bridges/jetson_workspace/build/siha_camera_pkg': CMAKE_PREFIX_PATH=/root/bridges/jetson_workspace/install/px4_msgs:/root/bridges/jetson_workspace/install/video_recorder_pkg:/root/bridges/jetson_workspace/install/siha_camera_pkg:/root/bridges/jetson_workspace/install/qr_detector:/root/bridges/jetson_workspace/install/px4_ros_com:/root/bridges/jetson_workspace/install/pkg_srv:/root/bridges/jetson_workspace/install/atmaca_vision:/root/bridges/jetson_workspace/install/pars_msgs:/opt/ros/humble/install LD_LIBRARY_PATH=/root/bridges/jetson_workspace/install/px4_msgs/lib:/root/bridges/jetson_workspace/install/px4_ros_com/lib:/root/bridges/jetson_workspace/install/pkg_srv/lib:/root/bridges/jetson_workspace/install/pars_msgs/lib:/opt/ros/humble/install/opt/rviz_ogre_vendor/lib:/opt/ros/humble/install/lib:/usr/local/cuda/lib64:/root/bridges/jetson_workspace/onnxruntime-linux-aarch64-1.16.3/lib PS1=\[\033[1;31m\]\u@\h\[\033[0m\]:\[\033[1;34m\]\w\[\033[0m\]# PYTHONPATH=/root/bridges/jetson_workspace/install/px4_msgs/lib/python3.8/site-packages:/root/bridges/jetson_workspace/install/px4_ros_com/lib/python3.8/site-packages:/root/bridges/jetson_workspace/install/pkg_srv/lib/python3.8/site-packages:/root/bridges/jetson_workspace/install/pars_msgs/lib/python3.8/site-packages:/opt/ros/humble/install/lib/python3.8/site-packages /usr/local/bin/cmake --install /root/bridges/jetson_workspace/build/siha_camera_pkg
[140.812s] -- Install configuration: ""
[140.821s] -- Execute custom install script
[140.825s] -- Symlinking: /root/bridges/jetson_workspace/install/siha_camera_pkg/lib/siha_camera_pkg/camera_publisher
[140.846s] -- Symlinking: /root/bridges/jetson_workspace/install/siha_camera_pkg/share/siha_camera_pkg/launch/camera.launch.py
[140.864s] -- Symlinking: /root/bridges/jetson_workspace/install/siha_camera_pkg/share/ament_index/resource_index/package_run_dependencies/siha_camera_pkg
[140.883s] -- Symlinking: /root/bridges/jetson_workspace/install/siha_camera_pkg/share/ament_index/resource_index/parent_prefix_path/siha_camera_pkg
[140.901s] -- Symlinking: /root/bridges/jetson_workspace/install/siha_camera_pkg/share/siha_camera_pkg/environment/ament_prefix_path.sh
[140.920s] -- Symlinking: /root/bridges/jetson_workspace/install/siha_camera_pkg/share/siha_camera_pkg/environment/ament_prefix_path.dsv
[140.937s] -- Symlinking: /root/bridges/jetson_workspace/install/siha_camera_pkg/share/siha_camera_pkg/environment/path.sh
[140.956s] -- Symlinking: /root/bridges/jetson_workspace/install/siha_camera_pkg/share/siha_camera_pkg/environment/path.dsv
[140.974s] -- Symlinking: /root/bridges/jetson_workspace/install/siha_camera_pkg/share/siha_camera_pkg/local_setup.bash
[140.991s] -- Symlinking: /root/bridges/jetson_workspace/install/siha_camera_pkg/share/siha_camera_pkg/local_setup.sh
[141.010s] -- Symlinking: /root/bridges/jetson_workspace/install/siha_camera_pkg/share/siha_camera_pkg/local_setup.zsh
[141.027s] -- Symlinking: /root/bridges/jetson_workspace/install/siha_camera_pkg/share/siha_camera_pkg/local_setup.dsv
[141.045s] -- Symlinking: /root/bridges/jetson_workspace/install/siha_camera_pkg/share/siha_camera_pkg/package.dsv
[141.065s] -- Symlinking: /root/bridges/jetson_workspace/install/siha_camera_pkg/share/ament_index/resource_index/packages/siha_camera_pkg
[141.084s] -- Symlinking: /root/bridges/jetson_workspace/install/siha_camera_pkg/share/siha_camera_pkg/cmake/siha_camera_pkgConfig.cmake
[141.101s] -- Symlinking: /root/bridges/jetson_workspace/install/siha_camera_pkg/share/siha_camera_pkg/cmake/siha_camera_pkgConfig-version.cmake
[141.120s] -- Symlinking: /root/bridges/jetson_workspace/install/siha_camera_pkg/share/siha_camera_pkg/package.xml
[141.163s] Invoked command in '/root/bridges/jetson_workspace/build/siha_camera_pkg' returned '0': CMAKE_PREFIX_PATH=/root/bridges/jetson_workspace/install/px4_msgs:/root/bridges/jetson_workspace/install/video_recorder_pkg:/root/bridges/jetson_workspace/install/siha_camera_pkg:/root/bridges/jetson_workspace/install/qr_detector:/root/bridges/jetson_workspace/install/px4_ros_com:/root/bridges/jetson_workspace/install/pkg_srv:/root/bridges/jetson_workspace/install/atmaca_vision:/root/bridges/jetson_workspace/install/pars_msgs:/opt/ros/humble/install LD_LIBRARY_PATH=/root/bridges/jetson_workspace/install/px4_msgs/lib:/root/bridges/jetson_workspace/install/px4_ros_com/lib:/root/bridges/jetson_workspace/install/pkg_srv/lib:/root/bridges/jetson_workspace/install/pars_msgs/lib:/opt/ros/humble/install/opt/rviz_ogre_vendor/lib:/opt/ros/humble/install/lib:/usr/local/cuda/lib64:/root/bridges/jetson_workspace/onnxruntime-linux-aarch64-1.16.3/lib PS1=\[\033[1;31m\]\u@\h\[\033[0m\]:\[\033[1;34m\]\w\[\033[0m\]# PYTHONPATH=/root/bridges/jetson_workspace/install/px4_msgs/lib/python3.8/site-packages:/root/bridges/jetson_workspace/install/px4_ros_com/lib/python3.8/site-packages:/root/bridges/jetson_workspace/install/pkg_srv/lib/python3.8/site-packages:/root/bridges/jetson_workspace/install/pars_msgs/lib/python3.8/site-packages:/opt/ros/humble/install/lib/python3.8/site-packages /usr/local/bin/cmake --install /root/bridges/jetson_workspace/build/siha_camera_pkg
