[0.439s] Invoking command in '/root/bridges/jetson_workspace/build/atmaca_flight_control': CMAKE_PREFIX_PATH=/root/bridges/jetson_workspace/install/px4_msgs:/root/bridges/jetson_workspace/install/pars_msgs:/root/bridges/jetson_workspace/install/pkg_kamikaze:/root/bridges/jetson_workspace/install/video_recorder_pkg:/root/bridges/jetson_workspace/install/siha_camera_pkg:/root/bridges/jetson_workspace/install/qr_detector:/root/bridges/jetson_workspace/install/atmaca_flight_control:/root/bridges/jetson_workspace/install/pkg_srv:/root/bridges/jetson_workspace/install/atmaca_vision:/root/bridges/jetson_workspace/install/microxrcedds_agent:/opt/ros/humble/install LD_LIBRARY_PATH=/root/bridges/jetson_workspace/install/px4_msgs/lib:/root/bridges/jetson_workspace/install/pars_msgs/lib:/root/bridges/jetson_workspace/install/pkg_srv/lib:/root/bridges/jetson_workspace/install/microxrcedds_agent/lib:/opt/ros/humble/install/opt/rviz_ogre_vendor/lib:/opt/ros/humble/install/lib:/usr/local/cuda/lib64:/root/bridges/jetson_workspace/onnxruntime-linux-aarch64-1.16.3/lib PS1=\[\033[1;31m\]\u@\h\[\033[0m\]:\[\033[1;34m\]\w\[\033[0m\]# PYTHONPATH=/root/bridges/jetson_workspace/install/px4_msgs/lib/python3.8/site-packages:/root/bridges/jetson_workspace/install/pars_msgs/lib/python3.8/site-packages:/root/bridges/jetson_workspace/install/pkg_srv/lib/python3.8/site-packages:/opt/ros/humble/install/lib/python3.8/site-packages /usr/local/bin/cmake --build /root/bridges/jetson_workspace/build/atmaca_flight_control -- -j4 -l4
[0.836s] [ 20%] Built target offboard_node
[0.838s] [ 40%] Built target telemetry_node
[0.846s] [ 60%] Built target hedef_gps
[0.854s] [ 70%] [32mBuilding CXX object CMakeFiles/target_navigation_node.dir/src/target_navigation_node.cpp.o[0m
[0.971s] [ 90%] Built target sahte_hedef
[95.199s] [100%] [32m[1mLinking CXX executable target_navigation_node[0m
[101.328s] [100%] Built target target_navigation_node
[101.369s] Invoked command in '/root/bridges/jetson_workspace/build/atmaca_flight_control' returned '0': CMAKE_PREFIX_PATH=/root/bridges/jetson_workspace/install/px4_msgs:/root/bridges/jetson_workspace/install/pars_msgs:/root/bridges/jetson_workspace/install/pkg_kamikaze:/root/bridges/jetson_workspace/install/video_recorder_pkg:/root/bridges/jetson_workspace/install/siha_camera_pkg:/root/bridges/jetson_workspace/install/qr_detector:/root/bridges/jetson_workspace/install/atmaca_flight_control:/root/bridges/jetson_workspace/install/pkg_srv:/root/bridges/jetson_workspace/install/atmaca_vision:/root/bridges/jetson_workspace/install/microxrcedds_agent:/opt/ros/humble/install LD_LIBRARY_PATH=/root/bridges/jetson_workspace/install/px4_msgs/lib:/root/bridges/jetson_workspace/install/pars_msgs/lib:/root/bridges/jetson_workspace/install/pkg_srv/lib:/root/bridges/jetson_workspace/install/microxrcedds_agent/lib:/opt/ros/humble/install/opt/rviz_ogre_vendor/lib:/opt/ros/humble/install/lib:/usr/local/cuda/lib64:/root/bridges/jetson_workspace/onnxruntime-linux-aarch64-1.16.3/lib PS1=\[\033[1;31m\]\u@\h\[\033[0m\]:\[\033[1;34m\]\w\[\033[0m\]# PYTHONPATH=/root/bridges/jetson_workspace/install/px4_msgs/lib/python3.8/site-packages:/root/bridges/jetson_workspace/install/pars_msgs/lib/python3.8/site-packages:/root/bridges/jetson_workspace/install/pkg_srv/lib/python3.8/site-packages:/opt/ros/humble/install/lib/python3.8/site-packages /usr/local/bin/cmake --build /root/bridges/jetson_workspace/build/atmaca_flight_control -- -j4 -l4
[101.936s] Invoking command in '/root/bridges/jetson_workspace/build/atmaca_flight_control': CMAKE_PREFIX_PATH=/root/bridges/jetson_workspace/install/px4_msgs:/root/bridges/jetson_workspace/install/pars_msgs:/root/bridges/jetson_workspace/install/pkg_kamikaze:/root/bridges/jetson_workspace/install/video_recorder_pkg:/root/bridges/jetson_workspace/install/siha_camera_pkg:/root/bridges/jetson_workspace/install/qr_detector:/root/bridges/jetson_workspace/install/atmaca_flight_control:/root/bridges/jetson_workspace/install/pkg_srv:/root/bridges/jetson_workspace/install/atmaca_vision:/root/bridges/jetson_workspace/install/microxrcedds_agent:/opt/ros/humble/install LD_LIBRARY_PATH=/root/bridges/jetson_workspace/install/px4_msgs/lib:/root/bridges/jetson_workspace/install/pars_msgs/lib:/root/bridges/jetson_workspace/install/pkg_srv/lib:/root/bridges/jetson_workspace/install/microxrcedds_agent/lib:/opt/ros/humble/install/opt/rviz_ogre_vendor/lib:/opt/ros/humble/install/lib:/usr/local/cuda/lib64:/root/bridges/jetson_workspace/onnxruntime-linux-aarch64-1.16.3/lib PS1=\[\033[1;31m\]\u@\h\[\033[0m\]:\[\033[1;34m\]\w\[\033[0m\]# PYTHONPATH=/root/bridges/jetson_workspace/install/px4_msgs/lib/python3.8/site-packages:/root/bridges/jetson_workspace/install/pars_msgs/lib/python3.8/site-packages:/root/bridges/jetson_workspace/install/pkg_srv/lib/python3.8/site-packages:/opt/ros/humble/install/lib/python3.8/site-packages /usr/local/bin/cmake --install /root/bridges/jetson_workspace/build/atmaca_flight_control
[102.091s] -- Install configuration: ""
[102.094s] -- Execute custom install script
[102.097s] -- Up-to-date symlink: /root/bridges/jetson_workspace/install/atmaca_flight_control/share/atmaca_flight_control/launch/flight_control_launch.py
[102.099s] -- Up-to-date symlink: /root/bridges/jetson_workspace/install/atmaca_flight_control/lib/atmaca_flight_control/target_navigation_node
[102.100s] -- Up-to-date symlink: /root/bridges/jetson_workspace/install/atmaca_flight_control/lib/atmaca_flight_control/telemetry_node
[102.102s] -- Up-to-date symlink: /root/bridges/jetson_workspace/install/atmaca_flight_control/lib/atmaca_flight_control/hedef_gps
[102.103s] -- Up-to-date symlink: /root/bridges/jetson_workspace/install/atmaca_flight_control/lib/atmaca_flight_control/offboard_node
[102.105s] -- Up-to-date symlink: /root/bridges/jetson_workspace/install/atmaca_flight_control/lib/atmaca_flight_control/sahte_hedef
[102.106s] -- Up-to-date symlink: /root/bridges/jetson_workspace/install/atmaca_flight_control/share/ament_index/resource_index/package_run_dependencies/atmaca_flight_control
[102.108s] -- Up-to-date symlink: /root/bridges/jetson_workspace/install/atmaca_flight_control/share/ament_index/resource_index/parent_prefix_path/atmaca_flight_control
[102.109s] -- Up-to-date symlink: /root/bridges/jetson_workspace/install/atmaca_flight_control/share/atmaca_flight_control/environment/ament_prefix_path.sh
[102.111s] -- Up-to-date symlink: /root/bridges/jetson_workspace/install/atmaca_flight_control/share/atmaca_flight_control/environment/ament_prefix_path.dsv
[102.112s] -- Up-to-date symlink: /root/bridges/jetson_workspace/install/atmaca_flight_control/share/atmaca_flight_control/environment/path.sh
[102.113s] -- Up-to-date symlink: /root/bridges/jetson_workspace/install/atmaca_flight_control/share/atmaca_flight_control/environment/path.dsv
[102.115s] -- Up-to-date symlink: /root/bridges/jetson_workspace/install/atmaca_flight_control/share/atmaca_flight_control/local_setup.bash
[102.116s] -- Up-to-date symlink: /root/bridges/jetson_workspace/install/atmaca_flight_control/share/atmaca_flight_control/local_setup.sh
[102.117s] -- Up-to-date symlink: /root/bridges/jetson_workspace/install/atmaca_flight_control/share/atmaca_flight_control/local_setup.zsh
[102.119s] -- Up-to-date symlink: /root/bridges/jetson_workspace/install/atmaca_flight_control/share/atmaca_flight_control/local_setup.dsv
[102.119s] -- Symlinking: /root/bridges/jetson_workspace/install/atmaca_flight_control/share/atmaca_flight_control/package.dsv
[102.139s] -- Up-to-date symlink: /root/bridges/jetson_workspace/install/atmaca_flight_control/share/ament_index/resource_index/packages/atmaca_flight_control
[102.140s] -- Up-to-date symlink: /root/bridges/jetson_workspace/install/atmaca_flight_control/share/atmaca_flight_control/cmake/atmaca_flight_controlConfig.cmake
[102.141s] -- Up-to-date symlink: /root/bridges/jetson_workspace/install/atmaca_flight_control/share/atmaca_flight_control/cmake/atmaca_flight_controlConfig-version.cmake
[102.142s] -- Up-to-date symlink: /root/bridges/jetson_workspace/install/atmaca_flight_control/share/atmaca_flight_control/package.xml
[102.165s] Invoked command in '/root/bridges/jetson_workspace/build/atmaca_flight_control' returned '0': CMAKE_PREFIX_PATH=/root/bridges/jetson_workspace/install/px4_msgs:/root/bridges/jetson_workspace/install/pars_msgs:/root/bridges/jetson_workspace/install/pkg_kamikaze:/root/bridges/jetson_workspace/install/video_recorder_pkg:/root/bridges/jetson_workspace/install/siha_camera_pkg:/root/bridges/jetson_workspace/install/qr_detector:/root/bridges/jetson_workspace/install/atmaca_flight_control:/root/bridges/jetson_workspace/install/pkg_srv:/root/bridges/jetson_workspace/install/atmaca_vision:/root/bridges/jetson_workspace/install/microxrcedds_agent:/opt/ros/humble/install LD_LIBRARY_PATH=/root/bridges/jetson_workspace/install/px4_msgs/lib:/root/bridges/jetson_workspace/install/pars_msgs/lib:/root/bridges/jetson_workspace/install/pkg_srv/lib:/root/bridges/jetson_workspace/install/microxrcedds_agent/lib:/opt/ros/humble/install/opt/rviz_ogre_vendor/lib:/opt/ros/humble/install/lib:/usr/local/cuda/lib64:/root/bridges/jetson_workspace/onnxruntime-linux-aarch64-1.16.3/lib PS1=\[\033[1;31m\]\u@\h\[\033[0m\]:\[\033[1;34m\]\w\[\033[0m\]# PYTHONPATH=/root/bridges/jetson_workspace/install/px4_msgs/lib/python3.8/site-packages:/root/bridges/jetson_workspace/install/pars_msgs/lib/python3.8/site-packages:/root/bridges/jetson_workspace/install/pkg_srv/lib/python3.8/site-packages:/opt/ros/humble/install/lib/python3.8/site-packages /usr/local/bin/cmake --install /root/bridges/jetson_workspace/build/atmaca_flight_control
