[0.644s] Invoking command in '/root/bridges/jetson_workspace/build/atmaca_vision': CMAKE_PREFIX_PATH=/root/bridges/jetson_workspace/install/pars_msgs:/root/bridges/jetson_workspace/install/qr_detector:/root/bridges/jetson_workspace/install/siha_camera_pkg:/root/bridges/jetson_workspace/install/px4_ros_com:/root/bridges/jetson_workspace/install/px4_msgs:/root/bridges/jetson_workspace/install/pkg_srv:/root/bridges/jetson_workspace/install/atmaca_vision:/opt/ros/humble/install LD_LIBRARY_PATH=/root/bridges/jetson_workspace/install/pars_msgs/lib:/root/bridges/jetson_workspace/install/px4_ros_com/lib:/root/bridges/jetson_workspace/install/px4_msgs/lib:/root/bridges/jetson_workspace/install/pkg_srv/lib:/opt/ros/humble/install/opt/rviz_ogre_vendor/lib:/opt/ros/humble/install/lib:/usr/local/cuda/lib64:/root/bridges/jetson_workspace/onnxruntime-linux-aarch64-1.16.3/lib PS1=\[\033[1;31m\]\u@\h\[\033[0m\]:\[\033[1;34m\]\w\[\033[0m\]# PYTHONPATH=/root/bridges/jetson_workspace/install/pars_msgs/lib/python3.8/site-packages:/root/bridges/jetson_workspace/install/px4_ros_com/lib/python3.8/site-packages:/root/bridges/jetson_workspace/install/px4_msgs/lib/python3.8/site-packages:/root/bridges/jetson_workspace/install/pkg_srv/lib/python3.8/site-packages:/opt/ros/humble/install/lib/python3.8/site-packages /usr/local/bin/cmake --build /root/bridges/jetson_workspace/build/atmaca_vision -- -j4 -l4
[1.003s] [ 33%] Built target camera_publisher_node
[1.004s] [ 66%] Built target qr_detector_node
[1.053s] [ 83%] [32mBuilding CXX object CMakeFiles/target_detection_node.dir/src/target_detection_node.cpp.o[0m
[24.074s] In file included from [01m[K/root/bridges/jetson_workspace/onnxruntime-linux-aarch64-1.16.3/include/onnxruntime_cxx_api.h:26[m[K,
[24.075s]                  from [01m[K/root/bridges/jetson_workspace/src/atmaca_vision/src/target_detection_node.hpp:11[m[K,
[24.076s]                  from [01m[K/root/bridges/jetson_workspace/src/atmaca_vision/src/target_detection_node.cpp:1[m[K:
[24.077s] [01m[K/root/bridges/jetson_workspace/onnxruntime-linux-aarch64-1.16.3/include/onnxruntime_c_api.h:276:23:[m[K [01;35m[Kwarning: [m[Kextra ‘[01m[K;[m[K’ [[01;35m[K-Wpedantic[m[K]
[24.077s]   276 | ORT_RUNTIME_CLASS(Env)[01;35m[K;[m[K
[24.078s]       |                       [01;35m[K^[m[K
[24.078s] [01m[K/root/bridges/jetson_workspace/onnxruntime-linux-aarch64-1.16.3/include/onnxruntime_c_api.h:277:26:[m[K [01;35m[Kwarning: [m[Kextra ‘[01m[K;[m[K’ [[01;35m[K-Wpedantic[m[K]
[24.080s]   277 | ORT_RUNTIME_CLASS(Status)[01;35m[K;[m[K  // nullptr for Status* indicates success
[24.081s]       |                          [01;35m[K^[m[K
[24.081s] [01m[K/root/bridges/jetson_workspace/onnxruntime-linux-aarch64-1.16.3/include/onnxruntime_c_api.h:278:30:[m[K [01;35m[Kwarning: [m[Kextra ‘[01m[K;[m[K’ [[01;35m[K-Wpedantic[m[K]
[24.082s]   278 | ORT_RUNTIME_CLASS(MemoryInfo)[01;35m[K;[m[K
[24.083s]       |                              [01;35m[K^[m[K
[24.083s] [01m[K/root/bridges/jetson_workspace/onnxruntime-linux-aarch64-1.16.3/include/onnxruntime_c_api.h:279:29:[m[K [01;35m[Kwarning: [m[Kextra ‘[01m[K;[m[K’ [[01;35m[K-Wpedantic[m[K]
[24.083s]   279 | ORT_RUNTIME_CLASS(IoBinding)[01;35m[K;[m[K
[24.084s]       |                             [01;35m[K^[m[K
[24.084s] [01m[K/root/bridges/jetson_workspace/onnxruntime-linux-aarch64-1.16.3/include/onnxruntime_c_api.h:280:27:[m[K [01;35m[Kwarning: [m[Kextra ‘[01m[K;[m[K’ [[01;35m[K-Wpedantic[m[K]
[24.085s]   280 | ORT_RUNTIME_CLASS(Session)[01;35m[K;[m[K  // Don't call ReleaseSession from Dllmain (because session owns a thread pool)
[24.085s]       |                           [01;35m[K^[m[K
[24.086s] [01m[K/root/bridges/jetson_workspace/onnxruntime-linux-aarch64-1.16.3/include/onnxruntime_c_api.h:281:25:[m[K [01;35m[Kwarning: [m[Kextra ‘[01m[K;[m[K’ [[01;35m[K-Wpedantic[m[K]
[24.086s]   281 | ORT_RUNTIME_CLASS(Value)[01;35m[K;[m[K
[24.087s]       |                         [01;35m[K^[m[K
[24.089s] [01m[K/root/bridges/jetson_workspace/onnxruntime-linux-aarch64-1.16.3/include/onnxruntime_c_api.h:282:30:[m[K [01;35m[Kwarning: [m[Kextra ‘[01m[K;[m[K’ [[01;35m[K-Wpedantic[m[K]
[24.090s]   282 | ORT_RUNTIME_CLASS(RunOptions)[01;35m[K;[m[K
[24.090s]       |                              [01;35m[K^[m[K
[24.092s] [01m[K/root/bridges/jetson_workspace/onnxruntime-linux-aarch64-1.16.3/include/onnxruntime_c_api.h:283:28:[m[K [01;35m[Kwarning: [m[Kextra ‘[01m[K;[m[K’ [[01;35m[K-Wpedantic[m[K]
[24.093s]   283 | ORT_RUNTIME_CLASS(TypeInfo)[01;35m[K;[m[K
[24.093s]       |                            [01;35m[K^[m[K
[24.093s] [01m[K/root/bridges/jetson_workspace/onnxruntime-linux-aarch64-1.16.3/include/onnxruntime_c_api.h:284:42:[m[K [01;35m[Kwarning: [m[Kextra ‘[01m[K;[m[K’ [[01;35m[K-Wpedantic[m[K]
[24.094s]   284 | ORT_RUNTIME_CLASS(TensorTypeAndShapeInfo)[01;35m[K;[m[K
[24.094s]       |                                          [01;35m[K^[m[K
[24.095s] [01m[K/root/bridges/jetson_workspace/onnxruntime-linux-aarch64-1.16.3/include/onnxruntime_c_api.h:285:31:[m[K [01;35m[Kwarning: [m[Kextra ‘[01m[K;[m[K’ [[01;35m[K-Wpedantic[m[K]
[24.095s]   285 | ORT_RUNTIME_CLASS(MapTypeInfo)[01;35m[K;[m[K
[24.096s]       |                               [01;35m[K^[m[K
[24.096s] [01m[K/root/bridges/jetson_workspace/onnxruntime-linux-aarch64-1.16.3/include/onnxruntime_c_api.h:286:36:[m[K [01;35m[Kwarning: [m[Kextra ‘[01m[K;[m[K’ [[01;35m[K-Wpedantic[m[K]
[24.097s]   286 | ORT_RUNTIME_CLASS(SequenceTypeInfo)[01;35m[K;[m[K
[24.097s]       |                                    [01;35m[K^[m[K
[24.097s] [01m[K/root/bridges/jetson_workspace/onnxruntime-linux-aarch64-1.16.3/include/onnxruntime_c_api.h:287:36:[m[K [01;35m[Kwarning: [m[Kextra ‘[01m[K;[m[K’ [[01;35m[K-Wpedantic[m[K]
[24.098s]   287 | ORT_RUNTIME_CLASS(OptionalTypeInfo)[01;35m[K;[m[K
[24.098s]       |                                    [01;35m[K^[m[K
[24.099s] [01m[K/root/bridges/jetson_workspace/onnxruntime-linux-aarch64-1.16.3/include/onnxruntime_c_api.h:288:34:[m[K [01;35m[Kwarning: [m[Kextra ‘[01m[K;[m[K’ [[01;35m[K-Wpedantic[m[K]
[24.099s]   288 | ORT_RUNTIME_CLASS(SessionOptions)[01;35m[K;[m[K
[24.100s]       |                                  [01;35m[K^[m[K
[24.100s] [01m[K/root/bridges/jetson_workspace/onnxruntime-linux-aarch64-1.16.3/include/onnxruntime_c_api.h:289:34:[m[K [01;35m[Kwarning: [m[Kextra ‘[01m[K;[m[K’ [[01;35m[K-Wpedantic[m[K]
[24.101s]   289 | ORT_RUNTIME_CLASS(CustomOpDomain)[01;35m[K;[m[K
[24.101s]       |                                  [01;35m[K^[m[K
[24.101s] [01m[K/root/bridges/jetson_workspace/onnxruntime-linux-aarch64-1.16.3/include/onnxruntime_c_api.h:290:33:[m[K [01;35m[Kwarning: [m[Kextra ‘[01m[K;[m[K’ [[01;35m[K-Wpedantic[m[K]
[24.102s]   290 | ORT_RUNTIME_CLASS(ModelMetadata)[01;35m[K;[m[K
[24.102s]       |                                 [01;35m[K^[m[K
[24.103s] [01m[K/root/bridges/jetson_workspace/onnxruntime-linux-aarch64-1.16.3/include/onnxruntime_c_api.h:291:36:[m[K [01;35m[Kwarning: [m[Kextra ‘[01m[K;[m[K’ [[01;35m[K-Wpedantic[m[K]
[24.103s]   291 | ORT_RUNTIME_CLASS(ThreadPoolParams)[01;35m[K;[m[K
[24.103s]       |                                    [01;35m[K^[m[K
[24.104s] [01m[K/root/bridges/jetson_workspace/onnxruntime-linux-aarch64-1.16.3/include/onnxruntime_c_api.h:292:36:[m[K [01;35m[Kwarning: [m[Kextra ‘[01m[K;[m[K’ [[01;35m[K-Wpedantic[m[K]
[24.104s]   292 | ORT_RUNTIME_CLASS(ThreadingOptions)[01;35m[K;[m[K
[24.105s]       |                                    [01;35m[K^[m[K
[24.105s] [01m[K/root/bridges/jetson_workspace/onnxruntime-linux-aarch64-1.16.3/include/onnxruntime_c_api.h:293:28:[m[K [01;35m[Kwarning: [m[Kextra ‘[01m[K;[m[K’ [[01;35m[K-Wpedantic[m[K]
[24.105s]   293 | ORT_RUNTIME_CLASS(ArenaCfg)[01;35m[K;[m[K
[24.106s]       |                            [01;35m[K^[m[K
[24.106s] [01m[K/root/bridges/jetson_workspace/onnxruntime-linux-aarch64-1.16.3/include/onnxruntime_c_api.h:294:45:[m[K [01;35m[Kwarning: [m[Kextra ‘[01m[K;[m[K’ [[01;35m[K-Wpedantic[m[K]
[24.106s]   294 | ORT_RUNTIME_CLASS(PrepackedWeightsContainer)[01;35m[K;[m[K
[24.107s]       |                                             [01;35m[K^[m[K
[24.107s] [01m[K/root/bridges/jetson_workspace/onnxruntime-linux-aarch64-1.16.3/include/onnxruntime_c_api.h:295:45:[m[K [01;35m[Kwarning: [m[Kextra ‘[01m[K;[m[K’ [[01;35m[K-Wpedantic[m[K]
[24.108s]   295 | ORT_RUNTIME_CLASS(TensorRTProviderOptionsV2)[01;35m[K;[m[K
[24.108s]       |                                             [01;35m[K^[m[K
[24.108s] [01m[K/root/bridges/jetson_workspace/onnxruntime-linux-aarch64-1.16.3/include/onnxruntime_c_api.h:296:41:[m[K [01;35m[Kwarning: [m[Kextra ‘[01m[K;[m[K’ [[01;35m[K-Wpedantic[m[K]
[24.109s]   296 | ORT_RUNTIME_CLASS(CUDAProviderOptionsV2)[01;35m[K;[m[K
[24.109s]       |                                         [01;35m[K^[m[K
[24.110s] [01m[K/root/bridges/jetson_workspace/onnxruntime-linux-aarch64-1.16.3/include/onnxruntime_c_api.h:297:39:[m[K [01;35m[Kwarning: [m[Kextra ‘[01m[K;[m[K’ [[01;35m[K-Wpedantic[m[K]
[24.110s]   297 | ORT_RUNTIME_CLASS(CANNProviderOptions)[01;35m[K;[m[K
[24.110s]       |                                       [01;35m[K^[m[K
[24.111s] [01m[K/root/bridges/jetson_workspace/onnxruntime-linux-aarch64-1.16.3/include/onnxruntime_c_api.h:298:39:[m[K [01;35m[Kwarning: [m[Kextra ‘[01m[K;[m[K’ [[01;35m[K-Wpedantic[m[K]
[24.111s]   298 | ORT_RUNTIME_CLASS(DnnlProviderOptions)[01;35m[K;[m[K
[24.112s]       |                                       [01;35m[K^[m[K
[24.112s] [01m[K/root/bridges/jetson_workspace/onnxruntime-linux-aarch64-1.16.3/include/onnxruntime_c_api.h:299:22:[m[K [01;35m[Kwarning: [m[Kextra ‘[01m[K;[m[K’ [[01;35m[K-Wpedantic[m[K]
[24.113s]   299 | ORT_RUNTIME_CLASS(Op)[01;35m[K;[m[K
[24.114s]       |                      [01;35m[K^[m[K
[24.114s] [01m[K/root/bridges/jetson_workspace/onnxruntime-linux-aarch64-1.16.3/include/onnxruntime_c_api.h:300:26:[m[K [01;35m[Kwarning: [m[Kextra ‘[01m[K;[m[K’ [[01;35m[K-Wpedantic[m[K]
[24.115s]   300 | ORT_RUNTIME_CLASS(OpAttr)[01;35m[K;[m[K
[24.115s]       |                          [01;35m[K^[m[K
[24.116s] [01m[K/root/bridges/jetson_workspace/onnxruntime-linux-aarch64-1.16.3/include/onnxruntime_c_api.h:301:26:[m[K [01;35m[Kwarning: [m[Kextra ‘[01m[K;[m[K’ [[01;35m[K-Wpedantic[m[K]
[24.116s]   301 | ORT_RUNTIME_CLASS(Logger)[01;35m[K;[m[K
[24.117s]       |                          [01;35m[K^[m[K
[24.139s] In file included from [01m[K/root/bridges/jetson_workspace/src/atmaca_vision/src/target_detection_node.hpp:11[m[K,
[24.140s]                  from [01m[K/root/bridges/jetson_workspace/src/atmaca_vision/src/target_detection_node.cpp:1[m[K:
[24.140s] [01m[K/root/bridges/jetson_workspace/onnxruntime-linux-aarch64-1.16.3/include/onnxruntime_cxx_api.h:505:30:[m[K [01;35m[Kwarning: [m[Kextra ‘[01m[K;[m[K’ [[01;35m[K-Wpedantic[m[K]
[24.308s]   505 | ORT_DEFINE_RELEASE(Allocator)[01;35m[K;[m[K
[24.330s]       |                              [01;35m[K^[m[K
[24.331s] [01m[K/root/bridges/jetson_workspace/onnxruntime-linux-aarch64-1.16.3/include/onnxruntime_cxx_api.h:506:31:[m[K [01;35m[Kwarning: [m[Kextra ‘[01m[K;[m[K’ [[01;35m[K-Wpedantic[m[K]
[24.333s]   506 | ORT_DEFINE_RELEASE(MemoryInfo)[01;35m[K;[m[K
[24.335s]       |                               [01;35m[K^[m[K
[24.336s] [01m[K/root/bridges/jetson_workspace/onnxruntime-linux-aarch64-1.16.3/include/onnxruntime_cxx_api.h:507:35:[m[K [01;35m[Kwarning: [m[Kextra ‘[01m[K;[m[K’ [[01;35m[K-Wpedantic[m[K]
[24.338s]   507 | ORT_DEFINE_RELEASE(CustomOpDomain)[01;35m[K;[m[K
[24.339s]       |                                   [01;35m[K^[m[K
[24.340s] [01m[K/root/bridges/jetson_workspace/onnxruntime-linux-aarch64-1.16.3/include/onnxruntime_cxx_api.h:508:37:[m[K [01;35m[Kwarning: [m[Kextra ‘[01m[K;[m[K’ [[01;35m[K-Wpedantic[m[K]
[24.341s]   508 | ORT_DEFINE_RELEASE(ThreadingOptions)[01;35m[K;[m[K
[24.342s]       |                                     [01;35m[K^[m[K
[24.342s] [01m[K/root/bridges/jetson_workspace/onnxruntime-linux-aarch64-1.16.3/include/onnxruntime_cxx_api.h:509:24:[m[K [01;35m[Kwarning: [m[Kextra ‘[01m[K;[m[K’ [[01;35m[K-Wpedantic[m[K]
[24.343s]   509 | ORT_DEFINE_RELEASE(Env)[01;35m[K;[m[K
[24.343s]       |                        [01;35m[K^[m[K
[24.344s] [01m[K/root/bridges/jetson_workspace/onnxruntime-linux-aarch64-1.16.3/include/onnxruntime_cxx_api.h:510:31:[m[K [01;35m[Kwarning: [m[Kextra ‘[01m[K;[m[K’ [[01;35m[K-Wpedantic[m[K]
[24.346s]   510 | ORT_DEFINE_RELEASE(RunOptions)[01;35m[K;[m[K
[24.346s]       |                               [01;35m[K^[m[K
[24.347s] [01m[K/root/bridges/jetson_workspace/onnxruntime-linux-aarch64-1.16.3/include/onnxruntime_cxx_api.h:511:28:[m[K [01;35m[Kwarning: [m[Kextra ‘[01m[K;[m[K’ [[01;35m[K-Wpedantic[m[K]
[24.347s]   511 | ORT_DEFINE_RELEASE(Session)[01;35m[K;[m[K
[24.347s]       |                            [01;35m[K^[m[K
[24.348s] [01m[K/root/bridges/jetson_workspace/onnxruntime-linux-aarch64-1.16.3/include/onnxruntime_cxx_api.h:512:35:[m[K [01;35m[Kwarning: [m[Kextra ‘[01m[K;[m[K’ [[01;35m[K-Wpedantic[m[K]
[24.348s]   512 | ORT_DEFINE_RELEASE(SessionOptions)[01;35m[K;[m[K
[24.349s]       |                                   [01;35m[K^[m[K
[24.349s] [01m[K/root/bridges/jetson_workspace/onnxruntime-linux-aarch64-1.16.3/include/onnxruntime_cxx_api.h:513:43:[m[K [01;35m[Kwarning: [m[Kextra ‘[01m[K;[m[K’ [[01;35m[K-Wpedantic[m[K]
[24.350s]   513 | ORT_DEFINE_RELEASE(TensorTypeAndShapeInfo)[01;35m[K;[m[K
[24.350s]       |                                           [01;35m[K^[m[K
[24.351s] [01m[K/root/bridges/jetson_workspace/onnxruntime-linux-aarch64-1.16.3/include/onnxruntime_cxx_api.h:514:37:[m[K [01;35m[Kwarning: [m[Kextra ‘[01m[K;[m[K’ [[01;35m[K-Wpedantic[m[K]
[24.351s]   514 | ORT_DEFINE_RELEASE(SequenceTypeInfo)[01;35m[K;[m[K
[24.351s]       |                                     [01;35m[K^[m[K
[24.352s] [01m[K/root/bridges/jetson_workspace/onnxruntime-linux-aarch64-1.16.3/include/onnxruntime_cxx_api.h:515:32:[m[K [01;35m[Kwarning: [m[Kextra ‘[01m[K;[m[K’ [[01;35m[K-Wpedantic[m[K]
[24.352s]   515 | ORT_DEFINE_RELEASE(MapTypeInfo)[01;35m[K;[m[K
[24.353s]       |                                [01;35m[K^[m[K
[24.353s] [01m[K/root/bridges/jetson_workspace/onnxruntime-linux-aarch64-1.16.3/include/onnxruntime_cxx_api.h:516:29:[m[K [01;35m[Kwarning: [m[Kextra ‘[01m[K;[m[K’ [[01;35m[K-Wpedantic[m[K]
[24.353s]   516 | ORT_DEFINE_RELEASE(TypeInfo)[01;35m[K;[m[K
[24.354s]       |                             [01;35m[K^[m[K
[24.354s] [01m[K/root/bridges/jetson_workspace/onnxruntime-linux-aarch64-1.16.3/include/onnxruntime_cxx_api.h:517:26:[m[K [01;35m[Kwarning: [m[Kextra ‘[01m[K;[m[K’ [[01;35m[K-Wpedantic[m[K]
[24.355s]   517 | ORT_DEFINE_RELEASE(Value)[01;35m[K;[m[K
[24.355s]       |                          [01;35m[K^[m[K
[24.355s] [01m[K/root/bridges/jetson_workspace/onnxruntime-linux-aarch64-1.16.3/include/onnxruntime_cxx_api.h:518:34:[m[K [01;35m[Kwarning: [m[Kextra ‘[01m[K;[m[K’ [[01;35m[K-Wpedantic[m[K]
[24.356s]   518 | ORT_DEFINE_RELEASE(ModelMetadata)[01;35m[K;[m[K
[24.356s]       |                                  [01;35m[K^[m[K
[24.356s] [01m[K/root/bridges/jetson_workspace/onnxruntime-linux-aarch64-1.16.3/include/onnxruntime_cxx_api.h:519:30:[m[K [01;35m[Kwarning: [m[Kextra ‘[01m[K;[m[K’ [[01;35m[K-Wpedantic[m[K]
[24.357s]   519 | ORT_DEFINE_RELEASE(IoBinding)[01;35m[K;[m[K
[24.357s]       |                              [01;35m[K^[m[K
[24.358s] [01m[K/root/bridges/jetson_workspace/onnxruntime-linux-aarch64-1.16.3/include/onnxruntime_cxx_api.h:520:29:[m[K [01;35m[Kwarning: [m[Kextra ‘[01m[K;[m[K’ [[01;35m[K-Wpedantic[m[K]
[24.358s]   520 | ORT_DEFINE_RELEASE(ArenaCfg)[01;35m[K;[m[K
[24.359s]       |                             [01;35m[K^[m[K
[24.359s] [01m[K/root/bridges/jetson_workspace/onnxruntime-linux-aarch64-1.16.3/include/onnxruntime_cxx_api.h:521:27:[m[K [01;35m[Kwarning: [m[Kextra ‘[01m[K;[m[K’ [[01;35m[K-Wpedantic[m[K]
[24.359s]   521 | ORT_DEFINE_RELEASE(Status)[01;35m[K;[m[K
[24.360s]       |                           [01;35m[K^[m[K
[24.360s] [01m[K/root/bridges/jetson_workspace/onnxruntime-linux-aarch64-1.16.3/include/onnxruntime_cxx_api.h:522:27:[m[K [01;35m[Kwarning: [m[Kextra ‘[01m[K;[m[K’ [[01;35m[K-Wpedantic[m[K]
[24.361s]   522 | ORT_DEFINE_RELEASE(OpAttr)[01;35m[K;[m[K
[24.361s]       |                           [01;35m[K^[m[K
[24.361s] [01m[K/root/bridges/jetson_workspace/onnxruntime-linux-aarch64-1.16.3/include/onnxruntime_cxx_api.h:523:23:[m[K [01;35m[Kwarning: [m[Kextra ‘[01m[K;[m[K’ [[01;35m[K-Wpedantic[m[K]
[24.362s]   523 | ORT_DEFINE_RELEASE(Op)[01;35m[K;[m[K
[24.362s]       |                       [01;35m[K^[m[K
[24.362s] [01m[K/root/bridges/jetson_workspace/onnxruntime-linux-aarch64-1.16.3/include/onnxruntime_cxx_api.h:524:31:[m[K [01;35m[Kwarning: [m[Kextra ‘[01m[K;[m[K’ [[01;35m[K-Wpedantic[m[K]
[24.363s]   524 | ORT_DEFINE_RELEASE(KernelInfo)[01;35m[K;[m[K
[24.363s]       |                               [01;35m[K^[m[K
[25.497s] In file included from [01m[K/root/bridges/jetson_workspace/src/atmaca_vision/src/target_detection_node.cpp:1[m[K:
[25.498s] [01m[K/root/bridges/jetson_workspace/src/atmaca_vision/src/target_detection_node.hpp:[m[K In constructor ‘[01m[KYoloNode::YoloNode()[m[K’:
[25.502s] [01m[K/root/bridges/jetson_workspace/src/atmaca_vision/src/target_detection_node.hpp:65:10:[m[K [01;35m[Kwarning: [m[K‘[01m[KYoloNode::is_active_[m[K’ will be initialized after [[01;35m[K-Wreorder[m[K]
[25.503s]    65 |     bool [01;35m[Kis_active_[m[K; // Modun aktif olup olmad???n? tutar
[25.504s]       |          [01;35m[K^~~~~~~~~~[m[K
[25.504s] [01m[K/root/bridges/jetson_workspace/src/atmaca_vision/src/target_detection_node.hpp:41:14:[m[K [01;35m[Kwarning: [m[K  ‘[01m[KOrt::Env YoloNode::ort_env_[m[K’ [[01;35m[K-Wreorder[m[K]
[25.505s]    41 |     Ort::Env [01;35m[Kort_env_[m[K;
[25.505s]       |              [01;35m[K^~~~~~~~[m[K
[25.506s] [01m[K/root/bridges/jetson_workspace/src/atmaca_vision/src/target_detection_node.cpp:7:1:[m[K [01;35m[Kwarning: [m[K  when initialized here [[01;35m[K-Wreorder[m[K]
[25.507s]     7 | [01;35m[KYoloNode[m[K::YoloNode()
[25.507s]       | [01;35m[K^~~~~~~~[m[K
[25.722s] [01m[K/root/bridges/jetson_workspace/src/atmaca_vision/src/target_detection_node.cpp:[m[K In member function ‘[01m[Kstd::vector<Detection> YoloNode::postprocess(const float*, const std::vector<long int, std::allocator<long int> >&, float, const Point2f&)[m[K’:
[25.722s] [01m[K/root/bridges/jetson_workspace/src/atmaca_vision/src/target_detection_node.cpp:210:9:[m[K [01;35m[Kwarning: [m[Kunused variable ‘[01m[Knum_channels[m[K’ [[01;35m[K-Wunused-variable[m[K]
[25.723s]   210 |     int [01;35m[Knum_channels[m[K = shape[1];
[25.723s]       |         [01;35m[K^~~~~~~~~~~~[m[K
[25.723s] [01m[K/root/bridges/jetson_workspace/src/atmaca_vision/src/target_detection_node.cpp:218:9:[m[K [01;35m[Kwarning: [m[Kvariable ‘[01m[Kmax_score_index[m[K’ set but not used [[01;35m[K-Wunused-but-set-variable[m[K]
[25.724s]   218 |     int [01;35m[Kmax_score_index[m[K = -1;
[25.724s]       |         [01;35m[K^~~~~~~~~~~~~~~[m[K
[81.537s] [100%] [32m[1mLinking CXX executable target_detection_node[0m
[85.069s] [100%] Built target target_detection_node
[85.123s] Invoked command in '/root/bridges/jetson_workspace/build/atmaca_vision' returned '0': CMAKE_PREFIX_PATH=/root/bridges/jetson_workspace/install/pars_msgs:/root/bridges/jetson_workspace/install/qr_detector:/root/bridges/jetson_workspace/install/siha_camera_pkg:/root/bridges/jetson_workspace/install/px4_ros_com:/root/bridges/jetson_workspace/install/px4_msgs:/root/bridges/jetson_workspace/install/pkg_srv:/root/bridges/jetson_workspace/install/atmaca_vision:/opt/ros/humble/install LD_LIBRARY_PATH=/root/bridges/jetson_workspace/install/pars_msgs/lib:/root/bridges/jetson_workspace/install/px4_ros_com/lib:/root/bridges/jetson_workspace/install/px4_msgs/lib:/root/bridges/jetson_workspace/install/pkg_srv/lib:/opt/ros/humble/install/opt/rviz_ogre_vendor/lib:/opt/ros/humble/install/lib:/usr/local/cuda/lib64:/root/bridges/jetson_workspace/onnxruntime-linux-aarch64-1.16.3/lib PS1=\[\033[1;31m\]\u@\h\[\033[0m\]:\[\033[1;34m\]\w\[\033[0m\]# PYTHONPATH=/root/bridges/jetson_workspace/install/pars_msgs/lib/python3.8/site-packages:/root/bridges/jetson_workspace/install/px4_ros_com/lib/python3.8/site-packages:/root/bridges/jetson_workspace/install/px4_msgs/lib/python3.8/site-packages:/root/bridges/jetson_workspace/install/pkg_srv/lib/python3.8/site-packages:/opt/ros/humble/install/lib/python3.8/site-packages /usr/local/bin/cmake --build /root/bridges/jetson_workspace/build/atmaca_vision -- -j4 -l4
[85.826s] Invoking command in '/root/bridges/jetson_workspace/build/atmaca_vision': CMAKE_PREFIX_PATH=/root/bridges/jetson_workspace/install/pars_msgs:/root/bridges/jetson_workspace/install/qr_detector:/root/bridges/jetson_workspace/install/siha_camera_pkg:/root/bridges/jetson_workspace/install/px4_ros_com:/root/bridges/jetson_workspace/install/px4_msgs:/root/bridges/jetson_workspace/install/pkg_srv:/root/bridges/jetson_workspace/install/atmaca_vision:/opt/ros/humble/install LD_LIBRARY_PATH=/root/bridges/jetson_workspace/install/pars_msgs/lib:/root/bridges/jetson_workspace/install/px4_ros_com/lib:/root/bridges/jetson_workspace/install/px4_msgs/lib:/root/bridges/jetson_workspace/install/pkg_srv/lib:/opt/ros/humble/install/opt/rviz_ogre_vendor/lib:/opt/ros/humble/install/lib:/usr/local/cuda/lib64:/root/bridges/jetson_workspace/onnxruntime-linux-aarch64-1.16.3/lib PS1=\[\033[1;31m\]\u@\h\[\033[0m\]:\[\033[1;34m\]\w\[\033[0m\]# PYTHONPATH=/root/bridges/jetson_workspace/install/pars_msgs/lib/python3.8/site-packages:/root/bridges/jetson_workspace/install/px4_ros_com/lib/python3.8/site-packages:/root/bridges/jetson_workspace/install/px4_msgs/lib/python3.8/site-packages:/root/bridges/jetson_workspace/install/pkg_srv/lib/python3.8/site-packages:/opt/ros/humble/install/lib/python3.8/site-packages /usr/local/bin/cmake --install /root/bridges/jetson_workspace/build/atmaca_vision
[85.983s] -- Install configuration: ""
[85.987s] -- Up-to-date: /root/bridges/jetson_workspace/install/atmaca_vision/lib/atmaca_vision/camera_publisher_node
[85.991s] -- Up-to-date: /root/bridges/jetson_workspace/install/atmaca_vision/lib/atmaca_vision/qr_detector_node
[85.996s] -- Installing: /root/bridges/jetson_workspace/install/atmaca_vision/lib/atmaca_vision/target_detection_node
[86.064s] -- Set runtime path of "/root/bridges/jetson_workspace/install/atmaca_vision/lib/atmaca_vision/target_detection_node" to ""
[86.065s] -- Up-to-date: /root/bridges/jetson_workspace/install/atmaca_vision/share/ament_index/resource_index/package_run_dependencies/atmaca_vision
[86.066s] -- Up-to-date: /root/bridges/jetson_workspace/install/atmaca_vision/share/ament_index/resource_index/parent_prefix_path/atmaca_vision
[86.067s] -- Up-to-date: /root/bridges/jetson_workspace/install/atmaca_vision/share/atmaca_vision/environment/ament_prefix_path.sh
[86.067s] -- Up-to-date: /root/bridges/jetson_workspace/install/atmaca_vision/share/atmaca_vision/environment/ament_prefix_path.dsv
[86.067s] -- Up-to-date: /root/bridges/jetson_workspace/install/atmaca_vision/share/atmaca_vision/environment/path.sh
[86.068s] -- Up-to-date: /root/bridges/jetson_workspace/install/atmaca_vision/share/atmaca_vision/environment/path.dsv
[86.068s] -- Up-to-date: /root/bridges/jetson_workspace/install/atmaca_vision/share/atmaca_vision/local_setup.bash
[86.069s] -- Up-to-date: /root/bridges/jetson_workspace/install/atmaca_vision/share/atmaca_vision/local_setup.sh
[86.069s] -- Up-to-date: /root/bridges/jetson_workspace/install/atmaca_vision/share/atmaca_vision/local_setup.zsh
[86.070s] -- Up-to-date: /root/bridges/jetson_workspace/install/atmaca_vision/share/atmaca_vision/local_setup.dsv
[86.070s] -- Installing: /root/bridges/jetson_workspace/install/atmaca_vision/share/atmaca_vision/package.dsv
[86.071s] -- Up-to-date: /root/bridges/jetson_workspace/install/atmaca_vision/share/ament_index/resource_index/packages/atmaca_vision
[86.071s] -- Up-to-date: /root/bridges/jetson_workspace/install/atmaca_vision/share/atmaca_vision/cmake/atmaca_visionConfig.cmake
[86.071s] -- Up-to-date: /root/bridges/jetson_workspace/install/atmaca_vision/share/atmaca_vision/cmake/atmaca_visionConfig-version.cmake
[86.072s] -- Up-to-date: /root/bridges/jetson_workspace/install/atmaca_vision/share/atmaca_vision/package.xml
[86.095s] Invoked command in '/root/bridges/jetson_workspace/build/atmaca_vision' returned '0': CMAKE_PREFIX_PATH=/root/bridges/jetson_workspace/install/pars_msgs:/root/bridges/jetson_workspace/install/qr_detector:/root/bridges/jetson_workspace/install/siha_camera_pkg:/root/bridges/jetson_workspace/install/px4_ros_com:/root/bridges/jetson_workspace/install/px4_msgs:/root/bridges/jetson_workspace/install/pkg_srv:/root/bridges/jetson_workspace/install/atmaca_vision:/opt/ros/humble/install LD_LIBRARY_PATH=/root/bridges/jetson_workspace/install/pars_msgs/lib:/root/bridges/jetson_workspace/install/px4_ros_com/lib:/root/bridges/jetson_workspace/install/px4_msgs/lib:/root/bridges/jetson_workspace/install/pkg_srv/lib:/opt/ros/humble/install/opt/rviz_ogre_vendor/lib:/opt/ros/humble/install/lib:/usr/local/cuda/lib64:/root/bridges/jetson_workspace/onnxruntime-linux-aarch64-1.16.3/lib PS1=\[\033[1;31m\]\u@\h\[\033[0m\]:\[\033[1;34m\]\w\[\033[0m\]# PYTHONPATH=/root/bridges/jetson_workspace/install/pars_msgs/lib/python3.8/site-packages:/root/bridges/jetson_workspace/install/px4_ros_com/lib/python3.8/site-packages:/root/bridges/jetson_workspace/install/px4_msgs/lib/python3.8/site-packages:/root/bridges/jetson_workspace/install/pkg_srv/lib/python3.8/site-packages:/opt/ros/humble/install/lib/python3.8/site-packages /usr/local/bin/cmake --install /root/bridges/jetson_workspace/build/atmaca_vision
