[0.600s] Invoking command in '/root/bridges/jetson_workspace/build/qr_detector': CMAKE_PREFIX_PATH=/root/bridges/jetson_workspace/install/px4_msgs:/root/bridges/jetson_workspace/install/siha_camera_pkg:/root/bridges/jetson_workspace/install/px4_ros_com:/root/bridges/jetson_workspace/install/pkg_srv:/root/bridges/jetson_workspace/install/atmaca_vision:/root/bridges/jetson_workspace/install/pars_msgs:/opt/ros/humble/install LD_LIBRARY_PATH=/root/bridges/jetson_workspace/install/px4_msgs/lib:/root/bridges/jetson_workspace/install/px4_ros_com/lib:/root/bridges/jetson_workspace/install/pkg_srv/lib:/root/bridges/jetson_workspace/install/pars_msgs/lib:/opt/ros/humble/install/opt/rviz_ogre_vendor/lib:/opt/ros/humble/install/lib:/usr/local/cuda/lib64:/root/bridges/jetson_workspace/onnxruntime-linux-aarch64-1.16.3/lib PS1=\[\033[1;31m\]\u@\h\[\033[0m\]:\[\033[1;34m\]\w\[\033[0m\]# PYTHONPATH=/root/bridges/jetson_workspace/install/px4_msgs/lib/python3.8/site-packages:/root/bridges/jetson_workspace/install/px4_ros_com/lib/python3.8/site-packages:/root/bridges/jetson_workspace/install/pkg_srv/lib/python3.8/site-packages:/root/bridges/jetson_workspace/install/pars_msgs/lib/python3.8/site-packages:/opt/ros/humble/install/lib/python3.8/site-packages /usr/local/bin/cmake --build /root/bridges/jetson_workspace/build/qr_detector -- -j4 -l4
[0.994s] [ 50%] [32mBuilding CXX object CMakeFiles/qr_detection_node.dir/src/qr_detection_node.cpp.o[0m
[60.382s] [100%] [32m[1mLinking CXX executable qr_detection_node[0m
[63.371s] [100%] Built target qr_detection_node
[63.419s] Invoked command in '/root/bridges/jetson_workspace/build/qr_detector' returned '0': CMAKE_PREFIX_PATH=/root/bridges/jetson_workspace/install/px4_msgs:/root/bridges/jetson_workspace/install/siha_camera_pkg:/root/bridges/jetson_workspace/install/px4_ros_com:/root/bridges/jetson_workspace/install/pkg_srv:/root/bridges/jetson_workspace/install/atmaca_vision:/root/bridges/jetson_workspace/install/pars_msgs:/opt/ros/humble/install LD_LIBRARY_PATH=/root/bridges/jetson_workspace/install/px4_msgs/lib:/root/bridges/jetson_workspace/install/px4_ros_com/lib:/root/bridges/jetson_workspace/install/pkg_srv/lib:/root/bridges/jetson_workspace/install/pars_msgs/lib:/opt/ros/humble/install/opt/rviz_ogre_vendor/lib:/opt/ros/humble/install/lib:/usr/local/cuda/lib64:/root/bridges/jetson_workspace/onnxruntime-linux-aarch64-1.16.3/lib PS1=\[\033[1;31m\]\u@\h\[\033[0m\]:\[\033[1;34m\]\w\[\033[0m\]# PYTHONPATH=/root/bridges/jetson_workspace/install/px4_msgs/lib/python3.8/site-packages:/root/bridges/jetson_workspace/install/px4_ros_com/lib/python3.8/site-packages:/root/bridges/jetson_workspace/install/pkg_srv/lib/python3.8/site-packages:/root/bridges/jetson_workspace/install/pars_msgs/lib/python3.8/site-packages:/opt/ros/humble/install/lib/python3.8/site-packages /usr/local/bin/cmake --build /root/bridges/jetson_workspace/build/qr_detector -- -j4 -l4
[63.923s] Invoking command in '/root/bridges/jetson_workspace/build/qr_detector': CMAKE_PREFIX_PATH=/root/bridges/jetson_workspace/install/px4_msgs:/root/bridges/jetson_workspace/install/siha_camera_pkg:/root/bridges/jetson_workspace/install/px4_ros_com:/root/bridges/jetson_workspace/install/pkg_srv:/root/bridges/jetson_workspace/install/atmaca_vision:/root/bridges/jetson_workspace/install/pars_msgs:/opt/ros/humble/install LD_LIBRARY_PATH=/root/bridges/jetson_workspace/install/px4_msgs/lib:/root/bridges/jetson_workspace/install/px4_ros_com/lib:/root/bridges/jetson_workspace/install/pkg_srv/lib:/root/bridges/jetson_workspace/install/pars_msgs/lib:/opt/ros/humble/install/opt/rviz_ogre_vendor/lib:/opt/ros/humble/install/lib:/usr/local/cuda/lib64:/root/bridges/jetson_workspace/onnxruntime-linux-aarch64-1.16.3/lib PS1=\[\033[1;31m\]\u@\h\[\033[0m\]:\[\033[1;34m\]\w\[\033[0m\]# PYTHONPATH=/root/bridges/jetson_workspace/install/px4_msgs/lib/python3.8/site-packages:/root/bridges/jetson_workspace/install/px4_ros_com/lib/python3.8/site-packages:/root/bridges/jetson_workspace/install/pkg_srv/lib/python3.8/site-packages:/root/bridges/jetson_workspace/install/pars_msgs/lib/python3.8/site-packages:/opt/ros/humble/install/lib/python3.8/site-packages /usr/local/bin/cmake --install /root/bridges/jetson_workspace/build/qr_detector
[64.081s] -- Install configuration: ""
[64.083s] -- Installing: /root/bridges/jetson_workspace/install/qr_detector/lib/qr_detector/qr_detection_node
[64.132s] -- Set runtime path of "/root/bridges/jetson_workspace/install/qr_detector/lib/qr_detector/qr_detection_node" to ""
[64.133s] -- Installing: /root/bridges/jetson_workspace/install/qr_detector/share/qr_detector//launch
[64.134s] -- Installing: /root/bridges/jetson_workspace/install/qr_detector/share/qr_detector//launch/qr_detection.launch.py
[64.136s] -- Installing: /root/bridges/jetson_workspace/install/qr_detector/share/ament_index/resource_index/package_run_dependencies/qr_detector
[64.140s] -- Installing: /root/bridges/jetson_workspace/install/qr_detector/share/ament_index/resource_index/parent_prefix_path/qr_detector
[64.140s] -- Installing: /root/bridges/jetson_workspace/install/qr_detector/share/qr_detector/environment/ament_prefix_path.sh
[64.142s] -- Installing: /root/bridges/jetson_workspace/install/qr_detector/share/qr_detector/environment/ament_prefix_path.dsv
[64.149s] -- Installing: /root/bridges/jetson_workspace/install/qr_detector/share/qr_detector/environment/path.sh
[64.150s] -- Installing: /root/bridges/jetson_workspace/install/qr_detector/share/qr_detector/environment/path.dsv
[64.151s] -- Installing: /root/bridges/jetson_workspace/install/qr_detector/share/qr_detector/local_setup.bash
[64.152s] -- Installing: /root/bridges/jetson_workspace/install/qr_detector/share/qr_detector/local_setup.sh
[64.152s] -- Installing: /root/bridges/jetson_workspace/install/qr_detector/share/qr_detector/local_setup.zsh
[64.153s] -- Installing: /root/bridges/jetson_workspace/install/qr_detector/share/qr_detector/local_setup.dsv
[64.154s] -- Installing: /root/bridges/jetson_workspace/install/qr_detector/share/qr_detector/package.dsv
[64.154s] -- Installing: /root/bridges/jetson_workspace/install/qr_detector/share/ament_index/resource_index/packages/qr_detector
[64.155s] -- Installing: /root/bridges/jetson_workspace/install/qr_detector/share/qr_detector/cmake/qr_detectorConfig.cmake
[64.156s] -- Installing: /root/bridges/jetson_workspace/install/qr_detector/share/qr_detector/cmake/qr_detectorConfig-version.cmake
[64.157s] -- Installing: /root/bridges/jetson_workspace/install/qr_detector/share/qr_detector/package.xml
[64.181s] Invoked command in '/root/bridges/jetson_workspace/build/qr_detector' returned '0': CMAKE_PREFIX_PATH=/root/bridges/jetson_workspace/install/px4_msgs:/root/bridges/jetson_workspace/install/siha_camera_pkg:/root/bridges/jetson_workspace/install/px4_ros_com:/root/bridges/jetson_workspace/install/pkg_srv:/root/bridges/jetson_workspace/install/atmaca_vision:/root/bridges/jetson_workspace/install/pars_msgs:/opt/ros/humble/install LD_LIBRARY_PATH=/root/bridges/jetson_workspace/install/px4_msgs/lib:/root/bridges/jetson_workspace/install/px4_ros_com/lib:/root/bridges/jetson_workspace/install/pkg_srv/lib:/root/bridges/jetson_workspace/install/pars_msgs/lib:/opt/ros/humble/install/opt/rviz_ogre_vendor/lib:/opt/ros/humble/install/lib:/usr/local/cuda/lib64:/root/bridges/jetson_workspace/onnxruntime-linux-aarch64-1.16.3/lib PS1=\[\033[1;31m\]\u@\h\[\033[0m\]:\[\033[1;34m\]\w\[\033[0m\]# PYTHONPATH=/root/bridges/jetson_workspace/install/px4_msgs/lib/python3.8/site-packages:/root/bridges/jetson_workspace/install/px4_ros_com/lib/python3.8/site-packages:/root/bridges/jetson_workspace/install/pkg_srv/lib/python3.8/site-packages:/root/bridges/jetson_workspace/install/pars_msgs/lib/python3.8/site-packages:/opt/ros/humble/install/lib/python3.8/site-packages /usr/local/bin/cmake --install /root/bridges/jetson_workspace/build/qr_detector
