[ 33%] Built target camera_publisher_node
[ 66%] Built target qr_detector_node
[ 83%] [32mBuilding CXX object CMakeFiles/target_detection_node.dir/src/target_detection_node.cpp.o[0m
[100%] [32m[1mLinking CXX executable target_detection_node[0m
[100%] Built target target_detection_node
-- Install configuration: ""
-- Up-to-date: /root/bridges/jetson_workspace/install/atmaca_vision/lib/atmaca_vision/camera_publisher_node
-- Up-to-date: /root/bridges/jetson_workspace/install/atmaca_vision/lib/atmaca_vision/qr_detector_node
-- Installing: /root/bridges/jetson_workspace/install/atmaca_vision/lib/atmaca_vision/target_detection_node
-- Set runtime path of "/root/bridges/jetson_workspace/install/atmaca_vision/lib/atmaca_vision/target_detection_node" to ""
-- Up-to-date: /root/bridges/jetson_workspace/install/atmaca_vision/share/ament_index/resource_index/package_run_dependencies/atmaca_vision
-- Up-to-date: /root/bridges/jetson_workspace/install/atmaca_vision/share/ament_index/resource_index/parent_prefix_path/atmaca_vision
-- Up-to-date: /root/bridges/jetson_workspace/install/atmaca_vision/share/atmaca_vision/environment/ament_prefix_path.sh
-- Up-to-date: /root/bridges/jetson_workspace/install/atmaca_vision/share/atmaca_vision/environment/ament_prefix_path.dsv
-- Up-to-date: /root/bridges/jetson_workspace/install/atmaca_vision/share/atmaca_vision/environment/path.sh
-- Up-to-date: /root/bridges/jetson_workspace/install/atmaca_vision/share/atmaca_vision/environment/path.dsv
-- Up-to-date: /root/bridges/jetson_workspace/install/atmaca_vision/share/atmaca_vision/local_setup.bash
-- Up-to-date: /root/bridges/jetson_workspace/install/atmaca_vision/share/atmaca_vision/local_setup.sh
-- Up-to-date: /root/bridges/jetson_workspace/install/atmaca_vision/share/atmaca_vision/local_setup.zsh
-- Up-to-date: /root/bridges/jetson_workspace/install/atmaca_vision/share/atmaca_vision/local_setup.dsv
-- Installing: /root/bridges/jetson_workspace/install/atmaca_vision/share/atmaca_vision/package.dsv
-- Up-to-date: /root/bridges/jetson_workspace/install/atmaca_vision/share/ament_index/resource_index/packages/atmaca_vision
-- Up-to-date: /root/bridges/jetson_workspace/install/atmaca_vision/share/atmaca_vision/cmake/atmaca_visionConfig.cmake
-- Up-to-date: /root/bridges/jetson_workspace/install/atmaca_vision/share/atmaca_vision/cmake/atmaca_visionConfig-version.cmake
-- Up-to-date: /root/bridges/jetson_workspace/install/atmaca_vision/share/atmaca_vision/package.xml
