[  2%] Built target pars_msgs__cpp
[  2%] Built target ament_cmake_python_copy_pars_msgs
[ 12%] Built target pars_msgs__rosidl_generator_c
[ 30%] Built target pars_msgs__rosidl_typesupport_c
[ 33%] Built target pars_msgs__rosidl_typesupport_introspection_c
[ 43%] Built target pars_msgs__rosidl_typesupport_cpp
[ 53%] Built target pars_msgs__rosidl_typesupport_introspection_cpp
[ 64%] Built target pars_msgs__rosidl_typesupport_fastrtps_cpp
[ 74%] Built target pars_msgs__rosidl_typesupport_fastrtps_c
[ 74%] Built target pars_msgs
[ 76%] Built target pars_msgs__py
[ 84%] Built target pars_msgs__rosidl_generator_py
[ 89%] Built target pars_msgs__rosidl_typesupport_fastrtps_c__pyext
[ 94%] Built target pars_msgs__rosidl_typesupport_c__pyext
[100%] Built target pars_msgs__rosidl_typesupport_introspection_c__pyext
running egg_info
writing pars_msgs.egg-info/PKG-INFO
writing dependency_links to pars_msgs.egg-info/dependency_links.txt
writing top-level names to pars_msgs.egg-info/top_level.txt
reading manifest file 'pars_msgs.egg-info/SOURCES.txt'
writing manifest file 'pars_msgs.egg-info/SOURCES.txt'
[100%] Built target ament_cmake_python_build_pars_msgs_egg
-- Install configuration: ""
-- Up-to-date: /root/bridges/jetson_workspace/install/pars_msgs/share/ament_index/resource_index/rosidl_interfaces/pars_msgs
-- Up-to-date: /root/bridges/jetson_workspace/install/pars_msgs/include/pars_msgs/pars_msgs
-- Up-to-date: /root/bridges/jetson_workspace/install/pars_msgs/include/pars_msgs/pars_msgs/msg
-- Up-to-date: /root/bridges/jetson_workspace/install/pars_msgs/include/pars_msgs/pars_msgs/msg/data.h
-- Up-to-date: /root/bridges/jetson_workspace/install/pars_msgs/include/pars_msgs/pars_msgs/msg/target.h
-- Up-to-date: /root/bridges/jetson_workspace/install/pars_msgs/include/pars_msgs/pars_msgs/msg/rosidl_generator_c__visibility_control.h
-- Up-to-date: /root/bridges/jetson_workspace/install/pars_msgs/include/pars_msgs/pars_msgs/msg/detail
-- Up-to-date: /root/bridges/jetson_workspace/install/pars_msgs/include/pars_msgs/pars_msgs/msg/detail/data__struct.h
-- Up-to-date: /root/bridges/jetson_workspace/install/pars_msgs/include/pars_msgs/pars_msgs/msg/detail/target__functions.c
-- Up-to-date: /root/bridges/jetson_workspace/install/pars_msgs/include/pars_msgs/pars_msgs/msg/detail/data__functions.h
-- Up-to-date: /root/bridges/jetson_workspace/install/pars_msgs/include/pars_msgs/pars_msgs/msg/detail/target__functions.h
-- Up-to-date: /root/bridges/jetson_workspace/install/pars_msgs/include/pars_msgs/pars_msgs/msg/detail/data__type_support.h
-- Up-to-date: /root/bridges/jetson_workspace/install/pars_msgs/include/pars_msgs/pars_msgs/msg/detail/data__functions.c
-- Up-to-date: /root/bridges/jetson_workspace/install/pars_msgs/include/pars_msgs/pars_msgs/msg/detail/target__type_support.h
-- Up-to-date: /root/bridges/jetson_workspace/install/pars_msgs/include/pars_msgs/pars_msgs/msg/detail/target__struct.h
-- Up-to-date: /root/bridges/jetson_workspace/install/pars_msgs/share/pars_msgs/environment/library_path.sh
-- Up-to-date: /root/bridges/jetson_workspace/install/pars_msgs/share/pars_msgs/environment/library_path.dsv
-- Up-to-date: /root/bridges/jetson_workspace/install/pars_msgs/lib/libpars_msgs__rosidl_generator_c.so
-- Up-to-date: /root/bridges/jetson_workspace/install/pars_msgs/include/pars_msgs/pars_msgs
-- Up-to-date: /root/bridges/jetson_workspace/install/pars_msgs/include/pars_msgs/pars_msgs/msg
-- Up-to-date: /root/bridges/jetson_workspace/install/pars_msgs/include/pars_msgs/pars_msgs/msg/rosidl_typesupport_fastrtps_c__visibility_control.h
-- Up-to-date: /root/bridges/jetson_workspace/install/pars_msgs/include/pars_msgs/pars_msgs/msg/detail
-- Up-to-date: /root/bridges/jetson_workspace/install/pars_msgs/include/pars_msgs/pars_msgs/msg/detail/data__rosidl_typesupport_fastrtps_c.h
-- Up-to-date: /root/bridges/jetson_workspace/install/pars_msgs/include/pars_msgs/pars_msgs/msg/detail/target__rosidl_typesupport_fastrtps_c.h
-- Up-to-date: /root/bridges/jetson_workspace/install/pars_msgs/lib/libpars_msgs__rosidl_typesupport_fastrtps_c.so
-- Up-to-date: /root/bridges/jetson_workspace/install/pars_msgs/include/pars_msgs/pars_msgs
-- Up-to-date: /root/bridges/jetson_workspace/install/pars_msgs/include/pars_msgs/pars_msgs/msg
-- Up-to-date: /root/bridges/jetson_workspace/install/pars_msgs/include/pars_msgs/pars_msgs/msg/data.hpp
-- Up-to-date: /root/bridges/jetson_workspace/install/pars_msgs/include/pars_msgs/pars_msgs/msg/detail
-- Up-to-date: /root/bridges/jetson_workspace/install/pars_msgs/include/pars_msgs/pars_msgs/msg/detail/data__traits.hpp
-- Up-to-date: /root/bridges/jetson_workspace/install/pars_msgs/include/pars_msgs/pars_msgs/msg/detail/data__builder.hpp
-- Up-to-date: /root/bridges/jetson_workspace/install/pars_msgs/include/pars_msgs/pars_msgs/msg/detail/data__struct.hpp
-- Up-to-date: /root/bridges/jetson_workspace/install/pars_msgs/include/pars_msgs/pars_msgs/msg/detail/target__builder.hpp
-- Up-to-date: /root/bridges/jetson_workspace/install/pars_msgs/include/pars_msgs/pars_msgs/msg/detail/target__traits.hpp
-- Up-to-date: /root/bridges/jetson_workspace/install/pars_msgs/include/pars_msgs/pars_msgs/msg/detail/target__struct.hpp
-- Up-to-date: /root/bridges/jetson_workspace/install/pars_msgs/include/pars_msgs/pars_msgs/msg/target.hpp
-- Up-to-date: /root/bridges/jetson_workspace/install/pars_msgs/include/pars_msgs/pars_msgs
-- Up-to-date: /root/bridges/jetson_workspace/install/pars_msgs/include/pars_msgs/pars_msgs/msg
-- Up-to-date: /root/bridges/jetson_workspace/install/pars_msgs/include/pars_msgs/pars_msgs/msg/rosidl_typesupport_fastrtps_cpp__visibility_control.h
-- Up-to-date: /root/bridges/jetson_workspace/install/pars_msgs/include/pars_msgs/pars_msgs/msg/detail
-- Up-to-date: /root/bridges/jetson_workspace/install/pars_msgs/include/pars_msgs/pars_msgs/msg/detail/target__rosidl_typesupport_fastrtps_cpp.hpp
-- Up-to-date: /root/bridges/jetson_workspace/install/pars_msgs/include/pars_msgs/pars_msgs/msg/detail/dds_fastrtps
-- Up-to-date: /root/bridges/jetson_workspace/install/pars_msgs/include/pars_msgs/pars_msgs/msg/detail/data__rosidl_typesupport_fastrtps_cpp.hpp
-- Up-to-date: /root/bridges/jetson_workspace/install/pars_msgs/lib/libpars_msgs__rosidl_typesupport_fastrtps_cpp.so
-- Up-to-date: /root/bridges/jetson_workspace/install/pars_msgs/include/pars_msgs/pars_msgs
-- Up-to-date: /root/bridges/jetson_workspace/install/pars_msgs/include/pars_msgs/pars_msgs/msg
-- Up-to-date: /root/bridges/jetson_workspace/install/pars_msgs/include/pars_msgs/pars_msgs/msg/rosidl_typesupport_introspection_c__visibility_control.h
-- Up-to-date: /root/bridges/jetson_workspace/install/pars_msgs/include/pars_msgs/pars_msgs/msg/detail
-- Up-to-date: /root/bridges/jetson_workspace/install/pars_msgs/include/pars_msgs/pars_msgs/msg/detail/data__type_support.c
-- Up-to-date: /root/bridges/jetson_workspace/install/pars_msgs/include/pars_msgs/pars_msgs/msg/detail/target__rosidl_typesupport_introspection_c.h
-- Up-to-date: /root/bridges/jetson_workspace/install/pars_msgs/include/pars_msgs/pars_msgs/msg/detail/target__type_support.c
-- Up-to-date: /root/bridges/jetson_workspace/install/pars_msgs/include/pars_msgs/pars_msgs/msg/detail/data__rosidl_typesupport_introspection_c.h
-- Up-to-date: /root/bridges/jetson_workspace/install/pars_msgs/lib/libpars_msgs__rosidl_typesupport_introspection_c.so
-- Up-to-date: /root/bridges/jetson_workspace/install/pars_msgs/lib/libpars_msgs__rosidl_typesupport_c.so
-- Up-to-date: /root/bridges/jetson_workspace/install/pars_msgs/include/pars_msgs/pars_msgs
-- Up-to-date: /root/bridges/jetson_workspace/install/pars_msgs/include/pars_msgs/pars_msgs/msg
-- Up-to-date: /root/bridges/jetson_workspace/install/pars_msgs/include/pars_msgs/pars_msgs/msg/detail
-- Up-to-date: /root/bridges/jetson_workspace/install/pars_msgs/include/pars_msgs/pars_msgs/msg/detail/target__type_support.cpp
-- Up-to-date: /root/bridges/jetson_workspace/install/pars_msgs/include/pars_msgs/pars_msgs/msg/detail/data__type_support.cpp
-- Up-to-date: /root/bridges/jetson_workspace/install/pars_msgs/include/pars_msgs/pars_msgs/msg/detail/data__rosidl_typesupport_introspection_cpp.hpp
-- Up-to-date: /root/bridges/jetson_workspace/install/pars_msgs/include/pars_msgs/pars_msgs/msg/detail/target__rosidl_typesupport_introspection_cpp.hpp
-- Up-to-date: /root/bridges/jetson_workspace/install/pars_msgs/lib/libpars_msgs__rosidl_typesupport_introspection_cpp.so
-- Up-to-date: /root/bridges/jetson_workspace/install/pars_msgs/lib/libpars_msgs__rosidl_typesupport_cpp.so
-- Up-to-date: /root/bridges/jetson_workspace/install/pars_msgs/share/pars_msgs/environment/pythonpath.sh
-- Up-to-date: /root/bridges/jetson_workspace/install/pars_msgs/share/pars_msgs/environment/pythonpath.dsv
-- Up-to-date: /root/bridges/jetson_workspace/install/pars_msgs/lib/python3.8/site-packages/pars_msgs-0.0.0-py3.8.egg-info
-- Installing: /root/bridges/jetson_workspace/install/pars_msgs/lib/python3.8/site-packages/pars_msgs-0.0.0-py3.8.egg-info/top_level.txt
-- Installing: /root/bridges/jetson_workspace/install/pars_msgs/lib/python3.8/site-packages/pars_msgs-0.0.0-py3.8.egg-info/PKG-INFO
-- Installing: /root/bridges/jetson_workspace/install/pars_msgs/lib/python3.8/site-packages/pars_msgs-0.0.0-py3.8.egg-info/SOURCES.txt
-- Installing: /root/bridges/jetson_workspace/install/pars_msgs/lib/python3.8/site-packages/pars_msgs-0.0.0-py3.8.egg-info/dependency_links.txt
-- Up-to-date: /root/bridges/jetson_workspace/install/pars_msgs/lib/python3.8/site-packages/pars_msgs
-- Up-to-date: /root/bridges/jetson_workspace/install/pars_msgs/lib/python3.8/site-packages/pars_msgs/msg
-- Up-to-date: /root/bridges/jetson_workspace/install/pars_msgs/lib/python3.8/site-packages/pars_msgs/msg/_data_s.c
-- Up-to-date: /root/bridges/jetson_workspace/install/pars_msgs/lib/python3.8/site-packages/pars_msgs/msg/_target_s.c
-- Up-to-date: /root/bridges/jetson_workspace/install/pars_msgs/lib/python3.8/site-packages/pars_msgs/msg/_target.py
-- Up-to-date: /root/bridges/jetson_workspace/install/pars_msgs/lib/python3.8/site-packages/pars_msgs/msg/__init__.py
-- Up-to-date: /root/bridges/jetson_workspace/install/pars_msgs/lib/python3.8/site-packages/pars_msgs/msg/_data.py
-- Up-to-date: /root/bridges/jetson_workspace/install/pars_msgs/lib/python3.8/site-packages/pars_msgs/pars_msgs_s__rosidl_typesupport_introspection_c.cpython-38-aarch64-linux-gnu.so
-- Up-to-date: /root/bridges/jetson_workspace/install/pars_msgs/lib/python3.8/site-packages/pars_msgs/pars_msgs_s__rosidl_typesupport_c.cpython-38-aarch64-linux-gnu.so
-- Up-to-date: /root/bridges/jetson_workspace/install/pars_msgs/lib/python3.8/site-packages/pars_msgs/pars_msgs_s__rosidl_typesupport_fastrtps_c.cpython-38-aarch64-linux-gnu.so
-- Up-to-date: /root/bridges/jetson_workspace/install/pars_msgs/lib/python3.8/site-packages/pars_msgs/__init__.py
-- Up-to-date: /root/bridges/jetson_workspace/install/pars_msgs/lib/python3.8/site-packages/pars_msgs/_pars_msgs_s.ep.rosidl_typesupport_c.c
-- Up-to-date: /root/bridges/jetson_workspace/install/pars_msgs/lib/python3.8/site-packages/pars_msgs/_pars_msgs_s.ep.rosidl_typesupport_fastrtps_c.c
-- Up-to-date: /root/bridges/jetson_workspace/install/pars_msgs/lib/python3.8/site-packages/pars_msgs/_pars_msgs_s.ep.rosidl_typesupport_introspection_c.c
-- Up-to-date: /root/bridges/jetson_workspace/install/pars_msgs/lib/python3.8/site-packages/pars_msgs/libpars_msgs__rosidl_generator_py.so
Listing '/root/bridges/jetson_workspace/install/pars_msgs/lib/python3.8/site-packages/pars_msgs'...
Listing '/root/bridges/jetson_workspace/install/pars_msgs/lib/python3.8/site-packages/pars_msgs/msg'...
-- Up-to-date: /root/bridges/jetson_workspace/install/pars_msgs/lib/python3.8/site-packages/pars_msgs/pars_msgs_s__rosidl_typesupport_fastrtps_c.cpython-38-aarch64-linux-gnu.so
-- Up-to-date: /root/bridges/jetson_workspace/install/pars_msgs/lib/python3.8/site-packages/pars_msgs/pars_msgs_s__rosidl_typesupport_introspection_c.cpython-38-aarch64-linux-gnu.so
-- Up-to-date: /root/bridges/jetson_workspace/install/pars_msgs/lib/python3.8/site-packages/pars_msgs/pars_msgs_s__rosidl_typesupport_c.cpython-38-aarch64-linux-gnu.so
-- Up-to-date: /root/bridges/jetson_workspace/install/pars_msgs/lib/libpars_msgs__rosidl_generator_py.so
-- Up-to-date: /root/bridges/jetson_workspace/install/pars_msgs/share/pars_msgs/msg/Data.idl
-- Up-to-date: /root/bridges/jetson_workspace/install/pars_msgs/share/pars_msgs/msg/Target.idl
-- Up-to-date: /root/bridges/jetson_workspace/install/pars_msgs/share/pars_msgs/msg/Data.msg
-- Up-to-date: /root/bridges/jetson_workspace/install/pars_msgs/share/pars_msgs/msg/Target.msg
-- Up-to-date: /root/bridges/jetson_workspace/install/pars_msgs/share/ament_index/resource_index/package_run_dependencies/pars_msgs
-- Up-to-date: /root/bridges/jetson_workspace/install/pars_msgs/share/ament_index/resource_index/parent_prefix_path/pars_msgs
-- Up-to-date: /root/bridges/jetson_workspace/install/pars_msgs/share/pars_msgs/environment/ament_prefix_path.sh
-- Up-to-date: /root/bridges/jetson_workspace/install/pars_msgs/share/pars_msgs/environment/ament_prefix_path.dsv
-- Up-to-date: /root/bridges/jetson_workspace/install/pars_msgs/share/pars_msgs/environment/path.sh
-- Up-to-date: /root/bridges/jetson_workspace/install/pars_msgs/share/pars_msgs/environment/path.dsv
-- Up-to-date: /root/bridges/jetson_workspace/install/pars_msgs/share/pars_msgs/local_setup.bash
-- Up-to-date: /root/bridges/jetson_workspace/install/pars_msgs/share/pars_msgs/local_setup.sh
-- Up-to-date: /root/bridges/jetson_workspace/install/pars_msgs/share/pars_msgs/local_setup.zsh
-- Up-to-date: /root/bridges/jetson_workspace/install/pars_msgs/share/pars_msgs/local_setup.dsv
-- Installing: /root/bridges/jetson_workspace/install/pars_msgs/share/pars_msgs/package.dsv
-- Up-to-date: /root/bridges/jetson_workspace/install/pars_msgs/share/ament_index/resource_index/packages/pars_msgs
-- Up-to-date: /root/bridges/jetson_workspace/install/pars_msgs/share/pars_msgs/cmake/export_pars_msgs__rosidl_generator_cExport.cmake
-- Up-to-date: /root/bridges/jetson_workspace/install/pars_msgs/share/pars_msgs/cmake/export_pars_msgs__rosidl_generator_cExport-noconfig.cmake
-- Up-to-date: /root/bridges/jetson_workspace/install/pars_msgs/share/pars_msgs/cmake/export_pars_msgs__rosidl_typesupport_fastrtps_cExport.cmake
-- Up-to-date: /root/bridges/jetson_workspace/install/pars_msgs/share/pars_msgs/cmake/export_pars_msgs__rosidl_typesupport_fastrtps_cExport-noconfig.cmake
-- Up-to-date: /root/bridges/jetson_workspace/install/pars_msgs/share/pars_msgs/cmake/export_pars_msgs__rosidl_generator_cppExport.cmake
-- Up-to-date: /root/bridges/jetson_workspace/install/pars_msgs/share/pars_msgs/cmake/export_pars_msgs__rosidl_typesupport_fastrtps_cppExport.cmake
-- Up-to-date: /root/bridges/jetson_workspace/install/pars_msgs/share/pars_msgs/cmake/export_pars_msgs__rosidl_typesupport_fastrtps_cppExport-noconfig.cmake
-- Up-to-date: /root/bridges/jetson_workspace/install/pars_msgs/share/pars_msgs/cmake/pars_msgs__rosidl_typesupport_introspection_cExport.cmake
-- Up-to-date: /root/bridges/jetson_workspace/install/pars_msgs/share/pars_msgs/cmake/pars_msgs__rosidl_typesupport_introspection_cExport-noconfig.cmake
-- Up-to-date: /root/bridges/jetson_workspace/install/pars_msgs/share/pars_msgs/cmake/pars_msgs__rosidl_typesupport_cExport.cmake
-- Up-to-date: /root/bridges/jetson_workspace/install/pars_msgs/share/pars_msgs/cmake/pars_msgs__rosidl_typesupport_cExport-noconfig.cmake
-- Up-to-date: /root/bridges/jetson_workspace/install/pars_msgs/share/pars_msgs/cmake/pars_msgs__rosidl_typesupport_introspection_cppExport.cmake
-- Up-to-date: /root/bridges/jetson_workspace/install/pars_msgs/share/pars_msgs/cmake/pars_msgs__rosidl_typesupport_introspection_cppExport-noconfig.cmake
-- Up-to-date: /root/bridges/jetson_workspace/install/pars_msgs/share/pars_msgs/cmake/pars_msgs__rosidl_typesupport_cppExport.cmake
-- Up-to-date: /root/bridges/jetson_workspace/install/pars_msgs/share/pars_msgs/cmake/pars_msgs__rosidl_typesupport_cppExport-noconfig.cmake
-- Up-to-date: /root/bridges/jetson_workspace/install/pars_msgs/share/pars_msgs/cmake/export_pars_msgs__rosidl_generator_pyExport.cmake
-- Up-to-date: /root/bridges/jetson_workspace/install/pars_msgs/share/pars_msgs/cmake/export_pars_msgs__rosidl_generator_pyExport-noconfig.cmake
-- Up-to-date: /root/bridges/jetson_workspace/install/pars_msgs/share/pars_msgs/cmake/rosidl_cmake-extras.cmake
-- Up-to-date: /root/bridges/jetson_workspace/install/pars_msgs/share/pars_msgs/cmake/ament_cmake_export_dependencies-extras.cmake
-- Up-to-date: /root/bridges/jetson_workspace/install/pars_msgs/share/pars_msgs/cmake/ament_cmake_export_include_directories-extras.cmake
-- Up-to-date: /root/bridges/jetson_workspace/install/pars_msgs/share/pars_msgs/cmake/ament_cmake_export_libraries-extras.cmake
-- Up-to-date: /root/bridges/jetson_workspace/install/pars_msgs/share/pars_msgs/cmake/ament_cmake_export_targets-extras.cmake
-- Up-to-date: /root/bridges/jetson_workspace/install/pars_msgs/share/pars_msgs/cmake/rosidl_cmake_export_typesupport_targets-extras.cmake
-- Up-to-date: /root/bridges/jetson_workspace/install/pars_msgs/share/pars_msgs/cmake/rosidl_cmake_export_typesupport_libraries-extras.cmake
-- Up-to-date: /root/bridges/jetson_workspace/install/pars_msgs/share/pars_msgs/cmake/pars_msgsConfig.cmake
-- Up-to-date: /root/bridges/jetson_workspace/install/pars_msgs/share/pars_msgs/cmake/pars_msgsConfig-version.cmake
-- Up-to-date: /root/bridges/jetson_workspace/install/pars_msgs/share/pars_msgs/package.xml
