[0.827s] Invoking command in '/root/bridges/jetson_workspace/build/pars_msgs': PS1=\[\033[1;31m\]\u@\h\[\033[0m\]:\[\033[1;34m\]\w\[\033[0m\]# /usr/local/bin/cmake --build /root/bridges/jetson_workspace/build/pars_msgs -- -j6 -l6
[1.239s] [  2%] Built target pars_msgs__cpp
[1.270s] [  2%] Built target ament_cmake_python_copy_pars_msgs
[1.274s] [ 12%] Built target pars_msgs__rosidl_generator_c
[1.372s] [ 30%] Built target pars_msgs__rosidl_typesupport_c
[1.374s] [ 33%] Built target pars_msgs__rosidl_typesupport_introspection_c
[1.377s] [ 43%] Built target pars_msgs__rosidl_typesupport_cpp
[1.384s] [ 53%] Built target pars_msgs__rosidl_typesupport_introspection_cpp
[1.388s] [ 64%] Built target pars_msgs__rosidl_typesupport_fastrtps_cpp
[1.476s] [ 74%] Built target pars_msgs__rosidl_typesupport_fastrtps_c
[1.532s] [ 74%] Built target pars_msgs
[1.595s] [ 76%] Built target pars_msgs__py
[1.707s] [ 84%] Built target pars_msgs__rosidl_generator_py
[1.801s] [ 89%] Built target pars_msgs__rosidl_typesupport_fastrtps_c__pyext
[1.802s] [ 94%] Built target pars_msgs__rosidl_typesupport_c__pyext
[1.805s] [100%] Built target pars_msgs__rosidl_typesupport_introspection_c__pyext
[2.525s] running egg_info
[2.632s] writing pars_msgs.egg-info/PKG-INFO
[2.633s] writing dependency_links to pars_msgs.egg-info/dependency_links.txt
[2.635s] writing top-level names to pars_msgs.egg-info/top_level.txt
[2.946s] reading manifest file 'pars_msgs.egg-info/SOURCES.txt'
[2.951s] writing manifest file 'pars_msgs.egg-info/SOURCES.txt'
[3.059s] [100%] Built target ament_cmake_python_build_pars_msgs_egg
[3.105s] Invoked command in '/root/bridges/jetson_workspace/build/pars_msgs' returned '0': PS1=\[\033[1;31m\]\u@\h\[\033[0m\]:\[\033[1;34m\]\w\[\033[0m\]# /usr/local/bin/cmake --build /root/bridges/jetson_workspace/build/pars_msgs -- -j6 -l6
[3.908s] Invoking command in '/root/bridges/jetson_workspace/build/pars_msgs': PS1=\[\033[1;31m\]\u@\h\[\033[0m\]:\[\033[1;34m\]\w\[\033[0m\]# /usr/local/bin/cmake --install /root/bridges/jetson_workspace/build/pars_msgs
[4.083s] -- Install configuration: ""
[4.085s] -- Up-to-date: /root/bridges/jetson_workspace/install/pars_msgs/share/ament_index/resource_index/rosidl_interfaces/pars_msgs
[4.086s] -- Up-to-date: /root/bridges/jetson_workspace/install/pars_msgs/include/pars_msgs/pars_msgs
[4.087s] -- Up-to-date: /root/bridges/jetson_workspace/install/pars_msgs/include/pars_msgs/pars_msgs/msg
[4.087s] -- Up-to-date: /root/bridges/jetson_workspace/install/pars_msgs/include/pars_msgs/pars_msgs/msg/data.h
[4.088s] -- Up-to-date: /root/bridges/jetson_workspace/install/pars_msgs/include/pars_msgs/pars_msgs/msg/target.h
[4.089s] -- Up-to-date: /root/bridges/jetson_workspace/install/pars_msgs/include/pars_msgs/pars_msgs/msg/rosidl_generator_c__visibility_control.h
[4.089s] -- Up-to-date: /root/bridges/jetson_workspace/install/pars_msgs/include/pars_msgs/pars_msgs/msg/detail
[4.090s] -- Up-to-date: /root/bridges/jetson_workspace/install/pars_msgs/include/pars_msgs/pars_msgs/msg/detail/data__struct.h
[4.090s] -- Up-to-date: /root/bridges/jetson_workspace/install/pars_msgs/include/pars_msgs/pars_msgs/msg/detail/target__functions.c
[4.091s] -- Up-to-date: /root/bridges/jetson_workspace/install/pars_msgs/include/pars_msgs/pars_msgs/msg/detail/data__functions.h
[4.091s] -- Up-to-date: /root/bridges/jetson_workspace/install/pars_msgs/include/pars_msgs/pars_msgs/msg/detail/target__functions.h
[4.092s] -- Up-to-date: /root/bridges/jetson_workspace/install/pars_msgs/include/pars_msgs/pars_msgs/msg/detail/data__type_support.h
[4.093s] -- Up-to-date: /root/bridges/jetson_workspace/install/pars_msgs/include/pars_msgs/pars_msgs/msg/detail/data__functions.c
[4.093s] -- Up-to-date: /root/bridges/jetson_workspace/install/pars_msgs/include/pars_msgs/pars_msgs/msg/detail/target__type_support.h
[4.094s] -- Up-to-date: /root/bridges/jetson_workspace/install/pars_msgs/include/pars_msgs/pars_msgs/msg/detail/target__struct.h
[4.095s] -- Up-to-date: /root/bridges/jetson_workspace/install/pars_msgs/share/pars_msgs/environment/library_path.sh
[4.095s] -- Up-to-date: /root/bridges/jetson_workspace/install/pars_msgs/share/pars_msgs/environment/library_path.dsv
[4.096s] -- Up-to-date: /root/bridges/jetson_workspace/install/pars_msgs/lib/libpars_msgs__rosidl_generator_c.so
[4.096s] -- Up-to-date: /root/bridges/jetson_workspace/install/pars_msgs/include/pars_msgs/pars_msgs
[4.097s] -- Up-to-date: /root/bridges/jetson_workspace/install/pars_msgs/include/pars_msgs/pars_msgs/msg
[4.097s] -- Up-to-date: /root/bridges/jetson_workspace/install/pars_msgs/include/pars_msgs/pars_msgs/msg/rosidl_typesupport_fastrtps_c__visibility_control.h
[4.097s] -- Up-to-date: /root/bridges/jetson_workspace/install/pars_msgs/include/pars_msgs/pars_msgs/msg/detail
[4.098s] -- Up-to-date: /root/bridges/jetson_workspace/install/pars_msgs/include/pars_msgs/pars_msgs/msg/detail/data__rosidl_typesupport_fastrtps_c.h
[4.099s] -- Up-to-date: /root/bridges/jetson_workspace/install/pars_msgs/include/pars_msgs/pars_msgs/msg/detail/target__rosidl_typesupport_fastrtps_c.h
[4.100s] -- Up-to-date: /root/bridges/jetson_workspace/install/pars_msgs/lib/libpars_msgs__rosidl_typesupport_fastrtps_c.so
[4.101s] -- Up-to-date: /root/bridges/jetson_workspace/install/pars_msgs/include/pars_msgs/pars_msgs
[4.102s] -- Up-to-date: /root/bridges/jetson_workspace/install/pars_msgs/include/pars_msgs/pars_msgs/msg
[4.103s] -- Up-to-date: /root/bridges/jetson_workspace/install/pars_msgs/include/pars_msgs/pars_msgs/msg/data.hpp
[4.103s] -- Up-to-date: /root/bridges/jetson_workspace/install/pars_msgs/include/pars_msgs/pars_msgs/msg/detail
[4.104s] -- Up-to-date: /root/bridges/jetson_workspace/install/pars_msgs/include/pars_msgs/pars_msgs/msg/detail/data__traits.hpp
[4.104s] -- Up-to-date: /root/bridges/jetson_workspace/install/pars_msgs/include/pars_msgs/pars_msgs/msg/detail/data__builder.hpp
[4.105s] -- Up-to-date: /root/bridges/jetson_workspace/install/pars_msgs/include/pars_msgs/pars_msgs/msg/detail/data__struct.hpp
[4.106s] -- Up-to-date: /root/bridges/jetson_workspace/install/pars_msgs/include/pars_msgs/pars_msgs/msg/detail/target__builder.hpp
[4.106s] -- Up-to-date: /root/bridges/jetson_workspace/install/pars_msgs/include/pars_msgs/pars_msgs/msg/detail/target__traits.hpp
[4.107s] -- Up-to-date: /root/bridges/jetson_workspace/install/pars_msgs/include/pars_msgs/pars_msgs/msg/detail/target__struct.hpp
[4.108s] -- Up-to-date: /root/bridges/jetson_workspace/install/pars_msgs/include/pars_msgs/pars_msgs/msg/target.hpp
[4.108s] -- Up-to-date: /root/bridges/jetson_workspace/install/pars_msgs/include/pars_msgs/pars_msgs
[4.109s] -- Up-to-date: /root/bridges/jetson_workspace/install/pars_msgs/include/pars_msgs/pars_msgs/msg
[4.109s] -- Up-to-date: /root/bridges/jetson_workspace/install/pars_msgs/include/pars_msgs/pars_msgs/msg/rosidl_typesupport_fastrtps_cpp__visibility_control.h
[4.110s] -- Up-to-date: /root/bridges/jetson_workspace/install/pars_msgs/include/pars_msgs/pars_msgs/msg/detail
[4.110s] -- Up-to-date: /root/bridges/jetson_workspace/install/pars_msgs/include/pars_msgs/pars_msgs/msg/detail/target__rosidl_typesupport_fastrtps_cpp.hpp
[4.111s] -- Up-to-date: /root/bridges/jetson_workspace/install/pars_msgs/include/pars_msgs/pars_msgs/msg/detail/dds_fastrtps
[4.112s] -- Up-to-date: /root/bridges/jetson_workspace/install/pars_msgs/include/pars_msgs/pars_msgs/msg/detail/data__rosidl_typesupport_fastrtps_cpp.hpp
[4.112s] -- Up-to-date: /root/bridges/jetson_workspace/install/pars_msgs/lib/libpars_msgs__rosidl_typesupport_fastrtps_cpp.so
[4.112s] -- Up-to-date: /root/bridges/jetson_workspace/install/pars_msgs/include/pars_msgs/pars_msgs
[4.113s] -- Up-to-date: /root/bridges/jetson_workspace/install/pars_msgs/include/pars_msgs/pars_msgs/msg
[4.113s] -- Up-to-date: /root/bridges/jetson_workspace/install/pars_msgs/include/pars_msgs/pars_msgs/msg/rosidl_typesupport_introspection_c__visibility_control.h
[4.114s] -- Up-to-date: /root/bridges/jetson_workspace/install/pars_msgs/include/pars_msgs/pars_msgs/msg/detail
[4.115s] -- Up-to-date: /root/bridges/jetson_workspace/install/pars_msgs/include/pars_msgs/pars_msgs/msg/detail/data__type_support.c
[4.115s] -- Up-to-date: /root/bridges/jetson_workspace/install/pars_msgs/include/pars_msgs/pars_msgs/msg/detail/target__rosidl_typesupport_introspection_c.h
[4.116s] -- Up-to-date: /root/bridges/jetson_workspace/install/pars_msgs/include/pars_msgs/pars_msgs/msg/detail/target__type_support.c
[4.116s] -- Up-to-date: /root/bridges/jetson_workspace/install/pars_msgs/include/pars_msgs/pars_msgs/msg/detail/data__rosidl_typesupport_introspection_c.h
[4.117s] -- Up-to-date: /root/bridges/jetson_workspace/install/pars_msgs/lib/libpars_msgs__rosidl_typesupport_introspection_c.so
[4.118s] -- Up-to-date: /root/bridges/jetson_workspace/install/pars_msgs/lib/libpars_msgs__rosidl_typesupport_c.so
[4.118s] -- Up-to-date: /root/bridges/jetson_workspace/install/pars_msgs/include/pars_msgs/pars_msgs
[4.119s] -- Up-to-date: /root/bridges/jetson_workspace/install/pars_msgs/include/pars_msgs/pars_msgs/msg
[4.119s] -- Up-to-date: /root/bridges/jetson_workspace/install/pars_msgs/include/pars_msgs/pars_msgs/msg/detail
[4.120s] -- Up-to-date: /root/bridges/jetson_workspace/install/pars_msgs/include/pars_msgs/pars_msgs/msg/detail/target__type_support.cpp
[4.120s] -- Up-to-date: /root/bridges/jetson_workspace/install/pars_msgs/include/pars_msgs/pars_msgs/msg/detail/data__type_support.cpp
[4.120s] -- Up-to-date: /root/bridges/jetson_workspace/install/pars_msgs/include/pars_msgs/pars_msgs/msg/detail/data__rosidl_typesupport_introspection_cpp.hpp
[4.121s] -- Up-to-date: /root/bridges/jetson_workspace/install/pars_msgs/include/pars_msgs/pars_msgs/msg/detail/target__rosidl_typesupport_introspection_cpp.hpp
[4.121s] -- Up-to-date: /root/bridges/jetson_workspace/install/pars_msgs/lib/libpars_msgs__rosidl_typesupport_introspection_cpp.so
[4.122s] -- Up-to-date: /root/bridges/jetson_workspace/install/pars_msgs/lib/libpars_msgs__rosidl_typesupport_cpp.so
[4.124s] -- Up-to-date: /root/bridges/jetson_workspace/install/pars_msgs/share/pars_msgs/environment/pythonpath.sh
[4.125s] -- Up-to-date: /root/bridges/jetson_workspace/install/pars_msgs/share/pars_msgs/environment/pythonpath.dsv
[4.125s] -- Up-to-date: /root/bridges/jetson_workspace/install/pars_msgs/lib/python3.8/site-packages/pars_msgs-0.0.0-py3.8.egg-info
[4.126s] -- Installing: /root/bridges/jetson_workspace/install/pars_msgs/lib/python3.8/site-packages/pars_msgs-0.0.0-py3.8.egg-info/top_level.txt
[4.126s] -- Installing: /root/bridges/jetson_workspace/install/pars_msgs/lib/python3.8/site-packages/pars_msgs-0.0.0-py3.8.egg-info/PKG-INFO
[4.127s] -- Installing: /root/bridges/jetson_workspace/install/pars_msgs/lib/python3.8/site-packages/pars_msgs-0.0.0-py3.8.egg-info/SOURCES.txt
[4.128s] -- Installing: /root/bridges/jetson_workspace/install/pars_msgs/lib/python3.8/site-packages/pars_msgs-0.0.0-py3.8.egg-info/dependency_links.txt
[4.130s] -- Up-to-date: /root/bridges/jetson_workspace/install/pars_msgs/lib/python3.8/site-packages/pars_msgs
[4.132s] -- Up-to-date: /root/bridges/jetson_workspace/install/pars_msgs/lib/python3.8/site-packages/pars_msgs/msg
[4.133s] -- Up-to-date: /root/bridges/jetson_workspace/install/pars_msgs/lib/python3.8/site-packages/pars_msgs/msg/_data_s.c
[4.133s] -- Up-to-date: /root/bridges/jetson_workspace/install/pars_msgs/lib/python3.8/site-packages/pars_msgs/msg/_target_s.c
[4.134s] -- Up-to-date: /root/bridges/jetson_workspace/install/pars_msgs/lib/python3.8/site-packages/pars_msgs/msg/_target.py
[4.134s] -- Up-to-date: /root/bridges/jetson_workspace/install/pars_msgs/lib/python3.8/site-packages/pars_msgs/msg/__init__.py
[4.135s] -- Up-to-date: /root/bridges/jetson_workspace/install/pars_msgs/lib/python3.8/site-packages/pars_msgs/msg/_data.py
[4.135s] -- Up-to-date: /root/bridges/jetson_workspace/install/pars_msgs/lib/python3.8/site-packages/pars_msgs/pars_msgs_s__rosidl_typesupport_introspection_c.cpython-38-aarch64-linux-gnu.so
[4.135s] -- Up-to-date: /root/bridges/jetson_workspace/install/pars_msgs/lib/python3.8/site-packages/pars_msgs/pars_msgs_s__rosidl_typesupport_c.cpython-38-aarch64-linux-gnu.so
[4.136s] -- Up-to-date: /root/bridges/jetson_workspace/install/pars_msgs/lib/python3.8/site-packages/pars_msgs/pars_msgs_s__rosidl_typesupport_fastrtps_c.cpython-38-aarch64-linux-gnu.so
[4.136s] -- Up-to-date: /root/bridges/jetson_workspace/install/pars_msgs/lib/python3.8/site-packages/pars_msgs/__init__.py
[4.137s] -- Up-to-date: /root/bridges/jetson_workspace/install/pars_msgs/lib/python3.8/site-packages/pars_msgs/_pars_msgs_s.ep.rosidl_typesupport_c.c
[4.137s] -- Up-to-date: /root/bridges/jetson_workspace/install/pars_msgs/lib/python3.8/site-packages/pars_msgs/_pars_msgs_s.ep.rosidl_typesupport_fastrtps_c.c
[4.137s] -- Up-to-date: /root/bridges/jetson_workspace/install/pars_msgs/lib/python3.8/site-packages/pars_msgs/_pars_msgs_s.ep.rosidl_typesupport_introspection_c.c
[4.138s] -- Up-to-date: /root/bridges/jetson_workspace/install/pars_msgs/lib/python3.8/site-packages/pars_msgs/libpars_msgs__rosidl_generator_py.so
[4.311s] Listing '/root/bridges/jetson_workspace/install/pars_msgs/lib/python3.8/site-packages/pars_msgs'...
[4.312s] Listing '/root/bridges/jetson_workspace/install/pars_msgs/lib/python3.8/site-packages/pars_msgs/msg'...
[4.331s] -- Up-to-date: /root/bridges/jetson_workspace/install/pars_msgs/lib/python3.8/site-packages/pars_msgs/pars_msgs_s__rosidl_typesupport_fastrtps_c.cpython-38-aarch64-linux-gnu.so
[4.334s] -- Up-to-date: /root/bridges/jetson_workspace/install/pars_msgs/lib/python3.8/site-packages/pars_msgs/pars_msgs_s__rosidl_typesupport_introspection_c.cpython-38-aarch64-linux-gnu.so
[4.337s] -- Up-to-date: /root/bridges/jetson_workspace/install/pars_msgs/lib/python3.8/site-packages/pars_msgs/pars_msgs_s__rosidl_typesupport_c.cpython-38-aarch64-linux-gnu.so
[4.340s] -- Up-to-date: /root/bridges/jetson_workspace/install/pars_msgs/lib/libpars_msgs__rosidl_generator_py.so
[4.341s] -- Up-to-date: /root/bridges/jetson_workspace/install/pars_msgs/share/pars_msgs/msg/Data.idl
[4.342s] -- Up-to-date: /root/bridges/jetson_workspace/install/pars_msgs/share/pars_msgs/msg/Target.idl
[4.343s] -- Up-to-date: /root/bridges/jetson_workspace/install/pars_msgs/share/pars_msgs/msg/Data.msg
[4.344s] -- Up-to-date: /root/bridges/jetson_workspace/install/pars_msgs/share/pars_msgs/msg/Target.msg
[4.346s] -- Up-to-date: /root/bridges/jetson_workspace/install/pars_msgs/share/ament_index/resource_index/package_run_dependencies/pars_msgs
[4.347s] -- Up-to-date: /root/bridges/jetson_workspace/install/pars_msgs/share/ament_index/resource_index/parent_prefix_path/pars_msgs
[4.348s] -- Up-to-date: /root/bridges/jetson_workspace/install/pars_msgs/share/pars_msgs/environment/ament_prefix_path.sh
[4.348s] -- Up-to-date: /root/bridges/jetson_workspace/install/pars_msgs/share/pars_msgs/environment/ament_prefix_path.dsv
[4.349s] -- Up-to-date: /root/bridges/jetson_workspace/install/pars_msgs/share/pars_msgs/environment/path.sh
[4.351s] -- Up-to-date: /root/bridges/jetson_workspace/install/pars_msgs/share/pars_msgs/environment/path.dsv
[4.351s] -- Up-to-date: /root/bridges/jetson_workspace/install/pars_msgs/share/pars_msgs/local_setup.bash
[4.352s] -- Up-to-date: /root/bridges/jetson_workspace/install/pars_msgs/share/pars_msgs/local_setup.sh
[4.353s] -- Up-to-date: /root/bridges/jetson_workspace/install/pars_msgs/share/pars_msgs/local_setup.zsh
[4.353s] -- Up-to-date: /root/bridges/jetson_workspace/install/pars_msgs/share/pars_msgs/local_setup.dsv
[4.354s] -- Installing: /root/bridges/jetson_workspace/install/pars_msgs/share/pars_msgs/package.dsv
[4.355s] -- Up-to-date: /root/bridges/jetson_workspace/install/pars_msgs/share/ament_index/resource_index/packages/pars_msgs
[4.355s] -- Up-to-date: /root/bridges/jetson_workspace/install/pars_msgs/share/pars_msgs/cmake/export_pars_msgs__rosidl_generator_cExport.cmake
[4.357s] -- Up-to-date: /root/bridges/jetson_workspace/install/pars_msgs/share/pars_msgs/cmake/export_pars_msgs__rosidl_generator_cExport-noconfig.cmake
[4.358s] -- Up-to-date: /root/bridges/jetson_workspace/install/pars_msgs/share/pars_msgs/cmake/export_pars_msgs__rosidl_typesupport_fastrtps_cExport.cmake
[4.358s] -- Up-to-date: /root/bridges/jetson_workspace/install/pars_msgs/share/pars_msgs/cmake/export_pars_msgs__rosidl_typesupport_fastrtps_cExport-noconfig.cmake
[4.359s] -- Up-to-date: /root/bridges/jetson_workspace/install/pars_msgs/share/pars_msgs/cmake/export_pars_msgs__rosidl_generator_cppExport.cmake
[4.359s] -- Up-to-date: /root/bridges/jetson_workspace/install/pars_msgs/share/pars_msgs/cmake/export_pars_msgs__rosidl_typesupport_fastrtps_cppExport.cmake
[4.360s] -- Up-to-date: /root/bridges/jetson_workspace/install/pars_msgs/share/pars_msgs/cmake/export_pars_msgs__rosidl_typesupport_fastrtps_cppExport-noconfig.cmake
[4.360s] -- Up-to-date: /root/bridges/jetson_workspace/install/pars_msgs/share/pars_msgs/cmake/pars_msgs__rosidl_typesupport_introspection_cExport.cmake
[4.361s] -- Up-to-date: /root/bridges/jetson_workspace/install/pars_msgs/share/pars_msgs/cmake/pars_msgs__rosidl_typesupport_introspection_cExport-noconfig.cmake
[4.362s] -- Up-to-date: /root/bridges/jetson_workspace/install/pars_msgs/share/pars_msgs/cmake/pars_msgs__rosidl_typesupport_cExport.cmake
[4.362s] -- Up-to-date: /root/bridges/jetson_workspace/install/pars_msgs/share/pars_msgs/cmake/pars_msgs__rosidl_typesupport_cExport-noconfig.cmake
[4.363s] -- Up-to-date: /root/bridges/jetson_workspace/install/pars_msgs/share/pars_msgs/cmake/pars_msgs__rosidl_typesupport_introspection_cppExport.cmake
[4.364s] -- Up-to-date: /root/bridges/jetson_workspace/install/pars_msgs/share/pars_msgs/cmake/pars_msgs__rosidl_typesupport_introspection_cppExport-noconfig.cmake
[4.366s] -- Up-to-date: /root/bridges/jetson_workspace/install/pars_msgs/share/pars_msgs/cmake/pars_msgs__rosidl_typesupport_cppExport.cmake
[4.367s] -- Up-to-date: /root/bridges/jetson_workspace/install/pars_msgs/share/pars_msgs/cmake/pars_msgs__rosidl_typesupport_cppExport-noconfig.cmake
[4.367s] -- Up-to-date: /root/bridges/jetson_workspace/install/pars_msgs/share/pars_msgs/cmake/export_pars_msgs__rosidl_generator_pyExport.cmake
[4.368s] -- Up-to-date: /root/bridges/jetson_workspace/install/pars_msgs/share/pars_msgs/cmake/export_pars_msgs__rosidl_generator_pyExport-noconfig.cmake
[4.368s] -- Up-to-date: /root/bridges/jetson_workspace/install/pars_msgs/share/pars_msgs/cmake/rosidl_cmake-extras.cmake
[4.369s] -- Up-to-date: /root/bridges/jetson_workspace/install/pars_msgs/share/pars_msgs/cmake/ament_cmake_export_dependencies-extras.cmake
[4.369s] -- Up-to-date: /root/bridges/jetson_workspace/install/pars_msgs/share/pars_msgs/cmake/ament_cmake_export_include_directories-extras.cmake
[4.370s] -- Up-to-date: /root/bridges/jetson_workspace/install/pars_msgs/share/pars_msgs/cmake/ament_cmake_export_libraries-extras.cmake
[4.370s] -- Up-to-date: /root/bridges/jetson_workspace/install/pars_msgs/share/pars_msgs/cmake/ament_cmake_export_targets-extras.cmake
[4.371s] -- Up-to-date: /root/bridges/jetson_workspace/install/pars_msgs/share/pars_msgs/cmake/rosidl_cmake_export_typesupport_targets-extras.cmake
[4.371s] -- Up-to-date: /root/bridges/jetson_workspace/install/pars_msgs/share/pars_msgs/cmake/rosidl_cmake_export_typesupport_libraries-extras.cmake
[4.371s] -- Up-to-date: /root/bridges/jetson_workspace/install/pars_msgs/share/pars_msgs/cmake/pars_msgsConfig.cmake
[4.372s] -- Up-to-date: /root/bridges/jetson_workspace/install/pars_msgs/share/pars_msgs/cmake/pars_msgsConfig-version.cmake
[4.372s] -- Up-to-date: /root/bridges/jetson_workspace/install/pars_msgs/share/pars_msgs/package.xml
[4.392s] Invoked command in '/root/bridges/jetson_workspace/build/pars_msgs' returned '0': PS1=\[\033[1;31m\]\u@\h\[\033[0m\]:\[\033[1;34m\]\w\[\033[0m\]# /usr/local/bin/cmake --install /root/bridges/jetson_workspace/build/pars_msgs
