[14.229s] DEBUG:colcon:Command line arguments: ['/usr/bin/colcon', 'build', '--packages-select', 'pkg_srv']
[14.230s] DEBUG:colcon:Parsed command line arguments: Namespace(ament_cmake_args=None, base_paths=['.'], build_base='build', catkin_cmake_args=None, catkin_skip_building_tests=False, cmake_args=None, cmake_clean_cache=False, cmake_clean_first=False, cmake_force_configure=False, cmake_target=None, cmake_target_skip_unavailable=False, continue_on_error=False, event_handlers=None, executor='parallel', ignore_user_meta=False, install_base='install', log_base=None, log_level=None, main=<bound method BuildVerb.main of <colcon_core.verb.build.BuildVerb object at 0xffff96ce0dc0>>, merge_install=False, metas=['./colcon.meta'], packages_above=None, packages_above_and_dependencies=None, packages_above_depth=None, packages_end=None, packages_ignore=None, packages_ignore_regex=None, packages_select=['pkg_srv'], packages_select_build_failed=False, packages_select_by_dep=None, packages_select_regex=None, packages_select_test_failures=False, packages_skip=None, packages_skip_build_finished=False, packages_skip_by_dep=None, packages_skip_regex=None, packages_skip_test_passed=False, packages_skip_up_to=None, packages_start=None, packages_up_to=None, packages_up_to_regex=None, parallel_workers=4, paths=None, symlink_install=False, test_result_base=None, verb_extension=<colcon_core.verb.build.BuildVerb object at 0xffff96ce0dc0>, verb_name='build', verb_parser=<colcon_defaults.argument_parser.defaults.DefaultArgumentsDecorator object at 0xffff969ccbb0>)
[14.918s] Level 1:colcon.colcon_core.package_discovery:discover_packages(colcon_meta) check parameters
[14.920s] Level 1:colcon.colcon_core.package_discovery:discover_packages(recursive) check parameters
[14.921s] Level 1:colcon.colcon_core.package_discovery:discover_packages(ignore) check parameters
[14.922s] Level 1:colcon.colcon_core.package_discovery:discover_packages(path) check parameters
[14.923s] Level 1:colcon.colcon_core.package_discovery:discover_packages(colcon_meta) discover
[14.924s] Level 1:colcon.colcon_core.package_discovery:discover_packages(recursive) discover
[14.924s] INFO:colcon.colcon_core.package_discovery:Crawling recursively for packages in '/root/bridges/jetson_workspace'
[14.926s] Level 1:colcon.colcon_core.package_identification:_identify(.) by extensions ['ignore', 'ignore_ament_install']
[14.926s] Level 1:colcon.colcon_core.package_identification:_identify(.) by extension 'ignore'
[14.927s] Level 1:colcon.colcon_core.package_identification:_identify(.) by extension 'ignore_ament_install'
[14.927s] Level 1:colcon.colcon_core.package_identification:_identify(.) by extensions ['colcon_pkg']
[14.927s] Level 1:colcon.colcon_core.package_identification:_identify(.) by extension 'colcon_pkg'
[14.928s] Level 1:colcon.colcon_core.package_identification:_identify(.) by extensions ['colcon_meta']
[14.928s] Level 1:colcon.colcon_core.package_identification:_identify(.) by extension 'colcon_meta'
[14.928s] Level 1:colcon.colcon_core.package_identification:_identify(.) by extensions ['ros']
[14.928s] Level 1:colcon.colcon_core.package_identification:_identify(.) by extension 'ros'
[15.009s] Level 1:colcon.colcon_core.package_identification:_identify(.) by extensions ['cmake', 'python']
[15.009s] Level 1:colcon.colcon_core.package_identification:_identify(.) by extension 'cmake'
[15.010s] Level 1:colcon.colcon_core.package_identification:_identify(.) by extension 'python'
[15.010s] Level 1:colcon.colcon_core.package_identification:_identify(.) by extensions ['python_setup_py']
[15.010s] Level 1:colcon.colcon_core.package_identification:_identify(.) by extension 'python_setup_py'
[15.011s] Level 1:colcon.colcon_core.package_identification:_identify(build) by extensions ['ignore', 'ignore_ament_install']
[15.011s] Level 1:colcon.colcon_core.package_identification:_identify(build) by extension 'ignore'
[15.012s] Level 1:colcon.colcon_core.package_identification:_identify(build) ignored
[15.012s] Level 1:colcon.colcon_core.package_identification:_identify(install) by extensions ['ignore', 'ignore_ament_install']
[15.013s] Level 1:colcon.colcon_core.package_identification:_identify(install) by extension 'ignore'
[15.014s] Level 1:colcon.colcon_core.package_identification:_identify(install) ignored
[15.014s] Level 1:colcon.colcon_core.package_identification:_identify(log) by extensions ['ignore', 'ignore_ament_install']
[15.015s] Level 1:colcon.colcon_core.package_identification:_identify(log) by extension 'ignore'
[15.015s] Level 1:colcon.colcon_core.package_identification:_identify(log) ignored
[15.015s] Level 1:colcon.colcon_core.package_identification:_identify(onnxruntime-linux-aarch64-1.16.3) by extensions ['ignore', 'ignore_ament_install']
[15.016s] Level 1:colcon.colcon_core.package_identification:_identify(onnxruntime-linux-aarch64-1.16.3) by extension 'ignore'
[15.016s] Level 1:colcon.colcon_core.package_identification:_identify(onnxruntime-linux-aarch64-1.16.3) by extension 'ignore_ament_install'
[15.016s] Level 1:colcon.colcon_core.package_identification:_identify(onnxruntime-linux-aarch64-1.16.3) by extensions ['colcon_pkg']
[15.017s] Level 1:colcon.colcon_core.package_identification:_identify(onnxruntime-linux-aarch64-1.16.3) by extension 'colcon_pkg'
[15.017s] Level 1:colcon.colcon_core.package_identification:_identify(onnxruntime-linux-aarch64-1.16.3) by extensions ['colcon_meta']
[15.017s] Level 1:colcon.colcon_core.package_identification:_identify(onnxruntime-linux-aarch64-1.16.3) by extension 'colcon_meta'
[15.017s] Level 1:colcon.colcon_core.package_identification:_identify(onnxruntime-linux-aarch64-1.16.3) by extensions ['ros']
[15.017s] Level 1:colcon.colcon_core.package_identification:_identify(onnxruntime-linux-aarch64-1.16.3) by extension 'ros'
[15.018s] Level 1:colcon.colcon_core.package_identification:_identify(onnxruntime-linux-aarch64-1.16.3) by extensions ['cmake', 'python']
[15.018s] Level 1:colcon.colcon_core.package_identification:_identify(onnxruntime-linux-aarch64-1.16.3) by extension 'cmake'
[15.018s] Level 1:colcon.colcon_core.package_identification:_identify(onnxruntime-linux-aarch64-1.16.3) by extension 'python'
[15.018s] Level 1:colcon.colcon_core.package_identification:_identify(onnxruntime-linux-aarch64-1.16.3) by extensions ['python_setup_py']
[15.019s] Level 1:colcon.colcon_core.package_identification:_identify(onnxruntime-linux-aarch64-1.16.3) by extension 'python_setup_py'
[15.019s] Level 1:colcon.colcon_core.package_identification:_identify(onnxruntime-linux-aarch64-1.16.3/include) by extensions ['ignore', 'ignore_ament_install']
[15.020s] Level 1:colcon.colcon_core.package_identification:_identify(onnxruntime-linux-aarch64-1.16.3/include) by extension 'ignore'
[15.020s] Level 1:colcon.colcon_core.package_identification:_identify(onnxruntime-linux-aarch64-1.16.3/include) by extension 'ignore_ament_install'
[15.020s] Level 1:colcon.colcon_core.package_identification:_identify(onnxruntime-linux-aarch64-1.16.3/include) by extensions ['colcon_pkg']
[15.020s] Level 1:colcon.colcon_core.package_identification:_identify(onnxruntime-linux-aarch64-1.16.3/include) by extension 'colcon_pkg'
[15.020s] Level 1:colcon.colcon_core.package_identification:_identify(onnxruntime-linux-aarch64-1.16.3/include) by extensions ['colcon_meta']
[15.021s] Level 1:colcon.colcon_core.package_identification:_identify(onnxruntime-linux-aarch64-1.16.3/include) by extension 'colcon_meta'
[15.021s] Level 1:colcon.colcon_core.package_identification:_identify(onnxruntime-linux-aarch64-1.16.3/include) by extensions ['ros']
[15.021s] Level 1:colcon.colcon_core.package_identification:_identify(onnxruntime-linux-aarch64-1.16.3/include) by extension 'ros'
[15.022s] Level 1:colcon.colcon_core.package_identification:_identify(onnxruntime-linux-aarch64-1.16.3/include) by extensions ['cmake', 'python']
[15.022s] Level 1:colcon.colcon_core.package_identification:_identify(onnxruntime-linux-aarch64-1.16.3/include) by extension 'cmake'
[15.022s] Level 1:colcon.colcon_core.package_identification:_identify(onnxruntime-linux-aarch64-1.16.3/include) by extension 'python'
[15.022s] Level 1:colcon.colcon_core.package_identification:_identify(onnxruntime-linux-aarch64-1.16.3/include) by extensions ['python_setup_py']
[15.023s] Level 1:colcon.colcon_core.package_identification:_identify(onnxruntime-linux-aarch64-1.16.3/include) by extension 'python_setup_py'
[15.023s] Level 1:colcon.colcon_core.package_identification:_identify(onnxruntime-linux-aarch64-1.16.3/lib) by extensions ['ignore', 'ignore_ament_install']
[15.024s] Level 1:colcon.colcon_core.package_identification:_identify(onnxruntime-linux-aarch64-1.16.3/lib) by extension 'ignore'
[15.024s] Level 1:colcon.colcon_core.package_identification:_identify(onnxruntime-linux-aarch64-1.16.3/lib) by extension 'ignore_ament_install'
[15.024s] Level 1:colcon.colcon_core.package_identification:_identify(onnxruntime-linux-aarch64-1.16.3/lib) by extensions ['colcon_pkg']
[15.024s] Level 1:colcon.colcon_core.package_identification:_identify(onnxruntime-linux-aarch64-1.16.3/lib) by extension 'colcon_pkg'
[15.025s] Level 1:colcon.colcon_core.package_identification:_identify(onnxruntime-linux-aarch64-1.16.3/lib) by extensions ['colcon_meta']
[15.025s] Level 1:colcon.colcon_core.package_identification:_identify(onnxruntime-linux-aarch64-1.16.3/lib) by extension 'colcon_meta'
[15.025s] Level 1:colcon.colcon_core.package_identification:_identify(onnxruntime-linux-aarch64-1.16.3/lib) by extensions ['ros']
[15.025s] Level 1:colcon.colcon_core.package_identification:_identify(onnxruntime-linux-aarch64-1.16.3/lib) by extension 'ros'
[15.026s] Level 1:colcon.colcon_core.package_identification:_identify(onnxruntime-linux-aarch64-1.16.3/lib) by extensions ['cmake', 'python']
[15.026s] Level 1:colcon.colcon_core.package_identification:_identify(onnxruntime-linux-aarch64-1.16.3/lib) by extension 'cmake'
[15.026s] Level 1:colcon.colcon_core.package_identification:_identify(onnxruntime-linux-aarch64-1.16.3/lib) by extension 'python'
[15.026s] Level 1:colcon.colcon_core.package_identification:_identify(onnxruntime-linux-aarch64-1.16.3/lib) by extensions ['python_setup_py']
[15.026s] Level 1:colcon.colcon_core.package_identification:_identify(onnxruntime-linux-aarch64-1.16.3/lib) by extension 'python_setup_py'
[15.027s] Level 1:colcon.colcon_core.package_identification:_identify(src) by extensions ['ignore', 'ignore_ament_install']
[15.027s] Level 1:colcon.colcon_core.package_identification:_identify(src) by extension 'ignore'
[15.028s] Level 1:colcon.colcon_core.package_identification:_identify(src) by extension 'ignore_ament_install'
[15.028s] Level 1:colcon.colcon_core.package_identification:_identify(src) by extensions ['colcon_pkg']
[15.028s] Level 1:colcon.colcon_core.package_identification:_identify(src) by extension 'colcon_pkg'
[15.028s] Level 1:colcon.colcon_core.package_identification:_identify(src) by extensions ['colcon_meta']
[15.028s] Level 1:colcon.colcon_core.package_identification:_identify(src) by extension 'colcon_meta'
[15.029s] Level 1:colcon.colcon_core.package_identification:_identify(src) by extensions ['ros']
[15.029s] Level 1:colcon.colcon_core.package_identification:_identify(src) by extension 'ros'
[15.029s] Level 1:colcon.colcon_core.package_identification:_identify(src) by extensions ['cmake', 'python']
[15.029s] Level 1:colcon.colcon_core.package_identification:_identify(src) by extension 'cmake'
[15.030s] Level 1:colcon.colcon_core.package_identification:_identify(src) by extension 'python'
[15.030s] Level 1:colcon.colcon_core.package_identification:_identify(src) by extensions ['python_setup_py']
[15.030s] Level 1:colcon.colcon_core.package_identification:_identify(src) by extension 'python_setup_py'
[15.030s] Level 1:colcon.colcon_core.package_identification:_identify(src/atmaca_vision) by extensions ['ignore', 'ignore_ament_install']
[15.031s] Level 1:colcon.colcon_core.package_identification:_identify(src/atmaca_vision) by extension 'ignore'
[15.031s] Level 1:colcon.colcon_core.package_identification:_identify(src/atmaca_vision) by extension 'ignore_ament_install'
[15.031s] Level 1:colcon.colcon_core.package_identification:_identify(src/atmaca_vision) by extensions ['colcon_pkg']
[15.032s] Level 1:colcon.colcon_core.package_identification:_identify(src/atmaca_vision) by extension 'colcon_pkg'
[15.032s] Level 1:colcon.colcon_core.package_identification:_identify(src/atmaca_vision) by extensions ['colcon_meta']
[15.032s] Level 1:colcon.colcon_core.package_identification:_identify(src/atmaca_vision) by extension 'colcon_meta'
[15.032s] Level 1:colcon.colcon_core.package_identification:_identify(src/atmaca_vision) by extensions ['ros']
[15.032s] Level 1:colcon.colcon_core.package_identification:_identify(src/atmaca_vision) by extension 'ros'
[15.047s] DEBUG:colcon.colcon_core.package_identification:Package 'src/atmaca_vision' with type 'ros.ament_cmake' and name 'atmaca_vision'
[15.047s] Level 1:colcon.colcon_core.package_identification:_identify(src/pars_msgs) by extensions ['ignore', 'ignore_ament_install']
[15.048s] Level 1:colcon.colcon_core.package_identification:_identify(src/pars_msgs) by extension 'ignore'
[15.048s] Level 1:colcon.colcon_core.package_identification:_identify(src/pars_msgs) by extension 'ignore_ament_install'
[15.048s] Level 1:colcon.colcon_core.package_identification:_identify(src/pars_msgs) by extensions ['colcon_pkg']
[15.048s] Level 1:colcon.colcon_core.package_identification:_identify(src/pars_msgs) by extension 'colcon_pkg'
[15.049s] Level 1:colcon.colcon_core.package_identification:_identify(src/pars_msgs) by extensions ['colcon_meta']
[15.049s] Level 1:colcon.colcon_core.package_identification:_identify(src/pars_msgs) by extension 'colcon_meta'
[15.049s] Level 1:colcon.colcon_core.package_identification:_identify(src/pars_msgs) by extensions ['ros']
[15.049s] Level 1:colcon.colcon_core.package_identification:_identify(src/pars_msgs) by extension 'ros'
[15.054s] DEBUG:colcon.colcon_core.package_identification:Package 'src/pars_msgs' with type 'ros.ament_cmake' and name 'pars_msgs'
[15.054s] Level 1:colcon.colcon_core.package_identification:_identify(src/pkg_srv) by extensions ['ignore', 'ignore_ament_install']
[15.055s] Level 1:colcon.colcon_core.package_identification:_identify(src/pkg_srv) by extension 'ignore'
[15.055s] Level 1:colcon.colcon_core.package_identification:_identify(src/pkg_srv) by extension 'ignore_ament_install'
[15.055s] Level 1:colcon.colcon_core.package_identification:_identify(src/pkg_srv) by extensions ['colcon_pkg']
[15.055s] Level 1:colcon.colcon_core.package_identification:_identify(src/pkg_srv) by extension 'colcon_pkg'
[15.056s] Level 1:colcon.colcon_core.package_identification:_identify(src/pkg_srv) by extensions ['colcon_meta']
[15.056s] Level 1:colcon.colcon_core.package_identification:_identify(src/pkg_srv) by extension 'colcon_meta'
[15.056s] Level 1:colcon.colcon_core.package_identification:_identify(src/pkg_srv) by extensions ['ros']
[15.056s] Level 1:colcon.colcon_core.package_identification:_identify(src/pkg_srv) by extension 'ros'
[15.060s] DEBUG:colcon.colcon_core.package_identification:Package 'src/pkg_srv' with type 'ros.ament_cmake' and name 'pkg_srv'
[15.060s] Level 1:colcon.colcon_core.package_identification:_identify(src/px4_msgs) by extensions ['ignore', 'ignore_ament_install']
[15.061s] Level 1:colcon.colcon_core.package_identification:_identify(src/px4_msgs) by extension 'ignore'
[15.061s] Level 1:colcon.colcon_core.package_identification:_identify(src/px4_msgs) by extension 'ignore_ament_install'
[15.061s] Level 1:colcon.colcon_core.package_identification:_identify(src/px4_msgs) by extensions ['colcon_pkg']
[15.061s] Level 1:colcon.colcon_core.package_identification:_identify(src/px4_msgs) by extension 'colcon_pkg'
[15.062s] Level 1:colcon.colcon_core.package_identification:_identify(src/px4_msgs) by extensions ['colcon_meta']
[15.062s] Level 1:colcon.colcon_core.package_identification:_identify(src/px4_msgs) by extension 'colcon_meta'
[15.062s] Level 1:colcon.colcon_core.package_identification:_identify(src/px4_msgs) by extensions ['ros']
[15.062s] Level 1:colcon.colcon_core.package_identification:_identify(src/px4_msgs) by extension 'ros'
[15.066s] DEBUG:colcon.colcon_core.package_identification:Package 'src/px4_msgs' with type 'ros.ament_cmake' and name 'px4_msgs'
[15.067s] Level 1:colcon.colcon_core.package_identification:_identify(src/px4_ros_com) by extensions ['ignore', 'ignore_ament_install']
[15.067s] Level 1:colcon.colcon_core.package_identification:_identify(src/px4_ros_com) by extension 'ignore'
[15.067s] Level 1:colcon.colcon_core.package_identification:_identify(src/px4_ros_com) by extension 'ignore_ament_install'
[15.067s] Level 1:colcon.colcon_core.package_identification:_identify(src/px4_ros_com) by extensions ['colcon_pkg']
[15.068s] Level 1:colcon.colcon_core.package_identification:_identify(src/px4_ros_com) by extension 'colcon_pkg'
[15.068s] Level 1:colcon.colcon_core.package_identification:_identify(src/px4_ros_com) by extensions ['colcon_meta']
[15.068s] Level 1:colcon.colcon_core.package_identification:_identify(src/px4_ros_com) by extension 'colcon_meta'
[15.068s] Level 1:colcon.colcon_core.package_identification:_identify(src/px4_ros_com) by extensions ['ros']
[15.068s] Level 1:colcon.colcon_core.package_identification:_identify(src/px4_ros_com) by extension 'ros'
[15.074s] DEBUG:colcon.colcon_core.package_identification:Package 'src/px4_ros_com' with type 'ros.ament_cmake' and name 'px4_ros_com'
[15.075s] Level 1:colcon.colcon_core.package_identification:_identify(src/qr_detector) by extensions ['ignore', 'ignore_ament_install']
[15.075s] Level 1:colcon.colcon_core.package_identification:_identify(src/qr_detector) by extension 'ignore'
[15.076s] Level 1:colcon.colcon_core.package_identification:_identify(src/qr_detector) by extension 'ignore_ament_install'
[15.076s] Level 1:colcon.colcon_core.package_identification:_identify(src/qr_detector) by extensions ['colcon_pkg']
[15.076s] Level 1:colcon.colcon_core.package_identification:_identify(src/qr_detector) by extension 'colcon_pkg'
[15.076s] Level 1:colcon.colcon_core.package_identification:_identify(src/qr_detector) by extensions ['colcon_meta']
[15.076s] Level 1:colcon.colcon_core.package_identification:_identify(src/qr_detector) by extension 'colcon_meta'
[15.077s] Level 1:colcon.colcon_core.package_identification:_identify(src/qr_detector) by extensions ['ros']
[15.077s] Level 1:colcon.colcon_core.package_identification:_identify(src/qr_detector) by extension 'ros'
[15.082s] DEBUG:colcon.colcon_core.package_identification:Package 'src/qr_detector' with type 'ros.ament_cmake' and name 'qr_detector'
[15.083s] Level 1:colcon.colcon_core.package_identification:_identify(src/siha_camera_pkg) by extensions ['ignore', 'ignore_ament_install']
[15.083s] Level 1:colcon.colcon_core.package_identification:_identify(src/siha_camera_pkg) by extension 'ignore'
[15.083s] Level 1:colcon.colcon_core.package_identification:_identify(src/siha_camera_pkg) by extension 'ignore_ament_install'
[15.084s] Level 1:colcon.colcon_core.package_identification:_identify(src/siha_camera_pkg) by extensions ['colcon_pkg']
[15.084s] Level 1:colcon.colcon_core.package_identification:_identify(src/siha_camera_pkg) by extension 'colcon_pkg'
[15.084s] Level 1:colcon.colcon_core.package_identification:_identify(src/siha_camera_pkg) by extensions ['colcon_meta']
[15.085s] Level 1:colcon.colcon_core.package_identification:_identify(src/siha_camera_pkg) by extension 'colcon_meta'
[15.085s] Level 1:colcon.colcon_core.package_identification:_identify(src/siha_camera_pkg) by extensions ['ros']
[15.085s] Level 1:colcon.colcon_core.package_identification:_identify(src/siha_camera_pkg) by extension 'ros'
[15.090s] DEBUG:colcon.colcon_core.package_identification:Package 'src/siha_camera_pkg' with type 'ros.ament_cmake' and name 'siha_camera_pkg'
[15.091s] Level 1:colcon.colcon_core.package_discovery:discover_packages(recursive) using defaults
[15.091s] Level 1:colcon.colcon_core.package_discovery:discover_packages(ignore) discover
[15.091s] Level 1:colcon.colcon_core.package_discovery:discover_packages(ignore) using defaults
[15.091s] Level 1:colcon.colcon_core.package_discovery:discover_packages(path) discover
[15.092s] Level 1:colcon.colcon_core.package_discovery:discover_packages(path) using defaults
[15.427s] INFO:colcon.colcon_core.package_selection:Skipping not selected package 'pars_msgs' in 'src/pars_msgs'
[15.427s] INFO:colcon.colcon_core.package_selection:Skipping not selected package 'px4_msgs' in 'src/px4_msgs'
[15.427s] INFO:colcon.colcon_core.package_selection:Skipping not selected package 'atmaca_vision' in 'src/atmaca_vision'
[15.428s] INFO:colcon.colcon_core.package_selection:Skipping not selected package 'px4_ros_com' in 'src/px4_ros_com'
[15.428s] INFO:colcon.colcon_core.package_selection:Skipping not selected package 'qr_detector' in 'src/qr_detector'
[15.428s] INFO:colcon.colcon_core.package_selection:Skipping not selected package 'siha_camera_pkg' in 'src/siha_camera_pkg'
[15.503s] Level 5:colcon.colcon_core.verb:set package 'pkg_srv' build argument 'cmake_args' from command line to 'None'
[15.503s] Level 5:colcon.colcon_core.verb:set package 'pkg_srv' build argument 'cmake_target' from command line to 'None'
[15.503s] Level 5:colcon.colcon_core.verb:set package 'pkg_srv' build argument 'cmake_target_skip_unavailable' from command line to 'False'
[15.503s] Level 5:colcon.colcon_core.verb:set package 'pkg_srv' build argument 'cmake_clean_cache' from command line to 'False'
[15.504s] Level 5:colcon.colcon_core.verb:set package 'pkg_srv' build argument 'cmake_clean_first' from command line to 'False'
[15.504s] Level 5:colcon.colcon_core.verb:set package 'pkg_srv' build argument 'cmake_force_configure' from command line to 'False'
[15.504s] Level 5:colcon.colcon_core.verb:set package 'pkg_srv' build argument 'ament_cmake_args' from command line to 'None'
[15.504s] Level 5:colcon.colcon_core.verb:set package 'pkg_srv' build argument 'catkin_cmake_args' from command line to 'None'
[15.504s] Level 5:colcon.colcon_core.verb:set package 'pkg_srv' build argument 'catkin_skip_building_tests' from command line to 'False'
[15.505s] DEBUG:colcon.colcon_core.verb:Building package 'pkg_srv' with the following arguments: {'ament_cmake_args': None, 'build_base': '/root/bridges/jetson_workspace/build/pkg_srv', 'catkin_cmake_args': None, 'catkin_skip_building_tests': False, 'cmake_args': None, 'cmake_clean_cache': False, 'cmake_clean_first': False, 'cmake_force_configure': False, 'cmake_target': None, 'cmake_target_skip_unavailable': False, 'install_base': '/root/bridges/jetson_workspace/install/pkg_srv', 'merge_install': False, 'path': '/root/bridges/jetson_workspace/src/pkg_srv', 'symlink_install': False, 'test_result_base': None}
[15.578s] INFO:colcon.colcon_core.executor:Executing jobs using 'parallel' executor
[15.661s] DEBUG:colcon.colcon_parallel_executor.executor.parallel:run_until_complete
[15.663s] INFO:colcon.colcon_ros.task.ament_cmake.build:Building ROS package in '/root/bridges/jetson_workspace/src/pkg_srv' with build type 'ament_cmake'
[15.664s] INFO:colcon.colcon_cmake.task.cmake.build:Building CMake package in '/root/bridges/jetson_workspace/src/pkg_srv'
[15.967s] INFO:colcon.colcon_core.plugin_system:Skipping extension 'colcon_core.shell.bat': Not used on non-Windows systems
[15.969s] INFO:colcon.colcon_core.shell:Skip shell extension 'powershell' for command environment: Not usable outside of PowerShell
[15.970s] DEBUG:colcon.colcon_core.shell:Skip shell extension 'dsv' for command environment
[16.357s] DEBUG:colcon.colcon_core.event_handler.log_command:Invoking command in '/root/bridges/jetson_workspace/build/pkg_srv': PS1=\[\033[1;31m\]\u@\h\[\033[0m\]:\[\033[1;34m\]\w\[\033[0m\]# /usr/local/bin/cmake --build /root/bridges/jetson_workspace/build/pkg_srv -- -j4 -l4
[73.341s] DEBUG:colcon.colcon_core.event_handler.log_command:Invoked command in '/root/bridges/jetson_workspace/build/pkg_srv' returned '0': PS1=\[\033[1;31m\]\u@\h\[\033[0m\]:\[\033[1;34m\]\w\[\033[0m\]# /usr/local/bin/cmake --build /root/bridges/jetson_workspace/build/pkg_srv -- -j4 -l4
[74.293s] DEBUG:colcon.colcon_core.event_handler.log_command:Invoking command in '/root/bridges/jetson_workspace/build/pkg_srv': PS1=\[\033[1;31m\]\u@\h\[\033[0m\]:\[\033[1;34m\]\w\[\033[0m\]# /usr/local/bin/cmake --install /root/bridges/jetson_workspace/build/pkg_srv
[74.944s] Level 1:colcon.colcon_core.environment:create_environment_scripts_only(pkg_srv)
[74.949s] DEBUG:colcon.colcon_core.event_handler.log_command:Invoked command in '/root/bridges/jetson_workspace/build/pkg_srv' returned '0': PS1=\[\033[1;31m\]\u@\h\[\033[0m\]:\[\033[1;34m\]\w\[\033[0m\]# /usr/local/bin/cmake --install /root/bridges/jetson_workspace/build/pkg_srv
[75.059s] Level 1:colcon.colcon_core.environment:checking '/root/bridges/jetson_workspace/install/pkg_srv' for CMake module files
[75.064s] Level 1:colcon.colcon_core.environment:checking '/root/bridges/jetson_workspace/install/pkg_srv' for CMake config files
[75.068s] Level 1:colcon.colcon_core.shell:create_environment_hook('pkg_srv', 'cmake_prefix_path')
[75.150s] INFO:colcon.colcon_core.shell:Creating environment hook '/root/bridges/jetson_workspace/install/pkg_srv/share/pkg_srv/hook/cmake_prefix_path.ps1'
[75.156s] INFO:colcon.colcon_core.shell:Creating environment descriptor '/root/bridges/jetson_workspace/install/pkg_srv/share/pkg_srv/hook/cmake_prefix_path.dsv'
[75.158s] INFO:colcon.colcon_core.shell:Creating environment hook '/root/bridges/jetson_workspace/install/pkg_srv/share/pkg_srv/hook/cmake_prefix_path.sh'
[75.163s] Level 1:colcon.colcon_core.environment:checking '/root/bridges/jetson_workspace/install/pkg_srv/lib'
[75.164s] Level 1:colcon.colcon_core.shell:create_environment_hook('pkg_srv', 'ld_library_path_lib')
[75.242s] INFO:colcon.colcon_core.shell:Creating environment hook '/root/bridges/jetson_workspace/install/pkg_srv/share/pkg_srv/hook/ld_library_path_lib.ps1'
[75.244s] INFO:colcon.colcon_core.shell:Creating environment descriptor '/root/bridges/jetson_workspace/install/pkg_srv/share/pkg_srv/hook/ld_library_path_lib.dsv'
[75.247s] INFO:colcon.colcon_core.shell:Creating environment hook '/root/bridges/jetson_workspace/install/pkg_srv/share/pkg_srv/hook/ld_library_path_lib.sh'
[75.249s] Level 1:colcon.colcon_core.environment:checking '/root/bridges/jetson_workspace/install/pkg_srv/bin'
[75.250s] Level 1:colcon.colcon_core.environment:checking '/root/bridges/jetson_workspace/install/pkg_srv/lib/pkgconfig/pkg_srv.pc'
[75.255s] Level 1:colcon.colcon_core.environment:checking '/root/bridges/jetson_workspace/install/pkg_srv/lib/python3.8/site-packages'
[75.255s] Level 1:colcon.colcon_core.shell:create_environment_hook('pkg_srv', 'pythonpath')
[75.332s] INFO:colcon.colcon_core.shell:Creating environment hook '/root/bridges/jetson_workspace/install/pkg_srv/share/pkg_srv/hook/pythonpath.ps1'
[75.334s] INFO:colcon.colcon_core.shell:Creating environment descriptor '/root/bridges/jetson_workspace/install/pkg_srv/share/pkg_srv/hook/pythonpath.dsv'
[75.336s] INFO:colcon.colcon_core.shell:Creating environment hook '/root/bridges/jetson_workspace/install/pkg_srv/share/pkg_srv/hook/pythonpath.sh'
[75.338s] Level 1:colcon.colcon_core.environment:checking '/root/bridges/jetson_workspace/install/pkg_srv/bin'
[75.416s] INFO:colcon.colcon_core.shell:Creating package script '/root/bridges/jetson_workspace/install/pkg_srv/share/pkg_srv/package.ps1'
[75.421s] INFO:colcon.colcon_core.shell:Creating package descriptor '/root/bridges/jetson_workspace/install/pkg_srv/share/pkg_srv/package.dsv'
[75.424s] INFO:colcon.colcon_core.shell:Creating package script '/root/bridges/jetson_workspace/install/pkg_srv/share/pkg_srv/package.sh'
[75.428s] INFO:colcon.colcon_core.shell:Creating package script '/root/bridges/jetson_workspace/install/pkg_srv/share/pkg_srv/package.bash'
[75.431s] INFO:colcon.colcon_core.shell:Creating package script '/root/bridges/jetson_workspace/install/pkg_srv/share/pkg_srv/package.zsh'
[75.434s] Level 1:colcon.colcon_core.environment:create_file_with_runtime_dependencies(/root/bridges/jetson_workspace/install/pkg_srv/share/colcon-core/packages/pkg_srv)
[76.252s] Level 1:colcon.colcon_core.environment:create_environment_scripts_only(pkg_srv)
[76.335s] Level 1:colcon.colcon_core.environment:checking '/root/bridges/jetson_workspace/install/pkg_srv' for CMake module files
[76.342s] Level 1:colcon.colcon_core.environment:checking '/root/bridges/jetson_workspace/install/pkg_srv' for CMake config files
[76.346s] Level 1:colcon.colcon_core.shell:create_environment_hook('pkg_srv', 'cmake_prefix_path')
[76.427s] INFO:colcon.colcon_core.shell:Creating environment hook '/root/bridges/jetson_workspace/install/pkg_srv/share/pkg_srv/hook/cmake_prefix_path.ps1'
[76.434s] INFO:colcon.colcon_core.shell:Creating environment descriptor '/root/bridges/jetson_workspace/install/pkg_srv/share/pkg_srv/hook/cmake_prefix_path.dsv'
[76.437s] INFO:colcon.colcon_core.shell:Creating environment hook '/root/bridges/jetson_workspace/install/pkg_srv/share/pkg_srv/hook/cmake_prefix_path.sh'
[76.442s] Level 1:colcon.colcon_core.environment:checking '/root/bridges/jetson_workspace/install/pkg_srv/lib'
[76.442s] Level 1:colcon.colcon_core.shell:create_environment_hook('pkg_srv', 'ld_library_path_lib')
[76.520s] INFO:colcon.colcon_core.shell:Creating environment hook '/root/bridges/jetson_workspace/install/pkg_srv/share/pkg_srv/hook/ld_library_path_lib.ps1'
[76.522s] INFO:colcon.colcon_core.shell:Creating environment descriptor '/root/bridges/jetson_workspace/install/pkg_srv/share/pkg_srv/hook/ld_library_path_lib.dsv'
[76.524s] INFO:colcon.colcon_core.shell:Creating environment hook '/root/bridges/jetson_workspace/install/pkg_srv/share/pkg_srv/hook/ld_library_path_lib.sh'
[76.526s] Level 1:colcon.colcon_core.environment:checking '/root/bridges/jetson_workspace/install/pkg_srv/bin'
[76.527s] Level 1:colcon.colcon_core.environment:checking '/root/bridges/jetson_workspace/install/pkg_srv/lib/pkgconfig/pkg_srv.pc'
[76.528s] Level 1:colcon.colcon_core.environment:checking '/root/bridges/jetson_workspace/install/pkg_srv/lib/python3.8/site-packages'
[76.528s] Level 1:colcon.colcon_core.shell:create_environment_hook('pkg_srv', 'pythonpath')
[76.606s] INFO:colcon.colcon_core.shell:Creating environment hook '/root/bridges/jetson_workspace/install/pkg_srv/share/pkg_srv/hook/pythonpath.ps1'
[76.608s] INFO:colcon.colcon_core.shell:Creating environment descriptor '/root/bridges/jetson_workspace/install/pkg_srv/share/pkg_srv/hook/pythonpath.dsv'
[76.610s] INFO:colcon.colcon_core.shell:Creating environment hook '/root/bridges/jetson_workspace/install/pkg_srv/share/pkg_srv/hook/pythonpath.sh'
[76.612s] Level 1:colcon.colcon_core.environment:checking '/root/bridges/jetson_workspace/install/pkg_srv/bin'
[76.698s] INFO:colcon.colcon_core.shell:Creating package script '/root/bridges/jetson_workspace/install/pkg_srv/share/pkg_srv/package.ps1'
[76.702s] INFO:colcon.colcon_core.shell:Creating package descriptor '/root/bridges/jetson_workspace/install/pkg_srv/share/pkg_srv/package.dsv'
[76.706s] INFO:colcon.colcon_core.shell:Creating package script '/root/bridges/jetson_workspace/install/pkg_srv/share/pkg_srv/package.sh'
[76.709s] INFO:colcon.colcon_core.shell:Creating package script '/root/bridges/jetson_workspace/install/pkg_srv/share/pkg_srv/package.bash'
[76.711s] INFO:colcon.colcon_core.shell:Creating package script '/root/bridges/jetson_workspace/install/pkg_srv/share/pkg_srv/package.zsh'
[76.714s] Level 1:colcon.colcon_core.environment:create_file_with_runtime_dependencies(/root/bridges/jetson_workspace/install/pkg_srv/share/colcon-core/packages/pkg_srv)
[76.721s] DEBUG:colcon.colcon_parallel_executor.executor.parallel:closing loop
[76.722s] DEBUG:colcon.colcon_parallel_executor.executor.parallel:loop closed
[76.723s] DEBUG:colcon.colcon_parallel_executor.executor.parallel:run_until_complete finished with '0'
[76.725s] DEBUG:colcon.colcon_core.event_reactor:joining thread
[77.018s] INFO:colcon.colcon_core.plugin_system:Skipping extension 'colcon_notification.desktop_notification.notify_send': Could not find 'notify-send'
[77.020s] INFO:colcon.colcon_core.plugin_system:Skipping extension 'colcon_notification.desktop_notification.terminal_notifier': Not used on non-Darwin systems
[77.022s] INFO:colcon.colcon_core.plugin_system:Skipping extension 'colcon_notification.desktop_notification.win32': Not used on non-Windows systems
[77.023s] INFO:colcon.colcon_notification.desktop_notification:Sending desktop notification using 'notify2'
[77.024s] DEBUG:colcon.colcon_notification.desktop_notification.notify2:Failed to initialize notify2: org.freedesktop.DBus.Error.NotSupported: Unable to autolaunch a dbus-daemon without a $DISPLAY for X11
[77.024s] DEBUG:colcon.colcon_core.event_reactor:joined thread
[77.107s] INFO:colcon.colcon_core.shell:Creating prefix script '/root/bridges/jetson_workspace/install/local_setup.ps1'
[77.116s] INFO:colcon.colcon_core.shell:Creating prefix util module '/root/bridges/jetson_workspace/install/_local_setup_util_ps1.py'
[77.122s] INFO:colcon.colcon_core.shell:Creating prefix chain script '/root/bridges/jetson_workspace/install/setup.ps1'
[77.220s] INFO:colcon.colcon_core.shell:Creating prefix script '/root/bridges/jetson_workspace/install/local_setup.sh'
[77.223s] INFO:colcon.colcon_core.shell:Creating prefix util module '/root/bridges/jetson_workspace/install/_local_setup_util_sh.py'
[77.226s] INFO:colcon.colcon_core.shell:Creating prefix chain script '/root/bridges/jetson_workspace/install/setup.sh'
[77.306s] INFO:colcon.colcon_core.shell:Creating prefix script '/root/bridges/jetson_workspace/install/local_setup.bash'
[77.308s] INFO:colcon.colcon_core.shell:Creating prefix chain script '/root/bridges/jetson_workspace/install/setup.bash'
[77.387s] INFO:colcon.colcon_core.shell:Creating prefix script '/root/bridges/jetson_workspace/install/local_setup.zsh'
[77.390s] INFO:colcon.colcon_core.shell:Creating prefix chain script '/root/bridges/jetson_workspace/install/setup.zsh'
