[0.329s] Invoking command in '/root/bridges/jetson_workspace/build/atmaca_vision': CMAKE_PREFIX_PATH=/root/bridges/jetson_workspace/install/pars_msgs:/root/bridges/jetson_workspace/install/atmaca_vision:/opt/ros/humble/install LD_LIBRARY_PATH=/root/bridges/jetson_workspace/install/pars_msgs/lib:/opt/ros/humble/install/opt/rviz_ogre_vendor/lib:/opt/ros/humble/install/lib:/usr/local/cuda/lib64:/root/bridges/jetson_workspace/onnxruntime-linux-aarch64-1.16.3/lib PS1=\[\033[1;31m\]\u@\h\[\033[0m\]:\[\033[1;34m\]\w\[\033[0m\]# /usr/local/bin/cmake --build /root/bridges/jetson_workspace/build/atmaca_vision -- -j4 -l4
[0.642s] [ 50%] Built target camera_publisher_node
[0.643s] [ 66%] Built target qr_detector_node
[0.652s] [ 83%] [32mBuilding CXX object CMakeFiles/target_detection_node.dir/src/target_detection_node.cpp.o[0m
[14.069s] In file included from [01m[K/root/bridges/jetson_workspace/onnxruntime-linux-aarch64-1.16.3/include/onnxruntime_cxx_api.h:26[m[K,
[14.069s]                  from [01m[K/root/bridges/jetson_workspace/src/atmaca_vision/src/target_detection_node.hpp:10[m[K,
[14.070s]                  from [01m[K/root/bridges/jetson_workspace/src/atmaca_vision/src/target_detection_node.cpp:1[m[K:
[14.070s] [01m[K/root/bridges/jetson_workspace/onnxruntime-linux-aarch64-1.16.3/include/onnxruntime_c_api.h:276:23:[m[K [01;35m[Kwarning: [m[Kextra ‘[01m[K;[m[K’ [[01;35m[K-Wpedantic[m[K]
[14.070s]   276 | ORT_RUNTIME_CLASS(Env)[01;35m[K;[m[K
[14.070s]       |                       [01;35m[K^[m[K
[14.071s] [01m[K/root/bridges/jetson_workspace/onnxruntime-linux-aarch64-1.16.3/include/onnxruntime_c_api.h:277:26:[m[K [01;35m[Kwarning: [m[Kextra ‘[01m[K;[m[K’ [[01;35m[K-Wpedantic[m[K]
[14.071s]   277 | ORT_RUNTIME_CLASS(Status)[01;35m[K;[m[K  // nullptr for Status* indicates success
[14.071s]       |                          [01;35m[K^[m[K
[14.072s] [01m[K/root/bridges/jetson_workspace/onnxruntime-linux-aarch64-1.16.3/include/onnxruntime_c_api.h:278:30:[m[K [01;35m[Kwarning: [m[Kextra ‘[01m[K;[m[K’ [[01;35m[K-Wpedantic[m[K]
[14.072s]   278 | ORT_RUNTIME_CLASS(MemoryInfo)[01;35m[K;[m[K
[14.072s]       |                              [01;35m[K^[m[K
[14.072s] [01m[K/root/bridges/jetson_workspace/onnxruntime-linux-aarch64-1.16.3/include/onnxruntime_c_api.h:279:29:[m[K [01;35m[Kwarning: [m[Kextra ‘[01m[K;[m[K’ [[01;35m[K-Wpedantic[m[K]
[14.073s]   279 | ORT_RUNTIME_CLASS(IoBinding)[01;35m[K;[m[K
[14.073s]       |                             [01;35m[K^[m[K
[14.073s] [01m[K/root/bridges/jetson_workspace/onnxruntime-linux-aarch64-1.16.3/include/onnxruntime_c_api.h:280:27:[m[K [01;35m[Kwarning: [m[Kextra ‘[01m[K;[m[K’ [[01;35m[K-Wpedantic[m[K]
[14.074s]   280 | ORT_RUNTIME_CLASS(Session)[01;35m[K;[m[K  // Don't call ReleaseSession from Dllmain (because session owns a thread pool)
[14.074s]       |                           [01;35m[K^[m[K
[14.075s] [01m[K/root/bridges/jetson_workspace/onnxruntime-linux-aarch64-1.16.3/include/onnxruntime_c_api.h:281:25:[m[K [01;35m[Kwarning: [m[Kextra ‘[01m[K;[m[K’ [[01;35m[K-Wpedantic[m[K]
[14.076s]   281 | ORT_RUNTIME_CLASS(Value)[01;35m[K;[m[K
[14.076s]       |                         [01;35m[K^[m[K
[14.076s] [01m[K/root/bridges/jetson_workspace/onnxruntime-linux-aarch64-1.16.3/include/onnxruntime_c_api.h:282:30:[m[K [01;35m[Kwarning: [m[Kextra ‘[01m[K;[m[K’ [[01;35m[K-Wpedantic[m[K]
[14.077s]   282 | ORT_RUNTIME_CLASS(RunOptions)[01;35m[K;[m[K
[14.077s]       |                              [01;35m[K^[m[K
[14.077s] [01m[K/root/bridges/jetson_workspace/onnxruntime-linux-aarch64-1.16.3/include/onnxruntime_c_api.h:283:28:[m[K [01;35m[Kwarning: [m[Kextra ‘[01m[K;[m[K’ [[01;35m[K-Wpedantic[m[K]
[14.077s]   283 | ORT_RUNTIME_CLASS(TypeInfo)[01;35m[K;[m[K
[14.078s]       |                            [01;35m[K^[m[K
[14.078s] [01m[K/root/bridges/jetson_workspace/onnxruntime-linux-aarch64-1.16.3/include/onnxruntime_c_api.h:284:42:[m[K [01;35m[Kwarning: [m[Kextra ‘[01m[K;[m[K’ [[01;35m[K-Wpedantic[m[K]
[14.078s]   284 | ORT_RUNTIME_CLASS(TensorTypeAndShapeInfo)[01;35m[K;[m[K
[14.078s]       |                                          [01;35m[K^[m[K
[14.079s] [01m[K/root/bridges/jetson_workspace/onnxruntime-linux-aarch64-1.16.3/include/onnxruntime_c_api.h:285:31:[m[K [01;35m[Kwarning: [m[Kextra ‘[01m[K;[m[K’ [[01;35m[K-Wpedantic[m[K]
[14.079s]   285 | ORT_RUNTIME_CLASS(MapTypeInfo)[01;35m[K;[m[K
[14.079s]       |                               [01;35m[K^[m[K
[14.080s] [01m[K/root/bridges/jetson_workspace/onnxruntime-linux-aarch64-1.16.3/include/onnxruntime_c_api.h:286:36:[m[K [01;35m[Kwarning: [m[Kextra ‘[01m[K;[m[K’ [[01;35m[K-Wpedantic[m[K]
[14.080s]   286 | ORT_RUNTIME_CLASS(SequenceTypeInfo)[01;35m[K;[m[K
[14.080s]       |                                    [01;35m[K^[m[K
[14.080s] [01m[K/root/bridges/jetson_workspace/onnxruntime-linux-aarch64-1.16.3/include/onnxruntime_c_api.h:287:36:[m[K [01;35m[Kwarning: [m[Kextra ‘[01m[K;[m[K’ [[01;35m[K-Wpedantic[m[K]
[14.081s]   287 | ORT_RUNTIME_CLASS(OptionalTypeInfo)[01;35m[K;[m[K
[14.081s]       |                                    [01;35m[K^[m[K
[14.081s] [01m[K/root/bridges/jetson_workspace/onnxruntime-linux-aarch64-1.16.3/include/onnxruntime_c_api.h:288:34:[m[K [01;35m[Kwarning: [m[Kextra ‘[01m[K;[m[K’ [[01;35m[K-Wpedantic[m[K]
[14.081s]   288 | ORT_RUNTIME_CLASS(SessionOptions)[01;35m[K;[m[K
[14.082s]       |                                  [01;35m[K^[m[K
[14.082s] [01m[K/root/bridges/jetson_workspace/onnxruntime-linux-aarch64-1.16.3/include/onnxruntime_c_api.h:289:34:[m[K [01;35m[Kwarning: [m[Kextra ‘[01m[K;[m[K’ [[01;35m[K-Wpedantic[m[K]
[14.082s]   289 | ORT_RUNTIME_CLASS(CustomOpDomain)[01;35m[K;[m[K
[14.083s]       |                                  [01;35m[K^[m[K
[14.083s] [01m[K/root/bridges/jetson_workspace/onnxruntime-linux-aarch64-1.16.3/include/onnxruntime_c_api.h:290:33:[m[K [01;35m[Kwarning: [m[Kextra ‘[01m[K;[m[K’ [[01;35m[K-Wpedantic[m[K]
[14.083s]   290 | ORT_RUNTIME_CLASS(ModelMetadata)[01;35m[K;[m[K
[14.083s]       |                                 [01;35m[K^[m[K
[14.084s] [01m[K/root/bridges/jetson_workspace/onnxruntime-linux-aarch64-1.16.3/include/onnxruntime_c_api.h:291:36:[m[K [01;35m[Kwarning: [m[Kextra ‘[01m[K;[m[K’ [[01;35m[K-Wpedantic[m[K]
[14.084s]   291 | ORT_RUNTIME_CLASS(ThreadPoolParams)[01;35m[K;[m[K
[14.084s]       |                                    [01;35m[K^[m[K
[14.084s] [01m[K/root/bridges/jetson_workspace/onnxruntime-linux-aarch64-1.16.3/include/onnxruntime_c_api.h:292:36:[m[K [01;35m[Kwarning: [m[Kextra ‘[01m[K;[m[K’ [[01;35m[K-Wpedantic[m[K]
[14.085s]   292 | ORT_RUNTIME_CLASS(ThreadingOptions)[01;35m[K;[m[K
[14.085s]       |                                    [01;35m[K^[m[K
[14.086s] [01m[K/root/bridges/jetson_workspace/onnxruntime-linux-aarch64-1.16.3/include/onnxruntime_c_api.h:293:28:[m[K [01;35m[Kwarning: [m[Kextra ‘[01m[K;[m[K’ [[01;35m[K-Wpedantic[m[K]
[14.086s]   293 | ORT_RUNTIME_CLASS(ArenaCfg)[01;35m[K;[m[K
[14.086s]       |                            [01;35m[K^[m[K
[14.087s] [01m[K/root/bridges/jetson_workspace/onnxruntime-linux-aarch64-1.16.3/include/onnxruntime_c_api.h:294:45:[m[K [01;35m[Kwarning: [m[Kextra ‘[01m[K;[m[K’ [[01;35m[K-Wpedantic[m[K]
[14.087s]   294 | ORT_RUNTIME_CLASS(PrepackedWeightsContainer)[01;35m[K;[m[K
[14.087s]       |                                             [01;35m[K^[m[K
[14.088s] [01m[K/root/bridges/jetson_workspace/onnxruntime-linux-aarch64-1.16.3/include/onnxruntime_c_api.h:295:45:[m[K [01;35m[Kwarning: [m[Kextra ‘[01m[K;[m[K’ [[01;35m[K-Wpedantic[m[K]
[14.088s]   295 | ORT_RUNTIME_CLASS(TensorRTProviderOptionsV2)[01;35m[K;[m[K
[14.088s]       |                                             [01;35m[K^[m[K
[14.089s] [01m[K/root/bridges/jetson_workspace/onnxruntime-linux-aarch64-1.16.3/include/onnxruntime_c_api.h:296:41:[m[K [01;35m[Kwarning: [m[Kextra ‘[01m[K;[m[K’ [[01;35m[K-Wpedantic[m[K]
[14.089s]   296 | ORT_RUNTIME_CLASS(CUDAProviderOptionsV2)[01;35m[K;[m[K
[14.089s]       |                                         [01;35m[K^[m[K
[14.090s] [01m[K/root/bridges/jetson_workspace/onnxruntime-linux-aarch64-1.16.3/include/onnxruntime_c_api.h:297:39:[m[K [01;35m[Kwarning: [m[Kextra ‘[01m[K;[m[K’ [[01;35m[K-Wpedantic[m[K]
[14.090s]   297 | ORT_RUNTIME_CLASS(CANNProviderOptions)[01;35m[K;[m[K
[14.090s]       |                                       [01;35m[K^[m[K
[14.090s] [01m[K/root/bridges/jetson_workspace/onnxruntime-linux-aarch64-1.16.3/include/onnxruntime_c_api.h:298:39:[m[K [01;35m[Kwarning: [m[Kextra ‘[01m[K;[m[K’ [[01;35m[K-Wpedantic[m[K]
[14.091s]   298 | ORT_RUNTIME_CLASS(DnnlProviderOptions)[01;35m[K;[m[K
[14.091s]       |                                       [01;35m[K^[m[K
[14.091s] [01m[K/root/bridges/jetson_workspace/onnxruntime-linux-aarch64-1.16.3/include/onnxruntime_c_api.h:299:22:[m[K [01;35m[Kwarning: [m[Kextra ‘[01m[K;[m[K’ [[01;35m[K-Wpedantic[m[K]
[14.092s]   299 | ORT_RUNTIME_CLASS(Op)[01;35m[K;[m[K
[14.092s]       |                      [01;35m[K^[m[K
[14.092s] [01m[K/root/bridges/jetson_workspace/onnxruntime-linux-aarch64-1.16.3/include/onnxruntime_c_api.h:300:26:[m[K [01;35m[Kwarning: [m[Kextra ‘[01m[K;[m[K’ [[01;35m[K-Wpedantic[m[K]
[14.092s]   300 | ORT_RUNTIME_CLASS(OpAttr)[01;35m[K;[m[K
[14.093s]       |                          [01;35m[K^[m[K
[14.093s] [01m[K/root/bridges/jetson_workspace/onnxruntime-linux-aarch64-1.16.3/include/onnxruntime_c_api.h:301:26:[m[K [01;35m[Kwarning: [m[Kextra ‘[01m[K;[m[K’ [[01;35m[K-Wpedantic[m[K]
[14.093s]   301 | ORT_RUNTIME_CLASS(Logger)[01;35m[K;[m[K
[14.093s]       |                          [01;35m[K^[m[K
[14.121s] In file included from [01m[K/root/bridges/jetson_workspace/src/atmaca_vision/src/target_detection_node.hpp:10[m[K,
[14.122s]                  from [01m[K/root/bridges/jetson_workspace/src/atmaca_vision/src/target_detection_node.cpp:1[m[K:
[14.123s] [01m[K/root/bridges/jetson_workspace/onnxruntime-linux-aarch64-1.16.3/include/onnxruntime_cxx_api.h:505:30:[m[K [01;35m[Kwarning: [m[Kextra ‘[01m[K;[m[K’ [[01;35m[K-Wpedantic[m[K]
[14.123s]   505 | ORT_DEFINE_RELEASE(Allocator)[01;35m[K;[m[K
[14.123s]       |                              [01;35m[K^[m[K
[14.123s] [01m[K/root/bridges/jetson_workspace/onnxruntime-linux-aarch64-1.16.3/include/onnxruntime_cxx_api.h:506:31:[m[K [01;35m[Kwarning: [m[Kextra ‘[01m[K;[m[K’ [[01;35m[K-Wpedantic[m[K]
[14.124s]   506 | ORT_DEFINE_RELEASE(MemoryInfo)[01;35m[K;[m[K
[14.124s]       |                               [01;35m[K^[m[K
[14.124s] [01m[K/root/bridges/jetson_workspace/onnxruntime-linux-aarch64-1.16.3/include/onnxruntime_cxx_api.h:507:35:[m[K [01;35m[Kwarning: [m[Kextra ‘[01m[K;[m[K’ [[01;35m[K-Wpedantic[m[K]
[14.124s]   507 | ORT_DEFINE_RELEASE(CustomOpDomain)[01;35m[K;[m[K
[14.125s]       |                                   [01;35m[K^[m[K
[14.125s] [01m[K/root/bridges/jetson_workspace/onnxruntime-linux-aarch64-1.16.3/include/onnxruntime_cxx_api.h:508:37:[m[K [01;35m[Kwarning: [m[Kextra ‘[01m[K;[m[K’ [[01;35m[K-Wpedantic[m[K]
[14.125s]   508 | ORT_DEFINE_RELEASE(ThreadingOptions)[01;35m[K;[m[K
[14.126s]       |                                     [01;35m[K^[m[K
[14.126s] [01m[K/root/bridges/jetson_workspace/onnxruntime-linux-aarch64-1.16.3/include/onnxruntime_cxx_api.h:509:24:[m[K [01;35m[Kwarning: [m[Kextra ‘[01m[K;[m[K’ [[01;35m[K-Wpedantic[m[K]
[14.126s]   509 | ORT_DEFINE_RELEASE(Env)[01;35m[K;[m[K
[14.126s]       |                        [01;35m[K^[m[K
[14.127s] [01m[K/root/bridges/jetson_workspace/onnxruntime-linux-aarch64-1.16.3/include/onnxruntime_cxx_api.h:510:31:[m[K [01;35m[Kwarning: [m[Kextra ‘[01m[K;[m[K’ [[01;35m[K-Wpedantic[m[K]
[14.127s]   510 | ORT_DEFINE_RELEASE(RunOptions)[01;35m[K;[m[K
[14.127s]       |                               [01;35m[K^[m[K
[14.127s] [01m[K/root/bridges/jetson_workspace/onnxruntime-linux-aarch64-1.16.3/include/onnxruntime_cxx_api.h:511:28:[m[K [01;35m[Kwarning: [m[Kextra ‘[01m[K;[m[K’ [[01;35m[K-Wpedantic[m[K]
[14.128s]   511 | ORT_DEFINE_RELEASE(Session)[01;35m[K;[m[K
[14.128s]       |                            [01;35m[K^[m[K
[14.128s] [01m[K/root/bridges/jetson_workspace/onnxruntime-linux-aarch64-1.16.3/include/onnxruntime_cxx_api.h:512:35:[m[K [01;35m[Kwarning: [m[Kextra ‘[01m[K;[m[K’ [[01;35m[K-Wpedantic[m[K]
[14.128s]   512 | ORT_DEFINE_RELEASE(SessionOptions)[01;35m[K;[m[K
[14.129s]       |                                   [01;35m[K^[m[K
[14.129s] [01m[K/root/bridges/jetson_workspace/onnxruntime-linux-aarch64-1.16.3/include/onnxruntime_cxx_api.h:513:43:[m[K [01;35m[Kwarning: [m[Kextra ‘[01m[K;[m[K’ [[01;35m[K-Wpedantic[m[K]
[14.129s]   513 | ORT_DEFINE_RELEASE(TensorTypeAndShapeInfo)[01;35m[K;[m[K
[14.130s]       |                                           [01;35m[K^[m[K
[14.130s] [01m[K/root/bridges/jetson_workspace/onnxruntime-linux-aarch64-1.16.3/include/onnxruntime_cxx_api.h:514:37:[m[K [01;35m[Kwarning: [m[Kextra ‘[01m[K;[m[K’ [[01;35m[K-Wpedantic[m[K]
[14.130s]   514 | ORT_DEFINE_RELEASE(SequenceTypeInfo)[01;35m[K;[m[K
[14.130s]       |                                     [01;35m[K^[m[K
[14.131s] [01m[K/root/bridges/jetson_workspace/onnxruntime-linux-aarch64-1.16.3/include/onnxruntime_cxx_api.h:515:32:[m[K [01;35m[Kwarning: [m[Kextra ‘[01m[K;[m[K’ [[01;35m[K-Wpedantic[m[K]
[14.131s]   515 | ORT_DEFINE_RELEASE(MapTypeInfo)[01;35m[K;[m[K
[14.131s]       |                                [01;35m[K^[m[K
[14.131s] [01m[K/root/bridges/jetson_workspace/onnxruntime-linux-aarch64-1.16.3/include/onnxruntime_cxx_api.h:516:29:[m[K [01;35m[Kwarning: [m[Kextra ‘[01m[K;[m[K’ [[01;35m[K-Wpedantic[m[K]
[14.132s]   516 | ORT_DEFINE_RELEASE(TypeInfo)[01;35m[K;[m[K
[14.132s]       |                             [01;35m[K^[m[K
[14.132s] [01m[K/root/bridges/jetson_workspace/onnxruntime-linux-aarch64-1.16.3/include/onnxruntime_cxx_api.h:517:26:[m[K [01;35m[Kwarning: [m[Kextra ‘[01m[K;[m[K’ [[01;35m[K-Wpedantic[m[K]
[14.132s]   517 | ORT_DEFINE_RELEASE(Value)[01;35m[K;[m[K
[14.133s]       |                          [01;35m[K^[m[K
[14.133s] [01m[K/root/bridges/jetson_workspace/onnxruntime-linux-aarch64-1.16.3/include/onnxruntime_cxx_api.h:518:34:[m[K [01;35m[Kwarning: [m[Kextra ‘[01m[K;[m[K’ [[01;35m[K-Wpedantic[m[K]
[14.133s]   518 | ORT_DEFINE_RELEASE(ModelMetadata)[01;35m[K;[m[K
[14.134s]       |                                  [01;35m[K^[m[K
[14.134s] [01m[K/root/bridges/jetson_workspace/onnxruntime-linux-aarch64-1.16.3/include/onnxruntime_cxx_api.h:519:30:[m[K [01;35m[Kwarning: [m[Kextra ‘[01m[K;[m[K’ [[01;35m[K-Wpedantic[m[K]
[14.134s]   519 | ORT_DEFINE_RELEASE(IoBinding)[01;35m[K;[m[K
[14.134s]       |                              [01;35m[K^[m[K
[14.135s] [01m[K/root/bridges/jetson_workspace/onnxruntime-linux-aarch64-1.16.3/include/onnxruntime_cxx_api.h:520:29:[m[K [01;35m[Kwarning: [m[Kextra ‘[01m[K;[m[K’ [[01;35m[K-Wpedantic[m[K]
[14.135s]   520 | ORT_DEFINE_RELEASE(ArenaCfg)[01;35m[K;[m[K
[14.135s]       |                             [01;35m[K^[m[K
[14.136s] [01m[K/root/bridges/jetson_workspace/onnxruntime-linux-aarch64-1.16.3/include/onnxruntime_cxx_api.h:521:27:[m[K [01;35m[Kwarning: [m[Kextra ‘[01m[K;[m[K’ [[01;35m[K-Wpedantic[m[K]
[14.136s]   521 | ORT_DEFINE_RELEASE(Status)[01;35m[K;[m[K
[14.136s]       |                           [01;35m[K^[m[K
[14.136s] [01m[K/root/bridges/jetson_workspace/onnxruntime-linux-aarch64-1.16.3/include/onnxruntime_cxx_api.h:522:27:[m[K [01;35m[Kwarning: [m[Kextra ‘[01m[K;[m[K’ [[01;35m[K-Wpedantic[m[K]
[14.137s]   522 | ORT_DEFINE_RELEASE(OpAttr)[01;35m[K;[m[K
[14.137s]       |                           [01;35m[K^[m[K
[14.137s] [01m[K/root/bridges/jetson_workspace/onnxruntime-linux-aarch64-1.16.3/include/onnxruntime_cxx_api.h:523:23:[m[K [01;35m[Kwarning: [m[Kextra ‘[01m[K;[m[K’ [[01;35m[K-Wpedantic[m[K]
[14.138s]   523 | ORT_DEFINE_RELEASE(Op)[01;35m[K;[m[K
[14.138s]       |                       [01;35m[K^[m[K
[14.138s] [01m[K/root/bridges/jetson_workspace/onnxruntime-linux-aarch64-1.16.3/include/onnxruntime_cxx_api.h:524:31:[m[K [01;35m[Kwarning: [m[Kextra ‘[01m[K;[m[K’ [[01;35m[K-Wpedantic[m[K]
[14.138s]   524 | ORT_DEFINE_RELEASE(KernelInfo)[01;35m[K;[m[K
[14.139s]       |                               [01;35m[K^[m[K
[14.732s] [01m[K/root/bridges/jetson_workspace/src/atmaca_vision/src/target_detection_node.cpp:[m[K In member function ‘[01m[Kvoid YoloNode::image_callback(sensor_msgs::msg::Image_<std::allocator<void> >::SharedPtr)[m[K’:
[14.732s] [01m[K/root/bridges/jetson_workspace/src/atmaca_vision/src/target_detection_node.cpp:118:9:[m[K [01;35m[Kwarning: [m[Kunused variable ‘[01m[Kc[m[K’ [[01;35m[K-Wunused-variable[m[K]
[14.733s]   118 |     int [01;35m[Kc[m[K = 0; // 0. kanal (R veya B)
[14.733s]       |         [01;35m[K^[m[K
[14.733s] [01m[K/root/bridges/jetson_workspace/src/atmaca_vision/src/target_detection_node.cpp:119:9:[m[K [01;35m[Kwarning: [m[Kunused variable ‘[01m[Kh[m[K’ [[01;35m[K-Wunused-variable[m[K]
[14.734s]   119 |     int [01;35m[Kh[m[K = 320; // Yüksekliğin yarısı
[14.734s]       |         [01;35m[K^[m[K
[14.734s] [01m[K/root/bridges/jetson_workspace/src/atmaca_vision/src/target_detection_node.cpp:120:9:[m[K [01;35m[Kwarning: [m[Kunused variable ‘[01m[Kw[m[K’ [[01;35m[K-Wunused-variable[m[K]
[14.734s]   120 |     int [01;35m[Kw[m[K = 320; // Genişliğin yarısı
[14.735s]       |         [01;35m[K^[m[K
[14.776s] [01m[K/root/bridges/jetson_workspace/src/atmaca_vision/src/target_detection_node.cpp:[m[K In member function ‘[01m[Kstd::vector<Detection> YoloNode::postprocess(const float*, const std::vector<long int, std::allocator<long int> >&, float, const Point2f&)[m[K’:
[14.776s] [01m[K/root/bridges/jetson_workspace/src/atmaca_vision/src/target_detection_node.cpp:181:9:[m[K [01;35m[Kwarning: [m[Kunused variable ‘[01m[Knum_channels[m[K’ [[01;35m[K-Wunused-variable[m[K]
[14.776s]   181 |     int [01;35m[Knum_channels[m[K = shape[1]; // Genellikle 5 (x,y,w,h,score)
[14.777s]       |         [01;35m[K^~~~~~~~~~~~[m[K
[14.777s] [01m[K/root/bridges/jetson_workspace/src/atmaca_vision/src/target_detection_node.cpp:190:9:[m[K [01;35m[Kwarning: [m[Kvariable ‘[01m[Kmax_score_index[m[K’ set but not used [[01;35m[K-Wunused-but-set-variable[m[K]
[14.777s]   190 |     int [01;35m[Kmax_score_index[m[K = -1;
[14.778s]       |         [01;35m[K^~~~~~~~~~~~~~~[m[K
[38.643s] [100%] [32m[1mLinking CXX executable target_detection_node[0m
[40.582s] [100%] Built target target_detection_node
[40.618s] Invoked command in '/root/bridges/jetson_workspace/build/atmaca_vision' returned '0': CMAKE_PREFIX_PATH=/root/bridges/jetson_workspace/install/pars_msgs:/root/bridges/jetson_workspace/install/atmaca_vision:/opt/ros/humble/install LD_LIBRARY_PATH=/root/bridges/jetson_workspace/install/pars_msgs/lib:/opt/ros/humble/install/opt/rviz_ogre_vendor/lib:/opt/ros/humble/install/lib:/usr/local/cuda/lib64:/root/bridges/jetson_workspace/onnxruntime-linux-aarch64-1.16.3/lib PS1=\[\033[1;31m\]\u@\h\[\033[0m\]:\[\033[1;34m\]\w\[\033[0m\]# /usr/local/bin/cmake --build /root/bridges/jetson_workspace/build/atmaca_vision -- -j4 -l4
[41.000s] Invoking command in '/root/bridges/jetson_workspace/build/atmaca_vision': CMAKE_PREFIX_PATH=/root/bridges/jetson_workspace/install/pars_msgs:/root/bridges/jetson_workspace/install/atmaca_vision:/opt/ros/humble/install LD_LIBRARY_PATH=/root/bridges/jetson_workspace/install/pars_msgs/lib:/opt/ros/humble/install/opt/rviz_ogre_vendor/lib:/opt/ros/humble/install/lib:/usr/local/cuda/lib64:/root/bridges/jetson_workspace/onnxruntime-linux-aarch64-1.16.3/lib PS1=\[\033[1;31m\]\u@\h\[\033[0m\]:\[\033[1;34m\]\w\[\033[0m\]# /usr/local/bin/cmake --install /root/bridges/jetson_workspace/build/atmaca_vision
[41.111s] -- Install configuration: ""
[41.113s] -- Up-to-date: /root/bridges/jetson_workspace/install/atmaca_vision/lib/atmaca_vision/camera_publisher_node
[41.116s] -- Up-to-date: /root/bridges/jetson_workspace/install/atmaca_vision/lib/atmaca_vision/qr_detector_node
[41.118s] -- Installing: /root/bridges/jetson_workspace/install/atmaca_vision/lib/atmaca_vision/target_detection_node
[41.153s] -- Set runtime path of "/root/bridges/jetson_workspace/install/atmaca_vision/lib/atmaca_vision/target_detection_node" to ""
[41.153s] -- Up-to-date: /root/bridges/jetson_workspace/install/atmaca_vision/share/ament_index/resource_index/package_run_dependencies/atmaca_vision
[41.154s] -- Up-to-date: /root/bridges/jetson_workspace/install/atmaca_vision/share/ament_index/resource_index/parent_prefix_path/atmaca_vision
[41.155s] -- Up-to-date: /root/bridges/jetson_workspace/install/atmaca_vision/share/atmaca_vision/environment/ament_prefix_path.sh
[41.155s] -- Up-to-date: /root/bridges/jetson_workspace/install/atmaca_vision/share/atmaca_vision/environment/ament_prefix_path.dsv
[41.155s] -- Up-to-date: /root/bridges/jetson_workspace/install/atmaca_vision/share/atmaca_vision/environment/path.sh
[41.156s] -- Up-to-date: /root/bridges/jetson_workspace/install/atmaca_vision/share/atmaca_vision/environment/path.dsv
[41.156s] -- Up-to-date: /root/bridges/jetson_workspace/install/atmaca_vision/share/atmaca_vision/local_setup.bash
[41.157s] -- Up-to-date: /root/bridges/jetson_workspace/install/atmaca_vision/share/atmaca_vision/local_setup.sh
[41.157s] -- Up-to-date: /root/bridges/jetson_workspace/install/atmaca_vision/share/atmaca_vision/local_setup.zsh
[41.157s] -- Up-to-date: /root/bridges/jetson_workspace/install/atmaca_vision/share/atmaca_vision/local_setup.dsv
[41.158s] -- Installing: /root/bridges/jetson_workspace/install/atmaca_vision/share/atmaca_vision/package.dsv
[41.158s] -- Up-to-date: /root/bridges/jetson_workspace/install/atmaca_vision/share/ament_index/resource_index/packages/atmaca_vision
[41.159s] -- Up-to-date: /root/bridges/jetson_workspace/install/atmaca_vision/share/atmaca_vision/cmake/atmaca_visionConfig.cmake
[41.159s] -- Up-to-date: /root/bridges/jetson_workspace/install/atmaca_vision/share/atmaca_vision/cmake/atmaca_visionConfig-version.cmake
[41.160s] -- Up-to-date: /root/bridges/jetson_workspace/install/atmaca_vision/share/atmaca_vision/package.xml
[41.178s] Invoked command in '/root/bridges/jetson_workspace/build/atmaca_vision' returned '0': CMAKE_PREFIX_PATH=/root/bridges/jetson_workspace/install/pars_msgs:/root/bridges/jetson_workspace/install/atmaca_vision:/opt/ros/humble/install LD_LIBRARY_PATH=/root/bridges/jetson_workspace/install/pars_msgs/lib:/opt/ros/humble/install/opt/rviz_ogre_vendor/lib:/opt/ros/humble/install/lib:/usr/local/cuda/lib64:/root/bridges/jetson_workspace/onnxruntime-linux-aarch64-1.16.3/lib PS1=\[\033[1;31m\]\u@\h\[\033[0m\]:\[\033[1;34m\]\w\[\033[0m\]# /usr/local/bin/cmake --install /root/bridges/jetson_workspace/build/atmaca_vision
