[0.473s] Invoking command in '/root/bridges/jetson_workspace/build/atmaca_flight_control': CMAKE_PREFIX_PATH=/root/bridges/jetson_workspace/install/px4_msgs:/root/bridges/jetson_workspace/install/pars_msgs:/root/bridges/jetson_workspace/install/video_recorder_pkg:/root/bridges/jetson_workspace/install/siha_camera_pkg:/root/bridges/jetson_workspace/install/qr_detector:/root/bridges/jetson_workspace/install/pkg_kamikaze:/root/bridges/jetson_workspace/install/atmaca_flight_control:/root/bridges/jetson_workspace/install/pkg_srv:/root/bridges/jetson_workspace/install/atmaca_vision:/root/bridges/jetson_workspace/install/microxrcedds_agent:/opt/ros/humble/install LD_LIBRARY_PATH=/root/bridges/jetson_workspace/install/px4_msgs/lib:/root/bridges/jetson_workspace/install/pars_msgs/lib:/root/bridges/jetson_workspace/install/pkg_srv/lib:/root/bridges/jetson_workspace/install/microxrcedds_agent/lib:/opt/ros/humble/install/opt/rviz_ogre_vendor/lib:/opt/ros/humble/install/lib:/usr/local/cuda/lib64:/root/bridges/jetson_workspace/onnxruntime-linux-aarch64-1.16.3/lib PS1=\[\033[1;31m\]\u@\h\[\033[0m\]:\[\033[1;34m\]\w\[\033[0m\]# PYTHONPATH=/root/bridges/jetson_workspace/install/px4_msgs/lib/python3.8/site-packages:/root/bridges/jetson_workspace/install/pars_msgs/lib/python3.8/site-packages:/root/bridges/jetson_workspace/install/pkg_srv/lib/python3.8/site-packages:/opt/ros/humble/install/lib/python3.8/site-packages /usr/local/bin/cmake --build /root/bridges/jetson_workspace/build/atmaca_flight_control -- -j6 -l6
[0.826s] [ 30%] Built target offboard_node
[0.827s] [ 40%] Built target hedef_gps
[0.827s] [ 60%] Built target telemetry_node
[0.835s] [ 80%] Built target sahte_hedef
[0.886s] [ 90%] [32mBuilding CXX object CMakeFiles/target_navigation_node.dir/src/target_navigation_node.cpp.o[0m
[98.788s] [100%] [32m[1mLinking CXX executable target_navigation_node[0m
[105.431s] [100%] Built target target_navigation_node
[105.495s] Invoked command in '/root/bridges/jetson_workspace/build/atmaca_flight_control' returned '0': CMAKE_PREFIX_PATH=/root/bridges/jetson_workspace/install/px4_msgs:/root/bridges/jetson_workspace/install/pars_msgs:/root/bridges/jetson_workspace/install/video_recorder_pkg:/root/bridges/jetson_workspace/install/siha_camera_pkg:/root/bridges/jetson_workspace/install/qr_detector:/root/bridges/jetson_workspace/install/pkg_kamikaze:/root/bridges/jetson_workspace/install/atmaca_flight_control:/root/bridges/jetson_workspace/install/pkg_srv:/root/bridges/jetson_workspace/install/atmaca_vision:/root/bridges/jetson_workspace/install/microxrcedds_agent:/opt/ros/humble/install LD_LIBRARY_PATH=/root/bridges/jetson_workspace/install/px4_msgs/lib:/root/bridges/jetson_workspace/install/pars_msgs/lib:/root/bridges/jetson_workspace/install/pkg_srv/lib:/root/bridges/jetson_workspace/install/microxrcedds_agent/lib:/opt/ros/humble/install/opt/rviz_ogre_vendor/lib:/opt/ros/humble/install/lib:/usr/local/cuda/lib64:/root/bridges/jetson_workspace/onnxruntime-linux-aarch64-1.16.3/lib PS1=\[\033[1;31m\]\u@\h\[\033[0m\]:\[\033[1;34m\]\w\[\033[0m\]# PYTHONPATH=/root/bridges/jetson_workspace/install/px4_msgs/lib/python3.8/site-packages:/root/bridges/jetson_workspace/install/pars_msgs/lib/python3.8/site-packages:/root/bridges/jetson_workspace/install/pkg_srv/lib/python3.8/site-packages:/opt/ros/humble/install/lib/python3.8/site-packages /usr/local/bin/cmake --build /root/bridges/jetson_workspace/build/atmaca_flight_control -- -j6 -l6
[106.042s] Invoking command in '/root/bridges/jetson_workspace/build/atmaca_flight_control': CMAKE_PREFIX_PATH=/root/bridges/jetson_workspace/install/px4_msgs:/root/bridges/jetson_workspace/install/pars_msgs:/root/bridges/jetson_workspace/install/video_recorder_pkg:/root/bridges/jetson_workspace/install/siha_camera_pkg:/root/bridges/jetson_workspace/install/qr_detector:/root/bridges/jetson_workspace/install/pkg_kamikaze:/root/bridges/jetson_workspace/install/atmaca_flight_control:/root/bridges/jetson_workspace/install/pkg_srv:/root/bridges/jetson_workspace/install/atmaca_vision:/root/bridges/jetson_workspace/install/microxrcedds_agent:/opt/ros/humble/install LD_LIBRARY_PATH=/root/bridges/jetson_workspace/install/px4_msgs/lib:/root/bridges/jetson_workspace/install/pars_msgs/lib:/root/bridges/jetson_workspace/install/pkg_srv/lib:/root/bridges/jetson_workspace/install/microxrcedds_agent/lib:/opt/ros/humble/install/opt/rviz_ogre_vendor/lib:/opt/ros/humble/install/lib:/usr/local/cuda/lib64:/root/bridges/jetson_workspace/onnxruntime-linux-aarch64-1.16.3/lib PS1=\[\033[1;31m\]\u@\h\[\033[0m\]:\[\033[1;34m\]\w\[\033[0m\]# PYTHONPATH=/root/bridges/jetson_workspace/install/px4_msgs/lib/python3.8/site-packages:/root/bridges/jetson_workspace/install/pars_msgs/lib/python3.8/site-packages:/root/bridges/jetson_workspace/install/pkg_srv/lib/python3.8/site-packages:/opt/ros/humble/install/lib/python3.8/site-packages /usr/local/bin/cmake --install /root/bridges/jetson_workspace/build/atmaca_flight_control
[106.198s] -- Install configuration: ""
[106.200s] -- Execute custom install script
[106.203s] -- Up-to-date symlink: /root/bridges/jetson_workspace/install/atmaca_flight_control/share/atmaca_flight_control/launch/flight_control_launch.py
[106.206s] -- Up-to-date symlink: /root/bridges/jetson_workspace/install/atmaca_flight_control/lib/atmaca_flight_control/target_navigation_node
[106.208s] -- Up-to-date symlink: /root/bridges/jetson_workspace/install/atmaca_flight_control/lib/atmaca_flight_control/telemetry_node
[106.209s] -- Up-to-date symlink: /root/bridges/jetson_workspace/install/atmaca_flight_control/lib/atmaca_flight_control/hedef_gps
[106.211s] -- Up-to-date symlink: /root/bridges/jetson_workspace/install/atmaca_flight_control/lib/atmaca_flight_control/offboard_node
[106.213s] -- Up-to-date symlink: /root/bridges/jetson_workspace/install/atmaca_flight_control/lib/atmaca_flight_control/sahte_hedef
[106.215s] -- Up-to-date symlink: /root/bridges/jetson_workspace/install/atmaca_flight_control/share/ament_index/resource_index/package_run_dependencies/atmaca_flight_control
[106.217s] -- Up-to-date symlink: /root/bridges/jetson_workspace/install/atmaca_flight_control/share/ament_index/resource_index/parent_prefix_path/atmaca_flight_control
[106.218s] -- Up-to-date symlink: /root/bridges/jetson_workspace/install/atmaca_flight_control/share/atmaca_flight_control/environment/ament_prefix_path.sh
[106.220s] -- Up-to-date symlink: /root/bridges/jetson_workspace/install/atmaca_flight_control/share/atmaca_flight_control/environment/ament_prefix_path.dsv
[106.221s] -- Up-to-date symlink: /root/bridges/jetson_workspace/install/atmaca_flight_control/share/atmaca_flight_control/environment/path.sh
[106.222s] -- Up-to-date symlink: /root/bridges/jetson_workspace/install/atmaca_flight_control/share/atmaca_flight_control/environment/path.dsv
[106.224s] -- Up-to-date symlink: /root/bridges/jetson_workspace/install/atmaca_flight_control/share/atmaca_flight_control/local_setup.bash
[106.225s] -- Up-to-date symlink: /root/bridges/jetson_workspace/install/atmaca_flight_control/share/atmaca_flight_control/local_setup.sh
[106.226s] -- Up-to-date symlink: /root/bridges/jetson_workspace/install/atmaca_flight_control/share/atmaca_flight_control/local_setup.zsh
[106.228s] -- Up-to-date symlink: /root/bridges/jetson_workspace/install/atmaca_flight_control/share/atmaca_flight_control/local_setup.dsv
[106.229s] -- Symlinking: /root/bridges/jetson_workspace/install/atmaca_flight_control/share/atmaca_flight_control/package.dsv
[106.248s] -- Up-to-date symlink: /root/bridges/jetson_workspace/install/atmaca_flight_control/share/ament_index/resource_index/packages/atmaca_flight_control
[106.249s] -- Up-to-date symlink: /root/bridges/jetson_workspace/install/atmaca_flight_control/share/atmaca_flight_control/cmake/atmaca_flight_controlConfig.cmake
[106.249s] -- Up-to-date symlink: /root/bridges/jetson_workspace/install/atmaca_flight_control/share/atmaca_flight_control/cmake/atmaca_flight_controlConfig-version.cmake
[106.251s] -- Up-to-date symlink: /root/bridges/jetson_workspace/install/atmaca_flight_control/share/atmaca_flight_control/package.xml
[106.274s] Invoked command in '/root/bridges/jetson_workspace/build/atmaca_flight_control' returned '0': CMAKE_PREFIX_PATH=/root/bridges/jetson_workspace/install/px4_msgs:/root/bridges/jetson_workspace/install/pars_msgs:/root/bridges/jetson_workspace/install/video_recorder_pkg:/root/bridges/jetson_workspace/install/siha_camera_pkg:/root/bridges/jetson_workspace/install/qr_detector:/root/bridges/jetson_workspace/install/pkg_kamikaze:/root/bridges/jetson_workspace/install/atmaca_flight_control:/root/bridges/jetson_workspace/install/pkg_srv:/root/bridges/jetson_workspace/install/atmaca_vision:/root/bridges/jetson_workspace/install/microxrcedds_agent:/opt/ros/humble/install LD_LIBRARY_PATH=/root/bridges/jetson_workspace/install/px4_msgs/lib:/root/bridges/jetson_workspace/install/pars_msgs/lib:/root/bridges/jetson_workspace/install/pkg_srv/lib:/root/bridges/jetson_workspace/install/microxrcedds_agent/lib:/opt/ros/humble/install/opt/rviz_ogre_vendor/lib:/opt/ros/humble/install/lib:/usr/local/cuda/lib64:/root/bridges/jetson_workspace/onnxruntime-linux-aarch64-1.16.3/lib PS1=\[\033[1;31m\]\u@\h\[\033[0m\]:\[\033[1;34m\]\w\[\033[0m\]# PYTHONPATH=/root/bridges/jetson_workspace/install/px4_msgs/lib/python3.8/site-packages:/root/bridges/jetson_workspace/install/pars_msgs/lib/python3.8/site-packages:/root/bridges/jetson_workspace/install/pkg_srv/lib/python3.8/site-packages:/opt/ros/humble/install/lib/python3.8/site-packages /usr/local/bin/cmake --install /root/bridges/jetson_workspace/build/atmaca_flight_control
