[0.441s] Invoking command in '/root/bridges/jetson_workspace/build/pkg_srv': PS1=\[\033[1;31m\]\u@\h\[\033[0m\]:\[\033[1;34m\]\w\[\033[0m\]# /usr/local/bin/cmake /root/bridges/jetson_workspace/src/pkg_srv -DCMAKE_INSTALL_PREFIX=/root/bridges/jetson_workspace/install/pkg_srv
[1.132s] -- The C compiler identification is GNU 9.4.0
[1.648s] -- The CXX compiler identification is GNU 9.4.0
[1.803s] -- Detecting C compiler ABI info
[2.288s] -- Detecting C compiler ABI info - done
[2.345s] -- Check for working C compiler: /usr/bin/cc - skipped
[2.347s] -- Detecting C compile features
[2.349s] -- Detecting C compile features - done
[2.446s] -- Detecting CXX compiler ABI info
[3.156s] -- Detecting CXX compiler ABI info - done
[3.213s] -- Check for working CXX compiler: /usr/bin/c++ - skipped
[3.214s] -- Detecting CXX compile features
[3.216s] -- Detecting CXX compile features - done
[3.238s] -- Found ament_cmake: 1.3.6 (/opt/ros/humble/install/share/ament_cmake/cmake)
[12.026s] -- Found Python3: /usr/bin/python3.8 (found version "3.8.10") found components: Interpreter 
[12.679s] -- Found rclcpp: 16.0.6 (/opt/ros/humble/install/share/rclcpp/cmake)
[13.011s] -- Found rosidl_generator_c: 3.1.5 (/opt/ros/humble/install/share/rosidl_generator_c/cmake)
[13.047s] -- Found rosidl_adapter: 3.1.5 (/opt/ros/humble/install/share/rosidl_adapter/cmake)
[13.269s] -- Found rosidl_generator_cpp: 3.1.5 (/opt/ros/humble/install/share/rosidl_generator_cpp/cmake)
[13.623s] -- Using all available rosidl_typesupport_c: rosidl_typesupport_fastrtps_c;rosidl_typesupport_introspection_c
[14.050s] -- Using all available rosidl_typesupport_cpp: rosidl_typesupport_fastrtps_cpp;rosidl_typesupport_introspection_cpp
[14.651s] -- Found rmw_implementation_cmake: 6.1.1 (/opt/ros/humble/install/share/rmw_implementation_cmake/cmake)
[14.681s] -- Found rmw_cyclonedds_cpp: 1.3.4 (/opt/ros/humble/install/share/rmw_cyclonedds_cpp/cmake)
[14.931s] -- Using RMW implementation 'rmw_cyclonedds_cpp' as default
[15.000s] -- Performing Test CMAKE_HAVE_LIBC_PTHREAD
[15.468s] -- Performing Test CMAKE_HAVE_LIBC_PTHREAD - Failed
[15.469s] -- Looking for pthread_create in pthreads
[15.957s] -- Looking for pthread_create in pthreads - not found
[15.958s] -- Looking for pthread_create in pthread
[16.353s] -- Looking for pthread_create in pthread - found
[16.359s] -- Found Threads: TRUE  
[17.436s] -- Found rosidl_default_generators: 1.2.0 (/opt/ros/humble/install/share/rosidl_default_generators/cmake)
[21.959s] -- Found ament_cmake_ros: 0.10.0 (/opt/ros/humble/install/share/ament_cmake_ros/cmake)
[30.490s] -- Using all available rosidl_typesupport_c: rosidl_typesupport_fastrtps_c;rosidl_typesupport_introspection_c
[34.007s] -- Using all available rosidl_typesupport_cpp: rosidl_typesupport_fastrtps_cpp;rosidl_typesupport_introspection_cpp
[34.019s] [33mCMake Warning (dev) at /opt/ros/humble/install/share/rosidl_generator_py/cmake/rosidl_generator_py_generate_interfaces.cmake:20 (find_package):
[34.020s]   Policy CMP0148 is not set: The FindPythonInterp and FindPythonLibs modules
[34.021s]   are removed.  Run "cmake --help-policy CMP0148" for policy details.  Use
[34.021s]   the cmake_policy command to set the policy and suppress this warning.
[34.022s] 
[34.022s] Call Stack (most recent call first):
[34.023s]   /opt/ros/humble/install/share/ament_cmake_core/cmake/core/ament_execute_extensions.cmake:48 (include)
[34.023s]   /opt/ros/humble/install/share/rosidl_cmake/cmake/rosidl_generate_interfaces.cmake:286 (ament_execute_extensions)
[34.024s]   CMakeLists.txt:14 (rosidl_generate_interfaces)
[34.024s] This warning is for project developers.  Use -Wno-dev to suppress it.
[34.024s] [0m
[34.149s] -- Found PythonInterp: /usr/bin/python3 (found suitable version "3.8.10", minimum required is "3.6") 
[34.161s] -- Found python_cmake_module: 0.10.0 (/opt/ros/humble/install/share/python_cmake_module/cmake)
[34.164s] [33mCMake Warning (dev) at /opt/ros/humble/install/share/python_cmake_module/cmake/Modules/FindPythonExtra.cmake:52 (find_package):
[34.165s]   Policy CMP0148 is not set: The FindPythonInterp and FindPythonLibs modules
[34.166s]   are removed.  Run "cmake --help-policy CMP0148" for policy details.  Use
[34.167s]   the cmake_policy command to set the policy and suppress this warning.
[34.168s] 
[34.168s] Call Stack (most recent call first):
[34.168s]   /opt/ros/humble/install/share/rosidl_generator_py/cmake/rosidl_generator_py_generate_interfaces.cmake:23 (find_package)
[34.169s]   /opt/ros/humble/install/share/ament_cmake_core/cmake/core/ament_execute_extensions.cmake:48 (include)
[34.169s]   /opt/ros/humble/install/share/rosidl_cmake/cmake/rosidl_generate_interfaces.cmake:286 (ament_execute_extensions)
[34.169s]   CMakeLists.txt:14 (rosidl_generate_interfaces)
[34.170s] This warning is for project developers.  Use -Wno-dev to suppress it.
[34.170s] [0m
[34.291s] [33mCMake Warning (dev) at /opt/ros/humble/install/share/python_cmake_module/cmake/Modules/FindPythonExtra.cmake:140 (find_package):
[34.291s]   Policy CMP0148 is not set: The FindPythonInterp and FindPythonLibs modules
[34.292s]   are removed.  Run "cmake --help-policy CMP0148" for policy details.  Use
[34.292s]   the cmake_policy command to set the policy and suppress this warning.
[34.292s] 
[34.293s] Call Stack (most recent call first):
[34.293s]   /opt/ros/humble/install/share/rosidl_generator_py/cmake/rosidl_generator_py_generate_interfaces.cmake:23 (find_package)
[34.294s]   /opt/ros/humble/install/share/ament_cmake_core/cmake/core/ament_execute_extensions.cmake:48 (include)
[34.294s]   /opt/ros/humble/install/share/rosidl_cmake/cmake/rosidl_generate_interfaces.cmake:286 (ament_execute_extensions)
[34.294s]   CMakeLists.txt:14 (rosidl_generate_interfaces)
[34.295s] This warning is for project developers.  Use -Wno-dev to suppress it.
[34.295s] [0m
[34.319s] -- Found PythonLibs: /usr/lib/aarch64-linux-gnu/libpython3.8.so (found suitable version "3.8.10", minimum required is "3.5") 
[34.320s] -- Using PYTHON_EXECUTABLE: /usr/bin/python3
[34.320s] -- Using PYTHON_INCLUDE_DIRS: /usr/include/python3.8
[34.321s] -- Using PYTHON_LIBRARIES: /usr/lib/aarch64-linux-gnu/libpython3.8.so
[34.441s] -- Found PythonExtra: .so  
[35.406s] -- Using numpy include directory: /usr/local/lib/python3.8/dist-packages/numpy/core/include
[35.525s] [0mCMake Deprecation Warning at /opt/ros/humble/install/share/rosidl_cmake/cmake/rosidl_target_interfaces.cmake:32 (message):
[35.527s]   Use rosidl_get_typesupport_target() and target_link_libraries() instead of
[35.532s]   rosidl_target_interfaces()
[35.534s] Call Stack (most recent call first):
[35.535s]   CMakeLists.txt:23 (rosidl_target_interfaces)
[35.536s] 
[35.537s] [0m
[35.538s] -- Found ament_lint_auto: 0.12.8 (/opt/ros/humble/install/share/ament_lint_auto/cmake)
[35.809s] -- Added test 'cppcheck' to perform static code analysis on C / C++ code
[35.811s] -- Configured cppcheck include dirs: 
[35.812s] -- Configured cppcheck exclude dirs and/or files: 
[35.822s] -- Added test 'lint_cmake' to check CMake code style
[35.827s] -- Added test 'uncrustify' to check C / C++ code style
[35.827s] -- Configured uncrustify additional arguments: 
[35.833s] -- Added test 'xmllint' to check XML markup files
[35.856s] -- Configuring done (35.1s)
[36.169s] -- Generating done (0.2s)
[36.189s] -- Build files have been written to: /root/bridges/jetson_workspace/build/pkg_srv
[36.260s] Invoked command in '/root/bridges/jetson_workspace/build/pkg_srv' returned '0': PS1=\[\033[1;31m\]\u@\h\[\033[0m\]:\[\033[1;34m\]\w\[\033[0m\]# /usr/local/bin/cmake /root/bridges/jetson_workspace/src/pkg_srv -DCMAKE_INSTALL_PREFIX=/root/bridges/jetson_workspace/install/pkg_srv
[36.279s] Invoking command in '/root/bridges/jetson_workspace/build/pkg_srv': PS1=\[\033[1;31m\]\u@\h\[\033[0m\]:\[\033[1;34m\]\w\[\033[0m\]# /usr/local/bin/cmake --build /root/bridges/jetson_workspace/build/pkg_srv -- -j4 -l4
[36.657s] [  3%] [34m[1mGenerating C code for ROS interfaces[0m
[36.692s] [  6%] [34m[1mGenerating C++ code for ROS interfaces[0m
[36.715s] [  6%] Built target ament_cmake_python_copy_pkg_srv
[38.000s] [  6%] Built target pkg_srv__cpp
[38.031s] [  9%] [34m[1mGenerating C++ type support for eProsima Fast-RTPS[0m
[38.044s] [ 12%] [34m[1mGenerating C++ introspection for ROS interfaces[0m
[38.061s] [ 15%] [32mBuilding C object CMakeFiles/pkg_srv__rosidl_generator_c.dir/rosidl_generator_c/pkg_srv/srv/detail/mission_control__functions.c.o[0m
[38.172s] running egg_info
[38.180s] creating pkg_srv.egg-info
[38.303s] writing pkg_srv.egg-info/PKG-INFO
[38.304s] writing dependency_links to pkg_srv.egg-info/dependency_links.txt
[38.306s] writing top-level names to pkg_srv.egg-info/top_level.txt
[38.307s] writing manifest file 'pkg_srv.egg-info/SOURCES.txt'
[38.801s] [ 18%] [32m[1mLinking C shared library libpkg_srv__rosidl_generator_c.so[0m
[38.860s] reading manifest file 'pkg_srv.egg-info/SOURCES.txt'
[38.865s] writing manifest file 'pkg_srv.egg-info/SOURCES.txt'
[38.998s] [ 18%] Built target pkg_srv__rosidl_generator_c
[39.004s] [ 18%] Built target ament_cmake_python_build_pkg_srv_egg
[39.035s] [ 21%] [34m[1mGenerating C++ type support dispatch for ROS interfaces[0m
[39.036s] [ 24%] [34m[1mGenerating C type support for eProsima Fast-RTPS[0m
[39.366s] [ 27%] [32mBuilding CXX object CMakeFiles/pkg_srv__rosidl_typesupport_introspection_cpp.dir/rosidl_typesupport_introspection_cpp/pkg_srv/srv/detail/mission_control__type_support.cpp.o[0m
[39.418s] [ 30%] [32mBuilding CXX object CMakeFiles/pkg_srv__rosidl_typesupport_fastrtps_cpp.dir/rosidl_typesupport_fastrtps_cpp/pkg_srv/srv/detail/dds_fastrtps/mission_control__type_support.cpp.o[0m
[40.261s] [ 33%] [32mBuilding CXX object CMakeFiles/pkg_srv__rosidl_typesupport_cpp.dir/rosidl_typesupport_cpp/pkg_srv/srv/mission_control__type_support.cpp.o[0m
[40.429s] [ 36%] [32mBuilding CXX object CMakeFiles/pkg_srv__rosidl_typesupport_fastrtps_c.dir/rosidl_typesupport_fastrtps_c/pkg_srv/srv/detail/mission_control__type_support_c.cpp.o[0m
[42.307s] [ 39%] [32m[1mLinking CXX shared library libpkg_srv__rosidl_typesupport_cpp.so[0m
[42.358s] [ 42%] [32m[1mLinking CXX shared library libpkg_srv__rosidl_typesupport_introspection_cpp.so[0m
[42.364s] [ 45%] [32m[1mLinking CXX shared library libpkg_srv__rosidl_typesupport_fastrtps_cpp.so[0m
[42.490s] [ 45%] Built target pkg_srv__rosidl_typesupport_cpp
[42.526s] [ 48%] [34m[1mGenerating C introspection for ROS interfaces[0m
[42.775s] [ 48%] Built target pkg_srv__rosidl_typesupport_introspection_cpp
[42.812s] [ 48%] Built target pkg_srv__rosidl_typesupport_fastrtps_cpp
[42.816s] [ 51%] [34m[1mGenerating C type support dispatch for ROS interfaces[0m
[43.430s] [ 54%] [32m[1mLinking CXX shared library libpkg_srv__rosidl_typesupport_fastrtps_c.so[0m
[43.842s] [ 54%] Built target pkg_srv__rosidl_typesupport_fastrtps_c
[43.950s] [ 57%] [32mBuilding CXX object CMakeFiles/pkg_srv__rosidl_typesupport_c.dir/rosidl_typesupport_c/pkg_srv/srv/mission_control__type_support.cpp.o[0m
[43.996s] [ 60%] [32mBuilding C object CMakeFiles/pkg_srv__rosidl_typesupport_introspection_c.dir/rosidl_typesupport_introspection_c/pkg_srv/srv/detail/mission_control__type_support.c.o[0m
[44.236s] [ 63%] [32m[1mLinking CXX shared library libpkg_srv__rosidl_typesupport_c.so[0m
[44.285s] [ 66%] [32m[1mLinking C shared library libpkg_srv__rosidl_typesupport_introspection_c.so[0m
[44.394s] [ 66%] Built target pkg_srv__rosidl_typesupport_c
[44.401s] [ 66%] Built target pkg_srv__rosidl_typesupport_introspection_c
[44.457s] [ 66%] Built target pkg_srv
[44.516s] [ 69%] [32mBuilding CXX object CMakeFiles/mission_control_server.dir/src/mission_control_server.cpp.o[0m
[44.519s] [ 72%] [34m[1mGenerating Python code for ROS interfaces[0m
[46.252s] [ 72%] Built target pkg_srv__py
[46.312s] [ 75%] [32mBuilding C object CMakeFiles/pkg_srv__rosidl_generator_py.dir/rosidl_generator_py/pkg_srv/srv/_mission_control_s.c.o[0m
[47.134s] [ 78%] [32m[1mLinking C shared library rosidl_generator_py/pkg_srv/libpkg_srv__rosidl_generator_py.so[0m
[47.306s] [ 78%] Built target pkg_srv__rosidl_generator_py
[47.368s] [ 84%] [32mBuilding C object CMakeFiles/pkg_srv__rosidl_typesupport_c__pyext.dir/rosidl_generator_py/pkg_srv/_pkg_srv_s.ep.rosidl_typesupport_c.c.o[0m
[47.369s] [ 84%] [32mBuilding C object CMakeFiles/pkg_srv__rosidl_typesupport_fastrtps_c__pyext.dir/rosidl_generator_py/pkg_srv/_pkg_srv_s.ep.rosidl_typesupport_fastrtps_c.c.o[0m
[47.383s] [ 87%] [32mBuilding C object CMakeFiles/pkg_srv__rosidl_typesupport_introspection_c__pyext.dir/rosidl_generator_py/pkg_srv/_pkg_srv_s.ep.rosidl_typesupport_introspection_c.c.o[0m
[48.241s] [ 93%] [32m[1mLinking C shared library rosidl_generator_py/pkg_srv/pkg_srv_s__rosidl_typesupport_introspection_c.cpython-38-aarch64-linux-gnu.so[0m
[48.243s] [ 93%] [32m[1mLinking C shared library rosidl_generator_py/pkg_srv/pkg_srv_s__rosidl_typesupport_fastrtps_c.cpython-38-aarch64-linux-gnu.so[0m
[48.302s] [ 96%] [32m[1mLinking C shared library rosidl_generator_py/pkg_srv/pkg_srv_s__rosidl_typesupport_c.cpython-38-aarch64-linux-gnu.so[0m
[48.427s] [ 96%] Built target pkg_srv__rosidl_typesupport_fastrtps_c__pyext
[48.428s] [ 96%] Built target pkg_srv__rosidl_typesupport_introspection_c__pyext
[48.498s] [ 96%] Built target pkg_srv__rosidl_typesupport_c__pyext
[96.910s] [100%] [32m[1mLinking CXX executable mission_control_server[0m
[99.038s] [100%] Built target mission_control_server
[99.091s] Invoked command in '/root/bridges/jetson_workspace/build/pkg_srv' returned '0': PS1=\[\033[1;31m\]\u@\h\[\033[0m\]:\[\033[1;34m\]\w\[\033[0m\]# /usr/local/bin/cmake --build /root/bridges/jetson_workspace/build/pkg_srv -- -j4 -l4
[99.944s] Invoking command in '/root/bridges/jetson_workspace/build/pkg_srv': PS1=\[\033[1;31m\]\u@\h\[\033[0m\]:\[\033[1;34m\]\w\[\033[0m\]# /usr/local/bin/cmake --install /root/bridges/jetson_workspace/build/pkg_srv
[100.104s] -- Install configuration: ""
[100.106s] -- Installing: /root/bridges/jetson_workspace/install/pkg_srv/share/ament_index/resource_index/rosidl_interfaces/pkg_srv
[100.108s] -- Installing: /root/bridges/jetson_workspace/install/pkg_srv/include/pkg_srv/pkg_srv
[100.109s] -- Installing: /root/bridges/jetson_workspace/install/pkg_srv/include/pkg_srv/pkg_srv/msg
[100.110s] -- Installing: /root/bridges/jetson_workspace/install/pkg_srv/include/pkg_srv/pkg_srv/msg/rosidl_generator_c__visibility_control.h
[100.111s] -- Installing: /root/bridges/jetson_workspace/install/pkg_srv/include/pkg_srv/pkg_srv/srv
[100.112s] -- Installing: /root/bridges/jetson_workspace/install/pkg_srv/include/pkg_srv/pkg_srv/srv/mission_control.h
[100.112s] -- Installing: /root/bridges/jetson_workspace/install/pkg_srv/include/pkg_srv/pkg_srv/srv/detail
[100.113s] -- Installing: /root/bridges/jetson_workspace/install/pkg_srv/include/pkg_srv/pkg_srv/srv/detail/mission_control__functions.c
[100.114s] -- Installing: /root/bridges/jetson_workspace/install/pkg_srv/include/pkg_srv/pkg_srv/srv/detail/mission_control__type_support.h
[100.115s] -- Installing: /root/bridges/jetson_workspace/install/pkg_srv/include/pkg_srv/pkg_srv/srv/detail/mission_control__functions.h
[100.116s] -- Installing: /root/bridges/jetson_workspace/install/pkg_srv/include/pkg_srv/pkg_srv/srv/detail/mission_control__struct.h
[100.118s] -- Installing: /root/bridges/jetson_workspace/install/pkg_srv/share/pkg_srv/environment/library_path.sh
[100.119s] -- Installing: /root/bridges/jetson_workspace/install/pkg_srv/share/pkg_srv/environment/library_path.dsv
[100.121s] -- Installing: /root/bridges/jetson_workspace/install/pkg_srv/lib/libpkg_srv__rosidl_generator_c.so
[100.124s] -- Set runtime path of "/root/bridges/jetson_workspace/install/pkg_srv/lib/libpkg_srv__rosidl_generator_c.so" to ""
[100.125s] -- Up-to-date: /root/bridges/jetson_workspace/install/pkg_srv/include/pkg_srv/pkg_srv
[100.125s] -- Up-to-date: /root/bridges/jetson_workspace/install/pkg_srv/include/pkg_srv/pkg_srv/msg
[100.126s] -- Installing: /root/bridges/jetson_workspace/install/pkg_srv/include/pkg_srv/pkg_srv/msg/rosidl_typesupport_fastrtps_c__visibility_control.h
[100.126s] -- Up-to-date: /root/bridges/jetson_workspace/install/pkg_srv/include/pkg_srv/pkg_srv/srv
[100.127s] -- Up-to-date: /root/bridges/jetson_workspace/install/pkg_srv/include/pkg_srv/pkg_srv/srv/detail
[100.127s] -- Installing: /root/bridges/jetson_workspace/install/pkg_srv/include/pkg_srv/pkg_srv/srv/detail/mission_control__rosidl_typesupport_fastrtps_c.h
[100.128s] -- Installing: /root/bridges/jetson_workspace/install/pkg_srv/lib/libpkg_srv__rosidl_typesupport_fastrtps_c.so
[100.132s] -- Set runtime path of "/root/bridges/jetson_workspace/install/pkg_srv/lib/libpkg_srv__rosidl_typesupport_fastrtps_c.so" to ""
[100.133s] -- Up-to-date: /root/bridges/jetson_workspace/install/pkg_srv/include/pkg_srv/pkg_srv
[100.134s] -- Up-to-date: /root/bridges/jetson_workspace/install/pkg_srv/include/pkg_srv/pkg_srv/srv
[100.134s] -- Installing: /root/bridges/jetson_workspace/install/pkg_srv/include/pkg_srv/pkg_srv/srv/mission_control.hpp
[100.135s] -- Up-to-date: /root/bridges/jetson_workspace/install/pkg_srv/include/pkg_srv/pkg_srv/srv/detail
[100.135s] -- Installing: /root/bridges/jetson_workspace/install/pkg_srv/include/pkg_srv/pkg_srv/srv/detail/mission_control__builder.hpp
[100.136s] -- Installing: /root/bridges/jetson_workspace/install/pkg_srv/include/pkg_srv/pkg_srv/srv/detail/mission_control__struct.hpp
[100.137s] -- Installing: /root/bridges/jetson_workspace/install/pkg_srv/include/pkg_srv/pkg_srv/srv/detail/mission_control__traits.hpp
[100.138s] -- Up-to-date: /root/bridges/jetson_workspace/install/pkg_srv/include/pkg_srv/pkg_srv
[100.139s] -- Up-to-date: /root/bridges/jetson_workspace/install/pkg_srv/include/pkg_srv/pkg_srv/msg
[100.139s] -- Installing: /root/bridges/jetson_workspace/install/pkg_srv/include/pkg_srv/pkg_srv/msg/rosidl_typesupport_fastrtps_cpp__visibility_control.h
[100.139s] -- Up-to-date: /root/bridges/jetson_workspace/install/pkg_srv/include/pkg_srv/pkg_srv/srv
[100.140s] -- Up-to-date: /root/bridges/jetson_workspace/install/pkg_srv/include/pkg_srv/pkg_srv/srv/detail
[100.140s] -- Installing: /root/bridges/jetson_workspace/install/pkg_srv/include/pkg_srv/pkg_srv/srv/detail/mission_control__rosidl_typesupport_fastrtps_cpp.hpp
[100.141s] -- Installing: /root/bridges/jetson_workspace/install/pkg_srv/include/pkg_srv/pkg_srv/srv/detail/dds_fastrtps
[100.142s] -- Installing: /root/bridges/jetson_workspace/install/pkg_srv/lib/libpkg_srv__rosidl_typesupport_fastrtps_cpp.so
[100.145s] -- Set runtime path of "/root/bridges/jetson_workspace/install/pkg_srv/lib/libpkg_srv__rosidl_typesupport_fastrtps_cpp.so" to ""
[100.146s] -- Up-to-date: /root/bridges/jetson_workspace/install/pkg_srv/include/pkg_srv/pkg_srv
[100.147s] -- Up-to-date: /root/bridges/jetson_workspace/install/pkg_srv/include/pkg_srv/pkg_srv/msg
[100.147s] -- Installing: /root/bridges/jetson_workspace/install/pkg_srv/include/pkg_srv/pkg_srv/msg/rosidl_typesupport_introspection_c__visibility_control.h
[100.148s] -- Up-to-date: /root/bridges/jetson_workspace/install/pkg_srv/include/pkg_srv/pkg_srv/srv
[100.148s] -- Up-to-date: /root/bridges/jetson_workspace/install/pkg_srv/include/pkg_srv/pkg_srv/srv/detail
[100.148s] -- Installing: /root/bridges/jetson_workspace/install/pkg_srv/include/pkg_srv/pkg_srv/srv/detail/mission_control__type_support.c
[100.149s] -- Installing: /root/bridges/jetson_workspace/install/pkg_srv/include/pkg_srv/pkg_srv/srv/detail/mission_control__rosidl_typesupport_introspection_c.h
[100.150s] -- Installing: /root/bridges/jetson_workspace/install/pkg_srv/lib/libpkg_srv__rosidl_typesupport_introspection_c.so
[100.153s] -- Set runtime path of "/root/bridges/jetson_workspace/install/pkg_srv/lib/libpkg_srv__rosidl_typesupport_introspection_c.so" to ""
[100.154s] -- Installing: /root/bridges/jetson_workspace/install/pkg_srv/lib/libpkg_srv__rosidl_typesupport_c.so
[100.156s] -- Set runtime path of "/root/bridges/jetson_workspace/install/pkg_srv/lib/libpkg_srv__rosidl_typesupport_c.so" to ""
[100.157s] -- Up-to-date: /root/bridges/jetson_workspace/install/pkg_srv/include/pkg_srv/pkg_srv
[100.157s] -- Up-to-date: /root/bridges/jetson_workspace/install/pkg_srv/include/pkg_srv/pkg_srv/srv
[100.158s] -- Up-to-date: /root/bridges/jetson_workspace/install/pkg_srv/include/pkg_srv/pkg_srv/srv/detail
[100.158s] -- Installing: /root/bridges/jetson_workspace/install/pkg_srv/include/pkg_srv/pkg_srv/srv/detail/mission_control__type_support.cpp
[100.159s] -- Installing: /root/bridges/jetson_workspace/install/pkg_srv/include/pkg_srv/pkg_srv/srv/detail/mission_control__rosidl_typesupport_introspection_cpp.hpp
[100.159s] -- Installing: /root/bridges/jetson_workspace/install/pkg_srv/lib/libpkg_srv__rosidl_typesupport_introspection_cpp.so
[100.162s] -- Set runtime path of "/root/bridges/jetson_workspace/install/pkg_srv/lib/libpkg_srv__rosidl_typesupport_introspection_cpp.so" to ""
[100.163s] -- Installing: /root/bridges/jetson_workspace/install/pkg_srv/lib/libpkg_srv__rosidl_typesupport_cpp.so
[100.165s] -- Set runtime path of "/root/bridges/jetson_workspace/install/pkg_srv/lib/libpkg_srv__rosidl_typesupport_cpp.so" to ""
[100.166s] -- Installing: /root/bridges/jetson_workspace/install/pkg_srv/share/pkg_srv/environment/pythonpath.sh
[100.167s] -- Installing: /root/bridges/jetson_workspace/install/pkg_srv/share/pkg_srv/environment/pythonpath.dsv
[100.167s] -- Installing: /root/bridges/jetson_workspace/install/pkg_srv/lib/python3.8/site-packages/pkg_srv-0.0.0-py3.8.egg-info
[100.168s] -- Installing: /root/bridges/jetson_workspace/install/pkg_srv/lib/python3.8/site-packages/pkg_srv-0.0.0-py3.8.egg-info/top_level.txt
[100.169s] -- Installing: /root/bridges/jetson_workspace/install/pkg_srv/lib/python3.8/site-packages/pkg_srv-0.0.0-py3.8.egg-info/PKG-INFO
[100.170s] -- Installing: /root/bridges/jetson_workspace/install/pkg_srv/lib/python3.8/site-packages/pkg_srv-0.0.0-py3.8.egg-info/SOURCES.txt
[100.171s] -- Installing: /root/bridges/jetson_workspace/install/pkg_srv/lib/python3.8/site-packages/pkg_srv-0.0.0-py3.8.egg-info/dependency_links.txt
[100.172s] -- Installing: /root/bridges/jetson_workspace/install/pkg_srv/lib/python3.8/site-packages/pkg_srv
[100.172s] -- Installing: /root/bridges/jetson_workspace/install/pkg_srv/lib/python3.8/site-packages/pkg_srv/libpkg_srv__rosidl_generator_py.so
[100.173s] -- Installing: /root/bridges/jetson_workspace/install/pkg_srv/lib/python3.8/site-packages/pkg_srv/pkg_srv_s__rosidl_typesupport_c.cpython-38-aarch64-linux-gnu.so
[100.174s] -- Installing: /root/bridges/jetson_workspace/install/pkg_srv/lib/python3.8/site-packages/pkg_srv/_pkg_srv_s.ep.rosidl_typesupport_fastrtps_c.c
[100.175s] -- Installing: /root/bridges/jetson_workspace/install/pkg_srv/lib/python3.8/site-packages/pkg_srv/pkg_srv_s__rosidl_typesupport_introspection_c.cpython-38-aarch64-linux-gnu.so
[100.176s] -- Installing: /root/bridges/jetson_workspace/install/pkg_srv/lib/python3.8/site-packages/pkg_srv/_pkg_srv_s.ep.rosidl_typesupport_introspection_c.c
[100.177s] -- Installing: /root/bridges/jetson_workspace/install/pkg_srv/lib/python3.8/site-packages/pkg_srv/__init__.py
[100.177s] -- Installing: /root/bridges/jetson_workspace/install/pkg_srv/lib/python3.8/site-packages/pkg_srv/_pkg_srv_s.ep.rosidl_typesupport_c.c
[100.178s] -- Installing: /root/bridges/jetson_workspace/install/pkg_srv/lib/python3.8/site-packages/pkg_srv/srv
[100.179s] -- Installing: /root/bridges/jetson_workspace/install/pkg_srv/lib/python3.8/site-packages/pkg_srv/srv/_mission_control_s.c
[100.179s] -- Installing: /root/bridges/jetson_workspace/install/pkg_srv/lib/python3.8/site-packages/pkg_srv/srv/__init__.py
[100.180s] -- Installing: /root/bridges/jetson_workspace/install/pkg_srv/lib/python3.8/site-packages/pkg_srv/srv/_mission_control.py
[100.181s] -- Installing: /root/bridges/jetson_workspace/install/pkg_srv/lib/python3.8/site-packages/pkg_srv/pkg_srv_s__rosidl_typesupport_fastrtps_c.cpython-38-aarch64-linux-gnu.so
[100.369s] Listing '/root/bridges/jetson_workspace/install/pkg_srv/lib/python3.8/site-packages/pkg_srv'...
[100.370s] Compiling '/root/bridges/jetson_workspace/install/pkg_srv/lib/python3.8/site-packages/pkg_srv/__init__.py'...
[100.370s] Listing '/root/bridges/jetson_workspace/install/pkg_srv/lib/python3.8/site-packages/pkg_srv/srv'...
[100.371s] Compiling '/root/bridges/jetson_workspace/install/pkg_srv/lib/python3.8/site-packages/pkg_srv/srv/__init__.py'...
[100.371s] Compiling '/root/bridges/jetson_workspace/install/pkg_srv/lib/python3.8/site-packages/pkg_srv/srv/_mission_control.py'...
[100.388s] -- Installing: /root/bridges/jetson_workspace/install/pkg_srv/lib/python3.8/site-packages/pkg_srv/pkg_srv_s__rosidl_typesupport_fastrtps_c.cpython-38-aarch64-linux-gnu.so
[100.391s] -- Set runtime path of "/root/bridges/jetson_workspace/install/pkg_srv/lib/python3.8/site-packages/pkg_srv/pkg_srv_s__rosidl_typesupport_fastrtps_c.cpython-38-aarch64-linux-gnu.so" to ""
[100.393s] -- Installing: /root/bridges/jetson_workspace/install/pkg_srv/lib/python3.8/site-packages/pkg_srv/pkg_srv_s__rosidl_typesupport_introspection_c.cpython-38-aarch64-linux-gnu.so
[100.396s] -- Set runtime path of "/root/bridges/jetson_workspace/install/pkg_srv/lib/python3.8/site-packages/pkg_srv/pkg_srv_s__rosidl_typesupport_introspection_c.cpython-38-aarch64-linux-gnu.so" to ""
[100.397s] -- Installing: /root/bridges/jetson_workspace/install/pkg_srv/lib/python3.8/site-packages/pkg_srv/pkg_srv_s__rosidl_typesupport_c.cpython-38-aarch64-linux-gnu.so
[100.400s] -- Set runtime path of "/root/bridges/jetson_workspace/install/pkg_srv/lib/python3.8/site-packages/pkg_srv/pkg_srv_s__rosidl_typesupport_c.cpython-38-aarch64-linux-gnu.so" to ""
[100.401s] -- Installing: /root/bridges/jetson_workspace/install/pkg_srv/lib/libpkg_srv__rosidl_generator_py.so
[100.404s] -- Set runtime path of "/root/bridges/jetson_workspace/install/pkg_srv/lib/libpkg_srv__rosidl_generator_py.so" to ""
[100.405s] -- Installing: /root/bridges/jetson_workspace/install/pkg_srv/share/pkg_srv/srv/MissionControl.idl
[100.405s] -- Installing: /root/bridges/jetson_workspace/install/pkg_srv/share/pkg_srv/srv/MissionControl.srv
[100.407s] -- Installing: /root/bridges/jetson_workspace/install/pkg_srv/share/pkg_srv/srv/MissionControl_Request.msg
[100.407s] -- Installing: /root/bridges/jetson_workspace/install/pkg_srv/share/pkg_srv/srv/MissionControl_Response.msg
[100.409s] -- Installing: /root/bridges/jetson_workspace/install/pkg_srv/lib/pkg_srv/mission_control_server
[100.452s] -- Set runtime path of "/root/bridges/jetson_workspace/install/pkg_srv/lib/pkg_srv/mission_control_server" to ""
[100.453s] -- Installing: /root/bridges/jetson_workspace/install/pkg_srv/share/ament_index/resource_index/package_run_dependencies/pkg_srv
[100.454s] -- Installing: /root/bridges/jetson_workspace/install/pkg_srv/share/ament_index/resource_index/parent_prefix_path/pkg_srv
[100.455s] -- Installing: /root/bridges/jetson_workspace/install/pkg_srv/share/pkg_srv/environment/ament_prefix_path.sh
[100.456s] -- Installing: /root/bridges/jetson_workspace/install/pkg_srv/share/pkg_srv/environment/ament_prefix_path.dsv
[100.457s] -- Installing: /root/bridges/jetson_workspace/install/pkg_srv/share/pkg_srv/environment/path.sh
[100.458s] -- Installing: /root/bridges/jetson_workspace/install/pkg_srv/share/pkg_srv/environment/path.dsv
[100.459s] -- Installing: /root/bridges/jetson_workspace/install/pkg_srv/share/pkg_srv/local_setup.bash
[100.460s] -- Installing: /root/bridges/jetson_workspace/install/pkg_srv/share/pkg_srv/local_setup.sh
[100.461s] -- Installing: /root/bridges/jetson_workspace/install/pkg_srv/share/pkg_srv/local_setup.zsh
[100.461s] -- Installing: /root/bridges/jetson_workspace/install/pkg_srv/share/pkg_srv/local_setup.dsv
[100.463s] -- Installing: /root/bridges/jetson_workspace/install/pkg_srv/share/pkg_srv/package.dsv
[100.464s] -- Installing: /root/bridges/jetson_workspace/install/pkg_srv/share/ament_index/resource_index/packages/pkg_srv
[100.465s] -- Installing: /root/bridges/jetson_workspace/install/pkg_srv/share/pkg_srv/cmake/export_pkg_srv__rosidl_generator_cExport.cmake
[100.466s] -- Installing: /root/bridges/jetson_workspace/install/pkg_srv/share/pkg_srv/cmake/export_pkg_srv__rosidl_generator_cExport-noconfig.cmake
[100.467s] -- Installing: /root/bridges/jetson_workspace/install/pkg_srv/share/pkg_srv/cmake/export_pkg_srv__rosidl_typesupport_fastrtps_cExport.cmake
[100.468s] -- Installing: /root/bridges/jetson_workspace/install/pkg_srv/share/pkg_srv/cmake/export_pkg_srv__rosidl_typesupport_fastrtps_cExport-noconfig.cmake
[100.469s] -- Installing: /root/bridges/jetson_workspace/install/pkg_srv/share/pkg_srv/cmake/export_pkg_srv__rosidl_generator_cppExport.cmake
[100.470s] -- Installing: /root/bridges/jetson_workspace/install/pkg_srv/share/pkg_srv/cmake/export_pkg_srv__rosidl_typesupport_fastrtps_cppExport.cmake
[100.471s] -- Installing: /root/bridges/jetson_workspace/install/pkg_srv/share/pkg_srv/cmake/export_pkg_srv__rosidl_typesupport_fastrtps_cppExport-noconfig.cmake
[100.472s] -- Installing: /root/bridges/jetson_workspace/install/pkg_srv/share/pkg_srv/cmake/pkg_srv__rosidl_typesupport_introspection_cExport.cmake
[100.473s] -- Installing: /root/bridges/jetson_workspace/install/pkg_srv/share/pkg_srv/cmake/pkg_srv__rosidl_typesupport_introspection_cExport-noconfig.cmake
[100.474s] -- Installing: /root/bridges/jetson_workspace/install/pkg_srv/share/pkg_srv/cmake/pkg_srv__rosidl_typesupport_cExport.cmake
[100.475s] -- Installing: /root/bridges/jetson_workspace/install/pkg_srv/share/pkg_srv/cmake/pkg_srv__rosidl_typesupport_cExport-noconfig.cmake
[100.476s] -- Installing: /root/bridges/jetson_workspace/install/pkg_srv/share/pkg_srv/cmake/pkg_srv__rosidl_typesupport_introspection_cppExport.cmake
[100.477s] -- Installing: /root/bridges/jetson_workspace/install/pkg_srv/share/pkg_srv/cmake/pkg_srv__rosidl_typesupport_introspection_cppExport-noconfig.cmake
[100.478s] -- Installing: /root/bridges/jetson_workspace/install/pkg_srv/share/pkg_srv/cmake/pkg_srv__rosidl_typesupport_cppExport.cmake
[100.479s] -- Installing: /root/bridges/jetson_workspace/install/pkg_srv/share/pkg_srv/cmake/pkg_srv__rosidl_typesupport_cppExport-noconfig.cmake
[100.480s] -- Installing: /root/bridges/jetson_workspace/install/pkg_srv/share/pkg_srv/cmake/export_pkg_srv__rosidl_generator_pyExport.cmake
[100.481s] -- Installing: /root/bridges/jetson_workspace/install/pkg_srv/share/pkg_srv/cmake/export_pkg_srv__rosidl_generator_pyExport-noconfig.cmake
[100.482s] -- Installing: /root/bridges/jetson_workspace/install/pkg_srv/share/pkg_srv/cmake/rosidl_cmake-extras.cmake
[100.484s] -- Installing: /root/bridges/jetson_workspace/install/pkg_srv/share/pkg_srv/cmake/ament_cmake_export_dependencies-extras.cmake
[100.484s] -- Installing: /root/bridges/jetson_workspace/install/pkg_srv/share/pkg_srv/cmake/ament_cmake_export_include_directories-extras.cmake
[100.485s] -- Installing: /root/bridges/jetson_workspace/install/pkg_srv/share/pkg_srv/cmake/ament_cmake_export_libraries-extras.cmake
[100.486s] -- Installing: /root/bridges/jetson_workspace/install/pkg_srv/share/pkg_srv/cmake/ament_cmake_export_targets-extras.cmake
[100.487s] -- Installing: /root/bridges/jetson_workspace/install/pkg_srv/share/pkg_srv/cmake/rosidl_cmake_export_typesupport_targets-extras.cmake
[100.488s] -- Installing: /root/bridges/jetson_workspace/install/pkg_srv/share/pkg_srv/cmake/rosidl_cmake_export_typesupport_libraries-extras.cmake
[100.489s] -- Installing: /root/bridges/jetson_workspace/install/pkg_srv/share/pkg_srv/cmake/pkg_srvConfig.cmake
[100.490s] -- Installing: /root/bridges/jetson_workspace/install/pkg_srv/share/pkg_srv/cmake/pkg_srvConfig-version.cmake
[100.491s] -- Installing: /root/bridges/jetson_workspace/install/pkg_srv/share/pkg_srv/package.xml
[100.520s] Invoked command in '/root/bridges/jetson_workspace/build/pkg_srv' returned '0': PS1=\[\033[1;31m\]\u@\h\[\033[0m\]:\[\033[1;34m\]\w\[\033[0m\]# /usr/local/bin/cmake --install /root/bridges/jetson_workspace/build/pkg_srv
