[11.303s] DEBUG:colcon:Command line arguments: ['/usr/bin/colcon', 'build', '--symlink-install', '--packages-select', 'atmaca_flight_control']
[11.304s] DEBUG:colcon:Parsed command line arguments: Namespace(ament_cmake_args=None, base_paths=['.'], build_base='build', catkin_cmake_args=None, catkin_skip_building_tests=False, cmake_args=None, cmake_clean_cache=False, cmake_clean_first=False, cmake_force_configure=False, cmake_target=None, cmake_target_skip_unavailable=False, continue_on_error=False, event_handlers=None, executor='parallel', ignore_user_meta=False, install_base='install', log_base=None, log_level=None, main=<bound method BuildVerb.main of <colcon_core.verb.build.BuildVerb object at 0xffff8ccc92e0>>, merge_install=False, metas=['./colcon.meta'], packages_above=None, packages_above_and_dependencies=None, packages_above_depth=None, packages_end=None, packages_ignore=None, packages_ignore_regex=None, packages_select=['atmaca_flight_control'], packages_select_build_failed=False, packages_select_by_dep=None, packages_select_regex=None, packages_select_test_failures=False, packages_skip=None, packages_skip_build_finished=False, packages_skip_by_dep=None, packages_skip_regex=None, packages_skip_test_passed=False, packages_skip_up_to=None, packages_start=None, packages_up_to=None, packages_up_to_regex=None, parallel_workers=6, paths=None, symlink_install=True, test_result_base=None, verb_extension=<colcon_core.verb.build.BuildVerb object at 0xffff8ccc92e0>, verb_name='build', verb_parser=<colcon_defaults.argument_parser.defaults.DefaultArgumentsDecorator object at 0xffff8ccc9dc0>)
[11.812s] Level 1:colcon.colcon_core.package_discovery:discover_packages(colcon_meta) check parameters
[11.813s] Level 1:colcon.colcon_core.package_discovery:discover_packages(recursive) check parameters
[11.813s] Level 1:colcon.colcon_core.package_discovery:discover_packages(ignore) check parameters
[11.813s] Level 1:colcon.colcon_core.package_discovery:discover_packages(path) check parameters
[11.814s] Level 1:colcon.colcon_core.package_discovery:discover_packages(colcon_meta) discover
[11.814s] Level 1:colcon.colcon_core.package_discovery:discover_packages(recursive) discover
[11.814s] INFO:colcon.colcon_core.package_discovery:Crawling recursively for packages in '/root/bridges/jetson_workspace'
[11.815s] Level 1:colcon.colcon_core.package_identification:_identify(.) by extensions ['ignore', 'ignore_ament_install']
[11.815s] Level 1:colcon.colcon_core.package_identification:_identify(.) by extension 'ignore'
[11.816s] Level 1:colcon.colcon_core.package_identification:_identify(.) by extension 'ignore_ament_install'
[11.816s] Level 1:colcon.colcon_core.package_identification:_identify(.) by extensions ['colcon_pkg']
[11.816s] Level 1:colcon.colcon_core.package_identification:_identify(.) by extension 'colcon_pkg'
[11.817s] Level 1:colcon.colcon_core.package_identification:_identify(.) by extensions ['colcon_meta']
[11.817s] Level 1:colcon.colcon_core.package_identification:_identify(.) by extension 'colcon_meta'
[11.817s] Level 1:colcon.colcon_core.package_identification:_identify(.) by extensions ['ros']
[11.817s] Level 1:colcon.colcon_core.package_identification:_identify(.) by extension 'ros'
[11.893s] Level 1:colcon.colcon_core.package_identification:_identify(.) by extensions ['cmake', 'python']
[11.894s] Level 1:colcon.colcon_core.package_identification:_identify(.) by extension 'cmake'
[11.894s] Level 1:colcon.colcon_core.package_identification:_identify(.) by extension 'python'
[11.894s] Level 1:colcon.colcon_core.package_identification:_identify(.) by extensions ['python_setup_py']
[11.894s] Level 1:colcon.colcon_core.package_identification:_identify(.) by extension 'python_setup_py'
[11.895s] Level 1:colcon.colcon_core.package_identification:_identify(build) by extensions ['ignore', 'ignore_ament_install']
[11.896s] Level 1:colcon.colcon_core.package_identification:_identify(build) by extension 'ignore'
[11.896s] Level 1:colcon.colcon_core.package_identification:_identify(build) ignored
[11.897s] Level 1:colcon.colcon_core.package_identification:_identify(install) by extensions ['ignore', 'ignore_ament_install']
[11.897s] Level 1:colcon.colcon_core.package_identification:_identify(install) by extension 'ignore'
[11.897s] Level 1:colcon.colcon_core.package_identification:_identify(install) ignored
[11.898s] Level 1:colcon.colcon_core.package_identification:_identify(log) by extensions ['ignore', 'ignore_ament_install']
[11.898s] Level 1:colcon.colcon_core.package_identification:_identify(log) by extension 'ignore'
[11.898s] Level 1:colcon.colcon_core.package_identification:_identify(log) ignored
[11.899s] Level 1:colcon.colcon_core.package_identification:_identify(onnxruntime-linux-aarch64-1.16.3) by extensions ['ignore', 'ignore_ament_install']
[11.899s] Level 1:colcon.colcon_core.package_identification:_identify(onnxruntime-linux-aarch64-1.16.3) by extension 'ignore'
[11.900s] Level 1:colcon.colcon_core.package_identification:_identify(onnxruntime-linux-aarch64-1.16.3) by extension 'ignore_ament_install'
[11.900s] Level 1:colcon.colcon_core.package_identification:_identify(onnxruntime-linux-aarch64-1.16.3) by extensions ['colcon_pkg']
[11.900s] Level 1:colcon.colcon_core.package_identification:_identify(onnxruntime-linux-aarch64-1.16.3) by extension 'colcon_pkg'
[11.900s] Level 1:colcon.colcon_core.package_identification:_identify(onnxruntime-linux-aarch64-1.16.3) by extensions ['colcon_meta']
[11.900s] Level 1:colcon.colcon_core.package_identification:_identify(onnxruntime-linux-aarch64-1.16.3) by extension 'colcon_meta'
[11.901s] Level 1:colcon.colcon_core.package_identification:_identify(onnxruntime-linux-aarch64-1.16.3) by extensions ['ros']
[11.901s] Level 1:colcon.colcon_core.package_identification:_identify(onnxruntime-linux-aarch64-1.16.3) by extension 'ros'
[11.901s] Level 1:colcon.colcon_core.package_identification:_identify(onnxruntime-linux-aarch64-1.16.3) by extensions ['cmake', 'python']
[11.902s] Level 1:colcon.colcon_core.package_identification:_identify(onnxruntime-linux-aarch64-1.16.3) by extension 'cmake'
[11.902s] Level 1:colcon.colcon_core.package_identification:_identify(onnxruntime-linux-aarch64-1.16.3) by extension 'python'
[11.902s] Level 1:colcon.colcon_core.package_identification:_identify(onnxruntime-linux-aarch64-1.16.3) by extensions ['python_setup_py']
[11.902s] Level 1:colcon.colcon_core.package_identification:_identify(onnxruntime-linux-aarch64-1.16.3) by extension 'python_setup_py'
[11.903s] Level 1:colcon.colcon_core.package_identification:_identify(onnxruntime-linux-aarch64-1.16.3/include) by extensions ['ignore', 'ignore_ament_install']
[11.903s] Level 1:colcon.colcon_core.package_identification:_identify(onnxruntime-linux-aarch64-1.16.3/include) by extension 'ignore'
[11.903s] Level 1:colcon.colcon_core.package_identification:_identify(onnxruntime-linux-aarch64-1.16.3/include) by extension 'ignore_ament_install'
[11.904s] Level 1:colcon.colcon_core.package_identification:_identify(onnxruntime-linux-aarch64-1.16.3/include) by extensions ['colcon_pkg']
[11.904s] Level 1:colcon.colcon_core.package_identification:_identify(onnxruntime-linux-aarch64-1.16.3/include) by extension 'colcon_pkg'
[11.904s] Level 1:colcon.colcon_core.package_identification:_identify(onnxruntime-linux-aarch64-1.16.3/include) by extensions ['colcon_meta']
[11.904s] Level 1:colcon.colcon_core.package_identification:_identify(onnxruntime-linux-aarch64-1.16.3/include) by extension 'colcon_meta'
[11.904s] Level 1:colcon.colcon_core.package_identification:_identify(onnxruntime-linux-aarch64-1.16.3/include) by extensions ['ros']
[11.905s] Level 1:colcon.colcon_core.package_identification:_identify(onnxruntime-linux-aarch64-1.16.3/include) by extension 'ros'
[11.905s] Level 1:colcon.colcon_core.package_identification:_identify(onnxruntime-linux-aarch64-1.16.3/include) by extensions ['cmake', 'python']
[11.905s] Level 1:colcon.colcon_core.package_identification:_identify(onnxruntime-linux-aarch64-1.16.3/include) by extension 'cmake'
[11.905s] Level 1:colcon.colcon_core.package_identification:_identify(onnxruntime-linux-aarch64-1.16.3/include) by extension 'python'
[11.906s] Level 1:colcon.colcon_core.package_identification:_identify(onnxruntime-linux-aarch64-1.16.3/include) by extensions ['python_setup_py']
[11.906s] Level 1:colcon.colcon_core.package_identification:_identify(onnxruntime-linux-aarch64-1.16.3/include) by extension 'python_setup_py'
[11.907s] Level 1:colcon.colcon_core.package_identification:_identify(onnxruntime-linux-aarch64-1.16.3/lib) by extensions ['ignore', 'ignore_ament_install']
[11.907s] Level 1:colcon.colcon_core.package_identification:_identify(onnxruntime-linux-aarch64-1.16.3/lib) by extension 'ignore'
[11.907s] Level 1:colcon.colcon_core.package_identification:_identify(onnxruntime-linux-aarch64-1.16.3/lib) by extension 'ignore_ament_install'
[11.907s] Level 1:colcon.colcon_core.package_identification:_identify(onnxruntime-linux-aarch64-1.16.3/lib) by extensions ['colcon_pkg']
[11.908s] Level 1:colcon.colcon_core.package_identification:_identify(onnxruntime-linux-aarch64-1.16.3/lib) by extension 'colcon_pkg'
[11.908s] Level 1:colcon.colcon_core.package_identification:_identify(onnxruntime-linux-aarch64-1.16.3/lib) by extensions ['colcon_meta']
[11.908s] Level 1:colcon.colcon_core.package_identification:_identify(onnxruntime-linux-aarch64-1.16.3/lib) by extension 'colcon_meta'
[11.908s] Level 1:colcon.colcon_core.package_identification:_identify(onnxruntime-linux-aarch64-1.16.3/lib) by extensions ['ros']
[11.908s] Level 1:colcon.colcon_core.package_identification:_identify(onnxruntime-linux-aarch64-1.16.3/lib) by extension 'ros'
[11.909s] Level 1:colcon.colcon_core.package_identification:_identify(onnxruntime-linux-aarch64-1.16.3/lib) by extensions ['cmake', 'python']
[11.909s] Level 1:colcon.colcon_core.package_identification:_identify(onnxruntime-linux-aarch64-1.16.3/lib) by extension 'cmake'
[11.909s] Level 1:colcon.colcon_core.package_identification:_identify(onnxruntime-linux-aarch64-1.16.3/lib) by extension 'python'
[11.909s] Level 1:colcon.colcon_core.package_identification:_identify(onnxruntime-linux-aarch64-1.16.3/lib) by extensions ['python_setup_py']
[11.910s] Level 1:colcon.colcon_core.package_identification:_identify(onnxruntime-linux-aarch64-1.16.3/lib) by extension 'python_setup_py'
[11.910s] Level 1:colcon.colcon_core.package_identification:_identify(src) by extensions ['ignore', 'ignore_ament_install']
[11.911s] Level 1:colcon.colcon_core.package_identification:_identify(src) by extension 'ignore'
[11.911s] Level 1:colcon.colcon_core.package_identification:_identify(src) by extension 'ignore_ament_install'
[11.911s] Level 1:colcon.colcon_core.package_identification:_identify(src) by extensions ['colcon_pkg']
[11.911s] Level 1:colcon.colcon_core.package_identification:_identify(src) by extension 'colcon_pkg'
[11.911s] Level 1:colcon.colcon_core.package_identification:_identify(src) by extensions ['colcon_meta']
[11.912s] Level 1:colcon.colcon_core.package_identification:_identify(src) by extension 'colcon_meta'
[11.912s] Level 1:colcon.colcon_core.package_identification:_identify(src) by extensions ['ros']
[11.912s] Level 1:colcon.colcon_core.package_identification:_identify(src) by extension 'ros'
[11.912s] Level 1:colcon.colcon_core.package_identification:_identify(src) by extensions ['cmake', 'python']
[11.913s] Level 1:colcon.colcon_core.package_identification:_identify(src) by extension 'cmake'
[11.913s] Level 1:colcon.colcon_core.package_identification:_identify(src) by extension 'python'
[11.913s] Level 1:colcon.colcon_core.package_identification:_identify(src) by extensions ['python_setup_py']
[11.913s] Level 1:colcon.colcon_core.package_identification:_identify(src) by extension 'python_setup_py'
[11.914s] Level 1:colcon.colcon_core.package_identification:_identify(src/Micro-XRCE-DDS-Agent) by extensions ['ignore', 'ignore_ament_install']
[11.914s] Level 1:colcon.colcon_core.package_identification:_identify(src/Micro-XRCE-DDS-Agent) by extension 'ignore'
[11.914s] Level 1:colcon.colcon_core.package_identification:_identify(src/Micro-XRCE-DDS-Agent) by extension 'ignore_ament_install'
[11.915s] Level 1:colcon.colcon_core.package_identification:_identify(src/Micro-XRCE-DDS-Agent) by extensions ['colcon_pkg']
[11.915s] Level 1:colcon.colcon_core.package_identification:_identify(src/Micro-XRCE-DDS-Agent) by extension 'colcon_pkg'
[11.920s] INFO:colcon.colcon_metadata.metadata.colcon_pkg:Setting type 'cmake' of package 'src/Micro-XRCE-DDS-Agent' from colcon.pkg
[11.920s] INFO:colcon.colcon_metadata.metadata.colcon_pkg:Setting name 'microxrcedds_agent' of package 'src/Micro-XRCE-DDS-Agent' from colcon.pkg
[11.920s] DEBUG:colcon.colcon_core.package_identification:Package 'src/Micro-XRCE-DDS-Agent' with type 'cmake' and name 'microxrcedds_agent'
[11.921s] Level 1:colcon.colcon_core.package_identification:_identify(src/atmaca_flight_control) by extensions ['ignore', 'ignore_ament_install']
[11.921s] Level 1:colcon.colcon_core.package_identification:_identify(src/atmaca_flight_control) by extension 'ignore'
[11.922s] Level 1:colcon.colcon_core.package_identification:_identify(src/atmaca_flight_control) by extension 'ignore_ament_install'
[11.922s] Level 1:colcon.colcon_core.package_identification:_identify(src/atmaca_flight_control) by extensions ['colcon_pkg']
[11.922s] Level 1:colcon.colcon_core.package_identification:_identify(src/atmaca_flight_control) by extension 'colcon_pkg'
[11.922s] Level 1:colcon.colcon_core.package_identification:_identify(src/atmaca_flight_control) by extensions ['colcon_meta']
[11.922s] Level 1:colcon.colcon_core.package_identification:_identify(src/atmaca_flight_control) by extension 'colcon_meta'
[11.923s] Level 1:colcon.colcon_core.package_identification:_identify(src/atmaca_flight_control) by extensions ['ros']
[11.923s] Level 1:colcon.colcon_core.package_identification:_identify(src/atmaca_flight_control) by extension 'ros'
[11.937s] DEBUG:colcon.colcon_core.package_identification:Package 'src/atmaca_flight_control' with type 'ros.ament_cmake' and name 'atmaca_flight_control'
[11.938s] Level 1:colcon.colcon_core.package_identification:_identify(src/atmaca_vision) by extensions ['ignore', 'ignore_ament_install']
[11.938s] Level 1:colcon.colcon_core.package_identification:_identify(src/atmaca_vision) by extension 'ignore'
[11.939s] Level 1:colcon.colcon_core.package_identification:_identify(src/atmaca_vision) by extension 'ignore_ament_install'
[11.939s] Level 1:colcon.colcon_core.package_identification:_identify(src/atmaca_vision) by extensions ['colcon_pkg']
[11.939s] Level 1:colcon.colcon_core.package_identification:_identify(src/atmaca_vision) by extension 'colcon_pkg'
[11.940s] Level 1:colcon.colcon_core.package_identification:_identify(src/atmaca_vision) by extensions ['colcon_meta']
[11.940s] Level 1:colcon.colcon_core.package_identification:_identify(src/atmaca_vision) by extension 'colcon_meta'
[11.940s] Level 1:colcon.colcon_core.package_identification:_identify(src/atmaca_vision) by extensions ['ros']
[11.940s] Level 1:colcon.colcon_core.package_identification:_identify(src/atmaca_vision) by extension 'ros'
[11.945s] DEBUG:colcon.colcon_core.package_identification:Package 'src/atmaca_vision' with type 'ros.ament_cmake' and name 'atmaca_vision'
[11.946s] Level 1:colcon.colcon_core.package_identification:_identify(src/pars_msgs) by extensions ['ignore', 'ignore_ament_install']
[11.946s] Level 1:colcon.colcon_core.package_identification:_identify(src/pars_msgs) by extension 'ignore'
[11.946s] Level 1:colcon.colcon_core.package_identification:_identify(src/pars_msgs) by extension 'ignore_ament_install'
[11.947s] Level 1:colcon.colcon_core.package_identification:_identify(src/pars_msgs) by extensions ['colcon_pkg']
[11.947s] Level 1:colcon.colcon_core.package_identification:_identify(src/pars_msgs) by extension 'colcon_pkg'
[11.947s] Level 1:colcon.colcon_core.package_identification:_identify(src/pars_msgs) by extensions ['colcon_meta']
[11.947s] Level 1:colcon.colcon_core.package_identification:_identify(src/pars_msgs) by extension 'colcon_meta'
[11.947s] Level 1:colcon.colcon_core.package_identification:_identify(src/pars_msgs) by extensions ['ros']
[11.948s] Level 1:colcon.colcon_core.package_identification:_identify(src/pars_msgs) by extension 'ros'
[11.951s] DEBUG:colcon.colcon_core.package_identification:Package 'src/pars_msgs' with type 'ros.ament_cmake' and name 'pars_msgs'
[11.952s] Level 1:colcon.colcon_core.package_identification:_identify(src/pkg_kamikaze) by extensions ['ignore', 'ignore_ament_install']
[11.952s] Level 1:colcon.colcon_core.package_identification:_identify(src/pkg_kamikaze) by extension 'ignore'
[11.953s] Level 1:colcon.colcon_core.package_identification:_identify(src/pkg_kamikaze) by extension 'ignore_ament_install'
[11.953s] Level 1:colcon.colcon_core.package_identification:_identify(src/pkg_kamikaze) by extensions ['colcon_pkg']
[11.953s] Level 1:colcon.colcon_core.package_identification:_identify(src/pkg_kamikaze) by extension 'colcon_pkg'
[11.953s] Level 1:colcon.colcon_core.package_identification:_identify(src/pkg_kamikaze) by extensions ['colcon_meta']
[11.954s] Level 1:colcon.colcon_core.package_identification:_identify(src/pkg_kamikaze) by extension 'colcon_meta'
[11.954s] Level 1:colcon.colcon_core.package_identification:_identify(src/pkg_kamikaze) by extensions ['ros']
[11.954s] Level 1:colcon.colcon_core.package_identification:_identify(src/pkg_kamikaze) by extension 'ros'
[11.958s] DEBUG:colcon.colcon_core.package_identification:Package 'src/pkg_kamikaze' with type 'ros.ament_cmake' and name 'pkg_kamikaze'
[11.958s] Level 1:colcon.colcon_core.package_identification:_identify(src/pkg_srv) by extensions ['ignore', 'ignore_ament_install']
[11.959s] Level 1:colcon.colcon_core.package_identification:_identify(src/pkg_srv) by extension 'ignore'
[11.959s] Level 1:colcon.colcon_core.package_identification:_identify(src/pkg_srv) by extension 'ignore_ament_install'
[11.959s] Level 1:colcon.colcon_core.package_identification:_identify(src/pkg_srv) by extensions ['colcon_pkg']
[11.959s] Level 1:colcon.colcon_core.package_identification:_identify(src/pkg_srv) by extension 'colcon_pkg'
[11.960s] Level 1:colcon.colcon_core.package_identification:_identify(src/pkg_srv) by extensions ['colcon_meta']
[11.960s] Level 1:colcon.colcon_core.package_identification:_identify(src/pkg_srv) by extension 'colcon_meta'
[11.960s] Level 1:colcon.colcon_core.package_identification:_identify(src/pkg_srv) by extensions ['ros']
[11.960s] Level 1:colcon.colcon_core.package_identification:_identify(src/pkg_srv) by extension 'ros'
[11.963s] DEBUG:colcon.colcon_core.package_identification:Package 'src/pkg_srv' with type 'ros.ament_cmake' and name 'pkg_srv'
[11.964s] Level 1:colcon.colcon_core.package_identification:_identify(src/px4_msgs) by extensions ['ignore', 'ignore_ament_install']
[11.964s] Level 1:colcon.colcon_core.package_identification:_identify(src/px4_msgs) by extension 'ignore'
[11.964s] Level 1:colcon.colcon_core.package_identification:_identify(src/px4_msgs) by extension 'ignore_ament_install'
[11.965s] Level 1:colcon.colcon_core.package_identification:_identify(src/px4_msgs) by extensions ['colcon_pkg']
[11.965s] Level 1:colcon.colcon_core.package_identification:_identify(src/px4_msgs) by extension 'colcon_pkg'
[11.965s] Level 1:colcon.colcon_core.package_identification:_identify(src/px4_msgs) by extensions ['colcon_meta']
[11.965s] Level 1:colcon.colcon_core.package_identification:_identify(src/px4_msgs) by extension 'colcon_meta'
[11.966s] Level 1:colcon.colcon_core.package_identification:_identify(src/px4_msgs) by extensions ['ros']
[11.966s] Level 1:colcon.colcon_core.package_identification:_identify(src/px4_msgs) by extension 'ros'
[11.969s] DEBUG:colcon.colcon_core.package_identification:Package 'src/px4_msgs' with type 'ros.ament_cmake' and name 'px4_msgs'
[11.969s] Level 1:colcon.colcon_core.package_identification:_identify(src/px4_ros_com) by extensions ['ignore', 'ignore_ament_install']
[11.970s] Level 1:colcon.colcon_core.package_identification:_identify(src/px4_ros_com) by extension 'ignore'
[11.970s] Level 1:colcon.colcon_core.package_identification:_identify(src/px4_ros_com) by extension 'ignore_ament_install'
[11.970s] Level 1:colcon.colcon_core.package_identification:_identify(src/px4_ros_com) by extensions ['colcon_pkg']
[11.970s] Level 1:colcon.colcon_core.package_identification:_identify(src/px4_ros_com) by extension 'colcon_pkg'
[11.971s] Level 1:colcon.colcon_core.package_identification:_identify(src/px4_ros_com) by extensions ['colcon_meta']
[11.971s] Level 1:colcon.colcon_core.package_identification:_identify(src/px4_ros_com) by extension 'colcon_meta'
[11.971s] Level 1:colcon.colcon_core.package_identification:_identify(src/px4_ros_com) by extensions ['ros']
[11.971s] Level 1:colcon.colcon_core.package_identification:_identify(src/px4_ros_com) by extension 'ros'
[11.972s] Level 1:colcon.colcon_core.package_identification:_identify(src/px4_ros_com) by extensions ['cmake', 'python']
[11.972s] Level 1:colcon.colcon_core.package_identification:_identify(src/px4_ros_com) by extension 'cmake'
[11.972s] Level 1:colcon.colcon_core.package_identification:_identify(src/px4_ros_com) by extension 'python'
[11.972s] Level 1:colcon.colcon_core.package_identification:_identify(src/px4_ros_com) by extensions ['python_setup_py']
[11.973s] Level 1:colcon.colcon_core.package_identification:_identify(src/px4_ros_com) by extension 'python_setup_py'
[11.973s] Level 1:colcon.colcon_core.package_identification:_identify(src/qr_detector) by extensions ['ignore', 'ignore_ament_install']
[11.974s] Level 1:colcon.colcon_core.package_identification:_identify(src/qr_detector) by extension 'ignore'
[11.974s] Level 1:colcon.colcon_core.package_identification:_identify(src/qr_detector) by extension 'ignore_ament_install'
[11.974s] Level 1:colcon.colcon_core.package_identification:_identify(src/qr_detector) by extensions ['colcon_pkg']
[11.974s] Level 1:colcon.colcon_core.package_identification:_identify(src/qr_detector) by extension 'colcon_pkg'
[11.975s] Level 1:colcon.colcon_core.package_identification:_identify(src/qr_detector) by extensions ['colcon_meta']
[11.975s] Level 1:colcon.colcon_core.package_identification:_identify(src/qr_detector) by extension 'colcon_meta'
[11.975s] Level 1:colcon.colcon_core.package_identification:_identify(src/qr_detector) by extensions ['ros']
[11.975s] Level 1:colcon.colcon_core.package_identification:_identify(src/qr_detector) by extension 'ros'
[11.980s] DEBUG:colcon.colcon_core.package_identification:Package 'src/qr_detector' with type 'ros.ament_cmake' and name 'qr_detector'
[11.980s] Level 1:colcon.colcon_core.package_identification:_identify(src/siha_camera_pkg) by extensions ['ignore', 'ignore_ament_install']
[11.981s] Level 1:colcon.colcon_core.package_identification:_identify(src/siha_camera_pkg) by extension 'ignore'
[11.981s] Level 1:colcon.colcon_core.package_identification:_identify(src/siha_camera_pkg) by extension 'ignore_ament_install'
[11.981s] Level 1:colcon.colcon_core.package_identification:_identify(src/siha_camera_pkg) by extensions ['colcon_pkg']
[11.981s] Level 1:colcon.colcon_core.package_identification:_identify(src/siha_camera_pkg) by extension 'colcon_pkg'
[11.982s] Level 1:colcon.colcon_core.package_identification:_identify(src/siha_camera_pkg) by extensions ['colcon_meta']
[11.982s] Level 1:colcon.colcon_core.package_identification:_identify(src/siha_camera_pkg) by extension 'colcon_meta'
[11.982s] Level 1:colcon.colcon_core.package_identification:_identify(src/siha_camera_pkg) by extensions ['ros']
[11.982s] Level 1:colcon.colcon_core.package_identification:_identify(src/siha_camera_pkg) by extension 'ros'
[11.987s] DEBUG:colcon.colcon_core.package_identification:Package 'src/siha_camera_pkg' with type 'ros.ament_cmake' and name 'siha_camera_pkg'
[11.988s] Level 1:colcon.colcon_core.package_identification:_identify(src/video_recorder_pkg) by extensions ['ignore', 'ignore_ament_install']
[11.988s] Level 1:colcon.colcon_core.package_identification:_identify(src/video_recorder_pkg) by extension 'ignore'
[11.989s] Level 1:colcon.colcon_core.package_identification:_identify(src/video_recorder_pkg) by extension 'ignore_ament_install'
[11.989s] Level 1:colcon.colcon_core.package_identification:_identify(src/video_recorder_pkg) by extensions ['colcon_pkg']
[11.989s] Level 1:colcon.colcon_core.package_identification:_identify(src/video_recorder_pkg) by extension 'colcon_pkg'
[11.989s] Level 1:colcon.colcon_core.package_identification:_identify(src/video_recorder_pkg) by extensions ['colcon_meta']
[11.990s] Level 1:colcon.colcon_core.package_identification:_identify(src/video_recorder_pkg) by extension 'colcon_meta'
[11.990s] Level 1:colcon.colcon_core.package_identification:_identify(src/video_recorder_pkg) by extensions ['ros']
[11.990s] Level 1:colcon.colcon_core.package_identification:_identify(src/video_recorder_pkg) by extension 'ros'
[11.994s] DEBUG:colcon.colcon_core.package_identification:Package 'src/video_recorder_pkg' with type 'ros.ament_cmake' and name 'video_recorder_pkg'
[11.994s] Level 1:colcon.colcon_core.package_discovery:discover_packages(recursive) using defaults
[11.994s] Level 1:colcon.colcon_core.package_discovery:discover_packages(ignore) discover
[11.994s] Level 1:colcon.colcon_core.package_discovery:discover_packages(ignore) using defaults
[11.995s] Level 1:colcon.colcon_core.package_discovery:discover_packages(path) discover
[11.995s] Level 1:colcon.colcon_core.package_discovery:discover_packages(path) using defaults
[12.240s] INFO:colcon.colcon_metadata.metadata.colcon_pkg:Updating descriptor of package 'src/Micro-XRCE-DDS-Agent' from colcon.pkg: {'name': 'microxrcedds_agent', 'type': 'cmake', 'dependencies': ['fastcdr', 'fastrtps'], 'cmake-args': ['-DUAGENT_ISOLATED_INSTALL=OFF', '-DUAGENT_USE_SYSTEM_FASTCDR=ON', '-DUAGENT_USE_SYSTEM_FASTDDS=ON']}
[12.329s] INFO:colcon.colcon_core.package_selection:Skipping not selected package 'microxrcedds_agent' in 'src/Micro-XRCE-DDS-Agent'
[12.329s] INFO:colcon.colcon_core.package_selection:Skipping not selected package 'pars_msgs' in 'src/pars_msgs'
[12.330s] INFO:colcon.colcon_core.package_selection:Skipping not selected package 'pkg_srv' in 'src/pkg_srv'
[12.330s] INFO:colcon.colcon_core.package_selection:Skipping not selected package 'px4_msgs' in 'src/px4_msgs'
[12.330s] INFO:colcon.colcon_core.package_selection:Skipping not selected package 'video_recorder_pkg' in 'src/video_recorder_pkg'
[12.330s] INFO:colcon.colcon_core.package_selection:Skipping not selected package 'atmaca_vision' in 'src/atmaca_vision'
[12.330s] INFO:colcon.colcon_core.package_selection:Skipping not selected package 'pkg_kamikaze' in 'src/pkg_kamikaze'
[12.330s] INFO:colcon.colcon_core.package_selection:Skipping not selected package 'qr_detector' in 'src/qr_detector'
[12.330s] INFO:colcon.colcon_core.package_selection:Skipping not selected package 'siha_camera_pkg' in 'src/siha_camera_pkg'
[12.404s] Level 5:colcon.colcon_core.verb:set package 'atmaca_flight_control' build argument 'cmake_args' from command line to 'None'
[12.404s] Level 5:colcon.colcon_core.verb:set package 'atmaca_flight_control' build argument 'cmake_target' from command line to 'None'
[12.404s] Level 5:colcon.colcon_core.verb:set package 'atmaca_flight_control' build argument 'cmake_target_skip_unavailable' from command line to 'False'
[12.405s] Level 5:colcon.colcon_core.verb:set package 'atmaca_flight_control' build argument 'cmake_clean_cache' from command line to 'False'
[12.405s] Level 5:colcon.colcon_core.verb:set package 'atmaca_flight_control' build argument 'cmake_clean_first' from command line to 'False'
[12.405s] Level 5:colcon.colcon_core.verb:set package 'atmaca_flight_control' build argument 'cmake_force_configure' from command line to 'False'
[12.405s] Level 5:colcon.colcon_core.verb:set package 'atmaca_flight_control' build argument 'ament_cmake_args' from command line to 'None'
[12.405s] Level 5:colcon.colcon_core.verb:set package 'atmaca_flight_control' build argument 'catkin_cmake_args' from command line to 'None'
[12.405s] Level 5:colcon.colcon_core.verb:set package 'atmaca_flight_control' build argument 'catkin_skip_building_tests' from command line to 'False'
[12.406s] DEBUG:colcon.colcon_core.verb:Building package 'atmaca_flight_control' with the following arguments: {'ament_cmake_args': None, 'build_base': '/root/bridges/jetson_workspace/build/atmaca_flight_control', 'catkin_cmake_args': None, 'catkin_skip_building_tests': False, 'cmake_args': None, 'cmake_clean_cache': False, 'cmake_clean_first': False, 'cmake_force_configure': False, 'cmake_target': None, 'cmake_target_skip_unavailable': False, 'install_base': '/root/bridges/jetson_workspace/install/atmaca_flight_control', 'merge_install': False, 'path': '/root/bridges/jetson_workspace/src/atmaca_flight_control', 'symlink_install': True, 'test_result_base': None}
[12.477s] INFO:colcon.colcon_core.executor:Executing jobs using 'parallel' executor
[12.554s] DEBUG:colcon.colcon_parallel_executor.executor.parallel:run_until_complete
[12.556s] INFO:colcon.colcon_ros.task.ament_cmake.build:Building ROS package in '/root/bridges/jetson_workspace/src/atmaca_flight_control' with build type 'ament_cmake'
[12.557s] INFO:colcon.colcon_cmake.task.cmake.build:Building CMake package in '/root/bridges/jetson_workspace/src/atmaca_flight_control'
[12.647s] INFO:colcon.colcon_core.plugin_system:Skipping extension 'colcon_core.shell.bat': Not used on non-Windows systems
[12.648s] INFO:colcon.colcon_core.shell:Skip shell extension 'powershell' for command environment: Not usable outside of PowerShell
[12.648s] DEBUG:colcon.colcon_core.shell:Skip shell extension 'dsv' for command environment
[13.025s] DEBUG:colcon.colcon_core.event_handler.log_command:Invoking command in '/root/bridges/jetson_workspace/build/atmaca_flight_control': CMAKE_PREFIX_PATH=/root/bridges/jetson_workspace/install/px4_msgs:/root/bridges/jetson_workspace/install/pars_msgs:/root/bridges/jetson_workspace/install/video_recorder_pkg:/root/bridges/jetson_workspace/install/siha_camera_pkg:/root/bridges/jetson_workspace/install/qr_detector:/root/bridges/jetson_workspace/install/pkg_kamikaze:/root/bridges/jetson_workspace/install/atmaca_flight_control:/root/bridges/jetson_workspace/install/pkg_srv:/root/bridges/jetson_workspace/install/atmaca_vision:/root/bridges/jetson_workspace/install/microxrcedds_agent:/opt/ros/humble/install LD_LIBRARY_PATH=/root/bridges/jetson_workspace/install/px4_msgs/lib:/root/bridges/jetson_workspace/install/pars_msgs/lib:/root/bridges/jetson_workspace/install/pkg_srv/lib:/root/bridges/jetson_workspace/install/microxrcedds_agent/lib:/opt/ros/humble/install/opt/rviz_ogre_vendor/lib:/opt/ros/humble/install/lib:/usr/local/cuda/lib64:/root/bridges/jetson_workspace/onnxruntime-linux-aarch64-1.16.3/lib PS1=\[\033[1;31m\]\u@\h\[\033[0m\]:\[\033[1;34m\]\w\[\033[0m\]# PYTHONPATH=/root/bridges/jetson_workspace/install/px4_msgs/lib/python3.8/site-packages:/root/bridges/jetson_workspace/install/pars_msgs/lib/python3.8/site-packages:/root/bridges/jetson_workspace/install/pkg_srv/lib/python3.8/site-packages:/opt/ros/humble/install/lib/python3.8/site-packages /usr/local/bin/cmake --build /root/bridges/jetson_workspace/build/atmaca_flight_control -- -j6 -l6
[116.462s] DEBUG:colcon.colcon_core.event_handler.log_command:Invoked command in '/root/bridges/jetson_workspace/build/atmaca_flight_control' returned '0': CMAKE_PREFIX_PATH=/root/bridges/jetson_workspace/install/px4_msgs:/root/bridges/jetson_workspace/install/pars_msgs:/root/bridges/jetson_workspace/install/video_recorder_pkg:/root/bridges/jetson_workspace/install/siha_camera_pkg:/root/bridges/jetson_workspace/install/qr_detector:/root/bridges/jetson_workspace/install/pkg_kamikaze:/root/bridges/jetson_workspace/install/atmaca_flight_control:/root/bridges/jetson_workspace/install/pkg_srv:/root/bridges/jetson_workspace/install/atmaca_vision:/root/bridges/jetson_workspace/install/microxrcedds_agent:/opt/ros/humble/install LD_LIBRARY_PATH=/root/bridges/jetson_workspace/install/px4_msgs/lib:/root/bridges/jetson_workspace/install/pars_msgs/lib:/root/bridges/jetson_workspace/install/pkg_srv/lib:/root/bridges/jetson_workspace/install/microxrcedds_agent/lib:/opt/ros/humble/install/opt/rviz_ogre_vendor/lib:/opt/ros/humble/install/lib:/usr/local/cuda/lib64:/root/bridges/jetson_workspace/onnxruntime-linux-aarch64-1.16.3/lib PS1=\[\033[1;31m\]\u@\h\[\033[0m\]:\[\033[1;34m\]\w\[\033[0m\]# PYTHONPATH=/root/bridges/jetson_workspace/install/px4_msgs/lib/python3.8/site-packages:/root/bridges/jetson_workspace/install/pars_msgs/lib/python3.8/site-packages:/root/bridges/jetson_workspace/install/pkg_srv/lib/python3.8/site-packages:/opt/ros/humble/install/lib/python3.8/site-packages /usr/local/bin/cmake --build /root/bridges/jetson_workspace/build/atmaca_flight_control -- -j6 -l6
[117.050s] DEBUG:colcon.colcon_core.event_handler.log_command:Invoking command in '/root/bridges/jetson_workspace/build/atmaca_flight_control': CMAKE_PREFIX_PATH=/root/bridges/jetson_workspace/install/px4_msgs:/root/bridges/jetson_workspace/install/pars_msgs:/root/bridges/jetson_workspace/install/video_recorder_pkg:/root/bridges/jetson_workspace/install/siha_camera_pkg:/root/bridges/jetson_workspace/install/qr_detector:/root/bridges/jetson_workspace/install/pkg_kamikaze:/root/bridges/jetson_workspace/install/atmaca_flight_control:/root/bridges/jetson_workspace/install/pkg_srv:/root/bridges/jetson_workspace/install/atmaca_vision:/root/bridges/jetson_workspace/install/microxrcedds_agent:/opt/ros/humble/install LD_LIBRARY_PATH=/root/bridges/jetson_workspace/install/px4_msgs/lib:/root/bridges/jetson_workspace/install/pars_msgs/lib:/root/bridges/jetson_workspace/install/pkg_srv/lib:/root/bridges/jetson_workspace/install/microxrcedds_agent/lib:/opt/ros/humble/install/opt/rviz_ogre_vendor/lib:/opt/ros/humble/install/lib:/usr/local/cuda/lib64:/root/bridges/jetson_workspace/onnxruntime-linux-aarch64-1.16.3/lib PS1=\[\033[1;31m\]\u@\h\[\033[0m\]:\[\033[1;34m\]\w\[\033[0m\]# PYTHONPATH=/root/bridges/jetson_workspace/install/px4_msgs/lib/python3.8/site-packages:/root/bridges/jetson_workspace/install/pars_msgs/lib/python3.8/site-packages:/root/bridges/jetson_workspace/install/pkg_srv/lib/python3.8/site-packages:/opt/ros/humble/install/lib/python3.8/site-packages /usr/local/bin/cmake --install /root/bridges/jetson_workspace/build/atmaca_flight_control
[117.286s] Level 1:colcon.colcon_core.environment:create_environment_scripts_only(atmaca_flight_control)
[117.290s] DEBUG:colcon.colcon_core.event_handler.log_command:Invoked command in '/root/bridges/jetson_workspace/build/atmaca_flight_control' returned '0': CMAKE_PREFIX_PATH=/root/bridges/jetson_workspace/install/px4_msgs:/root/bridges/jetson_workspace/install/pars_msgs:/root/bridges/jetson_workspace/install/video_recorder_pkg:/root/bridges/jetson_workspace/install/siha_camera_pkg:/root/bridges/jetson_workspace/install/qr_detector:/root/bridges/jetson_workspace/install/pkg_kamikaze:/root/bridges/jetson_workspace/install/atmaca_flight_control:/root/bridges/jetson_workspace/install/pkg_srv:/root/bridges/jetson_workspace/install/atmaca_vision:/root/bridges/jetson_workspace/install/microxrcedds_agent:/opt/ros/humble/install LD_LIBRARY_PATH=/root/bridges/jetson_workspace/install/px4_msgs/lib:/root/bridges/jetson_workspace/install/pars_msgs/lib:/root/bridges/jetson_workspace/install/pkg_srv/lib:/root/bridges/jetson_workspace/install/microxrcedds_agent/lib:/opt/ros/humble/install/opt/rviz_ogre_vendor/lib:/opt/ros/humble/install/lib:/usr/local/cuda/lib64:/root/bridges/jetson_workspace/onnxruntime-linux-aarch64-1.16.3/lib PS1=\[\033[1;31m\]\u@\h\[\033[0m\]:\[\033[1;34m\]\w\[\033[0m\]# PYTHONPATH=/root/bridges/jetson_workspace/install/px4_msgs/lib/python3.8/site-packages:/root/bridges/jetson_workspace/install/pars_msgs/lib/python3.8/site-packages:/root/bridges/jetson_workspace/install/pkg_srv/lib/python3.8/site-packages:/opt/ros/humble/install/lib/python3.8/site-packages /usr/local/bin/cmake --install /root/bridges/jetson_workspace/build/atmaca_flight_control
[117.393s] Level 1:colcon.colcon_core.environment:checking '/root/bridges/jetson_workspace/install/atmaca_flight_control' for CMake module files
[117.397s] Level 1:colcon.colcon_core.environment:checking '/root/bridges/jetson_workspace/install/atmaca_flight_control' for CMake config files
[117.398s] Level 1:colcon.colcon_core.shell:create_environment_hook('atmaca_flight_control', 'cmake_prefix_path')
[117.477s] INFO:colcon.colcon_core.shell:Creating environment hook '/root/bridges/jetson_workspace/install/atmaca_flight_control/share/atmaca_flight_control/hook/cmake_prefix_path.ps1'
[117.481s] INFO:colcon.colcon_core.shell:Creating environment descriptor '/root/bridges/jetson_workspace/install/atmaca_flight_control/share/atmaca_flight_control/hook/cmake_prefix_path.dsv'
[117.484s] INFO:colcon.colcon_core.shell:Creating environment hook '/root/bridges/jetson_workspace/install/atmaca_flight_control/share/atmaca_flight_control/hook/cmake_prefix_path.sh'
[117.489s] Level 1:colcon.colcon_core.environment:checking '/root/bridges/jetson_workspace/install/atmaca_flight_control/lib'
[117.490s] Level 1:colcon.colcon_core.environment:checking '/root/bridges/jetson_workspace/install/atmaca_flight_control/bin'
[117.490s] Level 1:colcon.colcon_core.environment:checking '/root/bridges/jetson_workspace/install/atmaca_flight_control/lib/pkgconfig/atmaca_flight_control.pc'
[117.495s] Level 1:colcon.colcon_core.environment:checking '/root/bridges/jetson_workspace/install/atmaca_flight_control/lib/python3.8/site-packages'
[117.495s] Level 1:colcon.colcon_core.environment:checking '/root/bridges/jetson_workspace/install/atmaca_flight_control/bin'
[117.573s] INFO:colcon.colcon_core.shell:Creating package script '/root/bridges/jetson_workspace/install/atmaca_flight_control/share/atmaca_flight_control/package.ps1'
[117.577s] INFO:colcon.colcon_core.shell:Creating package descriptor '/root/bridges/jetson_workspace/install/atmaca_flight_control/share/atmaca_flight_control/package.dsv'
[117.580s] INFO:colcon.colcon_core.shell:Creating package script '/root/bridges/jetson_workspace/install/atmaca_flight_control/share/atmaca_flight_control/package.sh'
[117.583s] INFO:colcon.colcon_core.shell:Creating package script '/root/bridges/jetson_workspace/install/atmaca_flight_control/share/atmaca_flight_control/package.bash'
[117.587s] INFO:colcon.colcon_core.shell:Creating package script '/root/bridges/jetson_workspace/install/atmaca_flight_control/share/atmaca_flight_control/package.zsh'
[117.590s] Level 1:colcon.colcon_core.environment:create_file_with_runtime_dependencies(/root/bridges/jetson_workspace/install/atmaca_flight_control/share/colcon-core/packages/atmaca_flight_control)
[118.048s] Level 1:colcon.colcon_core.environment:create_environment_scripts_only(atmaca_flight_control)
[118.128s] Level 1:colcon.colcon_core.environment:checking '/root/bridges/jetson_workspace/install/atmaca_flight_control' for CMake module files
[118.132s] Level 1:colcon.colcon_core.environment:checking '/root/bridges/jetson_workspace/install/atmaca_flight_control' for CMake config files
[118.134s] Level 1:colcon.colcon_core.shell:create_environment_hook('atmaca_flight_control', 'cmake_prefix_path')
[118.211s] INFO:colcon.colcon_core.shell:Creating environment hook '/root/bridges/jetson_workspace/install/atmaca_flight_control/share/atmaca_flight_control/hook/cmake_prefix_path.ps1'
[118.214s] INFO:colcon.colcon_core.shell:Creating environment descriptor '/root/bridges/jetson_workspace/install/atmaca_flight_control/share/atmaca_flight_control/hook/cmake_prefix_path.dsv'
[118.217s] INFO:colcon.colcon_core.shell:Creating environment hook '/root/bridges/jetson_workspace/install/atmaca_flight_control/share/atmaca_flight_control/hook/cmake_prefix_path.sh'
[118.220s] Level 1:colcon.colcon_core.environment:checking '/root/bridges/jetson_workspace/install/atmaca_flight_control/lib'
[118.220s] Level 1:colcon.colcon_core.environment:checking '/root/bridges/jetson_workspace/install/atmaca_flight_control/bin'
[118.221s] Level 1:colcon.colcon_core.environment:checking '/root/bridges/jetson_workspace/install/atmaca_flight_control/lib/pkgconfig/atmaca_flight_control.pc'
[118.222s] Level 1:colcon.colcon_core.environment:checking '/root/bridges/jetson_workspace/install/atmaca_flight_control/lib/python3.8/site-packages'
[118.223s] Level 1:colcon.colcon_core.environment:checking '/root/bridges/jetson_workspace/install/atmaca_flight_control/bin'
[118.301s] INFO:colcon.colcon_core.shell:Creating package script '/root/bridges/jetson_workspace/install/atmaca_flight_control/share/atmaca_flight_control/package.ps1'
[118.304s] INFO:colcon.colcon_core.shell:Creating package descriptor '/root/bridges/jetson_workspace/install/atmaca_flight_control/share/atmaca_flight_control/package.dsv'
[118.307s] INFO:colcon.colcon_core.shell:Creating package script '/root/bridges/jetson_workspace/install/atmaca_flight_control/share/atmaca_flight_control/package.sh'
[118.309s] INFO:colcon.colcon_core.shell:Creating package script '/root/bridges/jetson_workspace/install/atmaca_flight_control/share/atmaca_flight_control/package.bash'
[118.311s] INFO:colcon.colcon_core.shell:Creating package script '/root/bridges/jetson_workspace/install/atmaca_flight_control/share/atmaca_flight_control/package.zsh'
[118.313s] Level 1:colcon.colcon_core.environment:create_file_with_runtime_dependencies(/root/bridges/jetson_workspace/install/atmaca_flight_control/share/colcon-core/packages/atmaca_flight_control)
[118.315s] DEBUG:colcon.colcon_parallel_executor.executor.parallel:closing loop
[118.318s] DEBUG:colcon.colcon_parallel_executor.executor.parallel:loop closed
[118.320s] DEBUG:colcon.colcon_parallel_executor.executor.parallel:run_until_complete finished with '0'
[118.321s] DEBUG:colcon.colcon_core.event_reactor:joining thread
[118.430s] INFO:colcon.colcon_core.plugin_system:Skipping extension 'colcon_notification.desktop_notification.notify_send': Could not find 'notify-send'
[118.431s] INFO:colcon.colcon_core.plugin_system:Skipping extension 'colcon_notification.desktop_notification.terminal_notifier': Not used on non-Darwin systems
[118.431s] INFO:colcon.colcon_core.plugin_system:Skipping extension 'colcon_notification.desktop_notification.win32': Not used on non-Windows systems
[118.432s] INFO:colcon.colcon_notification.desktop_notification:Sending desktop notification using 'notify2'
[118.454s] DEBUG:colcon.colcon_notification.desktop_notification.notify2:Failed to initialize notify2: org.freedesktop.DBus.Error.Spawn.ExecFailed: /usr/bin/dbus-launch terminated abnormally with the following error: No protocol specified
Autolaunch error: X11 initialization failed.

[118.456s] DEBUG:colcon.colcon_core.event_reactor:joined thread
[118.542s] INFO:colcon.colcon_core.shell:Creating prefix script '/root/bridges/jetson_workspace/install/local_setup.ps1'
[118.548s] INFO:colcon.colcon_core.shell:Creating prefix util module '/root/bridges/jetson_workspace/install/_local_setup_util_ps1.py'
[118.555s] INFO:colcon.colcon_core.shell:Creating prefix chain script '/root/bridges/jetson_workspace/install/setup.ps1'
[118.639s] INFO:colcon.colcon_core.shell:Creating prefix script '/root/bridges/jetson_workspace/install/local_setup.sh'
[118.642s] INFO:colcon.colcon_core.shell:Creating prefix util module '/root/bridges/jetson_workspace/install/_local_setup_util_sh.py'
[118.644s] INFO:colcon.colcon_core.shell:Creating prefix chain script '/root/bridges/jetson_workspace/install/setup.sh'
[118.725s] INFO:colcon.colcon_core.shell:Creating prefix script '/root/bridges/jetson_workspace/install/local_setup.bash'
[118.728s] INFO:colcon.colcon_core.shell:Creating prefix chain script '/root/bridges/jetson_workspace/install/setup.bash'
[118.808s] INFO:colcon.colcon_core.shell:Creating prefix script '/root/bridges/jetson_workspace/install/local_setup.zsh'
[118.810s] INFO:colcon.colcon_core.shell:Creating prefix chain script '/root/bridges/jetson_workspace/install/setup.zsh'
