[1.036s] Invoking command in '/root/bridges/jetson_workspace/build/qr_detector': CMAKE_PREFIX_PATH=/root/bridges/jetson_workspace/install/px4_msgs:/root/bridges/jetson_workspace/install/video_recorder_pkg:/root/bridges/jetson_workspace/install/siha_camera_pkg:/root/bridges/jetson_workspace/install/qr_detector:/root/bridges/jetson_workspace/install/px4_ros_com:/root/bridges/jetson_workspace/install/pkg_srv:/root/bridges/jetson_workspace/install/atmaca_vision:/root/bridges/jetson_workspace/install/pars_msgs:/opt/ros/humble/install LD_LIBRARY_PATH=/root/bridges/jetson_workspace/install/px4_msgs/lib:/root/bridges/jetson_workspace/install/px4_ros_com/lib:/root/bridges/jetson_workspace/install/pkg_srv/lib:/root/bridges/jetson_workspace/install/pars_msgs/lib:/opt/ros/humble/install/opt/rviz_ogre_vendor/lib:/opt/ros/humble/install/lib:/usr/local/cuda/lib64:/root/bridges/jetson_workspace/onnxruntime-linux-aarch64-1.16.3/lib PS1=\[\033[1;31m\]\u@\h\[\033[0m\]:\[\033[1;34m\]\w\[\033[0m\]# PYTHONPATH=/root/bridges/jetson_workspace/install/px4_msgs/lib/python3.8/site-packages:/root/bridges/jetson_workspace/install/px4_ros_com/lib/python3.8/site-packages:/root/bridges/jetson_workspace/install/pkg_srv/lib/python3.8/site-packages:/root/bridges/jetson_workspace/install/pars_msgs/lib/python3.8/site-packages:/opt/ros/humble/install/lib/python3.8/site-packages /usr/local/bin/cmake /root/bridges/jetson_workspace/src/qr_detector -DAMENT_CMAKE_SYMLINK_INSTALL=1 -DCMAKE_INSTALL_PREFIX=/root/bridges/jetson_workspace/install/qr_detector
[1.675s] -- The C compiler identification is GNU 9.4.0
[2.078s] -- The CXX compiler identification is GNU 9.4.0
[2.283s] -- Detecting C compiler ABI info
[2.911s] -- Detecting C compiler ABI info - done
[2.972s] -- Check for working C compiler: /usr/bin/cc - skipped
[2.973s] -- Detecting C compile features
[2.976s] -- Detecting C compile features - done
[3.100s] -- Detecting CXX compiler ABI info
[3.761s] -- Detecting CXX compiler ABI info - done
[3.851s] -- Check for working CXX compiler: /usr/bin/c++ - skipped
[3.859s] -- Detecting CXX compile features
[3.861s] -- Detecting CXX compile features - done
[3.885s] -- Found ament_cmake: 1.3.6 (/opt/ros/humble/install/share/ament_cmake/cmake)
[12.882s] -- Found Python3: /usr/bin/python3.8 (found version "3.8.10") found components: Interpreter 
[13.210s] -- Override CMake install command with custom implementation using symlinks instead of copying resources
[13.449s] -- Found rclcpp: 16.0.6 (/opt/ros/humble/install/share/rclcpp/cmake)
[13.927s] -- Found rosidl_generator_c: 3.1.5 (/opt/ros/humble/install/share/rosidl_generator_c/cmake)
[13.955s] -- Found rosidl_adapter: 3.1.5 (/opt/ros/humble/install/share/rosidl_adapter/cmake)
[14.018s] -- Found rosidl_generator_cpp: 3.1.5 (/opt/ros/humble/install/share/rosidl_generator_cpp/cmake)
[14.135s] -- Using all available rosidl_typesupport_c: rosidl_typesupport_fastrtps_c;rosidl_typesupport_introspection_c
[14.291s] -- Using all available rosidl_typesupport_cpp: rosidl_typesupport_fastrtps_cpp;rosidl_typesupport_introspection_cpp
[14.952s] -- Found rmw_implementation_cmake: 6.1.1 (/opt/ros/humble/install/share/rmw_implementation_cmake/cmake)
[14.972s] -- Found rmw_cyclonedds_cpp: 1.3.4 (/opt/ros/humble/install/share/rmw_cyclonedds_cpp/cmake)
[15.225s] -- Using RMW implementation 'rmw_cyclonedds_cpp' as default
[15.295s] -- Performing Test CMAKE_HAVE_LIBC_PTHREAD
[15.885s] -- Performing Test CMAKE_HAVE_LIBC_PTHREAD - Failed
[15.886s] -- Looking for pthread_create in pthreads
[16.249s] -- Looking for pthread_create in pthreads - not found
[16.249s] -- Looking for pthread_create in pthread
[16.738s] -- Looking for pthread_create in pthread - found
[16.747s] -- Found Threads: TRUE  
[17.890s] -- Found sensor_msgs: 4.2.3 (/opt/ros/humble/install/share/sensor_msgs/cmake)
[18.749s] -- Found image_transport: 3.1.7 (/opt/ros/humble/install/share/image_transport/cmake)
[19.032s] -- Found cv_bridge: 3.2.1 (/opt/ros/humble/install/share/cv_bridge/cmake)
[19.059s] [33mCMake Warning (dev) at /usr/lib/cmake/opencv4/OpenCVConfig.cmake:86 (find_package):
[19.060s]   Policy CMP0146 is not set: The FindCUDA module is removed.  Run "cmake
[19.060s]   --help-policy CMP0146" for policy details.  Use the cmake_policy command to
[19.061s]   set the policy and suppress this warning.
[19.061s] 
[19.062s] Call Stack (most recent call first):
[19.062s]   /usr/lib/cmake/opencv4/OpenCVConfig.cmake:108 (find_host_package)
[19.062s]   /opt/ros/humble/install/share/cv_bridge/cmake/ament_cmake_export_dependencies-extras.cmake:21 (find_package)
[19.063s]   /opt/ros/humble/install/share/cv_bridge/cmake/cv_bridgeConfig.cmake:41 (include)
[19.063s]   CMakeLists.txt:18 (find_package)
[19.064s] This warning is for project developers.  Use -Wno-dev to suppress it.
[19.064s] [0m
[19.224s] -- Found CUDA: /usr/local/cuda (found suitable exact version "11.4") 
[19.368s] -- Found OpenCV: /usr (found version "4.5.0") found components: core imgproc imgcodecs 
[19.387s] -- Found OpenCV: /usr (found version "4.5.0") found components: cudaimgproc cudawarping 
[19.424s] -- Found ament_lint_auto: 0.12.8 (/opt/ros/humble/install/share/ament_lint_auto/cmake)
[20.225s] -- Added test 'copyright' to check source files copyright and LICENSE
[20.237s] -- Added test 'cppcheck' to perform static code analysis on C / C++ code
[20.239s] -- Configured cppcheck include dirs: /root/bridges/jetson_workspace/src/qr_detector/include
[20.243s] -- Configured cppcheck exclude dirs and/or files: 
[20.253s] -- Added test 'cpplint' to check C / C++ code against the Google style
[20.254s] -- Configured cpplint exclude dirs and/or files: 
[20.260s] -- Added test 'flake8' to check Python code syntax and style conventions
[20.264s] -- Added test 'lint_cmake' to check CMake code style
[20.271s] -- Added test 'pep257' to check Python code against some of the docstring style conventions in PEP 257
[20.281s] -- Added test 'uncrustify' to check C / C++ code style
[20.281s] -- Configured uncrustify additional arguments: 
[20.284s] -- Added test 'xmllint' to check XML markup files
[20.299s] -- Configuring done (19.1s)
[20.460s] -- Generating done (0.1s)
[20.471s] -- Build files have been written to: /root/bridges/jetson_workspace/build/qr_detector
[20.661s] Invoked command in '/root/bridges/jetson_workspace/build/qr_detector' returned '0': CMAKE_PREFIX_PATH=/root/bridges/jetson_workspace/install/px4_msgs:/root/bridges/jetson_workspace/install/video_recorder_pkg:/root/bridges/jetson_workspace/install/siha_camera_pkg:/root/bridges/jetson_workspace/install/qr_detector:/root/bridges/jetson_workspace/install/px4_ros_com:/root/bridges/jetson_workspace/install/pkg_srv:/root/bridges/jetson_workspace/install/atmaca_vision:/root/bridges/jetson_workspace/install/pars_msgs:/opt/ros/humble/install LD_LIBRARY_PATH=/root/bridges/jetson_workspace/install/px4_msgs/lib:/root/bridges/jetson_workspace/install/px4_ros_com/lib:/root/bridges/jetson_workspace/install/pkg_srv/lib:/root/bridges/jetson_workspace/install/pars_msgs/lib:/opt/ros/humble/install/opt/rviz_ogre_vendor/lib:/opt/ros/humble/install/lib:/usr/local/cuda/lib64:/root/bridges/jetson_workspace/onnxruntime-linux-aarch64-1.16.3/lib PS1=\[\033[1;31m\]\u@\h\[\033[0m\]:\[\033[1;34m\]\w\[\033[0m\]# PYTHONPATH=/root/bridges/jetson_workspace/install/px4_msgs/lib/python3.8/site-packages:/root/bridges/jetson_workspace/install/px4_ros_com/lib/python3.8/site-packages:/root/bridges/jetson_workspace/install/pkg_srv/lib/python3.8/site-packages:/root/bridges/jetson_workspace/install/pars_msgs/lib/python3.8/site-packages:/opt/ros/humble/install/lib/python3.8/site-packages /usr/local/bin/cmake /root/bridges/jetson_workspace/src/qr_detector -DAMENT_CMAKE_SYMLINK_INSTALL=1 -DCMAKE_INSTALL_PREFIX=/root/bridges/jetson_workspace/install/qr_detector
[20.693s] Invoking command in '/root/bridges/jetson_workspace/build/qr_detector': CMAKE_PREFIX_PATH=/root/bridges/jetson_workspace/install/px4_msgs:/root/bridges/jetson_workspace/install/video_recorder_pkg:/root/bridges/jetson_workspace/install/siha_camera_pkg:/root/bridges/jetson_workspace/install/qr_detector:/root/bridges/jetson_workspace/install/px4_ros_com:/root/bridges/jetson_workspace/install/pkg_srv:/root/bridges/jetson_workspace/install/atmaca_vision:/root/bridges/jetson_workspace/install/pars_msgs:/opt/ros/humble/install LD_LIBRARY_PATH=/root/bridges/jetson_workspace/install/px4_msgs/lib:/root/bridges/jetson_workspace/install/px4_ros_com/lib:/root/bridges/jetson_workspace/install/pkg_srv/lib:/root/bridges/jetson_workspace/install/pars_msgs/lib:/opt/ros/humble/install/opt/rviz_ogre_vendor/lib:/opt/ros/humble/install/lib:/usr/local/cuda/lib64:/root/bridges/jetson_workspace/onnxruntime-linux-aarch64-1.16.3/lib PS1=\[\033[1;31m\]\u@\h\[\033[0m\]:\[\033[1;34m\]\w\[\033[0m\]# PYTHONPATH=/root/bridges/jetson_workspace/install/px4_msgs/lib/python3.8/site-packages:/root/bridges/jetson_workspace/install/px4_ros_com/lib/python3.8/site-packages:/root/bridges/jetson_workspace/install/pkg_srv/lib/python3.8/site-packages:/root/bridges/jetson_workspace/install/pars_msgs/lib/python3.8/site-packages:/opt/ros/humble/install/lib/python3.8/site-packages /usr/local/bin/cmake --build /root/bridges/jetson_workspace/build/qr_detector -- -j4 -l4
[21.056s] [ 50%] [32mBuilding CXX object CMakeFiles/qr_detection_node.dir/src/qr_detection_node.cpp.o[0m
[103.565s] [100%] [32m[1mLinking CXX executable qr_detection_node[0m
[107.569s] [100%] Built target qr_detection_node
[107.718s] Invoked command in '/root/bridges/jetson_workspace/build/qr_detector' returned '0': CMAKE_PREFIX_PATH=/root/bridges/jetson_workspace/install/px4_msgs:/root/bridges/jetson_workspace/install/video_recorder_pkg:/root/bridges/jetson_workspace/install/siha_camera_pkg:/root/bridges/jetson_workspace/install/qr_detector:/root/bridges/jetson_workspace/install/px4_ros_com:/root/bridges/jetson_workspace/install/pkg_srv:/root/bridges/jetson_workspace/install/atmaca_vision:/root/bridges/jetson_workspace/install/pars_msgs:/opt/ros/humble/install LD_LIBRARY_PATH=/root/bridges/jetson_workspace/install/px4_msgs/lib:/root/bridges/jetson_workspace/install/px4_ros_com/lib:/root/bridges/jetson_workspace/install/pkg_srv/lib:/root/bridges/jetson_workspace/install/pars_msgs/lib:/opt/ros/humble/install/opt/rviz_ogre_vendor/lib:/opt/ros/humble/install/lib:/usr/local/cuda/lib64:/root/bridges/jetson_workspace/onnxruntime-linux-aarch64-1.16.3/lib PS1=\[\033[1;31m\]\u@\h\[\033[0m\]:\[\033[1;34m\]\w\[\033[0m\]# PYTHONPATH=/root/bridges/jetson_workspace/install/px4_msgs/lib/python3.8/site-packages:/root/bridges/jetson_workspace/install/px4_ros_com/lib/python3.8/site-packages:/root/bridges/jetson_workspace/install/pkg_srv/lib/python3.8/site-packages:/root/bridges/jetson_workspace/install/pars_msgs/lib/python3.8/site-packages:/opt/ros/humble/install/lib/python3.8/site-packages /usr/local/bin/cmake --build /root/bridges/jetson_workspace/build/qr_detector -- -j4 -l4
[108.155s] Invoking command in '/root/bridges/jetson_workspace/build/qr_detector': CMAKE_PREFIX_PATH=/root/bridges/jetson_workspace/install/px4_msgs:/root/bridges/jetson_workspace/install/video_recorder_pkg:/root/bridges/jetson_workspace/install/siha_camera_pkg:/root/bridges/jetson_workspace/install/qr_detector:/root/bridges/jetson_workspace/install/px4_ros_com:/root/bridges/jetson_workspace/install/pkg_srv:/root/bridges/jetson_workspace/install/atmaca_vision:/root/bridges/jetson_workspace/install/pars_msgs:/opt/ros/humble/install LD_LIBRARY_PATH=/root/bridges/jetson_workspace/install/px4_msgs/lib:/root/bridges/jetson_workspace/install/px4_ros_com/lib:/root/bridges/jetson_workspace/install/pkg_srv/lib:/root/bridges/jetson_workspace/install/pars_msgs/lib:/opt/ros/humble/install/opt/rviz_ogre_vendor/lib:/opt/ros/humble/install/lib:/usr/local/cuda/lib64:/root/bridges/jetson_workspace/onnxruntime-linux-aarch64-1.16.3/lib PS1=\[\033[1;31m\]\u@\h\[\033[0m\]:\[\033[1;34m\]\w\[\033[0m\]# PYTHONPATH=/root/bridges/jetson_workspace/install/px4_msgs/lib/python3.8/site-packages:/root/bridges/jetson_workspace/install/px4_ros_com/lib/python3.8/site-packages:/root/bridges/jetson_workspace/install/pkg_srv/lib/python3.8/site-packages:/root/bridges/jetson_workspace/install/pars_msgs/lib/python3.8/site-packages:/opt/ros/humble/install/lib/python3.8/site-packages /usr/local/bin/cmake --install /root/bridges/jetson_workspace/build/qr_detector
[108.358s] -- Install configuration: ""
[108.365s] -- Execute custom install script
[108.370s] -- Symlinking: /root/bridges/jetson_workspace/install/qr_detector/lib/qr_detector/qr_detection_node
[108.396s] -- Symlinking: /root/bridges/jetson_workspace/install/qr_detector/share/qr_detector//launch/qr_detection.launch.py
[108.417s] -- Symlinking: /root/bridges/jetson_workspace/install/qr_detector/share/ament_index/resource_index/package_run_dependencies/qr_detector
[108.439s] -- Symlinking: /root/bridges/jetson_workspace/install/qr_detector/share/ament_index/resource_index/parent_prefix_path/qr_detector
[108.460s] -- Symlinking: /root/bridges/jetson_workspace/install/qr_detector/share/qr_detector/environment/ament_prefix_path.sh
[108.479s] -- Symlinking: /root/bridges/jetson_workspace/install/qr_detector/share/qr_detector/environment/ament_prefix_path.dsv
[108.501s] -- Symlinking: /root/bridges/jetson_workspace/install/qr_detector/share/qr_detector/environment/path.sh
[108.524s] -- Symlinking: /root/bridges/jetson_workspace/install/qr_detector/share/qr_detector/environment/path.dsv
[108.546s] -- Symlinking: /root/bridges/jetson_workspace/install/qr_detector/share/qr_detector/local_setup.bash
[108.566s] -- Symlinking: /root/bridges/jetson_workspace/install/qr_detector/share/qr_detector/local_setup.sh
[108.586s] -- Symlinking: /root/bridges/jetson_workspace/install/qr_detector/share/qr_detector/local_setup.zsh
[108.608s] -- Symlinking: /root/bridges/jetson_workspace/install/qr_detector/share/qr_detector/local_setup.dsv
[108.773s] -- Symlinking: /root/bridges/jetson_workspace/install/qr_detector/share/qr_detector/package.dsv
[108.806s] -- Symlinking: /root/bridges/jetson_workspace/install/qr_detector/share/ament_index/resource_index/packages/qr_detector
[108.832s] -- Symlinking: /root/bridges/jetson_workspace/install/qr_detector/share/qr_detector/cmake/qr_detectorConfig.cmake
[108.853s] -- Symlinking: /root/bridges/jetson_workspace/install/qr_detector/share/qr_detector/cmake/qr_detectorConfig-version.cmake
[108.873s] -- Symlinking: /root/bridges/jetson_workspace/install/qr_detector/share/qr_detector/package.xml
[108.934s] Invoked command in '/root/bridges/jetson_workspace/build/qr_detector' returned '0': CMAKE_PREFIX_PATH=/root/bridges/jetson_workspace/install/px4_msgs:/root/bridges/jetson_workspace/install/video_recorder_pkg:/root/bridges/jetson_workspace/install/siha_camera_pkg:/root/bridges/jetson_workspace/install/qr_detector:/root/bridges/jetson_workspace/install/px4_ros_com:/root/bridges/jetson_workspace/install/pkg_srv:/root/bridges/jetson_workspace/install/atmaca_vision:/root/bridges/jetson_workspace/install/pars_msgs:/opt/ros/humble/install LD_LIBRARY_PATH=/root/bridges/jetson_workspace/install/px4_msgs/lib:/root/bridges/jetson_workspace/install/px4_ros_com/lib:/root/bridges/jetson_workspace/install/pkg_srv/lib:/root/bridges/jetson_workspace/install/pars_msgs/lib:/opt/ros/humble/install/opt/rviz_ogre_vendor/lib:/opt/ros/humble/install/lib:/usr/local/cuda/lib64:/root/bridges/jetson_workspace/onnxruntime-linux-aarch64-1.16.3/lib PS1=\[\033[1;31m\]\u@\h\[\033[0m\]:\[\033[1;34m\]\w\[\033[0m\]# PYTHONPATH=/root/bridges/jetson_workspace/install/px4_msgs/lib/python3.8/site-packages:/root/bridges/jetson_workspace/install/px4_ros_com/lib/python3.8/site-packages:/root/bridges/jetson_workspace/install/pkg_srv/lib/python3.8/site-packages:/root/bridges/jetson_workspace/install/pars_msgs/lib/python3.8/site-packages:/opt/ros/humble/install/lib/python3.8/site-packages /usr/local/bin/cmake --install /root/bridges/jetson_workspace/build/qr_detector
