[0.447s] Invoking command in '/root/bridges/jetson_workspace/build/atmaca_vision': CMAKE_PREFIX_PATH=/root/bridges/jetson_workspace/install/pars_msgs:/root/bridges/jetson_workspace/install/atmaca_vision:/opt/ros/humble/install LD_LIBRARY_PATH=/root/bridges/jetson_workspace/install/pars_msgs/lib:/opt/ros/humble/install/opt/rviz_ogre_vendor/lib:/opt/ros/humble/install/lib:/usr/local/cuda/lib64:/root/bridges/jetson_workspace/onnxruntime-linux-aarch64-1.16.3/lib PS1=\[\033[1;31m\]\u@\h\[\033[0m\]:\[\033[1;34m\]\w\[\033[0m\]# /usr/local/bin/cmake --build /root/bridges/jetson_workspace/build/atmaca_vision -- -j6 -l6
[0.856s] [ 50%] Built target qr_detector_node
[0.857s] [ 66%] Built target camera_publisher_node
[0.879s] [ 83%] [32mBuilding CXX object CMakeFiles/target_detection_node.dir/src/target_detection_node.cpp.o[0m
[23.507s] In file included from [01m[K/root/bridges/jetson_workspace/onnxruntime-linux-aarch64-1.16.3/include/onnxruntime_cxx_api.h:26[m[K,
[23.508s]                  from [01m[K/root/bridges/jetson_workspace/src/atmaca_vision/src/target_detection_node.hpp:10[m[K,
[23.508s]                  from [01m[K/root/bridges/jetson_workspace/src/atmaca_vision/src/target_detection_node.cpp:1[m[K:
[23.509s] [01m[K/root/bridges/jetson_workspace/onnxruntime-linux-aarch64-1.16.3/include/onnxruntime_c_api.h:276:23:[m[K [01;35m[Kwarning: [m[Kextra ‘[01m[K;[m[K’ [[01;35m[K-Wpedantic[m[K]
[23.509s]   276 | ORT_RUNTIME_CLASS(Env)[01;35m[K;[m[K
[23.509s]       |                       [01;35m[K^[m[K
[23.510s] [01m[K/root/bridges/jetson_workspace/onnxruntime-linux-aarch64-1.16.3/include/onnxruntime_c_api.h:277:26:[m[K [01;35m[Kwarning: [m[Kextra ‘[01m[K;[m[K’ [[01;35m[K-Wpedantic[m[K]
[23.510s]   277 | ORT_RUNTIME_CLASS(Status)[01;35m[K;[m[K  // nullptr for Status* indicates success
[23.511s]       |                          [01;35m[K^[m[K
[23.511s] [01m[K/root/bridges/jetson_workspace/onnxruntime-linux-aarch64-1.16.3/include/onnxruntime_c_api.h:278:30:[m[K [01;35m[Kwarning: [m[Kextra ‘[01m[K;[m[K’ [[01;35m[K-Wpedantic[m[K]
[23.512s]   278 | ORT_RUNTIME_CLASS(MemoryInfo)[01;35m[K;[m[K
[23.512s]       |                              [01;35m[K^[m[K
[23.512s] [01m[K/root/bridges/jetson_workspace/onnxruntime-linux-aarch64-1.16.3/include/onnxruntime_c_api.h:279:29:[m[K [01;35m[Kwarning: [m[Kextra ‘[01m[K;[m[K’ [[01;35m[K-Wpedantic[m[K]
[23.513s]   279 | ORT_RUNTIME_CLASS(IoBinding)[01;35m[K;[m[K
[23.513s]       |                             [01;35m[K^[m[K
[23.514s] [01m[K/root/bridges/jetson_workspace/onnxruntime-linux-aarch64-1.16.3/include/onnxruntime_c_api.h:280:27:[m[K [01;35m[Kwarning: [m[Kextra ‘[01m[K;[m[K’ [[01;35m[K-Wpedantic[m[K]
[23.514s]   280 | ORT_RUNTIME_CLASS(Session)[01;35m[K;[m[K  // Don't call ReleaseSession from Dllmain (because session owns a thread pool)
[23.515s]       |                           [01;35m[K^[m[K
[23.515s] [01m[K/root/bridges/jetson_workspace/onnxruntime-linux-aarch64-1.16.3/include/onnxruntime_c_api.h:281:25:[m[K [01;35m[Kwarning: [m[Kextra ‘[01m[K;[m[K’ [[01;35m[K-Wpedantic[m[K]
[23.515s]   281 | ORT_RUNTIME_CLASS(Value)[01;35m[K;[m[K
[23.516s]       |                         [01;35m[K^[m[K
[23.516s] [01m[K/root/bridges/jetson_workspace/onnxruntime-linux-aarch64-1.16.3/include/onnxruntime_c_api.h:282:30:[m[K [01;35m[Kwarning: [m[Kextra ‘[01m[K;[m[K’ [[01;35m[K-Wpedantic[m[K]
[23.517s]   282 | ORT_RUNTIME_CLASS(RunOptions)[01;35m[K;[m[K
[23.517s]       |                              [01;35m[K^[m[K
[23.518s] [01m[K/root/bridges/jetson_workspace/onnxruntime-linux-aarch64-1.16.3/include/onnxruntime_c_api.h:283:28:[m[K [01;35m[Kwarning: [m[Kextra ‘[01m[K;[m[K’ [[01;35m[K-Wpedantic[m[K]
[23.518s]   283 | ORT_RUNTIME_CLASS(TypeInfo)[01;35m[K;[m[K
[23.518s]       |                            [01;35m[K^[m[K
[23.519s] [01m[K/root/bridges/jetson_workspace/onnxruntime-linux-aarch64-1.16.3/include/onnxruntime_c_api.h:284:42:[m[K [01;35m[Kwarning: [m[Kextra ‘[01m[K;[m[K’ [[01;35m[K-Wpedantic[m[K]
[23.519s]   284 | ORT_RUNTIME_CLASS(TensorTypeAndShapeInfo)[01;35m[K;[m[K
[23.520s]       |                                          [01;35m[K^[m[K
[23.520s] [01m[K/root/bridges/jetson_workspace/onnxruntime-linux-aarch64-1.16.3/include/onnxruntime_c_api.h:285:31:[m[K [01;35m[Kwarning: [m[Kextra ‘[01m[K;[m[K’ [[01;35m[K-Wpedantic[m[K]
[23.521s]   285 | ORT_RUNTIME_CLASS(MapTypeInfo)[01;35m[K;[m[K
[23.521s]       |                               [01;35m[K^[m[K
[23.521s] [01m[K/root/bridges/jetson_workspace/onnxruntime-linux-aarch64-1.16.3/include/onnxruntime_c_api.h:286:36:[m[K [01;35m[Kwarning: [m[Kextra ‘[01m[K;[m[K’ [[01;35m[K-Wpedantic[m[K]
[23.522s]   286 | ORT_RUNTIME_CLASS(SequenceTypeInfo)[01;35m[K;[m[K
[23.522s]       |                                    [01;35m[K^[m[K
[23.523s] [01m[K/root/bridges/jetson_workspace/onnxruntime-linux-aarch64-1.16.3/include/onnxruntime_c_api.h:287:36:[m[K [01;35m[Kwarning: [m[Kextra ‘[01m[K;[m[K’ [[01;35m[K-Wpedantic[m[K]
[23.523s]   287 | ORT_RUNTIME_CLASS(OptionalTypeInfo)[01;35m[K;[m[K
[23.523s]       |                                    [01;35m[K^[m[K
[23.524s] [01m[K/root/bridges/jetson_workspace/onnxruntime-linux-aarch64-1.16.3/include/onnxruntime_c_api.h:288:34:[m[K [01;35m[Kwarning: [m[Kextra ‘[01m[K;[m[K’ [[01;35m[K-Wpedantic[m[K]
[23.524s]   288 | ORT_RUNTIME_CLASS(SessionOptions)[01;35m[K;[m[K
[23.524s]       |                                  [01;35m[K^[m[K
[23.525s] [01m[K/root/bridges/jetson_workspace/onnxruntime-linux-aarch64-1.16.3/include/onnxruntime_c_api.h:289:34:[m[K [01;35m[Kwarning: [m[Kextra ‘[01m[K;[m[K’ [[01;35m[K-Wpedantic[m[K]
[23.525s]   289 | ORT_RUNTIME_CLASS(CustomOpDomain)[01;35m[K;[m[K
[23.526s]       |                                  [01;35m[K^[m[K
[23.526s] [01m[K/root/bridges/jetson_workspace/onnxruntime-linux-aarch64-1.16.3/include/onnxruntime_c_api.h:290:33:[m[K [01;35m[Kwarning: [m[Kextra ‘[01m[K;[m[K’ [[01;35m[K-Wpedantic[m[K]
[23.527s]   290 | ORT_RUNTIME_CLASS(ModelMetadata)[01;35m[K;[m[K
[23.527s]       |                                 [01;35m[K^[m[K
[23.527s] [01m[K/root/bridges/jetson_workspace/onnxruntime-linux-aarch64-1.16.3/include/onnxruntime_c_api.h:291:36:[m[K [01;35m[Kwarning: [m[Kextra ‘[01m[K;[m[K’ [[01;35m[K-Wpedantic[m[K]
[23.528s]   291 | ORT_RUNTIME_CLASS(ThreadPoolParams)[01;35m[K;[m[K
[23.528s]       |                                    [01;35m[K^[m[K
[23.528s] [01m[K/root/bridges/jetson_workspace/onnxruntime-linux-aarch64-1.16.3/include/onnxruntime_c_api.h:292:36:[m[K [01;35m[Kwarning: [m[Kextra ‘[01m[K;[m[K’ [[01;35m[K-Wpedantic[m[K]
[23.529s]   292 | ORT_RUNTIME_CLASS(ThreadingOptions)[01;35m[K;[m[K
[23.529s]       |                                    [01;35m[K^[m[K
[23.529s] [01m[K/root/bridges/jetson_workspace/onnxruntime-linux-aarch64-1.16.3/include/onnxruntime_c_api.h:293:28:[m[K [01;35m[Kwarning: [m[Kextra ‘[01m[K;[m[K’ [[01;35m[K-Wpedantic[m[K]
[23.530s]   293 | ORT_RUNTIME_CLASS(ArenaCfg)[01;35m[K;[m[K
[23.531s]       |                            [01;35m[K^[m[K
[23.531s] [01m[K/root/bridges/jetson_workspace/onnxruntime-linux-aarch64-1.16.3/include/onnxruntime_c_api.h:294:45:[m[K [01;35m[Kwarning: [m[Kextra ‘[01m[K;[m[K’ [[01;35m[K-Wpedantic[m[K]
[23.531s]   294 | ORT_RUNTIME_CLASS(PrepackedWeightsContainer)[01;35m[K;[m[K
[23.532s]       |                                             [01;35m[K^[m[K
[23.532s] [01m[K/root/bridges/jetson_workspace/onnxruntime-linux-aarch64-1.16.3/include/onnxruntime_c_api.h:295:45:[m[K [01;35m[Kwarning: [m[Kextra ‘[01m[K;[m[K’ [[01;35m[K-Wpedantic[m[K]
[23.532s]   295 | ORT_RUNTIME_CLASS(TensorRTProviderOptionsV2)[01;35m[K;[m[K
[23.533s]       |                                             [01;35m[K^[m[K
[23.533s] [01m[K/root/bridges/jetson_workspace/onnxruntime-linux-aarch64-1.16.3/include/onnxruntime_c_api.h:296:41:[m[K [01;35m[Kwarning: [m[Kextra ‘[01m[K;[m[K’ [[01;35m[K-Wpedantic[m[K]
[23.534s]   296 | ORT_RUNTIME_CLASS(CUDAProviderOptionsV2)[01;35m[K;[m[K
[23.534s]       |                                         [01;35m[K^[m[K
[23.534s] [01m[K/root/bridges/jetson_workspace/onnxruntime-linux-aarch64-1.16.3/include/onnxruntime_c_api.h:297:39:[m[K [01;35m[Kwarning: [m[Kextra ‘[01m[K;[m[K’ [[01;35m[K-Wpedantic[m[K]
[23.535s]   297 | ORT_RUNTIME_CLASS(CANNProviderOptions)[01;35m[K;[m[K
[23.535s]       |                                       [01;35m[K^[m[K
[23.536s] [01m[K/root/bridges/jetson_workspace/onnxruntime-linux-aarch64-1.16.3/include/onnxruntime_c_api.h:298:39:[m[K [01;35m[Kwarning: [m[Kextra ‘[01m[K;[m[K’ [[01;35m[K-Wpedantic[m[K]
[23.536s]   298 | ORT_RUNTIME_CLASS(DnnlProviderOptions)[01;35m[K;[m[K
[23.536s]       |                                       [01;35m[K^[m[K
[23.537s] [01m[K/root/bridges/jetson_workspace/onnxruntime-linux-aarch64-1.16.3/include/onnxruntime_c_api.h:299:22:[m[K [01;35m[Kwarning: [m[Kextra ‘[01m[K;[m[K’ [[01;35m[K-Wpedantic[m[K]
[23.538s]   299 | ORT_RUNTIME_CLASS(Op)[01;35m[K;[m[K
[23.538s]       |                      [01;35m[K^[m[K
[23.539s] [01m[K/root/bridges/jetson_workspace/onnxruntime-linux-aarch64-1.16.3/include/onnxruntime_c_api.h:300:26:[m[K [01;35m[Kwarning: [m[Kextra ‘[01m[K;[m[K’ [[01;35m[K-Wpedantic[m[K]
[23.539s]   300 | ORT_RUNTIME_CLASS(OpAttr)[01;35m[K;[m[K
[23.540s]       |                          [01;35m[K^[m[K
[23.540s] [01m[K/root/bridges/jetson_workspace/onnxruntime-linux-aarch64-1.16.3/include/onnxruntime_c_api.h:301:26:[m[K [01;35m[Kwarning: [m[Kextra ‘[01m[K;[m[K’ [[01;35m[K-Wpedantic[m[K]
[23.540s]   301 | ORT_RUNTIME_CLASS(Logger)[01;35m[K;[m[K
[23.541s]       |                          [01;35m[K^[m[K
[23.581s] In file included from [01m[K/root/bridges/jetson_workspace/src/atmaca_vision/src/target_detection_node.hpp:10[m[K,
[23.582s]                  from [01m[K/root/bridges/jetson_workspace/src/atmaca_vision/src/target_detection_node.cpp:1[m[K:
[23.583s] [01m[K/root/bridges/jetson_workspace/onnxruntime-linux-aarch64-1.16.3/include/onnxruntime_cxx_api.h:505:30:[m[K [01;35m[Kwarning: [m[Kextra ‘[01m[K;[m[K’ [[01;35m[K-Wpedantic[m[K]
[23.585s]   505 | ORT_DEFINE_RELEASE(Allocator)[01;35m[K;[m[K
[23.585s]       |                              [01;35m[K^[m[K
[23.587s] [01m[K/root/bridges/jetson_workspace/onnxruntime-linux-aarch64-1.16.3/include/onnxruntime_cxx_api.h:506:31:[m[K [01;35m[Kwarning: [m[Kextra ‘[01m[K;[m[K’ [[01;35m[K-Wpedantic[m[K]
[23.588s]   506 | ORT_DEFINE_RELEASE(MemoryInfo)[01;35m[K;[m[K
[23.588s]       |                               [01;35m[K^[m[K
[23.589s] [01m[K/root/bridges/jetson_workspace/onnxruntime-linux-aarch64-1.16.3/include/onnxruntime_cxx_api.h:507:35:[m[K [01;35m[Kwarning: [m[Kextra ‘[01m[K;[m[K’ [[01;35m[K-Wpedantic[m[K]
[23.589s]   507 | ORT_DEFINE_RELEASE(CustomOpDomain)[01;35m[K;[m[K
[23.590s]       |                                   [01;35m[K^[m[K
[23.590s] [01m[K/root/bridges/jetson_workspace/onnxruntime-linux-aarch64-1.16.3/include/onnxruntime_cxx_api.h:508:37:[m[K [01;35m[Kwarning: [m[Kextra ‘[01m[K;[m[K’ [[01;35m[K-Wpedantic[m[K]
[23.591s]   508 | ORT_DEFINE_RELEASE(ThreadingOptions)[01;35m[K;[m[K
[23.591s]       |                                     [01;35m[K^[m[K
[23.592s] [01m[K/root/bridges/jetson_workspace/onnxruntime-linux-aarch64-1.16.3/include/onnxruntime_cxx_api.h:509:24:[m[K [01;35m[Kwarning: [m[Kextra ‘[01m[K;[m[K’ [[01;35m[K-Wpedantic[m[K]
[23.592s]   509 | ORT_DEFINE_RELEASE(Env)[01;35m[K;[m[K
[23.592s]       |                        [01;35m[K^[m[K
[23.593s] [01m[K/root/bridges/jetson_workspace/onnxruntime-linux-aarch64-1.16.3/include/onnxruntime_cxx_api.h:510:31:[m[K [01;35m[Kwarning: [m[Kextra ‘[01m[K;[m[K’ [[01;35m[K-Wpedantic[m[K]
[23.593s]   510 | ORT_DEFINE_RELEASE(RunOptions)[01;35m[K;[m[K
[23.594s]       |                               [01;35m[K^[m[K
[23.594s] [01m[K/root/bridges/jetson_workspace/onnxruntime-linux-aarch64-1.16.3/include/onnxruntime_cxx_api.h:511:28:[m[K [01;35m[Kwarning: [m[Kextra ‘[01m[K;[m[K’ [[01;35m[K-Wpedantic[m[K]
[23.594s]   511 | ORT_DEFINE_RELEASE(Session)[01;35m[K;[m[K
[23.595s]       |                            [01;35m[K^[m[K
[23.595s] [01m[K/root/bridges/jetson_workspace/onnxruntime-linux-aarch64-1.16.3/include/onnxruntime_cxx_api.h:512:35:[m[K [01;35m[Kwarning: [m[Kextra ‘[01m[K;[m[K’ [[01;35m[K-Wpedantic[m[K]
[23.596s]   512 | ORT_DEFINE_RELEASE(SessionOptions)[01;35m[K;[m[K
[23.596s]       |                                   [01;35m[K^[m[K
[23.597s] [01m[K/root/bridges/jetson_workspace/onnxruntime-linux-aarch64-1.16.3/include/onnxruntime_cxx_api.h:513:43:[m[K [01;35m[Kwarning: [m[Kextra ‘[01m[K;[m[K’ [[01;35m[K-Wpedantic[m[K]
[23.597s]   513 | ORT_DEFINE_RELEASE(TensorTypeAndShapeInfo)[01;35m[K;[m[K
[23.598s]       |                                           [01;35m[K^[m[K
[23.598s] [01m[K/root/bridges/jetson_workspace/onnxruntime-linux-aarch64-1.16.3/include/onnxruntime_cxx_api.h:514:37:[m[K [01;35m[Kwarning: [m[Kextra ‘[01m[K;[m[K’ [[01;35m[K-Wpedantic[m[K]
[23.599s]   514 | ORT_DEFINE_RELEASE(SequenceTypeInfo)[01;35m[K;[m[K
[23.599s]       |                                     [01;35m[K^[m[K
[23.600s] [01m[K/root/bridges/jetson_workspace/onnxruntime-linux-aarch64-1.16.3/include/onnxruntime_cxx_api.h:515:32:[m[K [01;35m[Kwarning: [m[Kextra ‘[01m[K;[m[K’ [[01;35m[K-Wpedantic[m[K]
[23.600s]   515 | ORT_DEFINE_RELEASE(MapTypeInfo)[01;35m[K;[m[K
[23.601s]       |                                [01;35m[K^[m[K
[23.601s] [01m[K/root/bridges/jetson_workspace/onnxruntime-linux-aarch64-1.16.3/include/onnxruntime_cxx_api.h:516:29:[m[K [01;35m[Kwarning: [m[Kextra ‘[01m[K;[m[K’ [[01;35m[K-Wpedantic[m[K]
[23.602s]   516 | ORT_DEFINE_RELEASE(TypeInfo)[01;35m[K;[m[K
[23.602s]       |                             [01;35m[K^[m[K
[23.603s] [01m[K/root/bridges/jetson_workspace/onnxruntime-linux-aarch64-1.16.3/include/onnxruntime_cxx_api.h:517:26:[m[K [01;35m[Kwarning: [m[Kextra ‘[01m[K;[m[K’ [[01;35m[K-Wpedantic[m[K]
[23.603s]   517 | ORT_DEFINE_RELEASE(Value)[01;35m[K;[m[K
[23.604s]       |                          [01;35m[K^[m[K
[23.604s] [01m[K/root/bridges/jetson_workspace/onnxruntime-linux-aarch64-1.16.3/include/onnxruntime_cxx_api.h:518:34:[m[K [01;35m[Kwarning: [m[Kextra ‘[01m[K;[m[K’ [[01;35m[K-Wpedantic[m[K]
[23.604s]   518 | ORT_DEFINE_RELEASE(ModelMetadata)[01;35m[K;[m[K
[23.605s]       |                                  [01;35m[K^[m[K
[23.605s] [01m[K/root/bridges/jetson_workspace/onnxruntime-linux-aarch64-1.16.3/include/onnxruntime_cxx_api.h:519:30:[m[K [01;35m[Kwarning: [m[Kextra ‘[01m[K;[m[K’ [[01;35m[K-Wpedantic[m[K]
[23.606s]   519 | ORT_DEFINE_RELEASE(IoBinding)[01;35m[K;[m[K
[23.606s]       |                              [01;35m[K^[m[K
[23.607s] [01m[K/root/bridges/jetson_workspace/onnxruntime-linux-aarch64-1.16.3/include/onnxruntime_cxx_api.h:520:29:[m[K [01;35m[Kwarning: [m[Kextra ‘[01m[K;[m[K’ [[01;35m[K-Wpedantic[m[K]
[23.607s]   520 | ORT_DEFINE_RELEASE(ArenaCfg)[01;35m[K;[m[K
[23.608s]       |                             [01;35m[K^[m[K
[23.608s] [01m[K/root/bridges/jetson_workspace/onnxruntime-linux-aarch64-1.16.3/include/onnxruntime_cxx_api.h:521:27:[m[K [01;35m[Kwarning: [m[Kextra ‘[01m[K;[m[K’ [[01;35m[K-Wpedantic[m[K]
[23.608s]   521 | ORT_DEFINE_RELEASE(Status)[01;35m[K;[m[K
[23.609s]       |                           [01;35m[K^[m[K
[23.609s] [01m[K/root/bridges/jetson_workspace/onnxruntime-linux-aarch64-1.16.3/include/onnxruntime_cxx_api.h:522:27:[m[K [01;35m[Kwarning: [m[Kextra ‘[01m[K;[m[K’ [[01;35m[K-Wpedantic[m[K]
[23.610s]   522 | ORT_DEFINE_RELEASE(OpAttr)[01;35m[K;[m[K
[23.611s]       |                           [01;35m[K^[m[K
[23.611s] [01m[K/root/bridges/jetson_workspace/onnxruntime-linux-aarch64-1.16.3/include/onnxruntime_cxx_api.h:523:23:[m[K [01;35m[Kwarning: [m[Kextra ‘[01m[K;[m[K’ [[01;35m[K-Wpedantic[m[K]
[23.612s]   523 | ORT_DEFINE_RELEASE(Op)[01;35m[K;[m[K
[23.612s]       |                       [01;35m[K^[m[K
[23.612s] [01m[K/root/bridges/jetson_workspace/onnxruntime-linux-aarch64-1.16.3/include/onnxruntime_cxx_api.h:524:31:[m[K [01;35m[Kwarning: [m[Kextra ‘[01m[K;[m[K’ [[01;35m[K-Wpedantic[m[K]
[23.613s]   524 | ORT_DEFINE_RELEASE(KernelInfo)[01;35m[K;[m[K
[23.613s]       |                               [01;35m[K^[m[K
[24.587s] [01m[K/root/bridges/jetson_workspace/src/atmaca_vision/src/target_detection_node.cpp:[m[K In member function ‘[01m[Kvoid YoloNode::image_callback(sensor_msgs::msg::Image_<std::allocator<void> >::SharedPtr)[m[K’:
[24.587s] [01m[K/root/bridges/jetson_workspace/src/atmaca_vision/src/target_detection_node.cpp:136:19:[m[K [01;35m[Kwarning: [m[Kcomparison of integer expressions of different signedness: ‘[01m[Kint[m[K’ and ‘[01m[Ksize_t[m[K’ {aka ‘[01m[Klong unsigned int[m[K’} [[01;35m[K-Wsign-compare[m[K]
[24.588s]   136 |         if ([01;35m[Kindex < blob.total()[m[K) {
[24.588s]       |             [01;35m[K~~~~~~^~~~~~~~~~~~~~[m[K
[24.655s] [01m[K/root/bridges/jetson_workspace/src/atmaca_vision/src/target_detection_node.cpp:[m[K In member function ‘[01m[Kstd::vector<Detection> YoloNode::postprocess(const float*, const std::vector<long int, std::allocator<long int> >&, float, const Point2f&)[m[K’:
[24.656s] [01m[K/root/bridges/jetson_workspace/src/atmaca_vision/src/target_detection_node.cpp:188:9:[m[K [01;35m[Kwarning: [m[Kunused variable ‘[01m[Knum_channels[m[K’ [[01;35m[K-Wunused-variable[m[K]
[24.657s]   188 |     int [01;35m[Knum_channels[m[K = shape[1]; // Genellikle 5 (x,y,w,h,score)
[24.657s]       |         [01;35m[K^~~~~~~~~~~~[m[K
[24.658s] [01m[K/root/bridges/jetson_workspace/src/atmaca_vision/src/target_detection_node.cpp:197:9:[m[K [01;35m[Kwarning: [m[Kvariable ‘[01m[Kmax_score_index[m[K’ set but not used [[01;35m[K-Wunused-but-set-variable[m[K]
[24.658s]   197 |     int [01;35m[Kmax_score_index[m[K = -1;
[24.659s]       |         [01;35m[K^~~~~~~~~~~~~~~[m[K
[68.774s] [100%] [32m[1mLinking CXX executable target_detection_node[0m
[72.457s] [100%] Built target target_detection_node
[72.508s] Invoked command in '/root/bridges/jetson_workspace/build/atmaca_vision' returned '0': CMAKE_PREFIX_PATH=/root/bridges/jetson_workspace/install/pars_msgs:/root/bridges/jetson_workspace/install/atmaca_vision:/opt/ros/humble/install LD_LIBRARY_PATH=/root/bridges/jetson_workspace/install/pars_msgs/lib:/opt/ros/humble/install/opt/rviz_ogre_vendor/lib:/opt/ros/humble/install/lib:/usr/local/cuda/lib64:/root/bridges/jetson_workspace/onnxruntime-linux-aarch64-1.16.3/lib PS1=\[\033[1;31m\]\u@\h\[\033[0m\]:\[\033[1;34m\]\w\[\033[0m\]# /usr/local/bin/cmake --build /root/bridges/jetson_workspace/build/atmaca_vision -- -j6 -l6
[72.853s] Invoking command in '/root/bridges/jetson_workspace/build/atmaca_vision': CMAKE_PREFIX_PATH=/root/bridges/jetson_workspace/install/pars_msgs:/root/bridges/jetson_workspace/install/atmaca_vision:/opt/ros/humble/install LD_LIBRARY_PATH=/root/bridges/jetson_workspace/install/pars_msgs/lib:/opt/ros/humble/install/opt/rviz_ogre_vendor/lib:/opt/ros/humble/install/lib:/usr/local/cuda/lib64:/root/bridges/jetson_workspace/onnxruntime-linux-aarch64-1.16.3/lib PS1=\[\033[1;31m\]\u@\h\[\033[0m\]:\[\033[1;34m\]\w\[\033[0m\]# /usr/local/bin/cmake --install /root/bridges/jetson_workspace/build/atmaca_vision
[73.177s] -- Install configuration: ""
[73.182s] -- Up-to-date: /root/bridges/jetson_workspace/install/atmaca_vision/lib/atmaca_vision/camera_publisher_node
[73.191s] -- Up-to-date: /root/bridges/jetson_workspace/install/atmaca_vision/lib/atmaca_vision/qr_detector_node
[73.198s] -- Installing: /root/bridges/jetson_workspace/install/atmaca_vision/lib/atmaca_vision/target_detection_node
[73.250s] -- Set runtime path of "/root/bridges/jetson_workspace/install/atmaca_vision/lib/atmaca_vision/target_detection_node" to ""
[73.252s] -- Up-to-date: /root/bridges/jetson_workspace/install/atmaca_vision/share/ament_index/resource_index/package_run_dependencies/atmaca_vision
[73.253s] -- Up-to-date: /root/bridges/jetson_workspace/install/atmaca_vision/share/ament_index/resource_index/parent_prefix_path/atmaca_vision
[73.254s] -- Up-to-date: /root/bridges/jetson_workspace/install/atmaca_vision/share/atmaca_vision/environment/ament_prefix_path.sh
[73.256s] -- Up-to-date: /root/bridges/jetson_workspace/install/atmaca_vision/share/atmaca_vision/environment/ament_prefix_path.dsv
[73.257s] -- Up-to-date: /root/bridges/jetson_workspace/install/atmaca_vision/share/atmaca_vision/environment/path.sh
[73.257s] -- Up-to-date: /root/bridges/jetson_workspace/install/atmaca_vision/share/atmaca_vision/environment/path.dsv
[73.260s] -- Up-to-date: /root/bridges/jetson_workspace/install/atmaca_vision/share/atmaca_vision/local_setup.bash
[73.261s] -- Up-to-date: /root/bridges/jetson_workspace/install/atmaca_vision/share/atmaca_vision/local_setup.sh
[73.261s] -- Up-to-date: /root/bridges/jetson_workspace/install/atmaca_vision/share/atmaca_vision/local_setup.zsh
[73.262s] -- Up-to-date: /root/bridges/jetson_workspace/install/atmaca_vision/share/atmaca_vision/local_setup.dsv
[73.263s] -- Installing: /root/bridges/jetson_workspace/install/atmaca_vision/share/atmaca_vision/package.dsv
[73.263s] -- Up-to-date: /root/bridges/jetson_workspace/install/atmaca_vision/share/ament_index/resource_index/packages/atmaca_vision
[73.264s] -- Up-to-date: /root/bridges/jetson_workspace/install/atmaca_vision/share/atmaca_vision/cmake/atmaca_visionConfig.cmake
[73.264s] -- Up-to-date: /root/bridges/jetson_workspace/install/atmaca_vision/share/atmaca_vision/cmake/atmaca_visionConfig-version.cmake
[73.265s] -- Up-to-date: /root/bridges/jetson_workspace/install/atmaca_vision/share/atmaca_vision/package.xml
[73.292s] Invoked command in '/root/bridges/jetson_workspace/build/atmaca_vision' returned '0': CMAKE_PREFIX_PATH=/root/bridges/jetson_workspace/install/pars_msgs:/root/bridges/jetson_workspace/install/atmaca_vision:/opt/ros/humble/install LD_LIBRARY_PATH=/root/bridges/jetson_workspace/install/pars_msgs/lib:/opt/ros/humble/install/opt/rviz_ogre_vendor/lib:/opt/ros/humble/install/lib:/usr/local/cuda/lib64:/root/bridges/jetson_workspace/onnxruntime-linux-aarch64-1.16.3/lib PS1=\[\033[1;31m\]\u@\h\[\033[0m\]:\[\033[1;34m\]\w\[\033[0m\]# /usr/local/bin/cmake --install /root/bridges/jetson_workspace/build/atmaca_vision
