[11.222s] DEBUG:colcon:Command line arguments: ['/usr/bin/colcon', 'build', '--symlink-install', '--packages-select', 'atmaca_flight_control']
[11.222s] DEBUG:colcon:Parsed command line arguments: Namespace(ament_cmake_args=None, base_paths=['.'], build_base='build', catkin_cmake_args=None, catkin_skip_building_tests=False, cmake_args=None, cmake_clean_cache=False, cmake_clean_first=False, cmake_force_configure=False, cmake_target=None, cmake_target_skip_unavailable=False, continue_on_error=False, event_handlers=None, executor='parallel', ignore_user_meta=False, install_base='install', log_base=None, log_level=None, main=<bound method BuildVerb.main of <colcon_core.verb.build.BuildVerb object at 0xffff904be310>>, merge_install=False, metas=['./colcon.meta'], packages_above=None, packages_above_and_dependencies=None, packages_above_depth=None, packages_end=None, packages_ignore=None, packages_ignore_regex=None, packages_select=['atmaca_flight_control'], packages_select_build_failed=False, packages_select_by_dep=None, packages_select_regex=None, packages_select_test_failures=False, packages_skip=None, packages_skip_build_finished=False, packages_skip_by_dep=None, packages_skip_regex=None, packages_skip_test_passed=False, packages_skip_up_to=None, packages_start=None, packages_up_to=None, packages_up_to_regex=None, parallel_workers=6, paths=None, symlink_install=True, test_result_base=None, verb_extension=<colcon_core.verb.build.BuildVerb object at 0xffff904be310>, verb_name='build', verb_parser=<colcon_defaults.argument_parser.defaults.DefaultArgumentsDecorator object at 0xffff904bedf0>)
[11.715s] Level 1:colcon.colcon_core.package_discovery:discover_packages(colcon_meta) check parameters
[11.716s] Level 1:colcon.colcon_core.package_discovery:discover_packages(recursive) check parameters
[11.716s] Level 1:colcon.colcon_core.package_discovery:discover_packages(ignore) check parameters
[11.716s] Level 1:colcon.colcon_core.package_discovery:discover_packages(path) check parameters
[11.717s] Level 1:colcon.colcon_core.package_discovery:discover_packages(colcon_meta) discover
[11.717s] Level 1:colcon.colcon_core.package_discovery:discover_packages(recursive) discover
[11.717s] INFO:colcon.colcon_core.package_discovery:Crawling recursively for packages in '/root/bridges/jetson_workspace'
[11.718s] Level 1:colcon.colcon_core.package_identification:_identify(.) by extensions ['ignore', 'ignore_ament_install']
[11.718s] Level 1:colcon.colcon_core.package_identification:_identify(.) by extension 'ignore'
[11.719s] Level 1:colcon.colcon_core.package_identification:_identify(.) by extension 'ignore_ament_install'
[11.719s] Level 1:colcon.colcon_core.package_identification:_identify(.) by extensions ['colcon_pkg']
[11.719s] Level 1:colcon.colcon_core.package_identification:_identify(.) by extension 'colcon_pkg'
[11.719s] Level 1:colcon.colcon_core.package_identification:_identify(.) by extensions ['colcon_meta']
[11.720s] Level 1:colcon.colcon_core.package_identification:_identify(.) by extension 'colcon_meta'
[11.720s] Level 1:colcon.colcon_core.package_identification:_identify(.) by extensions ['ros']
[11.720s] Level 1:colcon.colcon_core.package_identification:_identify(.) by extension 'ros'
[11.793s] Level 1:colcon.colcon_core.package_identification:_identify(.) by extensions ['cmake', 'python']
[11.793s] Level 1:colcon.colcon_core.package_identification:_identify(.) by extension 'cmake'
[11.794s] Level 1:colcon.colcon_core.package_identification:_identify(.) by extension 'python'
[11.794s] Level 1:colcon.colcon_core.package_identification:_identify(.) by extensions ['python_setup_py']
[11.794s] Level 1:colcon.colcon_core.package_identification:_identify(.) by extension 'python_setup_py'
[11.795s] Level 1:colcon.colcon_core.package_identification:_identify(build) by extensions ['ignore', 'ignore_ament_install']
[11.795s] Level 1:colcon.colcon_core.package_identification:_identify(build) by extension 'ignore'
[11.796s] Level 1:colcon.colcon_core.package_identification:_identify(build) ignored
[11.796s] Level 1:colcon.colcon_core.package_identification:_identify(install) by extensions ['ignore', 'ignore_ament_install']
[11.797s] Level 1:colcon.colcon_core.package_identification:_identify(install) by extension 'ignore'
[11.797s] Level 1:colcon.colcon_core.package_identification:_identify(install) ignored
[11.798s] Level 1:colcon.colcon_core.package_identification:_identify(log) by extensions ['ignore', 'ignore_ament_install']
[11.798s] Level 1:colcon.colcon_core.package_identification:_identify(log) by extension 'ignore'
[11.798s] Level 1:colcon.colcon_core.package_identification:_identify(log) ignored
[11.799s] Level 1:colcon.colcon_core.package_identification:_identify(onnxruntime-linux-aarch64-1.16.3) by extensions ['ignore', 'ignore_ament_install']
[11.799s] Level 1:colcon.colcon_core.package_identification:_identify(onnxruntime-linux-aarch64-1.16.3) by extension 'ignore'
[11.799s] Level 1:colcon.colcon_core.package_identification:_identify(onnxruntime-linux-aarch64-1.16.3) by extension 'ignore_ament_install'
[11.800s] Level 1:colcon.colcon_core.package_identification:_identify(onnxruntime-linux-aarch64-1.16.3) by extensions ['colcon_pkg']
[11.800s] Level 1:colcon.colcon_core.package_identification:_identify(onnxruntime-linux-aarch64-1.16.3) by extension 'colcon_pkg'
[11.800s] Level 1:colcon.colcon_core.package_identification:_identify(onnxruntime-linux-aarch64-1.16.3) by extensions ['colcon_meta']
[11.800s] Level 1:colcon.colcon_core.package_identification:_identify(onnxruntime-linux-aarch64-1.16.3) by extension 'colcon_meta'
[11.801s] Level 1:colcon.colcon_core.package_identification:_identify(onnxruntime-linux-aarch64-1.16.3) by extensions ['ros']
[11.801s] Level 1:colcon.colcon_core.package_identification:_identify(onnxruntime-linux-aarch64-1.16.3) by extension 'ros'
[11.801s] Level 1:colcon.colcon_core.package_identification:_identify(onnxruntime-linux-aarch64-1.16.3) by extensions ['cmake', 'python']
[11.802s] Level 1:colcon.colcon_core.package_identification:_identify(onnxruntime-linux-aarch64-1.16.3) by extension 'cmake'
[11.802s] Level 1:colcon.colcon_core.package_identification:_identify(onnxruntime-linux-aarch64-1.16.3) by extension 'python'
[11.802s] Level 1:colcon.colcon_core.package_identification:_identify(onnxruntime-linux-aarch64-1.16.3) by extensions ['python_setup_py']
[11.802s] Level 1:colcon.colcon_core.package_identification:_identify(onnxruntime-linux-aarch64-1.16.3) by extension 'python_setup_py'
[11.803s] Level 1:colcon.colcon_core.package_identification:_identify(onnxruntime-linux-aarch64-1.16.3/include) by extensions ['ignore', 'ignore_ament_install']
[11.803s] Level 1:colcon.colcon_core.package_identification:_identify(onnxruntime-linux-aarch64-1.16.3/include) by extension 'ignore'
[11.804s] Level 1:colcon.colcon_core.package_identification:_identify(onnxruntime-linux-aarch64-1.16.3/include) by extension 'ignore_ament_install'
[11.804s] Level 1:colcon.colcon_core.package_identification:_identify(onnxruntime-linux-aarch64-1.16.3/include) by extensions ['colcon_pkg']
[11.804s] Level 1:colcon.colcon_core.package_identification:_identify(onnxruntime-linux-aarch64-1.16.3/include) by extension 'colcon_pkg'
[11.804s] Level 1:colcon.colcon_core.package_identification:_identify(onnxruntime-linux-aarch64-1.16.3/include) by extensions ['colcon_meta']
[11.804s] Level 1:colcon.colcon_core.package_identification:_identify(onnxruntime-linux-aarch64-1.16.3/include) by extension 'colcon_meta'
[11.805s] Level 1:colcon.colcon_core.package_identification:_identify(onnxruntime-linux-aarch64-1.16.3/include) by extensions ['ros']
[11.805s] Level 1:colcon.colcon_core.package_identification:_identify(onnxruntime-linux-aarch64-1.16.3/include) by extension 'ros'
[11.805s] Level 1:colcon.colcon_core.package_identification:_identify(onnxruntime-linux-aarch64-1.16.3/include) by extensions ['cmake', 'python']
[11.806s] Level 1:colcon.colcon_core.package_identification:_identify(onnxruntime-linux-aarch64-1.16.3/include) by extension 'cmake'
[11.806s] Level 1:colcon.colcon_core.package_identification:_identify(onnxruntime-linux-aarch64-1.16.3/include) by extension 'python'
[11.806s] Level 1:colcon.colcon_core.package_identification:_identify(onnxruntime-linux-aarch64-1.16.3/include) by extensions ['python_setup_py']
[11.806s] Level 1:colcon.colcon_core.package_identification:_identify(onnxruntime-linux-aarch64-1.16.3/include) by extension 'python_setup_py'
[11.807s] Level 1:colcon.colcon_core.package_identification:_identify(onnxruntime-linux-aarch64-1.16.3/lib) by extensions ['ignore', 'ignore_ament_install']
[11.807s] Level 1:colcon.colcon_core.package_identification:_identify(onnxruntime-linux-aarch64-1.16.3/lib) by extension 'ignore'
[11.807s] Level 1:colcon.colcon_core.package_identification:_identify(onnxruntime-linux-aarch64-1.16.3/lib) by extension 'ignore_ament_install'
[11.808s] Level 1:colcon.colcon_core.package_identification:_identify(onnxruntime-linux-aarch64-1.16.3/lib) by extensions ['colcon_pkg']
[11.808s] Level 1:colcon.colcon_core.package_identification:_identify(onnxruntime-linux-aarch64-1.16.3/lib) by extension 'colcon_pkg'
[11.808s] Level 1:colcon.colcon_core.package_identification:_identify(onnxruntime-linux-aarch64-1.16.3/lib) by extensions ['colcon_meta']
[11.808s] Level 1:colcon.colcon_core.package_identification:_identify(onnxruntime-linux-aarch64-1.16.3/lib) by extension 'colcon_meta'
[11.808s] Level 1:colcon.colcon_core.package_identification:_identify(onnxruntime-linux-aarch64-1.16.3/lib) by extensions ['ros']
[11.809s] Level 1:colcon.colcon_core.package_identification:_identify(onnxruntime-linux-aarch64-1.16.3/lib) by extension 'ros'
[11.809s] Level 1:colcon.colcon_core.package_identification:_identify(onnxruntime-linux-aarch64-1.16.3/lib) by extensions ['cmake', 'python']
[11.809s] Level 1:colcon.colcon_core.package_identification:_identify(onnxruntime-linux-aarch64-1.16.3/lib) by extension 'cmake'
[11.809s] Level 1:colcon.colcon_core.package_identification:_identify(onnxruntime-linux-aarch64-1.16.3/lib) by extension 'python'
[11.810s] Level 1:colcon.colcon_core.package_identification:_identify(onnxruntime-linux-aarch64-1.16.3/lib) by extensions ['python_setup_py']
[11.810s] Level 1:colcon.colcon_core.package_identification:_identify(onnxruntime-linux-aarch64-1.16.3/lib) by extension 'python_setup_py'
[11.810s] Level 1:colcon.colcon_core.package_identification:_identify(src) by extensions ['ignore', 'ignore_ament_install']
[11.811s] Level 1:colcon.colcon_core.package_identification:_identify(src) by extension 'ignore'
[11.811s] Level 1:colcon.colcon_core.package_identification:_identify(src) by extension 'ignore_ament_install'
[11.811s] Level 1:colcon.colcon_core.package_identification:_identify(src) by extensions ['colcon_pkg']
[11.811s] Level 1:colcon.colcon_core.package_identification:_identify(src) by extension 'colcon_pkg'
[11.812s] Level 1:colcon.colcon_core.package_identification:_identify(src) by extensions ['colcon_meta']
[11.812s] Level 1:colcon.colcon_core.package_identification:_identify(src) by extension 'colcon_meta'
[11.812s] Level 1:colcon.colcon_core.package_identification:_identify(src) by extensions ['ros']
[11.812s] Level 1:colcon.colcon_core.package_identification:_identify(src) by extension 'ros'
[11.813s] Level 1:colcon.colcon_core.package_identification:_identify(src) by extensions ['cmake', 'python']
[11.813s] Level 1:colcon.colcon_core.package_identification:_identify(src) by extension 'cmake'
[11.813s] Level 1:colcon.colcon_core.package_identification:_identify(src) by extension 'python'
[11.813s] Level 1:colcon.colcon_core.package_identification:_identify(src) by extensions ['python_setup_py']
[11.813s] Level 1:colcon.colcon_core.package_identification:_identify(src) by extension 'python_setup_py'
[11.814s] Level 1:colcon.colcon_core.package_identification:_identify(src/Micro-XRCE-DDS-Agent) by extensions ['ignore', 'ignore_ament_install']
[11.814s] Level 1:colcon.colcon_core.package_identification:_identify(src/Micro-XRCE-DDS-Agent) by extension 'ignore'
[11.815s] Level 1:colcon.colcon_core.package_identification:_identify(src/Micro-XRCE-DDS-Agent) by extension 'ignore_ament_install'
[11.815s] Level 1:colcon.colcon_core.package_identification:_identify(src/Micro-XRCE-DDS-Agent) by extensions ['colcon_pkg']
[11.815s] Level 1:colcon.colcon_core.package_identification:_identify(src/Micro-XRCE-DDS-Agent) by extension 'colcon_pkg'
[11.821s] INFO:colcon.colcon_metadata.metadata.colcon_pkg:Setting type 'cmake' of package 'src/Micro-XRCE-DDS-Agent' from colcon.pkg
[11.821s] INFO:colcon.colcon_metadata.metadata.colcon_pkg:Setting name 'microxrcedds_agent' of package 'src/Micro-XRCE-DDS-Agent' from colcon.pkg
[11.821s] DEBUG:colcon.colcon_core.package_identification:Package 'src/Micro-XRCE-DDS-Agent' with type 'cmake' and name 'microxrcedds_agent'
[11.822s] Level 1:colcon.colcon_core.package_identification:_identify(src/atmaca_flight_control) by extensions ['ignore', 'ignore_ament_install']
[11.822s] Level 1:colcon.colcon_core.package_identification:_identify(src/atmaca_flight_control) by extension 'ignore'
[11.822s] Level 1:colcon.colcon_core.package_identification:_identify(src/atmaca_flight_control) by extension 'ignore_ament_install'
[11.823s] Level 1:colcon.colcon_core.package_identification:_identify(src/atmaca_flight_control) by extensions ['colcon_pkg']
[11.823s] Level 1:colcon.colcon_core.package_identification:_identify(src/atmaca_flight_control) by extension 'colcon_pkg'
[11.823s] Level 1:colcon.colcon_core.package_identification:_identify(src/atmaca_flight_control) by extensions ['colcon_meta']
[11.823s] Level 1:colcon.colcon_core.package_identification:_identify(src/atmaca_flight_control) by extension 'colcon_meta'
[11.824s] Level 1:colcon.colcon_core.package_identification:_identify(src/atmaca_flight_control) by extensions ['ros']
[11.824s] Level 1:colcon.colcon_core.package_identification:_identify(src/atmaca_flight_control) by extension 'ros'
[11.839s] DEBUG:colcon.colcon_core.package_identification:Package 'src/atmaca_flight_control' with type 'ros.ament_cmake' and name 'atmaca_flight_control'
[11.839s] Level 1:colcon.colcon_core.package_identification:_identify(src/atmaca_vision) by extensions ['ignore', 'ignore_ament_install']
[11.840s] Level 1:colcon.colcon_core.package_identification:_identify(src/atmaca_vision) by extension 'ignore'
[11.840s] Level 1:colcon.colcon_core.package_identification:_identify(src/atmaca_vision) by extension 'ignore_ament_install'
[11.840s] Level 1:colcon.colcon_core.package_identification:_identify(src/atmaca_vision) by extensions ['colcon_pkg']
[11.841s] Level 1:colcon.colcon_core.package_identification:_identify(src/atmaca_vision) by extension 'colcon_pkg'
[11.841s] Level 1:colcon.colcon_core.package_identification:_identify(src/atmaca_vision) by extensions ['colcon_meta']
[11.841s] Level 1:colcon.colcon_core.package_identification:_identify(src/atmaca_vision) by extension 'colcon_meta'
[11.841s] Level 1:colcon.colcon_core.package_identification:_identify(src/atmaca_vision) by extensions ['ros']
[11.842s] Level 1:colcon.colcon_core.package_identification:_identify(src/atmaca_vision) by extension 'ros'
[11.846s] DEBUG:colcon.colcon_core.package_identification:Package 'src/atmaca_vision' with type 'ros.ament_cmake' and name 'atmaca_vision'
[11.847s] Level 1:colcon.colcon_core.package_identification:_identify(src/pars_msgs) by extensions ['ignore', 'ignore_ament_install']
[11.847s] Level 1:colcon.colcon_core.package_identification:_identify(src/pars_msgs) by extension 'ignore'
[11.848s] Level 1:colcon.colcon_core.package_identification:_identify(src/pars_msgs) by extension 'ignore_ament_install'
[11.848s] Level 1:colcon.colcon_core.package_identification:_identify(src/pars_msgs) by extensions ['colcon_pkg']
[11.848s] Level 1:colcon.colcon_core.package_identification:_identify(src/pars_msgs) by extension 'colcon_pkg'
[11.848s] Level 1:colcon.colcon_core.package_identification:_identify(src/pars_msgs) by extensions ['colcon_meta']
[11.848s] Level 1:colcon.colcon_core.package_identification:_identify(src/pars_msgs) by extension 'colcon_meta'
[11.849s] Level 1:colcon.colcon_core.package_identification:_identify(src/pars_msgs) by extensions ['ros']
[11.849s] Level 1:colcon.colcon_core.package_identification:_identify(src/pars_msgs) by extension 'ros'
[11.852s] DEBUG:colcon.colcon_core.package_identification:Package 'src/pars_msgs' with type 'ros.ament_cmake' and name 'pars_msgs'
[11.853s] Level 1:colcon.colcon_core.package_identification:_identify(src/pkg_kamikaze) by extensions ['ignore', 'ignore_ament_install']
[11.853s] Level 1:colcon.colcon_core.package_identification:_identify(src/pkg_kamikaze) by extension 'ignore'
[11.854s] Level 1:colcon.colcon_core.package_identification:_identify(src/pkg_kamikaze) by extension 'ignore_ament_install'
[11.854s] Level 1:colcon.colcon_core.package_identification:_identify(src/pkg_kamikaze) by extensions ['colcon_pkg']
[11.854s] Level 1:colcon.colcon_core.package_identification:_identify(src/pkg_kamikaze) by extension 'colcon_pkg'
[11.854s] Level 1:colcon.colcon_core.package_identification:_identify(src/pkg_kamikaze) by extensions ['colcon_meta']
[11.854s] Level 1:colcon.colcon_core.package_identification:_identify(src/pkg_kamikaze) by extension 'colcon_meta'
[11.855s] Level 1:colcon.colcon_core.package_identification:_identify(src/pkg_kamikaze) by extensions ['ros']
[11.855s] Level 1:colcon.colcon_core.package_identification:_identify(src/pkg_kamikaze) by extension 'ros'
[11.859s] DEBUG:colcon.colcon_core.package_identification:Package 'src/pkg_kamikaze' with type 'ros.ament_cmake' and name 'pkg_kamikaze'
[11.859s] Level 1:colcon.colcon_core.package_identification:_identify(src/pkg_srv) by extensions ['ignore', 'ignore_ament_install']
[11.859s] Level 1:colcon.colcon_core.package_identification:_identify(src/pkg_srv) by extension 'ignore'
[11.860s] Level 1:colcon.colcon_core.package_identification:_identify(src/pkg_srv) by extension 'ignore_ament_install'
[11.860s] Level 1:colcon.colcon_core.package_identification:_identify(src/pkg_srv) by extensions ['colcon_pkg']
[11.860s] Level 1:colcon.colcon_core.package_identification:_identify(src/pkg_srv) by extension 'colcon_pkg'
[11.860s] Level 1:colcon.colcon_core.package_identification:_identify(src/pkg_srv) by extensions ['colcon_meta']
[11.860s] Level 1:colcon.colcon_core.package_identification:_identify(src/pkg_srv) by extension 'colcon_meta'
[11.861s] Level 1:colcon.colcon_core.package_identification:_identify(src/pkg_srv) by extensions ['ros']
[11.861s] Level 1:colcon.colcon_core.package_identification:_identify(src/pkg_srv) by extension 'ros'
[11.864s] DEBUG:colcon.colcon_core.package_identification:Package 'src/pkg_srv' with type 'ros.ament_cmake' and name 'pkg_srv'
[11.864s] Level 1:colcon.colcon_core.package_identification:_identify(src/px4_msgs) by extensions ['ignore', 'ignore_ament_install']
[11.865s] Level 1:colcon.colcon_core.package_identification:_identify(src/px4_msgs) by extension 'ignore'
[11.865s] Level 1:colcon.colcon_core.package_identification:_identify(src/px4_msgs) by extension 'ignore_ament_install'
[11.865s] Level 1:colcon.colcon_core.package_identification:_identify(src/px4_msgs) by extensions ['colcon_pkg']
[11.865s] Level 1:colcon.colcon_core.package_identification:_identify(src/px4_msgs) by extension 'colcon_pkg'
[11.866s] Level 1:colcon.colcon_core.package_identification:_identify(src/px4_msgs) by extensions ['colcon_meta']
[11.866s] Level 1:colcon.colcon_core.package_identification:_identify(src/px4_msgs) by extension 'colcon_meta'
[11.866s] Level 1:colcon.colcon_core.package_identification:_identify(src/px4_msgs) by extensions ['ros']
[11.866s] Level 1:colcon.colcon_core.package_identification:_identify(src/px4_msgs) by extension 'ros'
[11.869s] DEBUG:colcon.colcon_core.package_identification:Package 'src/px4_msgs' with type 'ros.ament_cmake' and name 'px4_msgs'
[11.870s] Level 1:colcon.colcon_core.package_identification:_identify(src/px4_ros_com) by extensions ['ignore', 'ignore_ament_install']
[11.870s] Level 1:colcon.colcon_core.package_identification:_identify(src/px4_ros_com) by extension 'ignore'
[11.870s] Level 1:colcon.colcon_core.package_identification:_identify(src/px4_ros_com) by extension 'ignore_ament_install'
[11.870s] Level 1:colcon.colcon_core.package_identification:_identify(src/px4_ros_com) by extensions ['colcon_pkg']
[11.871s] Level 1:colcon.colcon_core.package_identification:_identify(src/px4_ros_com) by extension 'colcon_pkg'
[11.871s] Level 1:colcon.colcon_core.package_identification:_identify(src/px4_ros_com) by extensions ['colcon_meta']
[11.871s] Level 1:colcon.colcon_core.package_identification:_identify(src/px4_ros_com) by extension 'colcon_meta'
[11.871s] Level 1:colcon.colcon_core.package_identification:_identify(src/px4_ros_com) by extensions ['ros']
[11.871s] Level 1:colcon.colcon_core.package_identification:_identify(src/px4_ros_com) by extension 'ros'
[11.872s] Level 1:colcon.colcon_core.package_identification:_identify(src/px4_ros_com) by extensions ['cmake', 'python']
[11.872s] Level 1:colcon.colcon_core.package_identification:_identify(src/px4_ros_com) by extension 'cmake'
[11.872s] Level 1:colcon.colcon_core.package_identification:_identify(src/px4_ros_com) by extension 'python'
[11.873s] Level 1:colcon.colcon_core.package_identification:_identify(src/px4_ros_com) by extensions ['python_setup_py']
[11.873s] Level 1:colcon.colcon_core.package_identification:_identify(src/px4_ros_com) by extension 'python_setup_py'
[11.873s] Level 1:colcon.colcon_core.package_identification:_identify(src/qr_detector) by extensions ['ignore', 'ignore_ament_install']
[11.874s] Level 1:colcon.colcon_core.package_identification:_identify(src/qr_detector) by extension 'ignore'
[11.874s] Level 1:colcon.colcon_core.package_identification:_identify(src/qr_detector) by extension 'ignore_ament_install'
[11.874s] Level 1:colcon.colcon_core.package_identification:_identify(src/qr_detector) by extensions ['colcon_pkg']
[11.874s] Level 1:colcon.colcon_core.package_identification:_identify(src/qr_detector) by extension 'colcon_pkg'
[11.874s] Level 1:colcon.colcon_core.package_identification:_identify(src/qr_detector) by extensions ['colcon_meta']
[11.875s] Level 1:colcon.colcon_core.package_identification:_identify(src/qr_detector) by extension 'colcon_meta'
[11.875s] Level 1:colcon.colcon_core.package_identification:_identify(src/qr_detector) by extensions ['ros']
[11.875s] Level 1:colcon.colcon_core.package_identification:_identify(src/qr_detector) by extension 'ros'
[11.880s] DEBUG:colcon.colcon_core.package_identification:Package 'src/qr_detector' with type 'ros.ament_cmake' and name 'qr_detector'
[11.880s] Level 1:colcon.colcon_core.package_identification:_identify(src/siha_camera_pkg) by extensions ['ignore', 'ignore_ament_install']
[11.880s] Level 1:colcon.colcon_core.package_identification:_identify(src/siha_camera_pkg) by extension 'ignore'
[11.881s] Level 1:colcon.colcon_core.package_identification:_identify(src/siha_camera_pkg) by extension 'ignore_ament_install'
[11.881s] Level 1:colcon.colcon_core.package_identification:_identify(src/siha_camera_pkg) by extensions ['colcon_pkg']
[11.881s] Level 1:colcon.colcon_core.package_identification:_identify(src/siha_camera_pkg) by extension 'colcon_pkg'
[11.881s] Level 1:colcon.colcon_core.package_identification:_identify(src/siha_camera_pkg) by extensions ['colcon_meta']
[11.882s] Level 1:colcon.colcon_core.package_identification:_identify(src/siha_camera_pkg) by extension 'colcon_meta'
[11.882s] Level 1:colcon.colcon_core.package_identification:_identify(src/siha_camera_pkg) by extensions ['ros']
[11.882s] Level 1:colcon.colcon_core.package_identification:_identify(src/siha_camera_pkg) by extension 'ros'
[11.887s] DEBUG:colcon.colcon_core.package_identification:Package 'src/siha_camera_pkg' with type 'ros.ament_cmake' and name 'siha_camera_pkg'
[11.888s] Level 1:colcon.colcon_core.package_identification:_identify(src/video_recorder_pkg) by extensions ['ignore', 'ignore_ament_install']
[11.888s] Level 1:colcon.colcon_core.package_identification:_identify(src/video_recorder_pkg) by extension 'ignore'
[11.888s] Level 1:colcon.colcon_core.package_identification:_identify(src/video_recorder_pkg) by extension 'ignore_ament_install'
[11.888s] Level 1:colcon.colcon_core.package_identification:_identify(src/video_recorder_pkg) by extensions ['colcon_pkg']
[11.889s] Level 1:colcon.colcon_core.package_identification:_identify(src/video_recorder_pkg) by extension 'colcon_pkg'
[11.889s] Level 1:colcon.colcon_core.package_identification:_identify(src/video_recorder_pkg) by extensions ['colcon_meta']
[11.889s] Level 1:colcon.colcon_core.package_identification:_identify(src/video_recorder_pkg) by extension 'colcon_meta'
[11.889s] Level 1:colcon.colcon_core.package_identification:_identify(src/video_recorder_pkg) by extensions ['ros']
[11.889s] Level 1:colcon.colcon_core.package_identification:_identify(src/video_recorder_pkg) by extension 'ros'
[11.893s] DEBUG:colcon.colcon_core.package_identification:Package 'src/video_recorder_pkg' with type 'ros.ament_cmake' and name 'video_recorder_pkg'
[11.893s] Level 1:colcon.colcon_core.package_discovery:discover_packages(recursive) using defaults
[11.894s] Level 1:colcon.colcon_core.package_discovery:discover_packages(ignore) discover
[11.894s] Level 1:colcon.colcon_core.package_discovery:discover_packages(ignore) using defaults
[11.894s] Level 1:colcon.colcon_core.package_discovery:discover_packages(path) discover
[11.894s] Level 1:colcon.colcon_core.package_discovery:discover_packages(path) using defaults
[12.136s] INFO:colcon.colcon_metadata.metadata.colcon_pkg:Updating descriptor of package 'src/Micro-XRCE-DDS-Agent' from colcon.pkg: {'name': 'microxrcedds_agent', 'type': 'cmake', 'dependencies': ['fastcdr', 'fastrtps'], 'cmake-args': ['-DUAGENT_ISOLATED_INSTALL=OFF', '-DUAGENT_USE_SYSTEM_FASTCDR=ON', '-DUAGENT_USE_SYSTEM_FASTDDS=ON']}
[12.222s] INFO:colcon.colcon_core.package_selection:Skipping not selected package 'microxrcedds_agent' in 'src/Micro-XRCE-DDS-Agent'
[12.222s] INFO:colcon.colcon_core.package_selection:Skipping not selected package 'pars_msgs' in 'src/pars_msgs'
[12.222s] INFO:colcon.colcon_core.package_selection:Skipping not selected package 'pkg_srv' in 'src/pkg_srv'
[12.223s] INFO:colcon.colcon_core.package_selection:Skipping not selected package 'px4_msgs' in 'src/px4_msgs'
[12.223s] INFO:colcon.colcon_core.package_selection:Skipping not selected package 'video_recorder_pkg' in 'src/video_recorder_pkg'
[12.223s] INFO:colcon.colcon_core.package_selection:Skipping not selected package 'atmaca_vision' in 'src/atmaca_vision'
[12.223s] INFO:colcon.colcon_core.package_selection:Skipping not selected package 'pkg_kamikaze' in 'src/pkg_kamikaze'
[12.223s] INFO:colcon.colcon_core.package_selection:Skipping not selected package 'qr_detector' in 'src/qr_detector'
[12.223s] INFO:colcon.colcon_core.package_selection:Skipping not selected package 'siha_camera_pkg' in 'src/siha_camera_pkg'
[12.297s] Level 5:colcon.colcon_core.verb:set package 'atmaca_flight_control' build argument 'cmake_args' from command line to 'None'
[12.298s] Level 5:colcon.colcon_core.verb:set package 'atmaca_flight_control' build argument 'cmake_target' from command line to 'None'
[12.298s] Level 5:colcon.colcon_core.verb:set package 'atmaca_flight_control' build argument 'cmake_target_skip_unavailable' from command line to 'False'
[12.298s] Level 5:colcon.colcon_core.verb:set package 'atmaca_flight_control' build argument 'cmake_clean_cache' from command line to 'False'
[12.298s] Level 5:colcon.colcon_core.verb:set package 'atmaca_flight_control' build argument 'cmake_clean_first' from command line to 'False'
[12.299s] Level 5:colcon.colcon_core.verb:set package 'atmaca_flight_control' build argument 'cmake_force_configure' from command line to 'False'
[12.299s] Level 5:colcon.colcon_core.verb:set package 'atmaca_flight_control' build argument 'ament_cmake_args' from command line to 'None'
[12.299s] Level 5:colcon.colcon_core.verb:set package 'atmaca_flight_control' build argument 'catkin_cmake_args' from command line to 'None'
[12.299s] Level 5:colcon.colcon_core.verb:set package 'atmaca_flight_control' build argument 'catkin_skip_building_tests' from command line to 'False'
[12.299s] DEBUG:colcon.colcon_core.verb:Building package 'atmaca_flight_control' with the following arguments: {'ament_cmake_args': None, 'build_base': '/root/bridges/jetson_workspace/build/atmaca_flight_control', 'catkin_cmake_args': None, 'catkin_skip_building_tests': False, 'cmake_args': None, 'cmake_clean_cache': False, 'cmake_clean_first': False, 'cmake_force_configure': False, 'cmake_target': None, 'cmake_target_skip_unavailable': False, 'install_base': '/root/bridges/jetson_workspace/install/atmaca_flight_control', 'merge_install': False, 'path': '/root/bridges/jetson_workspace/src/atmaca_flight_control', 'symlink_install': True, 'test_result_base': None}
[12.370s] INFO:colcon.colcon_core.executor:Executing jobs using 'parallel' executor
[12.447s] DEBUG:colcon.colcon_parallel_executor.executor.parallel:run_until_complete
[12.448s] INFO:colcon.colcon_ros.task.ament_cmake.build:Building ROS package in '/root/bridges/jetson_workspace/src/atmaca_flight_control' with build type 'ament_cmake'
[12.449s] INFO:colcon.colcon_cmake.task.cmake.build:Building CMake package in '/root/bridges/jetson_workspace/src/atmaca_flight_control'
[12.539s] INFO:colcon.colcon_core.plugin_system:Skipping extension 'colcon_core.shell.bat': Not used on non-Windows systems
[12.540s] INFO:colcon.colcon_core.shell:Skip shell extension 'powershell' for command environment: Not usable outside of PowerShell
[12.540s] DEBUG:colcon.colcon_core.shell:Skip shell extension 'dsv' for command environment
[12.913s] DEBUG:colcon.colcon_core.event_handler.log_command:Invoking command in '/root/bridges/jetson_workspace/build/atmaca_flight_control': CMAKE_PREFIX_PATH=/root/bridges/jetson_workspace/install/px4_msgs:/root/bridges/jetson_workspace/install/pars_msgs:/root/bridges/jetson_workspace/install/video_recorder_pkg:/root/bridges/jetson_workspace/install/siha_camera_pkg:/root/bridges/jetson_workspace/install/qr_detector:/root/bridges/jetson_workspace/install/pkg_kamikaze:/root/bridges/jetson_workspace/install/atmaca_flight_control:/root/bridges/jetson_workspace/install/pkg_srv:/root/bridges/jetson_workspace/install/atmaca_vision:/root/bridges/jetson_workspace/install/microxrcedds_agent:/opt/ros/humble/install LD_LIBRARY_PATH=/root/bridges/jetson_workspace/install/px4_msgs/lib:/root/bridges/jetson_workspace/install/pars_msgs/lib:/root/bridges/jetson_workspace/install/pkg_srv/lib:/root/bridges/jetson_workspace/install/microxrcedds_agent/lib:/opt/ros/humble/install/opt/rviz_ogre_vendor/lib:/opt/ros/humble/install/lib:/usr/local/cuda/lib64:/root/bridges/jetson_workspace/onnxruntime-linux-aarch64-1.16.3/lib PS1=\[\033[1;31m\]\u@\h\[\033[0m\]:\[\033[1;34m\]\w\[\033[0m\]# PYTHONPATH=/root/bridges/jetson_workspace/install/px4_msgs/lib/python3.8/site-packages:/root/bridges/jetson_workspace/install/pars_msgs/lib/python3.8/site-packages:/root/bridges/jetson_workspace/install/pkg_srv/lib/python3.8/site-packages:/opt/ros/humble/install/lib/python3.8/site-packages /usr/local/bin/cmake --build /root/bridges/jetson_workspace/build/atmaca_flight_control -- -j6 -l6
[73.188s] DEBUG:colcon.colcon_core.event_handler.log_command:Invoked command in '/root/bridges/jetson_workspace/build/atmaca_flight_control' returned '2': CMAKE_PREFIX_PATH=/root/bridges/jetson_workspace/install/px4_msgs:/root/bridges/jetson_workspace/install/pars_msgs:/root/bridges/jetson_workspace/install/video_recorder_pkg:/root/bridges/jetson_workspace/install/siha_camera_pkg:/root/bridges/jetson_workspace/install/qr_detector:/root/bridges/jetson_workspace/install/pkg_kamikaze:/root/bridges/jetson_workspace/install/atmaca_flight_control:/root/bridges/jetson_workspace/install/pkg_srv:/root/bridges/jetson_workspace/install/atmaca_vision:/root/bridges/jetson_workspace/install/microxrcedds_agent:/opt/ros/humble/install LD_LIBRARY_PATH=/root/bridges/jetson_workspace/install/px4_msgs/lib:/root/bridges/jetson_workspace/install/pars_msgs/lib:/root/bridges/jetson_workspace/install/pkg_srv/lib:/root/bridges/jetson_workspace/install/microxrcedds_agent/lib:/opt/ros/humble/install/opt/rviz_ogre_vendor/lib:/opt/ros/humble/install/lib:/usr/local/cuda/lib64:/root/bridges/jetson_workspace/onnxruntime-linux-aarch64-1.16.3/lib PS1=\[\033[1;31m\]\u@\h\[\033[0m\]:\[\033[1;34m\]\w\[\033[0m\]# PYTHONPATH=/root/bridges/jetson_workspace/install/px4_msgs/lib/python3.8/site-packages:/root/bridges/jetson_workspace/install/pars_msgs/lib/python3.8/site-packages:/root/bridges/jetson_workspace/install/pkg_srv/lib/python3.8/site-packages:/opt/ros/humble/install/lib/python3.8/site-packages /usr/local/bin/cmake --build /root/bridges/jetson_workspace/build/atmaca_flight_control -- -j6 -l6
[73.694s] Level 1:colcon.colcon_core.environment:create_environment_scripts_only(atmaca_flight_control)
[73.899s] Level 1:colcon.colcon_core.environment:checking '/root/bridges/jetson_workspace/install/atmaca_flight_control' for CMake module files
[73.908s] Level 1:colcon.colcon_core.environment:checking '/root/bridges/jetson_workspace/install/atmaca_flight_control' for CMake config files
[73.910s] Level 1:colcon.colcon_core.shell:create_environment_hook('atmaca_flight_control', 'cmake_prefix_path')
[73.991s] INFO:colcon.colcon_core.shell:Creating environment hook '/root/bridges/jetson_workspace/install/atmaca_flight_control/share/atmaca_flight_control/hook/cmake_prefix_path.ps1'
[73.996s] INFO:colcon.colcon_core.shell:Creating environment descriptor '/root/bridges/jetson_workspace/install/atmaca_flight_control/share/atmaca_flight_control/hook/cmake_prefix_path.dsv'
[74.000s] INFO:colcon.colcon_core.shell:Creating environment hook '/root/bridges/jetson_workspace/install/atmaca_flight_control/share/atmaca_flight_control/hook/cmake_prefix_path.sh'
[74.009s] Level 1:colcon.colcon_core.environment:checking '/root/bridges/jetson_workspace/install/atmaca_flight_control/lib'
[74.011s] Level 1:colcon.colcon_core.environment:checking '/root/bridges/jetson_workspace/install/atmaca_flight_control/bin'
[74.012s] Level 1:colcon.colcon_core.environment:checking '/root/bridges/jetson_workspace/install/atmaca_flight_control/lib/pkgconfig/atmaca_flight_control.pc'
[74.017s] Level 1:colcon.colcon_core.environment:checking '/root/bridges/jetson_workspace/install/atmaca_flight_control/lib/python3.8/site-packages'
[74.018s] Level 1:colcon.colcon_core.environment:checking '/root/bridges/jetson_workspace/install/atmaca_flight_control/bin'
[74.100s] INFO:colcon.colcon_core.shell:Creating package script '/root/bridges/jetson_workspace/install/atmaca_flight_control/share/atmaca_flight_control/package.ps1'
[74.105s] INFO:colcon.colcon_core.shell:Creating package descriptor '/root/bridges/jetson_workspace/install/atmaca_flight_control/share/atmaca_flight_control/package.dsv'
[74.108s] INFO:colcon.colcon_core.shell:Creating package script '/root/bridges/jetson_workspace/install/atmaca_flight_control/share/atmaca_flight_control/package.sh'
[74.113s] INFO:colcon.colcon_core.shell:Creating package script '/root/bridges/jetson_workspace/install/atmaca_flight_control/share/atmaca_flight_control/package.bash'
[74.117s] INFO:colcon.colcon_core.shell:Creating package script '/root/bridges/jetson_workspace/install/atmaca_flight_control/share/atmaca_flight_control/package.zsh'
[74.120s] Level 1:colcon.colcon_core.environment:create_file_with_runtime_dependencies(/root/bridges/jetson_workspace/install/atmaca_flight_control/share/colcon-core/packages/atmaca_flight_control)
[74.134s] DEBUG:colcon.colcon_parallel_executor.executor.parallel:closing loop
[74.135s] DEBUG:colcon.colcon_parallel_executor.executor.parallel:loop closed
[74.135s] DEBUG:colcon.colcon_parallel_executor.executor.parallel:run_until_complete finished with '2'
[74.136s] DEBUG:colcon.colcon_core.event_reactor:joining thread
[74.253s] INFO:colcon.colcon_core.plugin_system:Skipping extension 'colcon_notification.desktop_notification.notify_send': Could not find 'notify-send'
[74.254s] INFO:colcon.colcon_core.plugin_system:Skipping extension 'colcon_notification.desktop_notification.terminal_notifier': Not used on non-Darwin systems
[74.254s] INFO:colcon.colcon_core.plugin_system:Skipping extension 'colcon_notification.desktop_notification.win32': Not used on non-Windows systems
[74.255s] INFO:colcon.colcon_notification.desktop_notification:Sending desktop notification using 'notify2'
[74.280s] DEBUG:colcon.colcon_notification.desktop_notification.notify2:Failed to initialize notify2: org.freedesktop.DBus.Error.Spawn.ExecFailed: /usr/bin/dbus-launch terminated abnormally with the following error: No protocol specified
Autolaunch error: X11 initialization failed.

[74.283s] DEBUG:colcon.colcon_core.event_reactor:joined thread
[74.369s] INFO:colcon.colcon_core.shell:Creating prefix script '/root/bridges/jetson_workspace/install/local_setup.ps1'
[74.375s] INFO:colcon.colcon_core.shell:Creating prefix util module '/root/bridges/jetson_workspace/install/_local_setup_util_ps1.py'
[74.382s] INFO:colcon.colcon_core.shell:Creating prefix chain script '/root/bridges/jetson_workspace/install/setup.ps1'
[74.465s] INFO:colcon.colcon_core.shell:Creating prefix script '/root/bridges/jetson_workspace/install/local_setup.sh'
[74.468s] INFO:colcon.colcon_core.shell:Creating prefix util module '/root/bridges/jetson_workspace/install/_local_setup_util_sh.py'
[74.471s] INFO:colcon.colcon_core.shell:Creating prefix chain script '/root/bridges/jetson_workspace/install/setup.sh'
[74.553s] INFO:colcon.colcon_core.shell:Creating prefix script '/root/bridges/jetson_workspace/install/local_setup.bash'
[74.555s] INFO:colcon.colcon_core.shell:Creating prefix chain script '/root/bridges/jetson_workspace/install/setup.bash'
[74.641s] INFO:colcon.colcon_core.shell:Creating prefix script '/root/bridges/jetson_workspace/install/local_setup.zsh'
[74.644s] INFO:colcon.colcon_core.shell:Creating prefix chain script '/root/bridges/jetson_workspace/install/setup.zsh'
