-- The C compiler identification is GNU 9.4.0
-- The CXX compiler identification is GNU 9.4.0
-- Detecting C compiler ABI info
-- Detecting C compiler ABI info - done
-- Check for working C compiler: /usr/bin/cc - skipped
-- Detecting C compile features
-- Detecting C compile features - done
-- Detecting CXX compiler ABI info
-- Detecting CXX compiler ABI info - done
-- Check for working CXX compiler: /usr/bin/c++ - skipped
-- Detecting CXX compile features
-- Detecting CXX compile features - done
-- Found ament_cmake: 1.3.6 (/opt/ros/humble/install/share/ament_cmake/cmake)
-- Found Python3: /usr/bin/python3.8 (found version "3.8.10") found components: Interpreter 
-- Override CMake install command with custom implementation using symlinks instead of copying resources
-- Found rclcpp: 16.0.6 (/opt/ros/humble/install/share/rclcpp/cmake)
-- Found rosidl_generator_c: 3.1.5 (/opt/ros/humble/install/share/rosidl_generator_c/cmake)
-- Found rosidl_adapter: 3.1.5 (/opt/ros/humble/install/share/rosidl_adapter/cmake)
-- Found rosidl_generator_cpp: 3.1.5 (/opt/ros/humble/install/share/rosidl_generator_cpp/cmake)
-- Using all available rosidl_typesupport_c: rosidl_typesupport_fastrtps_c;rosidl_typesupport_introspection_c
-- Using all available rosidl_typesupport_cpp: rosidl_typesupport_fastrtps_cpp;rosidl_typesupport_introspection_cpp
-- Found rmw_implementation_cmake: 6.1.1 (/opt/ros/humble/install/share/rmw_implementation_cmake/cmake)
-- Found rmw_cyclonedds_cpp: 1.3.4 (/opt/ros/humble/install/share/rmw_cyclonedds_cpp/cmake)
-- Using RMW implementation 'rmw_cyclonedds_cpp' as default
-- Performing Test CMAKE_HAVE_LIBC_PTHREAD
-- Performing Test CMAKE_HAVE_LIBC_PTHREAD - Failed
-- Looking for pthread_create in pthreads
-- Looking for pthread_create in pthreads - not found
-- Looking for pthread_create in pthread
-- Looking for pthread_create in pthread - found
-- Found Threads: TRUE  
-- Found px4_msgs: 2.0.1 (/root/bridges/jetson_workspace/install/px4_msgs/share/px4_msgs/cmake)
-- Found tf2_ros: 0.25.4 (/opt/ros/humble/install/share/tf2_ros/cmake)
-- Found tf2_geometry_msgs: 0.25.4 (/opt/ros/humble/install/share/tf2_geometry_msgs/cmake)
-- Found eigen3_cmake_module: 0.1.1 (/opt/ros/humble/install/share/eigen3_cmake_module/cmake)
-- Found Eigen3: TRUE (found version "3.3.7") 
-- Ensuring Eigen3 include directory is part of orocos-kdl CMake target
-- Found ament_lint_auto: 0.12.8 (/opt/ros/humble/install/share/ament_lint_auto/cmake)
-- Added test 'cppcheck' to perform static code analysis on C / C++ code
-- Configured cppcheck include dirs: 
-- Configured cppcheck exclude dirs and/or files: 
-- Added test 'lint_cmake' to check CMake code style
-- Added test 'uncrustify' to check C / C++ code style
-- Configured uncrustify additional arguments: 
-- Added test 'xmllint' to check XML markup files
-- Configuring done (17.4s)
-- Generating done (0.1s)
-- Build files have been written to: /root/bridges/jetson_workspace/build/pkg_kamikaze
[ 50%] [32mBuilding CXX object CMakeFiles/kamikaze.dir/src/kamikaze.cpp.o[0m
[100%] [32m[1mLinking CXX executable kamikaze[0m
[100%] Built target kamikaze
-- Install configuration: ""
-- Execute custom install script
-- Symlinking: /root/bridges/jetson_workspace/install/pkg_kamikaze/lib/pkg_kamikaze/kamikaze
-- Symlinking: /root/bridges/jetson_workspace/install/pkg_kamikaze/share/ament_index/resource_index/package_run_dependencies/pkg_kamikaze
-- Symlinking: /root/bridges/jetson_workspace/install/pkg_kamikaze/share/ament_index/resource_index/parent_prefix_path/pkg_kamikaze
-- Symlinking: /root/bridges/jetson_workspace/install/pkg_kamikaze/share/pkg_kamikaze/environment/ament_prefix_path.sh
-- Symlinking: /root/bridges/jetson_workspace/install/pkg_kamikaze/share/pkg_kamikaze/environment/ament_prefix_path.dsv
-- Symlinking: /root/bridges/jetson_workspace/install/pkg_kamikaze/share/pkg_kamikaze/environment/path.sh
-- Symlinking: /root/bridges/jetson_workspace/install/pkg_kamikaze/share/pkg_kamikaze/environment/path.dsv
-- Symlinking: /root/bridges/jetson_workspace/install/pkg_kamikaze/share/pkg_kamikaze/local_setup.bash
-- Symlinking: /root/bridges/jetson_workspace/install/pkg_kamikaze/share/pkg_kamikaze/local_setup.sh
-- Symlinking: /root/bridges/jetson_workspace/install/pkg_kamikaze/share/pkg_kamikaze/local_setup.zsh
-- Symlinking: /root/bridges/jetson_workspace/install/pkg_kamikaze/share/pkg_kamikaze/local_setup.dsv
-- Symlinking: /root/bridges/jetson_workspace/install/pkg_kamikaze/share/pkg_kamikaze/package.dsv
-- Symlinking: /root/bridges/jetson_workspace/install/pkg_kamikaze/share/ament_index/resource_index/packages/pkg_kamikaze
-- Symlinking: /root/bridges/jetson_workspace/install/pkg_kamikaze/share/pkg_kamikaze/cmake/pkg_kamikazeConfig.cmake
-- Symlinking: /root/bridges/jetson_workspace/install/pkg_kamikaze/share/pkg_kamikaze/cmake/pkg_kamikazeConfig-version.cmake
-- Symlinking: /root/bridges/jetson_workspace/install/pkg_kamikaze/share/pkg_kamikaze/package.xml
