[0.448s] Invoking command in '/root/bridges/jetson_workspace/build/pkg_kamikaze': CMAKE_PREFIX_PATH=/root/bridges/jetson_workspace/install/px4_msgs:/root/bridges/jetson_workspace/install/video_recorder_pkg:/root/bridges/jetson_workspace/install/siha_camera_pkg:/root/bridges/jetson_workspace/install/qr_detector:/root/bridges/jetson_workspace/install/atmaca_flight_control:/root/bridges/jetson_workspace/install/pkg_srv:/root/bridges/jetson_workspace/install/atmaca_vision:/root/bridges/jetson_workspace/install/pars_msgs:/root/bridges/jetson_workspace/install/microxrcedds_agent:/opt/ros/humble/install LD_LIBRARY_PATH=/root/bridges/jetson_workspace/install/px4_msgs/lib:/root/bridges/jetson_workspace/install/pkg_srv/lib:/root/bridges/jetson_workspace/install/pars_msgs/lib:/root/bridges/jetson_workspace/install/microxrcedds_agent/lib:/opt/ros/humble/install/opt/rviz_ogre_vendor/lib:/opt/ros/humble/install/lib:/usr/local/cuda/lib64:/root/bridges/jetson_workspace/onnxruntime-linux-aarch64-1.16.3/lib PS1=\[\033[1;31m\]\u@\h\[\033[0m\]:\[\033[1;34m\]\w\[\033[0m\]# /usr/local/bin/cmake /root/bridges/jetson_workspace/src/pkg_kamikaze -DAMENT_CMAKE_SYMLINK_INSTALL=1 -DCMAKE_INSTALL_PREFIX=/root/bridges/jetson_workspace/install/pkg_kamikaze
[1.109s] -- The C compiler identification is GNU 9.4.0
[1.562s] -- The CXX compiler identification is GNU 9.4.0
[1.721s] -- Detecting C compiler ABI info
[2.209s] -- Detecting C compiler ABI info - done
[2.286s] -- Check for working C compiler: /usr/bin/cc - skipped
[2.288s] -- Detecting C compile features
[2.291s] -- Detecting C compile features - done
[2.395s] -- Detecting CXX compiler ABI info
[2.911s] -- Detecting CXX compiler ABI info - done
[2.985s] -- Check for working CXX compiler: /usr/bin/c++ - skipped
[2.987s] -- Detecting CXX compile features
[2.991s] -- Detecting CXX compile features - done
[3.027s] -- Found ament_cmake: 1.3.6 (/opt/ros/humble/install/share/ament_cmake/cmake)
[10.373s] -- Found Python3: /usr/bin/python3.8 (found version "3.8.10") found components: Interpreter 
[10.670s] -- Override CMake install command with custom implementation using symlinks instead of copying resources
[10.927s] -- Found rclcpp: 16.0.6 (/opt/ros/humble/install/share/rclcpp/cmake)
[11.311s] -- Found rosidl_generator_c: 3.1.5 (/opt/ros/humble/install/share/rosidl_generator_c/cmake)
[11.361s] -- Found rosidl_adapter: 3.1.5 (/opt/ros/humble/install/share/rosidl_adapter/cmake)
[11.439s] -- Found rosidl_generator_cpp: 3.1.5 (/opt/ros/humble/install/share/rosidl_generator_cpp/cmake)
[11.570s] -- Using all available rosidl_typesupport_c: rosidl_typesupport_fastrtps_c;rosidl_typesupport_introspection_c
[11.751s] -- Using all available rosidl_typesupport_cpp: rosidl_typesupport_fastrtps_cpp;rosidl_typesupport_introspection_cpp
[12.322s] -- Found rmw_implementation_cmake: 6.1.1 (/opt/ros/humble/install/share/rmw_implementation_cmake/cmake)
[12.347s] -- Found rmw_cyclonedds_cpp: 1.3.4 (/opt/ros/humble/install/share/rmw_cyclonedds_cpp/cmake)
[12.637s] -- Using RMW implementation 'rmw_cyclonedds_cpp' as default
[12.710s] -- Performing Test CMAKE_HAVE_LIBC_PTHREAD
[13.197s] -- Performing Test CMAKE_HAVE_LIBC_PTHREAD - Failed
[13.198s] -- Looking for pthread_create in pthreads
[13.542s] -- Looking for pthread_create in pthreads - not found
[13.543s] -- Looking for pthread_create in pthread
[13.947s] -- Looking for pthread_create in pthread - found
[13.952s] -- Found Threads: TRUE  
[14.948s] -- Found px4_msgs: 2.0.1 (/root/bridges/jetson_workspace/install/px4_msgs/share/px4_msgs/cmake)
[15.172s] -- Found tf2_ros: 0.25.4 (/opt/ros/humble/install/share/tf2_ros/cmake)
[17.303s] -- Found tf2_geometry_msgs: 0.25.4 (/opt/ros/humble/install/share/tf2_geometry_msgs/cmake)
[17.393s] -- Found eigen3_cmake_module: 0.1.1 (/opt/ros/humble/install/share/eigen3_cmake_module/cmake)
[17.400s] -- Found Eigen3: TRUE (found version "3.3.7") 
[17.401s] -- Ensuring Eigen3 include directory is part of orocos-kdl CMake target
[17.471s] -- Found ament_lint_auto: 0.12.8 (/opt/ros/humble/install/share/ament_lint_auto/cmake)
[17.957s] -- Added test 'cppcheck' to perform static code analysis on C / C++ code
[17.958s] -- Configured cppcheck include dirs: 
[17.958s] -- Configured cppcheck exclude dirs and/or files: 
[17.964s] -- Added test 'lint_cmake' to check CMake code style
[17.974s] -- Added test 'uncrustify' to check C / C++ code style
[17.974s] -- Configured uncrustify additional arguments: 
[17.978s] -- Added test 'xmllint' to check XML markup files
[17.992s] -- Configuring done (17.4s)
[18.102s] -- Generating done (0.1s)
[18.116s] -- Build files have been written to: /root/bridges/jetson_workspace/build/pkg_kamikaze
[18.178s] Invoked command in '/root/bridges/jetson_workspace/build/pkg_kamikaze' returned '0': CMAKE_PREFIX_PATH=/root/bridges/jetson_workspace/install/px4_msgs:/root/bridges/jetson_workspace/install/video_recorder_pkg:/root/bridges/jetson_workspace/install/siha_camera_pkg:/root/bridges/jetson_workspace/install/qr_detector:/root/bridges/jetson_workspace/install/atmaca_flight_control:/root/bridges/jetson_workspace/install/pkg_srv:/root/bridges/jetson_workspace/install/atmaca_vision:/root/bridges/jetson_workspace/install/pars_msgs:/root/bridges/jetson_workspace/install/microxrcedds_agent:/opt/ros/humble/install LD_LIBRARY_PATH=/root/bridges/jetson_workspace/install/px4_msgs/lib:/root/bridges/jetson_workspace/install/pkg_srv/lib:/root/bridges/jetson_workspace/install/pars_msgs/lib:/root/bridges/jetson_workspace/install/microxrcedds_agent/lib:/opt/ros/humble/install/opt/rviz_ogre_vendor/lib:/opt/ros/humble/install/lib:/usr/local/cuda/lib64:/root/bridges/jetson_workspace/onnxruntime-linux-aarch64-1.16.3/lib PS1=\[\033[1;31m\]\u@\h\[\033[0m\]:\[\033[1;34m\]\w\[\033[0m\]# /usr/local/bin/cmake /root/bridges/jetson_workspace/src/pkg_kamikaze -DAMENT_CMAKE_SYMLINK_INSTALL=1 -DCMAKE_INSTALL_PREFIX=/root/bridges/jetson_workspace/install/pkg_kamikaze
[18.200s] Invoking command in '/root/bridges/jetson_workspace/build/pkg_kamikaze': CMAKE_PREFIX_PATH=/root/bridges/jetson_workspace/install/px4_msgs:/root/bridges/jetson_workspace/install/video_recorder_pkg:/root/bridges/jetson_workspace/install/siha_camera_pkg:/root/bridges/jetson_workspace/install/qr_detector:/root/bridges/jetson_workspace/install/atmaca_flight_control:/root/bridges/jetson_workspace/install/pkg_srv:/root/bridges/jetson_workspace/install/atmaca_vision:/root/bridges/jetson_workspace/install/pars_msgs:/root/bridges/jetson_workspace/install/microxrcedds_agent:/opt/ros/humble/install LD_LIBRARY_PATH=/root/bridges/jetson_workspace/install/px4_msgs/lib:/root/bridges/jetson_workspace/install/pkg_srv/lib:/root/bridges/jetson_workspace/install/pars_msgs/lib:/root/bridges/jetson_workspace/install/microxrcedds_agent/lib:/opt/ros/humble/install/opt/rviz_ogre_vendor/lib:/opt/ros/humble/install/lib:/usr/local/cuda/lib64:/root/bridges/jetson_workspace/onnxruntime-linux-aarch64-1.16.3/lib PS1=\[\033[1;31m\]\u@\h\[\033[0m\]:\[\033[1;34m\]\w\[\033[0m\]# /usr/local/bin/cmake --build /root/bridges/jetson_workspace/build/pkg_kamikaze -- -j4 -l4
[18.505s] [ 50%] [32mBuilding CXX object CMakeFiles/kamikaze.dir/src/kamikaze.cpp.o[0m
[20.675s] [01m[K/root/bridges/jetson_workspace/src/pkg_kamikaze/src/kamikaze.cpp:13:40:[m[K [01;35m[Kwarning: [m[Kextra tokens at end of #include directive
[20.676s]    13 | #include <tf2/LinearMath/Quaternion.h> [01;35m[K/[m[K
[20.676s]       |                                        [01;35m[K^[m[K
[92.774s] [100%] [32m[1mLinking CXX executable kamikaze[0m
[96.917s] [100%] Built target kamikaze
[96.982s] Invoked command in '/root/bridges/jetson_workspace/build/pkg_kamikaze' returned '0': CMAKE_PREFIX_PATH=/root/bridges/jetson_workspace/install/px4_msgs:/root/bridges/jetson_workspace/install/video_recorder_pkg:/root/bridges/jetson_workspace/install/siha_camera_pkg:/root/bridges/jetson_workspace/install/qr_detector:/root/bridges/jetson_workspace/install/atmaca_flight_control:/root/bridges/jetson_workspace/install/pkg_srv:/root/bridges/jetson_workspace/install/atmaca_vision:/root/bridges/jetson_workspace/install/pars_msgs:/root/bridges/jetson_workspace/install/microxrcedds_agent:/opt/ros/humble/install LD_LIBRARY_PATH=/root/bridges/jetson_workspace/install/px4_msgs/lib:/root/bridges/jetson_workspace/install/pkg_srv/lib:/root/bridges/jetson_workspace/install/pars_msgs/lib:/root/bridges/jetson_workspace/install/microxrcedds_agent/lib:/opt/ros/humble/install/opt/rviz_ogre_vendor/lib:/opt/ros/humble/install/lib:/usr/local/cuda/lib64:/root/bridges/jetson_workspace/onnxruntime-linux-aarch64-1.16.3/lib PS1=\[\033[1;31m\]\u@\h\[\033[0m\]:\[\033[1;34m\]\w\[\033[0m\]# /usr/local/bin/cmake --build /root/bridges/jetson_workspace/build/pkg_kamikaze -- -j4 -l4
[97.455s] Invoking command in '/root/bridges/jetson_workspace/build/pkg_kamikaze': CMAKE_PREFIX_PATH=/root/bridges/jetson_workspace/install/px4_msgs:/root/bridges/jetson_workspace/install/video_recorder_pkg:/root/bridges/jetson_workspace/install/siha_camera_pkg:/root/bridges/jetson_workspace/install/qr_detector:/root/bridges/jetson_workspace/install/atmaca_flight_control:/root/bridges/jetson_workspace/install/pkg_srv:/root/bridges/jetson_workspace/install/atmaca_vision:/root/bridges/jetson_workspace/install/pars_msgs:/root/bridges/jetson_workspace/install/microxrcedds_agent:/opt/ros/humble/install LD_LIBRARY_PATH=/root/bridges/jetson_workspace/install/px4_msgs/lib:/root/bridges/jetson_workspace/install/pkg_srv/lib:/root/bridges/jetson_workspace/install/pars_msgs/lib:/root/bridges/jetson_workspace/install/microxrcedds_agent/lib:/opt/ros/humble/install/opt/rviz_ogre_vendor/lib:/opt/ros/humble/install/lib:/usr/local/cuda/lib64:/root/bridges/jetson_workspace/onnxruntime-linux-aarch64-1.16.3/lib PS1=\[\033[1;31m\]\u@\h\[\033[0m\]:\[\033[1;34m\]\w\[\033[0m\]# /usr/local/bin/cmake --install /root/bridges/jetson_workspace/build/pkg_kamikaze
[97.606s] -- Install configuration: ""
[97.610s] -- Execute custom install script
[97.613s] -- Symlinking: /root/bridges/jetson_workspace/install/pkg_kamikaze/lib/pkg_kamikaze/kamikaze
[97.633s] -- Symlinking: /root/bridges/jetson_workspace/install/pkg_kamikaze/share/ament_index/resource_index/package_run_dependencies/pkg_kamikaze
[97.653s] -- Symlinking: /root/bridges/jetson_workspace/install/pkg_kamikaze/share/ament_index/resource_index/parent_prefix_path/pkg_kamikaze
[97.673s] -- Symlinking: /root/bridges/jetson_workspace/install/pkg_kamikaze/share/pkg_kamikaze/environment/ament_prefix_path.sh
[97.692s] -- Symlinking: /root/bridges/jetson_workspace/install/pkg_kamikaze/share/pkg_kamikaze/environment/ament_prefix_path.dsv
[97.710s] -- Symlinking: /root/bridges/jetson_workspace/install/pkg_kamikaze/share/pkg_kamikaze/environment/path.sh
[97.728s] -- Symlinking: /root/bridges/jetson_workspace/install/pkg_kamikaze/share/pkg_kamikaze/environment/path.dsv
[97.745s] -- Symlinking: /root/bridges/jetson_workspace/install/pkg_kamikaze/share/pkg_kamikaze/local_setup.bash
[97.763s] -- Symlinking: /root/bridges/jetson_workspace/install/pkg_kamikaze/share/pkg_kamikaze/local_setup.sh
[97.784s] -- Symlinking: /root/bridges/jetson_workspace/install/pkg_kamikaze/share/pkg_kamikaze/local_setup.zsh
[97.802s] -- Symlinking: /root/bridges/jetson_workspace/install/pkg_kamikaze/share/pkg_kamikaze/local_setup.dsv
[97.820s] -- Symlinking: /root/bridges/jetson_workspace/install/pkg_kamikaze/share/pkg_kamikaze/package.dsv
[97.839s] -- Symlinking: /root/bridges/jetson_workspace/install/pkg_kamikaze/share/ament_index/resource_index/packages/pkg_kamikaze
[97.858s] -- Symlinking: /root/bridges/jetson_workspace/install/pkg_kamikaze/share/pkg_kamikaze/cmake/pkg_kamikazeConfig.cmake
[97.876s] -- Symlinking: /root/bridges/jetson_workspace/install/pkg_kamikaze/share/pkg_kamikaze/cmake/pkg_kamikazeConfig-version.cmake
[97.899s] -- Symlinking: /root/bridges/jetson_workspace/install/pkg_kamikaze/share/pkg_kamikaze/package.xml
[97.938s] Invoked command in '/root/bridges/jetson_workspace/build/pkg_kamikaze' returned '0': CMAKE_PREFIX_PATH=/root/bridges/jetson_workspace/install/px4_msgs:/root/bridges/jetson_workspace/install/video_recorder_pkg:/root/bridges/jetson_workspace/install/siha_camera_pkg:/root/bridges/jetson_workspace/install/qr_detector:/root/bridges/jetson_workspace/install/atmaca_flight_control:/root/bridges/jetson_workspace/install/pkg_srv:/root/bridges/jetson_workspace/install/atmaca_vision:/root/bridges/jetson_workspace/install/pars_msgs:/root/bridges/jetson_workspace/install/microxrcedds_agent:/opt/ros/humble/install LD_LIBRARY_PATH=/root/bridges/jetson_workspace/install/px4_msgs/lib:/root/bridges/jetson_workspace/install/pkg_srv/lib:/root/bridges/jetson_workspace/install/pars_msgs/lib:/root/bridges/jetson_workspace/install/microxrcedds_agent/lib:/opt/ros/humble/install/opt/rviz_ogre_vendor/lib:/opt/ros/humble/install/lib:/usr/local/cuda/lib64:/root/bridges/jetson_workspace/onnxruntime-linux-aarch64-1.16.3/lib PS1=\[\033[1;31m\]\u@\h\[\033[0m\]:\[\033[1;34m\]\w\[\033[0m\]# /usr/local/bin/cmake --install /root/bridges/jetson_workspace/build/pkg_kamikaze
