[0.442s] Invoking command in '/root/bridges/jetson_workspace/build/siha_camera_pkg': CMAKE_PREFIX_PATH=/root/bridges/jetson_workspace/install/px4_msgs:/root/bridges/jetson_workspace/install/siha_camera_pkg:/root/bridges/jetson_workspace/install/qr_detector:/root/bridges/jetson_workspace/install/px4_ros_com:/root/bridges/jetson_workspace/install/pkg_srv:/root/bridges/jetson_workspace/install/atmaca_vision:/root/bridges/jetson_workspace/install/pars_msgs:/opt/ros/humble/install LD_LIBRARY_PATH=/root/bridges/jetson_workspace/install/px4_msgs/lib:/root/bridges/jetson_workspace/install/px4_ros_com/lib:/root/bridges/jetson_workspace/install/pkg_srv/lib:/root/bridges/jetson_workspace/install/pars_msgs/lib:/opt/ros/humble/install/opt/rviz_ogre_vendor/lib:/opt/ros/humble/install/lib:/usr/local/cuda/lib64:/root/bridges/jetson_workspace/onnxruntime-linux-aarch64-1.16.3/lib:/root/bridges/jetson_workspace/onnxruntime-linux-aarch64-1.16.3/lib PS1=\[\033[1;31m\]\u@\h\[\033[0m\]:\[\033[1;34m\]\w\[\033[0m\]# PYTHONPATH=/root/bridges/jetson_workspace/install/px4_msgs/lib/python3.8/site-packages:/root/bridges/jetson_workspace/install/px4_ros_com/lib/python3.8/site-packages:/root/bridges/jetson_workspace/install/pkg_srv/lib/python3.8/site-packages:/root/bridges/jetson_workspace/install/pars_msgs/lib/python3.8/site-packages:/opt/ros/humble/install/lib/python3.8/site-packages /usr/local/bin/cmake /root/bridges/jetson_workspace/src/siha_camera_pkg -DAMENT_CMAKE_SYMLINK_INSTALL=1 -DCMAKE_INSTALL_PREFIX=/root/bridges/jetson_workspace/install/siha_camera_pkg
[0.682s] -- Found ament_cmake: 1.3.6 (/opt/ros/humble/install/share/ament_cmake/cmake)
[2.411s] -- Override CMake install command with custom implementation using symlinks instead of copying resources
[2.475s] -- Found rclcpp: 16.0.6 (/opt/ros/humble/install/share/rclcpp/cmake)
[2.736s] -- Found rosidl_generator_c: 3.1.5 (/opt/ros/humble/install/share/rosidl_generator_c/cmake)
[2.764s] -- Found rosidl_adapter: 3.1.5 (/opt/ros/humble/install/share/rosidl_adapter/cmake)
[2.820s] -- Found rosidl_generator_cpp: 3.1.5 (/opt/ros/humble/install/share/rosidl_generator_cpp/cmake)
[2.930s] -- Using all available rosidl_typesupport_c: rosidl_typesupport_fastrtps_c;rosidl_typesupport_introspection_c
[3.069s] -- Using all available rosidl_typesupport_cpp: rosidl_typesupport_fastrtps_cpp;rosidl_typesupport_introspection_cpp
[3.507s] -- Found rmw_implementation_cmake: 6.1.1 (/opt/ros/humble/install/share/rmw_implementation_cmake/cmake)
[3.518s] -- Found rmw_cyclonedds_cpp: 1.3.4 (/opt/ros/humble/install/share/rmw_cyclonedds_cpp/cmake)
[3.723s] -- Using RMW implementation 'rmw_cyclonedds_cpp' as default
[4.614s] -- Found sensor_msgs: 4.2.3 (/opt/ros/humble/install/share/sensor_msgs/cmake)
[5.243s] -- Found cv_bridge: 3.2.1 (/opt/ros/humble/install/share/cv_bridge/cmake)
[5.253s] [33mCMake Warning (dev) at /usr/lib/cmake/opencv4/OpenCVConfig.cmake:86 (find_package):
[5.254s]   Policy CMP0146 is not set: The FindCUDA module is removed.  Run "cmake
[5.254s]   --help-policy CMP0146" for policy details.  Use the cmake_policy command to
[5.254s]   set the policy and suppress this warning.
[5.255s] 
[5.255s] Call Stack (most recent call first):
[5.256s]   /usr/lib/cmake/opencv4/OpenCVConfig.cmake:108 (find_host_package)
[5.256s]   /opt/ros/humble/install/share/cv_bridge/cmake/ament_cmake_export_dependencies-extras.cmake:21 (find_package)
[5.256s]   /opt/ros/humble/install/share/cv_bridge/cmake/cv_bridgeConfig.cmake:41 (include)
[5.257s]   CMakeLists.txt:22 (find_package)
[5.257s] This warning is for project developers.  Use -Wno-dev to suppress it.
[5.257s] [0m
[5.418s] -- Found image_transport: 3.1.7 (/opt/ros/humble/install/share/image_transport/cmake)
[5.663s] -- Found px4_msgs: 2.0.1 (/root/bridges/jetson_workspace/install/px4_msgs/share/px4_msgs/cmake)
[5.877s] -- Found ament_lint_auto: 0.12.8 (/opt/ros/humble/install/share/ament_lint_auto/cmake)
[6.255s] -- Added test 'copyright' to check source files copyright and LICENSE
[6.264s] -- Added test 'cppcheck' to perform static code analysis on C / C++ code
[6.265s] -- Configured cppcheck include dirs: /root/bridges/jetson_workspace/src/siha_camera_pkg/include
[6.265s] -- Configured cppcheck exclude dirs and/or files: 
[6.270s] -- Added test 'cpplint' to check C / C++ code against the Google style
[6.271s] -- Configured cpplint exclude dirs and/or files: 
[6.272s] -- Added test 'flake8' to check Python code syntax and style conventions
[6.275s] -- Added test 'lint_cmake' to check CMake code style
[6.277s] -- Added test 'pep257' to check Python code against some of the docstring style conventions in PEP 257
[6.282s] -- Added test 'uncrustify' to check C / C++ code style
[6.282s] -- Configured uncrustify additional arguments: 
[6.284s] -- Added test 'xmllint' to check XML markup files
[6.293s] -- Configuring done (5.7s)
[6.457s] -- Generating done (0.1s)
[6.469s] -- Build files have been written to: /root/bridges/jetson_workspace/build/siha_camera_pkg
[6.522s] Invoked command in '/root/bridges/jetson_workspace/build/siha_camera_pkg' returned '0': CMAKE_PREFIX_PATH=/root/bridges/jetson_workspace/install/px4_msgs:/root/bridges/jetson_workspace/install/siha_camera_pkg:/root/bridges/jetson_workspace/install/qr_detector:/root/bridges/jetson_workspace/install/px4_ros_com:/root/bridges/jetson_workspace/install/pkg_srv:/root/bridges/jetson_workspace/install/atmaca_vision:/root/bridges/jetson_workspace/install/pars_msgs:/opt/ros/humble/install LD_LIBRARY_PATH=/root/bridges/jetson_workspace/install/px4_msgs/lib:/root/bridges/jetson_workspace/install/px4_ros_com/lib:/root/bridges/jetson_workspace/install/pkg_srv/lib:/root/bridges/jetson_workspace/install/pars_msgs/lib:/opt/ros/humble/install/opt/rviz_ogre_vendor/lib:/opt/ros/humble/install/lib:/usr/local/cuda/lib64:/root/bridges/jetson_workspace/onnxruntime-linux-aarch64-1.16.3/lib:/root/bridges/jetson_workspace/onnxruntime-linux-aarch64-1.16.3/lib PS1=\[\033[1;31m\]\u@\h\[\033[0m\]:\[\033[1;34m\]\w\[\033[0m\]# PYTHONPATH=/root/bridges/jetson_workspace/install/px4_msgs/lib/python3.8/site-packages:/root/bridges/jetson_workspace/install/px4_ros_com/lib/python3.8/site-packages:/root/bridges/jetson_workspace/install/pkg_srv/lib/python3.8/site-packages:/root/bridges/jetson_workspace/install/pars_msgs/lib/python3.8/site-packages:/opt/ros/humble/install/lib/python3.8/site-packages /usr/local/bin/cmake /root/bridges/jetson_workspace/src/siha_camera_pkg -DAMENT_CMAKE_SYMLINK_INSTALL=1 -DCMAKE_INSTALL_PREFIX=/root/bridges/jetson_workspace/install/siha_camera_pkg
[6.538s] Invoking command in '/root/bridges/jetson_workspace/build/siha_camera_pkg': CMAKE_PREFIX_PATH=/root/bridges/jetson_workspace/install/px4_msgs:/root/bridges/jetson_workspace/install/siha_camera_pkg:/root/bridges/jetson_workspace/install/qr_detector:/root/bridges/jetson_workspace/install/px4_ros_com:/root/bridges/jetson_workspace/install/pkg_srv:/root/bridges/jetson_workspace/install/atmaca_vision:/root/bridges/jetson_workspace/install/pars_msgs:/opt/ros/humble/install LD_LIBRARY_PATH=/root/bridges/jetson_workspace/install/px4_msgs/lib:/root/bridges/jetson_workspace/install/px4_ros_com/lib:/root/bridges/jetson_workspace/install/pkg_srv/lib:/root/bridges/jetson_workspace/install/pars_msgs/lib:/opt/ros/humble/install/opt/rviz_ogre_vendor/lib:/opt/ros/humble/install/lib:/usr/local/cuda/lib64:/root/bridges/jetson_workspace/onnxruntime-linux-aarch64-1.16.3/lib:/root/bridges/jetson_workspace/onnxruntime-linux-aarch64-1.16.3/lib PS1=\[\033[1;31m\]\u@\h\[\033[0m\]:\[\033[1;34m\]\w\[\033[0m\]# PYTHONPATH=/root/bridges/jetson_workspace/install/px4_msgs/lib/python3.8/site-packages:/root/bridges/jetson_workspace/install/px4_ros_com/lib/python3.8/site-packages:/root/bridges/jetson_workspace/install/pkg_srv/lib/python3.8/site-packages:/root/bridges/jetson_workspace/install/pars_msgs/lib/python3.8/site-packages:/opt/ros/humble/install/lib/python3.8/site-packages /usr/local/bin/cmake --build /root/bridges/jetson_workspace/build/siha_camera_pkg -- -j4 -l4
[6.935s] [ 50%] [32mBuilding CXX object CMakeFiles/camera_publisher.dir/src/camera_publisher.cpp.o[0m
[97.223s] [100%] [32m[1mLinking CXX executable camera_publisher[0m
[99.179s] [100%] Built target camera_publisher
[99.223s] Invoked command in '/root/bridges/jetson_workspace/build/siha_camera_pkg' returned '0': CMAKE_PREFIX_PATH=/root/bridges/jetson_workspace/install/px4_msgs:/root/bridges/jetson_workspace/install/siha_camera_pkg:/root/bridges/jetson_workspace/install/qr_detector:/root/bridges/jetson_workspace/install/px4_ros_com:/root/bridges/jetson_workspace/install/pkg_srv:/root/bridges/jetson_workspace/install/atmaca_vision:/root/bridges/jetson_workspace/install/pars_msgs:/opt/ros/humble/install LD_LIBRARY_PATH=/root/bridges/jetson_workspace/install/px4_msgs/lib:/root/bridges/jetson_workspace/install/px4_ros_com/lib:/root/bridges/jetson_workspace/install/pkg_srv/lib:/root/bridges/jetson_workspace/install/pars_msgs/lib:/opt/ros/humble/install/opt/rviz_ogre_vendor/lib:/opt/ros/humble/install/lib:/usr/local/cuda/lib64:/root/bridges/jetson_workspace/onnxruntime-linux-aarch64-1.16.3/lib:/root/bridges/jetson_workspace/onnxruntime-linux-aarch64-1.16.3/lib PS1=\[\033[1;31m\]\u@\h\[\033[0m\]:\[\033[1;34m\]\w\[\033[0m\]# PYTHONPATH=/root/bridges/jetson_workspace/install/px4_msgs/lib/python3.8/site-packages:/root/bridges/jetson_workspace/install/px4_ros_com/lib/python3.8/site-packages:/root/bridges/jetson_workspace/install/pkg_srv/lib/python3.8/site-packages:/root/bridges/jetson_workspace/install/pars_msgs/lib/python3.8/site-packages:/opt/ros/humble/install/lib/python3.8/site-packages /usr/local/bin/cmake --build /root/bridges/jetson_workspace/build/siha_camera_pkg -- -j4 -l4
[99.713s] Invoking command in '/root/bridges/jetson_workspace/build/siha_camera_pkg': CMAKE_PREFIX_PATH=/root/bridges/jetson_workspace/install/px4_msgs:/root/bridges/jetson_workspace/install/siha_camera_pkg:/root/bridges/jetson_workspace/install/qr_detector:/root/bridges/jetson_workspace/install/px4_ros_com:/root/bridges/jetson_workspace/install/pkg_srv:/root/bridges/jetson_workspace/install/atmaca_vision:/root/bridges/jetson_workspace/install/pars_msgs:/opt/ros/humble/install LD_LIBRARY_PATH=/root/bridges/jetson_workspace/install/px4_msgs/lib:/root/bridges/jetson_workspace/install/px4_ros_com/lib:/root/bridges/jetson_workspace/install/pkg_srv/lib:/root/bridges/jetson_workspace/install/pars_msgs/lib:/opt/ros/humble/install/opt/rviz_ogre_vendor/lib:/opt/ros/humble/install/lib:/usr/local/cuda/lib64:/root/bridges/jetson_workspace/onnxruntime-linux-aarch64-1.16.3/lib:/root/bridges/jetson_workspace/onnxruntime-linux-aarch64-1.16.3/lib PS1=\[\033[1;31m\]\u@\h\[\033[0m\]:\[\033[1;34m\]\w\[\033[0m\]# PYTHONPATH=/root/bridges/jetson_workspace/install/px4_msgs/lib/python3.8/site-packages:/root/bridges/jetson_workspace/install/px4_ros_com/lib/python3.8/site-packages:/root/bridges/jetson_workspace/install/pkg_srv/lib/python3.8/site-packages:/root/bridges/jetson_workspace/install/pars_msgs/lib/python3.8/site-packages:/opt/ros/humble/install/lib/python3.8/site-packages /usr/local/bin/cmake --install /root/bridges/jetson_workspace/build/siha_camera_pkg
[99.872s] -- Install configuration: ""
[99.877s] -- Execute custom install script
[99.883s] -- Symlinking: /root/bridges/jetson_workspace/install/siha_camera_pkg/lib/siha_camera_pkg/camera_publisher
[99.903s] -- Symlinking: /root/bridges/jetson_workspace/install/siha_camera_pkg/share/siha_camera_pkg/launch/camera.launch.py
[99.923s] -- Symlinking: /root/bridges/jetson_workspace/install/siha_camera_pkg/share/ament_index/resource_index/package_run_dependencies/siha_camera_pkg
[99.943s] -- Symlinking: /root/bridges/jetson_workspace/install/siha_camera_pkg/share/ament_index/resource_index/parent_prefix_path/siha_camera_pkg
[99.962s] -- Symlinking: /root/bridges/jetson_workspace/install/siha_camera_pkg/share/siha_camera_pkg/environment/ament_prefix_path.sh
[99.983s] -- Symlinking: /root/bridges/jetson_workspace/install/siha_camera_pkg/share/siha_camera_pkg/environment/ament_prefix_path.dsv
[100.000s] -- Symlinking: /root/bridges/jetson_workspace/install/siha_camera_pkg/share/siha_camera_pkg/environment/path.sh
[100.020s] -- Symlinking: /root/bridges/jetson_workspace/install/siha_camera_pkg/share/siha_camera_pkg/environment/path.dsv
[100.039s] -- Symlinking: /root/bridges/jetson_workspace/install/siha_camera_pkg/share/siha_camera_pkg/local_setup.bash
[100.058s] -- Symlinking: /root/bridges/jetson_workspace/install/siha_camera_pkg/share/siha_camera_pkg/local_setup.sh
[100.076s] -- Symlinking: /root/bridges/jetson_workspace/install/siha_camera_pkg/share/siha_camera_pkg/local_setup.zsh
[100.096s] -- Symlinking: /root/bridges/jetson_workspace/install/siha_camera_pkg/share/siha_camera_pkg/local_setup.dsv
[100.114s] -- Symlinking: /root/bridges/jetson_workspace/install/siha_camera_pkg/share/siha_camera_pkg/package.dsv
[100.132s] -- Symlinking: /root/bridges/jetson_workspace/install/siha_camera_pkg/share/ament_index/resource_index/packages/siha_camera_pkg
[100.151s] -- Symlinking: /root/bridges/jetson_workspace/install/siha_camera_pkg/share/siha_camera_pkg/cmake/siha_camera_pkgConfig.cmake
[100.169s] -- Symlinking: /root/bridges/jetson_workspace/install/siha_camera_pkg/share/siha_camera_pkg/cmake/siha_camera_pkgConfig-version.cmake
[100.187s] -- Symlinking: /root/bridges/jetson_workspace/install/siha_camera_pkg/share/siha_camera_pkg/package.xml
[100.229s] Invoked command in '/root/bridges/jetson_workspace/build/siha_camera_pkg' returned '0': CMAKE_PREFIX_PATH=/root/bridges/jetson_workspace/install/px4_msgs:/root/bridges/jetson_workspace/install/siha_camera_pkg:/root/bridges/jetson_workspace/install/qr_detector:/root/bridges/jetson_workspace/install/px4_ros_com:/root/bridges/jetson_workspace/install/pkg_srv:/root/bridges/jetson_workspace/install/atmaca_vision:/root/bridges/jetson_workspace/install/pars_msgs:/opt/ros/humble/install LD_LIBRARY_PATH=/root/bridges/jetson_workspace/install/px4_msgs/lib:/root/bridges/jetson_workspace/install/px4_ros_com/lib:/root/bridges/jetson_workspace/install/pkg_srv/lib:/root/bridges/jetson_workspace/install/pars_msgs/lib:/opt/ros/humble/install/opt/rviz_ogre_vendor/lib:/opt/ros/humble/install/lib:/usr/local/cuda/lib64:/root/bridges/jetson_workspace/onnxruntime-linux-aarch64-1.16.3/lib:/root/bridges/jetson_workspace/onnxruntime-linux-aarch64-1.16.3/lib PS1=\[\033[1;31m\]\u@\h\[\033[0m\]:\[\033[1;34m\]\w\[\033[0m\]# PYTHONPATH=/root/bridges/jetson_workspace/install/px4_msgs/lib/python3.8/site-packages:/root/bridges/jetson_workspace/install/px4_ros_com/lib/python3.8/site-packages:/root/bridges/jetson_workspace/install/pkg_srv/lib/python3.8/site-packages:/root/bridges/jetson_workspace/install/pars_msgs/lib/python3.8/site-packages:/opt/ros/humble/install/lib/python3.8/site-packages /usr/local/bin/cmake --install /root/bridges/jetson_workspace/build/siha_camera_pkg
