-- The C compiler identification is GNU 9.4.0
-- The CXX compiler identification is GNU 9.4.0
-- Detecting C compiler ABI info
-- Detecting C compiler ABI info - done
-- Check for working C compiler: /usr/bin/cc - skipped
-- Detecting C compile features
-- Detecting C compile features - done
-- Detecting CXX compiler ABI info
-- Detecting CXX compiler ABI info - done
-- Check for working CXX compiler: /usr/bin/c++ - skipped
-- Detecting CXX compile features
-- Detecting CXX compile features - done
-- Found ament_cmake: 1.3.6 (/opt/ros/humble/install/share/ament_cmake/cmake)
-- Found Python3: /usr/bin/python3.8 (found version "3.8.10") found components: Interpreter 
-- Found ament_lint_auto: 0.12.8 (/opt/ros/humble/install/share/ament_lint_auto/cmake)
-- Added test 'flake8' to check Python code syntax and style conventions
-- Added test 'lint_cmake' to check CMake code style
-- Added test 'pep257' to check Python code against some of the docstring style conventions in PEP 257
-- Added test 'xmllint' to check XML markup files
-- Configuring done (11.0s)
-- Generating done (0.0s)
-- Build files have been written to: /root/bridges/jetson_workspace/build/pars_bringup
-- Install configuration: ""
-- Installing: /root/bridges/jetson_workspace/install/pars_bringup/share/pars_bringup/launch
-- Installing: /root/bridges/jetson_workspace/install/pars_bringup/share/pars_bringup/launch/sistem_baslat.launch.py
-- Installing: /root/bridges/jetson_workspace/install/pars_bringup/share/ament_index/resource_index/package_run_dependencies/pars_bringup
-- Installing: /root/bridges/jetson_workspace/install/pars_bringup/share/ament_index/resource_index/parent_prefix_path/pars_bringup
-- Installing: /root/bridges/jetson_workspace/install/pars_bringup/share/pars_bringup/environment/ament_prefix_path.sh
-- Installing: /root/bridges/jetson_workspace/install/pars_bringup/share/pars_bringup/environment/ament_prefix_path.dsv
-- Installing: /root/bridges/jetson_workspace/install/pars_bringup/share/pars_bringup/environment/path.sh
-- Installing: /root/bridges/jetson_workspace/install/pars_bringup/share/pars_bringup/environment/path.dsv
-- Installing: /root/bridges/jetson_workspace/install/pars_bringup/share/pars_bringup/local_setup.bash
-- Installing: /root/bridges/jetson_workspace/install/pars_bringup/share/pars_bringup/local_setup.sh
-- Installing: /root/bridges/jetson_workspace/install/pars_bringup/share/pars_bringup/local_setup.zsh
-- Installing: /root/bridges/jetson_workspace/install/pars_bringup/share/pars_bringup/local_setup.dsv
-- Installing: /root/bridges/jetson_workspace/install/pars_bringup/share/pars_bringup/package.dsv
-- Installing: /root/bridges/jetson_workspace/install/pars_bringup/share/ament_index/resource_index/packages/pars_bringup
-- Installing: /root/bridges/jetson_workspace/install/pars_bringup/share/pars_bringup/cmake/pars_bringupConfig.cmake
-- Installing: /root/bridges/jetson_workspace/install/pars_bringup/share/pars_bringup/cmake/pars_bringupConfig-version.cmake
-- Installing: /root/bridges/jetson_workspace/install/pars_bringup/share/pars_bringup/package.xml
