[ 20%] Built target hedef_gps
[ 60%] Built target telemetry_node
[ 60%] Built target offboard_node
[ 80%] Built target sahte_hedef
[ 90%] [32mBuilding CXX object CMakeFiles/target_navigation_node.dir/src/target_navigation_node.cpp.o[0m
[01m[K/root/bridges/jetson_workspace/src/atmaca_flight_control/src/target_navigation_node.cpp:[m[K In member function ‘[01m[Kvoid TargetNavigatingNode::run_gps_follow_control()[m[K’:
[01m[K/root/bridges/jetson_workspace/src/atmaca_flight_control/src/target_navigation_node.cpp:399:45:[m[K [01;31m[Kerror: [m[K‘[01m[Kmsg[m[K’ was not declared in this scope
  399 |         offboard_control_mode_pub_->publish([01;31m[Kmsg[m[K);
      |                                             [01;31m[K^~~[m[K
[01m[K/root/bridges/jetson_workspace/src/atmaca_flight_control/src/target_navigation_node.cpp:399:45:[m[K [01;36m[Knote: [m[Ksuggested alternatives:
In file included from [01m[K/opt/ros/humble/install/include/builtin_interfaces/builtin_interfaces/msg/duration.hpp:7[m[K,
                 from [01m[K/opt/ros/humble/install/include/rclcpp/rclcpp/duration.hpp:20[m[K,
                 from [01m[K/opt/ros/humble/install/include/rclcpp/rclcpp/qos.hpp:20[m[K,
                 from [01m[K/opt/ros/humble/install/include/rclcpp/rclcpp/node_interfaces/node_graph_interface.hpp:32[m[K,
                 from [01m[K/opt/ros/humble/install/include/rclcpp/rclcpp/client.hpp:42[m[K,
                 from [01m[K/opt/ros/humble/install/include/rclcpp/rclcpp/callback_group.hpp:24[m[K,
                 from [01m[K/opt/ros/humble/install/include/rclcpp/rclcpp/any_executable.hpp:20[m[K,
                 from [01m[K/opt/ros/humble/install/include/rclcpp/rclcpp/memory_strategy.hpp:25[m[K,
                 from [01m[K/opt/ros/humble/install/include/rclcpp/rclcpp/memory_strategies.hpp:18[m[K,
                 from [01m[K/opt/ros/humble/install/include/rclcpp/rclcpp/executor_options.hpp:20[m[K,
                 from [01m[K/opt/ros/humble/install/include/rclcpp/rclcpp/executor.hpp:37[m[K,
                 from [01m[K/opt/ros/humble/install/include/rclcpp/rclcpp/executors/multi_threaded_executor.hpp:25[m[K,
                 from [01m[K/opt/ros/humble/install/include/rclcpp/rclcpp/executors.hpp:21[m[K,
                 from [01m[K/opt/ros/humble/install/include/rclcpp/rclcpp/rclcpp.hpp:155[m[K,
                 from [01m[K/root/bridges/jetson_workspace/src/atmaca_flight_control/src/target_navigation_node.cpp:3[m[K:
[01m[K/opt/ros/humble/install/include/builtin_interfaces/builtin_interfaces/msg/detail/duration__struct.hpp:27:11:[m[K [01;36m[Knote: [m[K  ‘[01m[Kbuiltin_interfaces::msg[m[K’
   27 | namespace [01;36m[Kmsg[m[K
      |           [01;36m[K^~~[m[K
In file included from [01m[K/opt/ros/humble/install/include/rcl_interfaces/rcl_interfaces/msg/set_parameters_result.hpp:7[m[K,
                 from [01m[K/opt/ros/humble/install/include/rclcpp/rclcpp/qos_overriding_options.hpp:28[m[K,
                 from [01m[K/opt/ros/humble/install/include/rclcpp/rclcpp/subscription_options.hpp:30[m[K,
                 from [01m[K/opt/ros/humble/install/include/rclcpp/rclcpp/subscription.hpp:45[m[K,
                 from [01m[K/opt/ros/humble/install/include/rclcpp/rclcpp/any_executable.hpp:25[m[K,
                 from [01m[K/opt/ros/humble/install/include/rclcpp/rclcpp/memory_strategy.hpp:25[m[K,
                 from [01m[K/opt/ros/humble/install/include/rclcpp/rclcpp/memory_strategies.hpp:18[m[K,
                 from [01m[K/opt/ros/humble/install/include/rclcpp/rclcpp/executor_options.hpp:20[m[K,
                 from [01m[K/opt/ros/humble/install/include/rclcpp/rclcpp/executor.hpp:37[m[K,
                 from [01m[K/opt/ros/humble/install/include/rclcpp/rclcpp/executors/multi_threaded_executor.hpp:25[m[K,
                 from [01m[K/opt/ros/humble/install/include/rclcpp/rclcpp/executors.hpp:21[m[K,
                 from [01m[K/opt/ros/humble/install/include/rclcpp/rclcpp/rclcpp.hpp:155[m[K,
                 from [01m[K/root/bridges/jetson_workspace/src/atmaca_flight_control/src/target_navigation_node.cpp:3[m[K:
[01m[K/opt/ros/humble/install/include/rcl_interfaces/rcl_interfaces/msg/detail/set_parameters_result__struct.hpp:27:11:[m[K [01;36m[Knote: [m[K  ‘[01m[Krcl_interfaces::msg[m[K’
   27 | namespace [01;36m[Kmsg[m[K
      |           [01;36m[K^~~[m[K
In file included from [01m[K/opt/ros/humble/install/include/statistics_msgs/statistics_msgs/msg/detail/metrics_message__struct.hpp:23[m[K,
                 from [01m[K/opt/ros/humble/install/include/statistics_msgs/statistics_msgs/msg/metrics_message.hpp:7[m[K,
                 from [01m[K/opt/ros/humble/install/include/libstatistics_collector/libstatistics_collector/collector/generate_statistics_message.hpp:21[m[K,
                 from [01m[K/opt/ros/humble/install/include/rclcpp/rclcpp/topic_statistics/subscription_topic_statistics.hpp:23[m[K,
                 from [01m[K/opt/ros/humble/install/include/rclcpp/rclcpp/subscription.hpp:50[m[K,
                 from [01m[K/opt/ros/humble/install/include/rclcpp/rclcpp/any_executable.hpp:25[m[K,
                 from [01m[K/opt/ros/humble/install/include/rclcpp/rclcpp/memory_strategy.hpp:25[m[K,
                 from [01m[K/opt/ros/humble/install/include/rclcpp/rclcpp/memory_strategies.hpp:18[m[K,
                 from [01m[K/opt/ros/humble/install/include/rclcpp/rclcpp/executor_options.hpp:20[m[K,
                 from [01m[K/opt/ros/humble/install/include/rclcpp/rclcpp/executor.hpp:37[m[K,
                 from [01m[K/opt/ros/humble/install/include/rclcpp/rclcpp/executors/multi_threaded_executor.hpp:25[m[K,
                 from [01m[K/opt/ros/humble/install/include/rclcpp/rclcpp/executors.hpp:21[m[K,
                 from [01m[K/opt/ros/humble/install/include/rclcpp/rclcpp/rclcpp.hpp:155[m[K,
                 from [01m[K/root/bridges/jetson_workspace/src/atmaca_flight_control/src/target_navigation_node.cpp:3[m[K:
[01m[K/opt/ros/humble/install/include/statistics_msgs/statistics_msgs/msg/detail/statistic_data_point__struct.hpp:27:11:[m[K [01;36m[Knote: [m[K  ‘[01m[Kstatistics_msgs::msg[m[K’
   27 | namespace [01;36m[Kmsg[m[K
      |           [01;36m[K^~~[m[K
In file included from [01m[K/opt/ros/humble/install/include/lifecycle_msgs/lifecycle_msgs/msg/transition.hpp:7[m[K,
                 from [01m[K/opt/ros/humble/install/include/rclcpp_lifecycle/rclcpp_lifecycle/node_interfaces/lifecycle_node_interface.hpp:18[m[K,
                 from [01m[K/opt/ros/humble/install/include/rclcpp_lifecycle/rclcpp_lifecycle/lifecycle_node.hpp:86[m[K,
                 from [01m[K/root/bridges/jetson_workspace/src/atmaca_flight_control/src/target_navigation_node.cpp:4[m[K:
[01m[K/opt/ros/humble/install/include/lifecycle_msgs/lifecycle_msgs/msg/detail/transition__struct.hpp:27:11:[m[K [01;36m[Knote: [m[K  ‘[01m[Klifecycle_msgs::msg[m[K’
   27 | namespace [01;36m[Kmsg[m[K
      |           [01;36m[K^~~[m[K
In file included from [01m[K/root/bridges/jetson_workspace/install/px4_msgs/include/px4_msgs/px4_msgs/msg/vehicle_local_position.hpp:7[m[K,
                 from [01m[K/root/bridges/jetson_workspace/src/atmaca_flight_control/src/target_navigation_node.cpp:7[m[K:
[01m[K/root/bridges/jetson_workspace/install/px4_msgs/include/px4_msgs/px4_msgs/msg/detail/vehicle_local_position__struct.hpp:27:11:[m[K [01;36m[Knote: [m[K  ‘[01m[Kpx4_msgs::msg[m[K’
   27 | namespace [01;36m[Kmsg[m[K
      |           [01;36m[K^~~[m[K
In file included from [01m[K/root/bridges/jetson_workspace/install/pars_msgs/include/pars_msgs/pars_msgs/msg/data.hpp:7[m[K,
                 from [01m[K/root/bridges/jetson_workspace/src/atmaca_flight_control/src/target_navigation_node.cpp:21[m[K:
[01m[K/root/bridges/jetson_workspace/install/pars_msgs/include/pars_msgs/pars_msgs/msg/detail/data__struct.hpp:27:11:[m[K [01;36m[Knote: [m[K  ‘[01m[Kpars_msgs::msg[m[K’
   27 | namespace [01;36m[Kmsg[m[K
      |           [01;36m[K^~~[m[K
make[2]: *** [CMakeFiles/target_navigation_node.dir/build.make:76: CMakeFiles/target_navigation_node.dir/src/target_navigation_node.cpp.o] Error 1
make[1]: *** [CMakeFiles/Makefile2:223: CMakeFiles/target_navigation_node.dir/all] Error 2
make: *** [Makefile:146: all] Error 2
