-- The C compiler identification is GNU 9.4.0
-- The CXX compiler identification is GNU 9.4.0
-- Detecting C compiler ABI info
-- Detecting C compiler ABI info - done
-- Check for working C compiler: /usr/bin/cc - skipped
-- Detecting C compile features
-- Detecting C compile features - done
-- Detecting CXX compiler ABI info
-- Detecting CXX compiler ABI info - done
-- Check for working CXX compiler: /usr/bin/c++ - skipped
-- Detecting CXX compile features
-- Detecting CXX compile features - done
-- Found ament_cmake: 1.3.6 (/opt/ros/humble/install/share/ament_cmake/cmake)
-- Found Python3: /usr/bin/python3.8 (found version "3.8.10") found components: Interpreter 
-- Found rclcpp: 16.0.6 (/opt/ros/humble/install/share/rclcpp/cmake)
-- Found rosidl_generator_c: 3.1.5 (/opt/ros/humble/install/share/rosidl_generator_c/cmake)
-- Found rosidl_adapter: 3.1.5 (/opt/ros/humble/install/share/rosidl_adapter/cmake)
-- Found rosidl_generator_cpp: 3.1.5 (/opt/ros/humble/install/share/rosidl_generator_cpp/cmake)
-- Using all available rosidl_typesupport_c: rosidl_typesupport_fastrtps_c;rosidl_typesupport_introspection_c
-- Using all available rosidl_typesupport_cpp: rosidl_typesupport_fastrtps_cpp;rosidl_typesupport_introspection_cpp
-- Found rmw_implementation_cmake: 6.1.1 (/opt/ros/humble/install/share/rmw_implementation_cmake/cmake)
-- Found rmw_cyclonedds_cpp: 1.3.4 (/opt/ros/humble/install/share/rmw_cyclonedds_cpp/cmake)
-- Using RMW implementation 'rmw_cyclonedds_cpp' as default
-- Performing Test CMAKE_HAVE_LIBC_PTHREAD
-- Performing Test CMAKE_HAVE_LIBC_PTHREAD - Failed
-- Looking for pthread_create in pthreads
-- Looking for pthread_create in pthreads - not found
-- Looking for pthread_create in pthread
-- Looking for pthread_create in pthread - found
-- Found Threads: TRUE  
-- Found sensor_msgs: 4.2.3 (/opt/ros/humble/install/share/sensor_msgs/cmake)
-- Found cv_bridge: 3.2.1 (/opt/ros/humble/install/share/cv_bridge/cmake)
-- Found CUDA: /usr/local/cuda (found suitable exact version "11.4") 
-- Found image_transport: 3.1.7 (/opt/ros/humble/install/share/image_transport/cmake)
-- Found OpenCV: /usr (found version "4.5.0") 
-- Found px4_msgs: 2.0.1 (/root/bridges/jetson_workspace/install/px4_msgs/share/px4_msgs/cmake)
-- Found ament_lint_auto: 0.12.8 (/opt/ros/humble/install/share/ament_lint_auto/cmake)
-- Added test 'copyright' to check source files copyright and LICENSE
-- Added test 'cppcheck' to perform static code analysis on C / C++ code
-- Configured cppcheck include dirs: /root/bridges/jetson_workspace/src/siha_camera_pkg/include
-- Configured cppcheck exclude dirs and/or files: 
-- Added test 'cpplint' to check C / C++ code against the Google style
-- Configured cpplint exclude dirs and/or files: 
-- Added test 'flake8' to check Python code syntax and style conventions
-- Added test 'lint_cmake' to check CMake code style
-- Added test 'pep257' to check Python code against some of the docstring style conventions in PEP 257
-- Added test 'uncrustify' to check C / C++ code style
-- Configured uncrustify additional arguments: 
-- Added test 'xmllint' to check XML markup files
-- Configuring done (19.1s)
-- Generating done (0.1s)
-- Build files have been written to: /root/bridges/jetson_workspace/build/siha_camera_pkg
[ 50%] [32mBuilding CXX object CMakeFiles/camera_publisher.dir/src/camera_publisher.cpp.o[0m
[100%] [32m[1mLinking CXX executable camera_publisher[0m
[100%] Built target camera_publisher
-- Install configuration: ""
-- Installing: /root/bridges/jetson_workspace/install/siha_camera_pkg/lib/siha_camera_pkg/camera_publisher
-- Set runtime path of "/root/bridges/jetson_workspace/install/siha_camera_pkg/lib/siha_camera_pkg/camera_publisher" to ""
-- Installing: /root/bridges/jetson_workspace/install/siha_camera_pkg/share/siha_camera_pkg/launch
-- Installing: /root/bridges/jetson_workspace/install/siha_camera_pkg/share/siha_camera_pkg/launch/camera.launch.py
-- Installing: /root/bridges/jetson_workspace/install/siha_camera_pkg/share/ament_index/resource_index/package_run_dependencies/siha_camera_pkg
-- Installing: /root/bridges/jetson_workspace/install/siha_camera_pkg/share/ament_index/resource_index/parent_prefix_path/siha_camera_pkg
-- Installing: /root/bridges/jetson_workspace/install/siha_camera_pkg/share/siha_camera_pkg/environment/ament_prefix_path.sh
-- Installing: /root/bridges/jetson_workspace/install/siha_camera_pkg/share/siha_camera_pkg/environment/ament_prefix_path.dsv
-- Installing: /root/bridges/jetson_workspace/install/siha_camera_pkg/share/siha_camera_pkg/environment/path.sh
-- Installing: /root/bridges/jetson_workspace/install/siha_camera_pkg/share/siha_camera_pkg/environment/path.dsv
-- Installing: /root/bridges/jetson_workspace/install/siha_camera_pkg/share/siha_camera_pkg/local_setup.bash
-- Installing: /root/bridges/jetson_workspace/install/siha_camera_pkg/share/siha_camera_pkg/local_setup.sh
-- Installing: /root/bridges/jetson_workspace/install/siha_camera_pkg/share/siha_camera_pkg/local_setup.zsh
-- Installing: /root/bridges/jetson_workspace/install/siha_camera_pkg/share/siha_camera_pkg/local_setup.dsv
-- Installing: /root/bridges/jetson_workspace/install/siha_camera_pkg/share/siha_camera_pkg/package.dsv
-- Installing: /root/bridges/jetson_workspace/install/siha_camera_pkg/share/ament_index/resource_index/packages/siha_camera_pkg
-- Installing: /root/bridges/jetson_workspace/install/siha_camera_pkg/share/siha_camera_pkg/cmake/siha_camera_pkgConfig.cmake
-- Installing: /root/bridges/jetson_workspace/install/siha_camera_pkg/share/siha_camera_pkg/cmake/siha_camera_pkgConfig-version.cmake
-- Installing: /root/bridges/jetson_workspace/install/siha_camera_pkg/share/siha_camera_pkg/package.xml
