[0.600s] Invoking command in '/root/bridges/jetson_workspace/build/siha_camera_pkg': CMAKE_PREFIX_PATH=/root/bridges/jetson_workspace/install/px4_msgs:/root/bridges/jetson_workspace/install/px4_ros_com:/root/bridges/jetson_workspace/install/atmaca_vision:/root/bridges/jetson_workspace/install/pars_msgs:/opt/ros/humble/install LD_LIBRARY_PATH=/root/bridges/jetson_workspace/install/px4_msgs/lib:/root/bridges/jetson_workspace/install/px4_ros_com/lib:/root/bridges/jetson_workspace/install/pars_msgs/lib:/opt/ros/humble/install/opt/rviz_ogre_vendor/lib:/opt/ros/humble/install/lib:/usr/local/cuda/lib64:/root/bridges/jetson_workspace/onnxruntime-linux-aarch64-1.16.3/lib PS1=\[\033[1;31m\]\u@\h\[\033[0m\]:\[\033[1;34m\]\w\[\033[0m\]# PYTHONPATH=/root/bridges/jetson_workspace/install/px4_msgs/lib/python3.8/site-packages:/root/bridges/jetson_workspace/install/px4_ros_com/lib/python3.8/site-packages:/root/bridges/jetson_workspace/install/pars_msgs/lib/python3.8/site-packages:/opt/ros/humble/install/lib/python3.8/site-packages /usr/local/bin/cmake /root/bridges/jetson_workspace/src/siha_camera_pkg -DCMAKE_INSTALL_PREFIX=/root/bridges/jetson_workspace/install/siha_camera_pkg
[1.174s] -- The C compiler identification is GNU 9.4.0
[1.726s] -- The CXX compiler identification is GNU 9.4.0
[1.867s] -- Detecting C compiler ABI info
[2.342s] -- Detecting C compiler ABI info - done
[2.515s] -- Check for working C compiler: /usr/bin/cc - skipped
[2.516s] -- Detecting C compile features
[2.517s] -- Detecting C compile features - done
[2.626s] -- Detecting CXX compiler ABI info
[3.173s] -- Detecting CXX compiler ABI info - done
[3.232s] -- Check for working CXX compiler: /usr/bin/c++ - skipped
[3.234s] -- Detecting CXX compile features
[3.237s] -- Detecting CXX compile features - done
[3.258s] -- Found ament_cmake: 1.3.6 (/opt/ros/humble/install/share/ament_cmake/cmake)
[12.232s] -- Found Python3: /usr/bin/python3.8 (found version "3.8.10") found components: Interpreter 
[12.920s] -- Found rclcpp: 16.0.6 (/opt/ros/humble/install/share/rclcpp/cmake)
[13.231s] -- Found rosidl_generator_c: 3.1.5 (/opt/ros/humble/install/share/rosidl_generator_c/cmake)
[13.270s] -- Found rosidl_adapter: 3.1.5 (/opt/ros/humble/install/share/rosidl_adapter/cmake)
[13.334s] -- Found rosidl_generator_cpp: 3.1.5 (/opt/ros/humble/install/share/rosidl_generator_cpp/cmake)
[13.572s] -- Using all available rosidl_typesupport_c: rosidl_typesupport_fastrtps_c;rosidl_typesupport_introspection_c
[13.725s] -- Using all available rosidl_typesupport_cpp: rosidl_typesupport_fastrtps_cpp;rosidl_typesupport_introspection_cpp
[14.212s] -- Found rmw_implementation_cmake: 6.1.1 (/opt/ros/humble/install/share/rmw_implementation_cmake/cmake)
[14.230s] -- Found rmw_cyclonedds_cpp: 1.3.4 (/opt/ros/humble/install/share/rmw_cyclonedds_cpp/cmake)
[14.643s] -- Using RMW implementation 'rmw_cyclonedds_cpp' as default
[14.710s] -- Performing Test CMAKE_HAVE_LIBC_PTHREAD
[15.192s] -- Performing Test CMAKE_HAVE_LIBC_PTHREAD - Failed
[15.194s] -- Looking for pthread_create in pthreads
[15.638s] -- Looking for pthread_create in pthreads - not found
[15.641s] -- Looking for pthread_create in pthread
[16.058s] -- Looking for pthread_create in pthread - found
[16.065s] -- Found Threads: TRUE  
[17.228s] -- Found sensor_msgs: 4.2.3 (/opt/ros/humble/install/share/sensor_msgs/cmake)
[18.121s] -- Found cv_bridge: 3.2.1 (/opt/ros/humble/install/share/cv_bridge/cmake)
[18.148s] [33mCMake Warning (dev) at /usr/lib/cmake/opencv4/OpenCVConfig.cmake:86 (find_package):
[18.149s]   Policy CMP0146 is not set: The FindCUDA module is removed.  Run "cmake
[18.150s]   --help-policy CMP0146" for policy details.  Use the cmake_policy command to
[18.150s]   set the policy and suppress this warning.
[18.150s] 
[18.151s] Call Stack (most recent call first):
[18.151s]   /usr/lib/cmake/opencv4/OpenCVConfig.cmake:108 (find_host_package)
[18.152s]   /opt/ros/humble/install/share/cv_bridge/cmake/ament_cmake_export_dependencies-extras.cmake:21 (find_package)
[18.152s]   /opt/ros/humble/install/share/cv_bridge/cmake/cv_bridgeConfig.cmake:41 (include)
[18.153s]   CMakeLists.txt:22 (find_package)
[18.154s] This warning is for project developers.  Use -Wno-dev to suppress it.
[18.154s] [0m
[18.325s] -- Found CUDA: /usr/local/cuda (found suitable exact version "11.4") 
[18.626s] -- Found image_transport: 3.1.7 (/opt/ros/humble/install/share/image_transport/cmake)
[18.954s] -- Found OpenCV: /usr (found version "4.5.0") 
[18.956s] -- Found px4_msgs: 2.0.1 (/root/bridges/jetson_workspace/install/px4_msgs/share/px4_msgs/cmake)
[19.181s] -- Found ament_lint_auto: 0.12.8 (/opt/ros/humble/install/share/ament_lint_auto/cmake)
[19.843s] -- Added test 'copyright' to check source files copyright and LICENSE
[19.852s] -- Added test 'cppcheck' to perform static code analysis on C / C++ code
[19.854s] -- Configured cppcheck include dirs: /root/bridges/jetson_workspace/src/siha_camera_pkg/include
[19.854s] -- Configured cppcheck exclude dirs and/or files: 
[19.861s] -- Added test 'cpplint' to check C / C++ code against the Google style
[19.862s] -- Configured cpplint exclude dirs and/or files: 
[19.865s] -- Added test 'flake8' to check Python code syntax and style conventions
[19.869s] -- Added test 'lint_cmake' to check CMake code style
[19.872s] -- Added test 'pep257' to check Python code against some of the docstring style conventions in PEP 257
[19.879s] -- Added test 'uncrustify' to check C / C++ code style
[19.879s] -- Configured uncrustify additional arguments: 
[19.883s] -- Added test 'xmllint' to check XML markup files
[19.894s] -- Configuring done (19.1s)
[20.061s] -- Generating done (0.1s)
[20.073s] -- Build files have been written to: /root/bridges/jetson_workspace/build/siha_camera_pkg
[20.138s] Invoked command in '/root/bridges/jetson_workspace/build/siha_camera_pkg' returned '0': CMAKE_PREFIX_PATH=/root/bridges/jetson_workspace/install/px4_msgs:/root/bridges/jetson_workspace/install/px4_ros_com:/root/bridges/jetson_workspace/install/atmaca_vision:/root/bridges/jetson_workspace/install/pars_msgs:/opt/ros/humble/install LD_LIBRARY_PATH=/root/bridges/jetson_workspace/install/px4_msgs/lib:/root/bridges/jetson_workspace/install/px4_ros_com/lib:/root/bridges/jetson_workspace/install/pars_msgs/lib:/opt/ros/humble/install/opt/rviz_ogre_vendor/lib:/opt/ros/humble/install/lib:/usr/local/cuda/lib64:/root/bridges/jetson_workspace/onnxruntime-linux-aarch64-1.16.3/lib PS1=\[\033[1;31m\]\u@\h\[\033[0m\]:\[\033[1;34m\]\w\[\033[0m\]# PYTHONPATH=/root/bridges/jetson_workspace/install/px4_msgs/lib/python3.8/site-packages:/root/bridges/jetson_workspace/install/px4_ros_com/lib/python3.8/site-packages:/root/bridges/jetson_workspace/install/pars_msgs/lib/python3.8/site-packages:/opt/ros/humble/install/lib/python3.8/site-packages /usr/local/bin/cmake /root/bridges/jetson_workspace/src/siha_camera_pkg -DCMAKE_INSTALL_PREFIX=/root/bridges/jetson_workspace/install/siha_camera_pkg
[20.157s] Invoking command in '/root/bridges/jetson_workspace/build/siha_camera_pkg': CMAKE_PREFIX_PATH=/root/bridges/jetson_workspace/install/px4_msgs:/root/bridges/jetson_workspace/install/px4_ros_com:/root/bridges/jetson_workspace/install/atmaca_vision:/root/bridges/jetson_workspace/install/pars_msgs:/opt/ros/humble/install LD_LIBRARY_PATH=/root/bridges/jetson_workspace/install/px4_msgs/lib:/root/bridges/jetson_workspace/install/px4_ros_com/lib:/root/bridges/jetson_workspace/install/pars_msgs/lib:/opt/ros/humble/install/opt/rviz_ogre_vendor/lib:/opt/ros/humble/install/lib:/usr/local/cuda/lib64:/root/bridges/jetson_workspace/onnxruntime-linux-aarch64-1.16.3/lib PS1=\[\033[1;31m\]\u@\h\[\033[0m\]:\[\033[1;34m\]\w\[\033[0m\]# PYTHONPATH=/root/bridges/jetson_workspace/install/px4_msgs/lib/python3.8/site-packages:/root/bridges/jetson_workspace/install/px4_ros_com/lib/python3.8/site-packages:/root/bridges/jetson_workspace/install/pars_msgs/lib/python3.8/site-packages:/opt/ros/humble/install/lib/python3.8/site-packages /usr/local/bin/cmake --build /root/bridges/jetson_workspace/build/siha_camera_pkg -- -j4 -l4
[20.595s] [ 50%] [32mBuilding CXX object CMakeFiles/camera_publisher.dir/src/camera_publisher.cpp.o[0m
[128.210s] [100%] [32m[1mLinking CXX executable camera_publisher[0m
[130.257s] [100%] Built target camera_publisher
[130.303s] Invoked command in '/root/bridges/jetson_workspace/build/siha_camera_pkg' returned '0': CMAKE_PREFIX_PATH=/root/bridges/jetson_workspace/install/px4_msgs:/root/bridges/jetson_workspace/install/px4_ros_com:/root/bridges/jetson_workspace/install/atmaca_vision:/root/bridges/jetson_workspace/install/pars_msgs:/opt/ros/humble/install LD_LIBRARY_PATH=/root/bridges/jetson_workspace/install/px4_msgs/lib:/root/bridges/jetson_workspace/install/px4_ros_com/lib:/root/bridges/jetson_workspace/install/pars_msgs/lib:/opt/ros/humble/install/opt/rviz_ogre_vendor/lib:/opt/ros/humble/install/lib:/usr/local/cuda/lib64:/root/bridges/jetson_workspace/onnxruntime-linux-aarch64-1.16.3/lib PS1=\[\033[1;31m\]\u@\h\[\033[0m\]:\[\033[1;34m\]\w\[\033[0m\]# PYTHONPATH=/root/bridges/jetson_workspace/install/px4_msgs/lib/python3.8/site-packages:/root/bridges/jetson_workspace/install/px4_ros_com/lib/python3.8/site-packages:/root/bridges/jetson_workspace/install/pars_msgs/lib/python3.8/site-packages:/opt/ros/humble/install/lib/python3.8/site-packages /usr/local/bin/cmake --build /root/bridges/jetson_workspace/build/siha_camera_pkg -- -j4 -l4
[130.989s] Invoking command in '/root/bridges/jetson_workspace/build/siha_camera_pkg': CMAKE_PREFIX_PATH=/root/bridges/jetson_workspace/install/px4_msgs:/root/bridges/jetson_workspace/install/px4_ros_com:/root/bridges/jetson_workspace/install/atmaca_vision:/root/bridges/jetson_workspace/install/pars_msgs:/opt/ros/humble/install LD_LIBRARY_PATH=/root/bridges/jetson_workspace/install/px4_msgs/lib:/root/bridges/jetson_workspace/install/px4_ros_com/lib:/root/bridges/jetson_workspace/install/pars_msgs/lib:/opt/ros/humble/install/opt/rviz_ogre_vendor/lib:/opt/ros/humble/install/lib:/usr/local/cuda/lib64:/root/bridges/jetson_workspace/onnxruntime-linux-aarch64-1.16.3/lib PS1=\[\033[1;31m\]\u@\h\[\033[0m\]:\[\033[1;34m\]\w\[\033[0m\]# PYTHONPATH=/root/bridges/jetson_workspace/install/px4_msgs/lib/python3.8/site-packages:/root/bridges/jetson_workspace/install/px4_ros_com/lib/python3.8/site-packages:/root/bridges/jetson_workspace/install/pars_msgs/lib/python3.8/site-packages:/opt/ros/humble/install/lib/python3.8/site-packages /usr/local/bin/cmake --install /root/bridges/jetson_workspace/build/siha_camera_pkg
[131.163s] -- Install configuration: ""
[131.167s] -- Installing: /root/bridges/jetson_workspace/install/siha_camera_pkg/lib/siha_camera_pkg/camera_publisher
[131.182s] -- Set runtime path of "/root/bridges/jetson_workspace/install/siha_camera_pkg/lib/siha_camera_pkg/camera_publisher" to ""
[131.183s] -- Installing: /root/bridges/jetson_workspace/install/siha_camera_pkg/share/siha_camera_pkg/launch
[131.184s] -- Installing: /root/bridges/jetson_workspace/install/siha_camera_pkg/share/siha_camera_pkg/launch/camera.launch.py
[131.186s] -- Installing: /root/bridges/jetson_workspace/install/siha_camera_pkg/share/ament_index/resource_index/package_run_dependencies/siha_camera_pkg
[131.187s] -- Installing: /root/bridges/jetson_workspace/install/siha_camera_pkg/share/ament_index/resource_index/parent_prefix_path/siha_camera_pkg
[131.189s] -- Installing: /root/bridges/jetson_workspace/install/siha_camera_pkg/share/siha_camera_pkg/environment/ament_prefix_path.sh
[131.190s] -- Installing: /root/bridges/jetson_workspace/install/siha_camera_pkg/share/siha_camera_pkg/environment/ament_prefix_path.dsv
[131.191s] -- Installing: /root/bridges/jetson_workspace/install/siha_camera_pkg/share/siha_camera_pkg/environment/path.sh
[131.192s] -- Installing: /root/bridges/jetson_workspace/install/siha_camera_pkg/share/siha_camera_pkg/environment/path.dsv
[131.194s] -- Installing: /root/bridges/jetson_workspace/install/siha_camera_pkg/share/siha_camera_pkg/local_setup.bash
[131.194s] -- Installing: /root/bridges/jetson_workspace/install/siha_camera_pkg/share/siha_camera_pkg/local_setup.sh
[131.195s] -- Installing: /root/bridges/jetson_workspace/install/siha_camera_pkg/share/siha_camera_pkg/local_setup.zsh
[131.197s] -- Installing: /root/bridges/jetson_workspace/install/siha_camera_pkg/share/siha_camera_pkg/local_setup.dsv
[131.198s] -- Installing: /root/bridges/jetson_workspace/install/siha_camera_pkg/share/siha_camera_pkg/package.dsv
[131.199s] -- Installing: /root/bridges/jetson_workspace/install/siha_camera_pkg/share/ament_index/resource_index/packages/siha_camera_pkg
[131.200s] -- Installing: /root/bridges/jetson_workspace/install/siha_camera_pkg/share/siha_camera_pkg/cmake/siha_camera_pkgConfig.cmake
[131.201s] -- Installing: /root/bridges/jetson_workspace/install/siha_camera_pkg/share/siha_camera_pkg/cmake/siha_camera_pkgConfig-version.cmake
[131.202s] -- Installing: /root/bridges/jetson_workspace/install/siha_camera_pkg/share/siha_camera_pkg/package.xml
[131.232s] Invoked command in '/root/bridges/jetson_workspace/build/siha_camera_pkg' returned '0': CMAKE_PREFIX_PATH=/root/bridges/jetson_workspace/install/px4_msgs:/root/bridges/jetson_workspace/install/px4_ros_com:/root/bridges/jetson_workspace/install/atmaca_vision:/root/bridges/jetson_workspace/install/pars_msgs:/opt/ros/humble/install LD_LIBRARY_PATH=/root/bridges/jetson_workspace/install/px4_msgs/lib:/root/bridges/jetson_workspace/install/px4_ros_com/lib:/root/bridges/jetson_workspace/install/pars_msgs/lib:/opt/ros/humble/install/opt/rviz_ogre_vendor/lib:/opt/ros/humble/install/lib:/usr/local/cuda/lib64:/root/bridges/jetson_workspace/onnxruntime-linux-aarch64-1.16.3/lib PS1=\[\033[1;31m\]\u@\h\[\033[0m\]:\[\033[1;34m\]\w\[\033[0m\]# PYTHONPATH=/root/bridges/jetson_workspace/install/px4_msgs/lib/python3.8/site-packages:/root/bridges/jetson_workspace/install/px4_ros_com/lib/python3.8/site-packages:/root/bridges/jetson_workspace/install/pars_msgs/lib/python3.8/site-packages:/opt/ros/humble/install/lib/python3.8/site-packages /usr/local/bin/cmake --install /root/bridges/jetson_workspace/build/siha_camera_pkg
