[13.943s] DEBUG:colcon:Command line arguments: ['/usr/bin/colcon', 'build', '--packages-select', 'pkg_srv']
[13.944s] DEBUG:colcon:Parsed command line arguments: Namespace(ament_cmake_args=None, base_paths=['.'], build_base='build', catkin_cmake_args=None, catkin_skip_building_tests=False, cmake_args=None, cmake_clean_cache=False, cmake_clean_first=False, cmake_force_configure=False, cmake_target=None, cmake_target_skip_unavailable=False, continue_on_error=False, event_handlers=None, executor='parallel', ignore_user_meta=False, install_base='install', log_base=None, log_level=None, main=<bound method BuildVerb.main of <colcon_core.verb.build.BuildVerb object at 0xffffa36a02e0>>, merge_install=False, metas=['./colcon.meta'], packages_above=None, packages_above_and_dependencies=None, packages_above_depth=None, packages_end=None, packages_ignore=None, packages_ignore_regex=None, packages_select=['pkg_srv'], packages_select_build_failed=False, packages_select_by_dep=None, packages_select_regex=None, packages_select_test_failures=False, packages_skip=None, packages_skip_build_finished=False, packages_skip_by_dep=None, packages_skip_regex=None, packages_skip_test_passed=False, packages_skip_up_to=None, packages_start=None, packages_up_to=None, packages_up_to_regex=None, parallel_workers=4, paths=None, symlink_install=False, test_result_base=None, verb_extension=<colcon_core.verb.build.BuildVerb object at 0xffffa36a02e0>, verb_name='build', verb_parser=<colcon_defaults.argument_parser.defaults.DefaultArgumentsDecorator object at 0xffffa36a0dc0>)
[14.638s] Level 1:colcon.colcon_core.package_discovery:discover_packages(colcon_meta) check parameters
[14.639s] Level 1:colcon.colcon_core.package_discovery:discover_packages(recursive) check parameters
[14.640s] Level 1:colcon.colcon_core.package_discovery:discover_packages(ignore) check parameters
[14.640s] Level 1:colcon.colcon_core.package_discovery:discover_packages(path) check parameters
[14.641s] Level 1:colcon.colcon_core.package_discovery:discover_packages(colcon_meta) discover
[14.641s] Level 1:colcon.colcon_core.package_discovery:discover_packages(recursive) discover
[14.642s] INFO:colcon.colcon_core.package_discovery:Crawling recursively for packages in '/root/bridges/jetson_workspace'
[14.642s] Level 1:colcon.colcon_core.package_identification:_identify(.) by extensions ['ignore', 'ignore_ament_install']
[14.643s] Level 1:colcon.colcon_core.package_identification:_identify(.) by extension 'ignore'
[14.643s] Level 1:colcon.colcon_core.package_identification:_identify(.) by extension 'ignore_ament_install'
[14.643s] Level 1:colcon.colcon_core.package_identification:_identify(.) by extensions ['colcon_pkg']
[14.644s] Level 1:colcon.colcon_core.package_identification:_identify(.) by extension 'colcon_pkg'
[14.644s] Level 1:colcon.colcon_core.package_identification:_identify(.) by extensions ['colcon_meta']
[14.644s] Level 1:colcon.colcon_core.package_identification:_identify(.) by extension 'colcon_meta'
[14.644s] Level 1:colcon.colcon_core.package_identification:_identify(.) by extensions ['ros']
[14.644s] Level 1:colcon.colcon_core.package_identification:_identify(.) by extension 'ros'
[14.719s] Level 1:colcon.colcon_core.package_identification:_identify(.) by extensions ['cmake', 'python']
[14.719s] Level 1:colcon.colcon_core.package_identification:_identify(.) by extension 'cmake'
[14.719s] Level 1:colcon.colcon_core.package_identification:_identify(.) by extension 'python'
[14.720s] Level 1:colcon.colcon_core.package_identification:_identify(.) by extensions ['python_setup_py']
[14.720s] Level 1:colcon.colcon_core.package_identification:_identify(.) by extension 'python_setup_py'
[14.721s] Level 1:colcon.colcon_core.package_identification:_identify(build) by extensions ['ignore', 'ignore_ament_install']
[14.721s] Level 1:colcon.colcon_core.package_identification:_identify(build) by extension 'ignore'
[14.722s] Level 1:colcon.colcon_core.package_identification:_identify(build) ignored
[14.722s] Level 1:colcon.colcon_core.package_identification:_identify(install) by extensions ['ignore', 'ignore_ament_install']
[14.723s] Level 1:colcon.colcon_core.package_identification:_identify(install) by extension 'ignore'
[14.724s] Level 1:colcon.colcon_core.package_identification:_identify(install) ignored
[14.724s] Level 1:colcon.colcon_core.package_identification:_identify(log) by extensions ['ignore', 'ignore_ament_install']
[14.725s] Level 1:colcon.colcon_core.package_identification:_identify(log) by extension 'ignore'
[14.725s] Level 1:colcon.colcon_core.package_identification:_identify(log) ignored
[14.725s] Level 1:colcon.colcon_core.package_identification:_identify(onnxruntime-linux-aarch64-1.16.3) by extensions ['ignore', 'ignore_ament_install']
[14.726s] Level 1:colcon.colcon_core.package_identification:_identify(onnxruntime-linux-aarch64-1.16.3) by extension 'ignore'
[14.726s] Level 1:colcon.colcon_core.package_identification:_identify(onnxruntime-linux-aarch64-1.16.3) by extension 'ignore_ament_install'
[14.726s] Level 1:colcon.colcon_core.package_identification:_identify(onnxruntime-linux-aarch64-1.16.3) by extensions ['colcon_pkg']
[14.726s] Level 1:colcon.colcon_core.package_identification:_identify(onnxruntime-linux-aarch64-1.16.3) by extension 'colcon_pkg'
[14.727s] Level 1:colcon.colcon_core.package_identification:_identify(onnxruntime-linux-aarch64-1.16.3) by extensions ['colcon_meta']
[14.727s] Level 1:colcon.colcon_core.package_identification:_identify(onnxruntime-linux-aarch64-1.16.3) by extension 'colcon_meta'
[14.727s] Level 1:colcon.colcon_core.package_identification:_identify(onnxruntime-linux-aarch64-1.16.3) by extensions ['ros']
[14.727s] Level 1:colcon.colcon_core.package_identification:_identify(onnxruntime-linux-aarch64-1.16.3) by extension 'ros'
[14.728s] Level 1:colcon.colcon_core.package_identification:_identify(onnxruntime-linux-aarch64-1.16.3) by extensions ['cmake', 'python']
[14.728s] Level 1:colcon.colcon_core.package_identification:_identify(onnxruntime-linux-aarch64-1.16.3) by extension 'cmake'
[14.728s] Level 1:colcon.colcon_core.package_identification:_identify(onnxruntime-linux-aarch64-1.16.3) by extension 'python'
[14.728s] Level 1:colcon.colcon_core.package_identification:_identify(onnxruntime-linux-aarch64-1.16.3) by extensions ['python_setup_py']
[14.728s] Level 1:colcon.colcon_core.package_identification:_identify(onnxruntime-linux-aarch64-1.16.3) by extension 'python_setup_py'
[14.729s] Level 1:colcon.colcon_core.package_identification:_identify(onnxruntime-linux-aarch64-1.16.3/include) by extensions ['ignore', 'ignore_ament_install']
[14.729s] Level 1:colcon.colcon_core.package_identification:_identify(onnxruntime-linux-aarch64-1.16.3/include) by extension 'ignore'
[14.730s] Level 1:colcon.colcon_core.package_identification:_identify(onnxruntime-linux-aarch64-1.16.3/include) by extension 'ignore_ament_install'
[14.730s] Level 1:colcon.colcon_core.package_identification:_identify(onnxruntime-linux-aarch64-1.16.3/include) by extensions ['colcon_pkg']
[14.730s] Level 1:colcon.colcon_core.package_identification:_identify(onnxruntime-linux-aarch64-1.16.3/include) by extension 'colcon_pkg'
[14.730s] Level 1:colcon.colcon_core.package_identification:_identify(onnxruntime-linux-aarch64-1.16.3/include) by extensions ['colcon_meta']
[14.731s] Level 1:colcon.colcon_core.package_identification:_identify(onnxruntime-linux-aarch64-1.16.3/include) by extension 'colcon_meta'
[14.731s] Level 1:colcon.colcon_core.package_identification:_identify(onnxruntime-linux-aarch64-1.16.3/include) by extensions ['ros']
[14.731s] Level 1:colcon.colcon_core.package_identification:_identify(onnxruntime-linux-aarch64-1.16.3/include) by extension 'ros'
[14.731s] Level 1:colcon.colcon_core.package_identification:_identify(onnxruntime-linux-aarch64-1.16.3/include) by extensions ['cmake', 'python']
[14.732s] Level 1:colcon.colcon_core.package_identification:_identify(onnxruntime-linux-aarch64-1.16.3/include) by extension 'cmake'
[14.732s] Level 1:colcon.colcon_core.package_identification:_identify(onnxruntime-linux-aarch64-1.16.3/include) by extension 'python'
[14.732s] Level 1:colcon.colcon_core.package_identification:_identify(onnxruntime-linux-aarch64-1.16.3/include) by extensions ['python_setup_py']
[14.733s] Level 1:colcon.colcon_core.package_identification:_identify(onnxruntime-linux-aarch64-1.16.3/include) by extension 'python_setup_py'
[14.733s] Level 1:colcon.colcon_core.package_identification:_identify(onnxruntime-linux-aarch64-1.16.3/lib) by extensions ['ignore', 'ignore_ament_install']
[14.734s] Level 1:colcon.colcon_core.package_identification:_identify(onnxruntime-linux-aarch64-1.16.3/lib) by extension 'ignore'
[14.734s] Level 1:colcon.colcon_core.package_identification:_identify(onnxruntime-linux-aarch64-1.16.3/lib) by extension 'ignore_ament_install'
[14.734s] Level 1:colcon.colcon_core.package_identification:_identify(onnxruntime-linux-aarch64-1.16.3/lib) by extensions ['colcon_pkg']
[14.734s] Level 1:colcon.colcon_core.package_identification:_identify(onnxruntime-linux-aarch64-1.16.3/lib) by extension 'colcon_pkg'
[14.734s] Level 1:colcon.colcon_core.package_identification:_identify(onnxruntime-linux-aarch64-1.16.3/lib) by extensions ['colcon_meta']
[14.735s] Level 1:colcon.colcon_core.package_identification:_identify(onnxruntime-linux-aarch64-1.16.3/lib) by extension 'colcon_meta'
[14.735s] Level 1:colcon.colcon_core.package_identification:_identify(onnxruntime-linux-aarch64-1.16.3/lib) by extensions ['ros']
[14.735s] Level 1:colcon.colcon_core.package_identification:_identify(onnxruntime-linux-aarch64-1.16.3/lib) by extension 'ros'
[14.735s] Level 1:colcon.colcon_core.package_identification:_identify(onnxruntime-linux-aarch64-1.16.3/lib) by extensions ['cmake', 'python']
[14.736s] Level 1:colcon.colcon_core.package_identification:_identify(onnxruntime-linux-aarch64-1.16.3/lib) by extension 'cmake'
[14.736s] Level 1:colcon.colcon_core.package_identification:_identify(onnxruntime-linux-aarch64-1.16.3/lib) by extension 'python'
[14.736s] Level 1:colcon.colcon_core.package_identification:_identify(onnxruntime-linux-aarch64-1.16.3/lib) by extensions ['python_setup_py']
[14.736s] Level 1:colcon.colcon_core.package_identification:_identify(onnxruntime-linux-aarch64-1.16.3/lib) by extension 'python_setup_py'
[14.737s] Level 1:colcon.colcon_core.package_identification:_identify(src) by extensions ['ignore', 'ignore_ament_install']
[14.737s] Level 1:colcon.colcon_core.package_identification:_identify(src) by extension 'ignore'
[14.738s] Level 1:colcon.colcon_core.package_identification:_identify(src) by extension 'ignore_ament_install'
[14.738s] Level 1:colcon.colcon_core.package_identification:_identify(src) by extensions ['colcon_pkg']
[14.738s] Level 1:colcon.colcon_core.package_identification:_identify(src) by extension 'colcon_pkg'
[14.739s] Level 1:colcon.colcon_core.package_identification:_identify(src) by extensions ['colcon_meta']
[14.739s] Level 1:colcon.colcon_core.package_identification:_identify(src) by extension 'colcon_meta'
[14.739s] Level 1:colcon.colcon_core.package_identification:_identify(src) by extensions ['ros']
[14.739s] Level 1:colcon.colcon_core.package_identification:_identify(src) by extension 'ros'
[14.740s] Level 1:colcon.colcon_core.package_identification:_identify(src) by extensions ['cmake', 'python']
[14.740s] Level 1:colcon.colcon_core.package_identification:_identify(src) by extension 'cmake'
[14.740s] Level 1:colcon.colcon_core.package_identification:_identify(src) by extension 'python'
[14.740s] Level 1:colcon.colcon_core.package_identification:_identify(src) by extensions ['python_setup_py']
[14.741s] Level 1:colcon.colcon_core.package_identification:_identify(src) by extension 'python_setup_py'
[14.741s] Level 1:colcon.colcon_core.package_identification:_identify(src/atmaca_vision) by extensions ['ignore', 'ignore_ament_install']
[14.742s] Level 1:colcon.colcon_core.package_identification:_identify(src/atmaca_vision) by extension 'ignore'
[14.742s] Level 1:colcon.colcon_core.package_identification:_identify(src/atmaca_vision) by extension 'ignore_ament_install'
[14.742s] Level 1:colcon.colcon_core.package_identification:_identify(src/atmaca_vision) by extensions ['colcon_pkg']
[14.743s] Level 1:colcon.colcon_core.package_identification:_identify(src/atmaca_vision) by extension 'colcon_pkg'
[14.743s] Level 1:colcon.colcon_core.package_identification:_identify(src/atmaca_vision) by extensions ['colcon_meta']
[14.743s] Level 1:colcon.colcon_core.package_identification:_identify(src/atmaca_vision) by extension 'colcon_meta'
[14.743s] Level 1:colcon.colcon_core.package_identification:_identify(src/atmaca_vision) by extensions ['ros']
[14.744s] Level 1:colcon.colcon_core.package_identification:_identify(src/atmaca_vision) by extension 'ros'
[14.759s] DEBUG:colcon.colcon_core.package_identification:Package 'src/atmaca_vision' with type 'ros.ament_cmake' and name 'atmaca_vision'
[14.759s] Level 1:colcon.colcon_core.package_identification:_identify(src/pars_msgs) by extensions ['ignore', 'ignore_ament_install']
[14.760s] Level 1:colcon.colcon_core.package_identification:_identify(src/pars_msgs) by extension 'ignore'
[14.760s] Level 1:colcon.colcon_core.package_identification:_identify(src/pars_msgs) by extension 'ignore_ament_install'
[14.760s] Level 1:colcon.colcon_core.package_identification:_identify(src/pars_msgs) by extensions ['colcon_pkg']
[14.761s] Level 1:colcon.colcon_core.package_identification:_identify(src/pars_msgs) by extension 'colcon_pkg'
[14.761s] Level 1:colcon.colcon_core.package_identification:_identify(src/pars_msgs) by extensions ['colcon_meta']
[14.761s] Level 1:colcon.colcon_core.package_identification:_identify(src/pars_msgs) by extension 'colcon_meta'
[14.761s] Level 1:colcon.colcon_core.package_identification:_identify(src/pars_msgs) by extensions ['ros']
[14.762s] Level 1:colcon.colcon_core.package_identification:_identify(src/pars_msgs) by extension 'ros'
[14.765s] DEBUG:colcon.colcon_core.package_identification:Package 'src/pars_msgs' with type 'ros.ament_cmake' and name 'pars_msgs'
[14.766s] Level 1:colcon.colcon_core.package_identification:_identify(src/pkg_srv) by extensions ['ignore', 'ignore_ament_install']
[14.766s] Level 1:colcon.colcon_core.package_identification:_identify(src/pkg_srv) by extension 'ignore'
[14.766s] Level 1:colcon.colcon_core.package_identification:_identify(src/pkg_srv) by extension 'ignore_ament_install'
[14.767s] Level 1:colcon.colcon_core.package_identification:_identify(src/pkg_srv) by extensions ['colcon_pkg']
[14.767s] Level 1:colcon.colcon_core.package_identification:_identify(src/pkg_srv) by extension 'colcon_pkg'
[14.767s] Level 1:colcon.colcon_core.package_identification:_identify(src/pkg_srv) by extensions ['colcon_meta']
[14.767s] Level 1:colcon.colcon_core.package_identification:_identify(src/pkg_srv) by extension 'colcon_meta'
[14.767s] Level 1:colcon.colcon_core.package_identification:_identify(src/pkg_srv) by extensions ['ros']
[14.768s] Level 1:colcon.colcon_core.package_identification:_identify(src/pkg_srv) by extension 'ros'
[14.771s] DEBUG:colcon.colcon_core.package_identification:Package 'src/pkg_srv' with type 'ros.ament_cmake' and name 'pkg_srv'
[14.772s] Level 1:colcon.colcon_core.package_identification:_identify(src/px4_msgs) by extensions ['ignore', 'ignore_ament_install']
[14.772s] Level 1:colcon.colcon_core.package_identification:_identify(src/px4_msgs) by extension 'ignore'
[14.772s] Level 1:colcon.colcon_core.package_identification:_identify(src/px4_msgs) by extension 'ignore_ament_install'
[14.773s] Level 1:colcon.colcon_core.package_identification:_identify(src/px4_msgs) by extensions ['colcon_pkg']
[14.773s] Level 1:colcon.colcon_core.package_identification:_identify(src/px4_msgs) by extension 'colcon_pkg'
[14.773s] Level 1:colcon.colcon_core.package_identification:_identify(src/px4_msgs) by extensions ['colcon_meta']
[14.773s] Level 1:colcon.colcon_core.package_identification:_identify(src/px4_msgs) by extension 'colcon_meta'
[14.774s] Level 1:colcon.colcon_core.package_identification:_identify(src/px4_msgs) by extensions ['ros']
[14.774s] Level 1:colcon.colcon_core.package_identification:_identify(src/px4_msgs) by extension 'ros'
[14.777s] DEBUG:colcon.colcon_core.package_identification:Package 'src/px4_msgs' with type 'ros.ament_cmake' and name 'px4_msgs'
[14.778s] Level 1:colcon.colcon_core.package_identification:_identify(src/px4_ros_com) by extensions ['ignore', 'ignore_ament_install']
[14.778s] Level 1:colcon.colcon_core.package_identification:_identify(src/px4_ros_com) by extension 'ignore'
[14.779s] Level 1:colcon.colcon_core.package_identification:_identify(src/px4_ros_com) by extension 'ignore_ament_install'
[14.779s] Level 1:colcon.colcon_core.package_identification:_identify(src/px4_ros_com) by extensions ['colcon_pkg']
[14.779s] Level 1:colcon.colcon_core.package_identification:_identify(src/px4_ros_com) by extension 'colcon_pkg'
[14.779s] Level 1:colcon.colcon_core.package_identification:_identify(src/px4_ros_com) by extensions ['colcon_meta']
[14.779s] Level 1:colcon.colcon_core.package_identification:_identify(src/px4_ros_com) by extension 'colcon_meta'
[14.780s] Level 1:colcon.colcon_core.package_identification:_identify(src/px4_ros_com) by extensions ['ros']
[14.780s] Level 1:colcon.colcon_core.package_identification:_identify(src/px4_ros_com) by extension 'ros'
[14.785s] DEBUG:colcon.colcon_core.package_identification:Package 'src/px4_ros_com' with type 'ros.ament_cmake' and name 'px4_ros_com'
[14.786s] Level 1:colcon.colcon_core.package_identification:_identify(src/siha_camera_pkg) by extensions ['ignore', 'ignore_ament_install']
[14.786s] Level 1:colcon.colcon_core.package_identification:_identify(src/siha_camera_pkg) by extension 'ignore'
[14.787s] Level 1:colcon.colcon_core.package_identification:_identify(src/siha_camera_pkg) by extension 'ignore_ament_install'
[14.787s] Level 1:colcon.colcon_core.package_identification:_identify(src/siha_camera_pkg) by extensions ['colcon_pkg']
[14.787s] Level 1:colcon.colcon_core.package_identification:_identify(src/siha_camera_pkg) by extension 'colcon_pkg'
[14.787s] Level 1:colcon.colcon_core.package_identification:_identify(src/siha_camera_pkg) by extensions ['colcon_meta']
[14.787s] Level 1:colcon.colcon_core.package_identification:_identify(src/siha_camera_pkg) by extension 'colcon_meta'
[14.788s] Level 1:colcon.colcon_core.package_identification:_identify(src/siha_camera_pkg) by extensions ['ros']
[14.788s] Level 1:colcon.colcon_core.package_identification:_identify(src/siha_camera_pkg) by extension 'ros'
[14.793s] DEBUG:colcon.colcon_core.package_identification:Package 'src/siha_camera_pkg' with type 'ros.ament_cmake' and name 'siha_camera_pkg'
[14.793s] Level 1:colcon.colcon_core.package_discovery:discover_packages(recursive) using defaults
[14.793s] Level 1:colcon.colcon_core.package_discovery:discover_packages(ignore) discover
[14.793s] Level 1:colcon.colcon_core.package_discovery:discover_packages(ignore) using defaults
[14.793s] Level 1:colcon.colcon_core.package_discovery:discover_packages(path) discover
[14.794s] Level 1:colcon.colcon_core.package_discovery:discover_packages(path) using defaults
[15.259s] INFO:colcon.colcon_core.package_selection:Skipping not selected package 'pars_msgs' in 'src/pars_msgs'
[15.259s] INFO:colcon.colcon_core.package_selection:Skipping not selected package 'px4_msgs' in 'src/px4_msgs'
[15.260s] INFO:colcon.colcon_core.package_selection:Skipping not selected package 'atmaca_vision' in 'src/atmaca_vision'
[15.261s] INFO:colcon.colcon_core.package_selection:Skipping not selected package 'px4_ros_com' in 'src/px4_ros_com'
[15.261s] INFO:colcon.colcon_core.package_selection:Skipping not selected package 'siha_camera_pkg' in 'src/siha_camera_pkg'
[15.339s] Level 5:colcon.colcon_core.verb:set package 'pkg_srv' build argument 'cmake_args' from command line to 'None'
[15.339s] Level 5:colcon.colcon_core.verb:set package 'pkg_srv' build argument 'cmake_target' from command line to 'None'
[15.340s] Level 5:colcon.colcon_core.verb:set package 'pkg_srv' build argument 'cmake_target_skip_unavailable' from command line to 'False'
[15.340s] Level 5:colcon.colcon_core.verb:set package 'pkg_srv' build argument 'cmake_clean_cache' from command line to 'False'
[15.341s] Level 5:colcon.colcon_core.verb:set package 'pkg_srv' build argument 'cmake_clean_first' from command line to 'False'
[15.341s] Level 5:colcon.colcon_core.verb:set package 'pkg_srv' build argument 'cmake_force_configure' from command line to 'False'
[15.342s] Level 5:colcon.colcon_core.verb:set package 'pkg_srv' build argument 'ament_cmake_args' from command line to 'None'
[15.342s] Level 5:colcon.colcon_core.verb:set package 'pkg_srv' build argument 'catkin_cmake_args' from command line to 'None'
[15.342s] Level 5:colcon.colcon_core.verb:set package 'pkg_srv' build argument 'catkin_skip_building_tests' from command line to 'False'
[15.342s] DEBUG:colcon.colcon_core.verb:Building package 'pkg_srv' with the following arguments: {'ament_cmake_args': None, 'build_base': '/root/bridges/jetson_workspace/build/pkg_srv', 'catkin_cmake_args': None, 'catkin_skip_building_tests': False, 'cmake_args': None, 'cmake_clean_cache': False, 'cmake_clean_first': False, 'cmake_force_configure': False, 'cmake_target': None, 'cmake_target_skip_unavailable': False, 'install_base': '/root/bridges/jetson_workspace/install/pkg_srv', 'merge_install': False, 'path': '/root/bridges/jetson_workspace/src/pkg_srv', 'symlink_install': False, 'test_result_base': None}
[15.420s] INFO:colcon.colcon_core.executor:Executing jobs using 'parallel' executor
[15.499s] DEBUG:colcon.colcon_parallel_executor.executor.parallel:run_until_complete
[15.501s] INFO:colcon.colcon_ros.task.ament_cmake.build:Building ROS package in '/root/bridges/jetson_workspace/src/pkg_srv' with build type 'ament_cmake'
[15.502s] INFO:colcon.colcon_cmake.task.cmake.build:Building CMake package in '/root/bridges/jetson_workspace/src/pkg_srv'
[15.591s] INFO:colcon.colcon_core.plugin_system:Skipping extension 'colcon_core.shell.bat': Not used on non-Windows systems
[15.592s] INFO:colcon.colcon_core.shell:Skip shell extension 'powershell' for command environment: Not usable outside of PowerShell
[15.592s] DEBUG:colcon.colcon_core.shell:Skip shell extension 'dsv' for command environment
[15.946s] DEBUG:colcon.colcon_core.event_handler.log_command:Invoking command in '/root/bridges/jetson_workspace/build/pkg_srv': PS1=\[\033[1;31m\]\u@\h\[\033[0m\]:\[\033[1;34m\]\w\[\033[0m\]# /usr/local/bin/cmake /root/bridges/jetson_workspace/src/pkg_srv -DCMAKE_INSTALL_PREFIX=/root/bridges/jetson_workspace/install/pkg_srv
[51.764s] DEBUG:colcon.colcon_core.event_handler.log_command:Invoked command in '/root/bridges/jetson_workspace/build/pkg_srv' returned '0': PS1=\[\033[1;31m\]\u@\h\[\033[0m\]:\[\033[1;34m\]\w\[\033[0m\]# /usr/local/bin/cmake /root/bridges/jetson_workspace/src/pkg_srv -DCMAKE_INSTALL_PREFIX=/root/bridges/jetson_workspace/install/pkg_srv
[51.787s] DEBUG:colcon.colcon_core.event_handler.log_command:Invoking command in '/root/bridges/jetson_workspace/build/pkg_srv': PS1=\[\033[1;31m\]\u@\h\[\033[0m\]:\[\033[1;34m\]\w\[\033[0m\]# /usr/local/bin/cmake --build /root/bridges/jetson_workspace/build/pkg_srv -- -j4 -l4
[114.595s] DEBUG:colcon.colcon_core.event_handler.log_command:Invoked command in '/root/bridges/jetson_workspace/build/pkg_srv' returned '0': PS1=\[\033[1;31m\]\u@\h\[\033[0m\]:\[\033[1;34m\]\w\[\033[0m\]# /usr/local/bin/cmake --build /root/bridges/jetson_workspace/build/pkg_srv -- -j4 -l4
[115.449s] DEBUG:colcon.colcon_core.event_handler.log_command:Invoking command in '/root/bridges/jetson_workspace/build/pkg_srv': PS1=\[\033[1;31m\]\u@\h\[\033[0m\]:\[\033[1;34m\]\w\[\033[0m\]# /usr/local/bin/cmake --install /root/bridges/jetson_workspace/build/pkg_srv
[116.020s] Level 1:colcon.colcon_core.environment:create_environment_scripts_only(pkg_srv)
[116.024s] DEBUG:colcon.colcon_core.event_handler.log_command:Invoked command in '/root/bridges/jetson_workspace/build/pkg_srv' returned '0': PS1=\[\033[1;31m\]\u@\h\[\033[0m\]:\[\033[1;34m\]\w\[\033[0m\]# /usr/local/bin/cmake --install /root/bridges/jetson_workspace/build/pkg_srv
[116.228s] Level 1:colcon.colcon_core.environment:checking '/root/bridges/jetson_workspace/install/pkg_srv' for CMake module files
[116.236s] Level 1:colcon.colcon_core.environment:checking '/root/bridges/jetson_workspace/install/pkg_srv' for CMake config files
[116.240s] Level 1:colcon.colcon_core.shell:create_environment_hook('pkg_srv', 'cmake_prefix_path')
[116.329s] INFO:colcon.colcon_core.shell:Creating environment hook '/root/bridges/jetson_workspace/install/pkg_srv/share/pkg_srv/hook/cmake_prefix_path.ps1'
[116.336s] INFO:colcon.colcon_core.shell:Creating environment descriptor '/root/bridges/jetson_workspace/install/pkg_srv/share/pkg_srv/hook/cmake_prefix_path.dsv'
[116.339s] INFO:colcon.colcon_core.shell:Creating environment hook '/root/bridges/jetson_workspace/install/pkg_srv/share/pkg_srv/hook/cmake_prefix_path.sh'
[116.346s] Level 1:colcon.colcon_core.environment:checking '/root/bridges/jetson_workspace/install/pkg_srv/lib'
[116.347s] Level 1:colcon.colcon_core.shell:create_environment_hook('pkg_srv', 'ld_library_path_lib')
[116.426s] INFO:colcon.colcon_core.shell:Creating environment hook '/root/bridges/jetson_workspace/install/pkg_srv/share/pkg_srv/hook/ld_library_path_lib.ps1'
[116.429s] INFO:colcon.colcon_core.shell:Creating environment descriptor '/root/bridges/jetson_workspace/install/pkg_srv/share/pkg_srv/hook/ld_library_path_lib.dsv'
[116.431s] INFO:colcon.colcon_core.shell:Creating environment hook '/root/bridges/jetson_workspace/install/pkg_srv/share/pkg_srv/hook/ld_library_path_lib.sh'
[116.432s] Level 1:colcon.colcon_core.environment:checking '/root/bridges/jetson_workspace/install/pkg_srv/bin'
[116.433s] Level 1:colcon.colcon_core.environment:checking '/root/bridges/jetson_workspace/install/pkg_srv/lib/pkgconfig/pkg_srv.pc'
[116.438s] Level 1:colcon.colcon_core.environment:checking '/root/bridges/jetson_workspace/install/pkg_srv/lib/python3.8/site-packages'
[116.438s] Level 1:colcon.colcon_core.shell:create_environment_hook('pkg_srv', 'pythonpath')
[116.516s] INFO:colcon.colcon_core.shell:Creating environment hook '/root/bridges/jetson_workspace/install/pkg_srv/share/pkg_srv/hook/pythonpath.ps1'
[116.518s] INFO:colcon.colcon_core.shell:Creating environment descriptor '/root/bridges/jetson_workspace/install/pkg_srv/share/pkg_srv/hook/pythonpath.dsv'
[116.519s] INFO:colcon.colcon_core.shell:Creating environment hook '/root/bridges/jetson_workspace/install/pkg_srv/share/pkg_srv/hook/pythonpath.sh'
[116.522s] Level 1:colcon.colcon_core.environment:checking '/root/bridges/jetson_workspace/install/pkg_srv/bin'
[116.599s] INFO:colcon.colcon_core.shell:Creating package script '/root/bridges/jetson_workspace/install/pkg_srv/share/pkg_srv/package.ps1'
[116.603s] INFO:colcon.colcon_core.shell:Creating package descriptor '/root/bridges/jetson_workspace/install/pkg_srv/share/pkg_srv/package.dsv'
[116.607s] INFO:colcon.colcon_core.shell:Creating package script '/root/bridges/jetson_workspace/install/pkg_srv/share/pkg_srv/package.sh'
[116.611s] INFO:colcon.colcon_core.shell:Creating package script '/root/bridges/jetson_workspace/install/pkg_srv/share/pkg_srv/package.bash'
[116.615s] INFO:colcon.colcon_core.shell:Creating package script '/root/bridges/jetson_workspace/install/pkg_srv/share/pkg_srv/package.zsh'
[116.618s] Level 1:colcon.colcon_core.environment:create_file_with_runtime_dependencies(/root/bridges/jetson_workspace/install/pkg_srv/share/colcon-core/packages/pkg_srv)
[117.346s] Level 1:colcon.colcon_core.environment:create_environment_scripts_only(pkg_srv)
[117.429s] Level 1:colcon.colcon_core.environment:checking '/root/bridges/jetson_workspace/install/pkg_srv' for CMake module files
[117.434s] Level 1:colcon.colcon_core.environment:checking '/root/bridges/jetson_workspace/install/pkg_srv' for CMake config files
[117.438s] Level 1:colcon.colcon_core.shell:create_environment_hook('pkg_srv', 'cmake_prefix_path')
[117.515s] INFO:colcon.colcon_core.shell:Creating environment hook '/root/bridges/jetson_workspace/install/pkg_srv/share/pkg_srv/hook/cmake_prefix_path.ps1'
[117.519s] INFO:colcon.colcon_core.shell:Creating environment descriptor '/root/bridges/jetson_workspace/install/pkg_srv/share/pkg_srv/hook/cmake_prefix_path.dsv'
[117.521s] INFO:colcon.colcon_core.shell:Creating environment hook '/root/bridges/jetson_workspace/install/pkg_srv/share/pkg_srv/hook/cmake_prefix_path.sh'
[117.526s] Level 1:colcon.colcon_core.environment:checking '/root/bridges/jetson_workspace/install/pkg_srv/lib'
[117.526s] Level 1:colcon.colcon_core.shell:create_environment_hook('pkg_srv', 'ld_library_path_lib')
[117.603s] INFO:colcon.colcon_core.shell:Creating environment hook '/root/bridges/jetson_workspace/install/pkg_srv/share/pkg_srv/hook/ld_library_path_lib.ps1'
[117.606s] INFO:colcon.colcon_core.shell:Creating environment descriptor '/root/bridges/jetson_workspace/install/pkg_srv/share/pkg_srv/hook/ld_library_path_lib.dsv'
[117.607s] INFO:colcon.colcon_core.shell:Creating environment hook '/root/bridges/jetson_workspace/install/pkg_srv/share/pkg_srv/hook/ld_library_path_lib.sh'
[117.609s] Level 1:colcon.colcon_core.environment:checking '/root/bridges/jetson_workspace/install/pkg_srv/bin'
[117.610s] Level 1:colcon.colcon_core.environment:checking '/root/bridges/jetson_workspace/install/pkg_srv/lib/pkgconfig/pkg_srv.pc'
[117.611s] Level 1:colcon.colcon_core.environment:checking '/root/bridges/jetson_workspace/install/pkg_srv/lib/python3.8/site-packages'
[117.612s] Level 1:colcon.colcon_core.shell:create_environment_hook('pkg_srv', 'pythonpath')
[117.689s] INFO:colcon.colcon_core.shell:Creating environment hook '/root/bridges/jetson_workspace/install/pkg_srv/share/pkg_srv/hook/pythonpath.ps1'
[117.692s] INFO:colcon.colcon_core.shell:Creating environment descriptor '/root/bridges/jetson_workspace/install/pkg_srv/share/pkg_srv/hook/pythonpath.dsv'
[117.693s] INFO:colcon.colcon_core.shell:Creating environment hook '/root/bridges/jetson_workspace/install/pkg_srv/share/pkg_srv/hook/pythonpath.sh'
[117.696s] Level 1:colcon.colcon_core.environment:checking '/root/bridges/jetson_workspace/install/pkg_srv/bin'
[117.775s] INFO:colcon.colcon_core.shell:Creating package script '/root/bridges/jetson_workspace/install/pkg_srv/share/pkg_srv/package.ps1'
[117.779s] INFO:colcon.colcon_core.shell:Creating package descriptor '/root/bridges/jetson_workspace/install/pkg_srv/share/pkg_srv/package.dsv'
[117.782s] INFO:colcon.colcon_core.shell:Creating package script '/root/bridges/jetson_workspace/install/pkg_srv/share/pkg_srv/package.sh'
[117.785s] INFO:colcon.colcon_core.shell:Creating package script '/root/bridges/jetson_workspace/install/pkg_srv/share/pkg_srv/package.bash'
[117.787s] INFO:colcon.colcon_core.shell:Creating package script '/root/bridges/jetson_workspace/install/pkg_srv/share/pkg_srv/package.zsh'
[117.788s] Level 1:colcon.colcon_core.environment:create_file_with_runtime_dependencies(/root/bridges/jetson_workspace/install/pkg_srv/share/colcon-core/packages/pkg_srv)
[117.791s] DEBUG:colcon.colcon_parallel_executor.executor.parallel:closing loop
[117.794s] DEBUG:colcon.colcon_parallel_executor.executor.parallel:loop closed
[117.794s] DEBUG:colcon.colcon_parallel_executor.executor.parallel:run_until_complete finished with '0'
[117.795s] DEBUG:colcon.colcon_core.event_reactor:joining thread
[117.909s] INFO:colcon.colcon_core.plugin_system:Skipping extension 'colcon_notification.desktop_notification.notify_send': Could not find 'notify-send'
[117.909s] INFO:colcon.colcon_core.plugin_system:Skipping extension 'colcon_notification.desktop_notification.terminal_notifier': Not used on non-Darwin systems
[117.910s] INFO:colcon.colcon_core.plugin_system:Skipping extension 'colcon_notification.desktop_notification.win32': Not used on non-Windows systems
[117.910s] INFO:colcon.colcon_notification.desktop_notification:Sending desktop notification using 'notify2'
[117.910s] DEBUG:colcon.colcon_notification.desktop_notification.notify2:Failed to initialize notify2: org.freedesktop.DBus.Error.NotSupported: Unable to autolaunch a dbus-daemon without a $DISPLAY for X11
[117.911s] DEBUG:colcon.colcon_core.event_reactor:joined thread
[117.992s] INFO:colcon.colcon_core.shell:Creating prefix script '/root/bridges/jetson_workspace/install/local_setup.ps1'
[117.999s] INFO:colcon.colcon_core.shell:Creating prefix util module '/root/bridges/jetson_workspace/install/_local_setup_util_ps1.py'
[118.005s] INFO:colcon.colcon_core.shell:Creating prefix chain script '/root/bridges/jetson_workspace/install/setup.ps1'
[118.089s] INFO:colcon.colcon_core.shell:Creating prefix script '/root/bridges/jetson_workspace/install/local_setup.sh'
[118.092s] INFO:colcon.colcon_core.shell:Creating prefix util module '/root/bridges/jetson_workspace/install/_local_setup_util_sh.py'
[118.095s] INFO:colcon.colcon_core.shell:Creating prefix chain script '/root/bridges/jetson_workspace/install/setup.sh'
[118.297s] INFO:colcon.colcon_core.shell:Creating prefix script '/root/bridges/jetson_workspace/install/local_setup.bash'
[118.300s] INFO:colcon.colcon_core.shell:Creating prefix chain script '/root/bridges/jetson_workspace/install/setup.bash'
[118.384s] INFO:colcon.colcon_core.shell:Creating prefix script '/root/bridges/jetson_workspace/install/local_setup.zsh'
[118.387s] INFO:colcon.colcon_core.shell:Creating prefix chain script '/root/bridges/jetson_workspace/install/setup.zsh'
