-- The C compiler identification is GNU 9.4.0
-- The CXX compiler identification is GNU 9.4.0
-- Detecting C compiler ABI info
-- Detecting C compiler ABI info - done
-- Check for working C compiler: /usr/bin/cc - skipped
-- Detecting C compile features
-- Detecting C compile features - done
-- Detecting CXX compiler ABI info
-- Detecting CXX compiler ABI info - done
-- Check for working CXX compiler: /usr/bin/c++ - skipped
-- Detecting CXX compile features
-- Detecting CXX compile features - done
-- Found ament_cmake: 1.3.6 (/opt/ros/humble/install/share/ament_cmake/cmake)
-- Found Python3: /usr/bin/python3.8 (found version "3.8.10") found components: Interpreter 
-- Override CMake install command with custom implementation using symlinks instead of copying resources
-- Found rclcpp: 16.0.6 (/opt/ros/humble/install/share/rclcpp/cmake)
-- Found rosidl_generator_c: 3.1.5 (/opt/ros/humble/install/share/rosidl_generator_c/cmake)
-- Found rosidl_adapter: 3.1.5 (/opt/ros/humble/install/share/rosidl_adapter/cmake)
-- Found rosidl_generator_cpp: 3.1.5 (/opt/ros/humble/install/share/rosidl_generator_cpp/cmake)
-- Using all available rosidl_typesupport_c: rosidl_typesupport_fastrtps_c;rosidl_typesupport_introspection_c
-- Using all available rosidl_typesupport_cpp: rosidl_typesupport_fastrtps_cpp;rosidl_typesupport_introspection_cpp
-- Found rmw_implementation_cmake: 6.1.1 (/opt/ros/humble/install/share/rmw_implementation_cmake/cmake)
-- Found rmw_cyclonedds_cpp: 1.3.4 (/opt/ros/humble/install/share/rmw_cyclonedds_cpp/cmake)
-- Using RMW implementation 'rmw_cyclonedds_cpp' as default
-- Performing Test CMAKE_HAVE_LIBC_PTHREAD
-- Performing Test CMAKE_HAVE_LIBC_PTHREAD - Failed
-- Looking for pthread_create in pthreads
-- Looking for pthread_create in pthreads - not found
-- Looking for pthread_create in pthread
-- Looking for pthread_create in pthread - found
-- Found Threads: TRUE  
-- Found rosidl_default_generators: 1.2.0 (/opt/ros/humble/install/share/rosidl_default_generators/cmake)
-- Found ament_cmake_ros: 0.10.0 (/opt/ros/humble/install/share/ament_cmake_ros/cmake)
-- Using all available rosidl_typesupport_c: rosidl_typesupport_fastrtps_c;rosidl_typesupport_introspection_c
-- Using all available rosidl_typesupport_cpp: rosidl_typesupport_fastrtps_cpp;rosidl_typesupport_introspection_cpp
[33mCMake Warning (dev) at /opt/ros/humble/install/share/rosidl_generator_py/cmake/rosidl_generator_py_generate_interfaces.cmake:20 (find_package):
  Policy CMP0148 is not set: The FindPythonInterp and FindPythonLibs modules
  are removed.  Run "cmake --help-policy CMP0148" for policy details.  Use
  the cmake_policy command to set the policy and suppress this warning.

Call Stack (most recent call first):
  /opt/ros/humble/install/share/ament_cmake_core/cmake/core/ament_execute_extensions.cmake:48 (include)
  /opt/ros/humble/install/share/rosidl_cmake/cmake/rosidl_generate_interfaces.cmake:286 (ament_execute_extensions)
  CMakeLists.txt:14 (rosidl_generate_interfaces)
This warning is for project developers.  Use -Wno-dev to suppress it.
[0m
-- Found PythonInterp: /usr/bin/python3 (found suitable version "3.8.10", minimum required is "3.6") 
-- Found python_cmake_module: 0.10.0 (/opt/ros/humble/install/share/python_cmake_module/cmake)
[33mCMake Warning (dev) at /opt/ros/humble/install/share/python_cmake_module/cmake/Modules/FindPythonExtra.cmake:52 (find_package):
  Policy CMP0148 is not set: The FindPythonInterp and FindPythonLibs modules
  are removed.  Run "cmake --help-policy CMP0148" for policy details.  Use
  the cmake_policy command to set the policy and suppress this warning.

Call Stack (most recent call first):
  /opt/ros/humble/install/share/rosidl_generator_py/cmake/rosidl_generator_py_generate_interfaces.cmake:23 (find_package)
  /opt/ros/humble/install/share/ament_cmake_core/cmake/core/ament_execute_extensions.cmake:48 (include)
  /opt/ros/humble/install/share/rosidl_cmake/cmake/rosidl_generate_interfaces.cmake:286 (ament_execute_extensions)
  CMakeLists.txt:14 (rosidl_generate_interfaces)
This warning is for project developers.  Use -Wno-dev to suppress it.
[0m
[33mCMake Warning (dev) at /opt/ros/humble/install/share/python_cmake_module/cmake/Modules/FindPythonExtra.cmake:140 (find_package):
  Policy CMP0148 is not set: The FindPythonInterp and FindPythonLibs modules
  are removed.  Run "cmake --help-policy CMP0148" for policy details.  Use
  the cmake_policy command to set the policy and suppress this warning.

Call Stack (most recent call first):
  /opt/ros/humble/install/share/rosidl_generator_py/cmake/rosidl_generator_py_generate_interfaces.cmake:23 (find_package)
  /opt/ros/humble/install/share/ament_cmake_core/cmake/core/ament_execute_extensions.cmake:48 (include)
  /opt/ros/humble/install/share/rosidl_cmake/cmake/rosidl_generate_interfaces.cmake:286 (ament_execute_extensions)
  CMakeLists.txt:14 (rosidl_generate_interfaces)
This warning is for project developers.  Use -Wno-dev to suppress it.
[0m
-- Found PythonLibs: /usr/lib/aarch64-linux-gnu/libpython3.8.so (found suitable version "3.8.10", minimum required is "3.5") 
-- Using PYTHON_EXECUTABLE: /usr/bin/python3
-- Using PYTHON_INCLUDE_DIRS: /usr/include/python3.8
-- Using PYTHON_LIBRARIES: /usr/lib/aarch64-linux-gnu/libpython3.8.so
-- Found PythonExtra: .so  
-- Using numpy include directory: /usr/local/lib/python3.8/dist-packages/numpy/core/include
[0mCMake Deprecation Warning at /opt/ros/humble/install/share/rosidl_cmake/cmake/rosidl_target_interfaces.cmake:32 (message):
  Use rosidl_get_typesupport_target() and target_link_libraries() instead of
  rosidl_target_interfaces()
Call Stack (most recent call first):
  CMakeLists.txt:23 (rosidl_target_interfaces)

[0m
-- Found ament_lint_auto: 0.12.8 (/opt/ros/humble/install/share/ament_lint_auto/cmake)
-- Added test 'cppcheck' to perform static code analysis on C / C++ code
-- Configured cppcheck include dirs: 
-- Configured cppcheck exclude dirs and/or files: 
-- Added test 'lint_cmake' to check CMake code style
-- Added test 'uncrustify' to check C / C++ code style
-- Configured uncrustify additional arguments: 
-- Added test 'xmllint' to check XML markup files
-- Configuring done (36.9s)
-- Generating done (0.5s)
-- Build files have been written to: /root/bridges/jetson_workspace/build/pkg_srv
[  3%] [34m[1mGenerating C code for ROS interfaces[0m
[  6%] [34m[1mGenerating C++ code for ROS interfaces[0m
[  6%] Built target ament_cmake_python_symlink_pkg_srv
[  6%] Built target pkg_srv__cpp
[  9%] [34m[1mGenerating C++ type support for eProsima Fast-RTPS[0m
[ 12%] [34m[1mGenerating C++ introspection for ROS interfaces[0m
[ 15%] [32mBuilding C object CMakeFiles/pkg_srv__rosidl_generator_c.dir/rosidl_generator_c/pkg_srv/srv/detail/mission_control__functions.c.o[0m
running egg_info
creating pkg_srv.egg-info
writing pkg_srv.egg-info/PKG-INFO
writing dependency_links to pkg_srv.egg-info/dependency_links.txt
writing top-level names to pkg_srv.egg-info/top_level.txt
writing manifest file 'pkg_srv.egg-info/SOURCES.txt'
[ 18%] [32m[1mLinking C shared library libpkg_srv__rosidl_generator_c.so[0m
reading manifest file 'pkg_srv.egg-info/SOURCES.txt'
writing manifest file 'pkg_srv.egg-info/SOURCES.txt'
[ 18%] Built target pkg_srv__rosidl_generator_c
[ 18%] Built target ament_cmake_python_build_pkg_srv_egg
[ 21%] [34m[1mGenerating C++ type support dispatch for ROS interfaces[0m
[ 24%] [34m[1mGenerating C type support for eProsima Fast-RTPS[0m
[ 27%] [32mBuilding CXX object CMakeFiles/pkg_srv__rosidl_typesupport_introspection_cpp.dir/rosidl_typesupport_introspection_cpp/pkg_srv/srv/detail/mission_control__type_support.cpp.o[0m
[ 30%] [32mBuilding CXX object CMakeFiles/pkg_srv__rosidl_typesupport_fastrtps_cpp.dir/rosidl_typesupport_fastrtps_cpp/pkg_srv/srv/detail/dds_fastrtps/mission_control__type_support.cpp.o[0m
[ 33%] [32mBuilding CXX object CMakeFiles/pkg_srv__rosidl_typesupport_cpp.dir/rosidl_typesupport_cpp/pkg_srv/srv/mission_control__type_support.cpp.o[0m
[ 36%] [32mBuilding CXX object CMakeFiles/pkg_srv__rosidl_typesupport_fastrtps_c.dir/rosidl_typesupport_fastrtps_c/pkg_srv/srv/detail/mission_control__type_support_c.cpp.o[0m
[ 39%] [32m[1mLinking CXX shared library libpkg_srv__rosidl_typesupport_introspection_cpp.so[0m
[ 42%] [32m[1mLinking CXX shared library libpkg_srv__rosidl_typesupport_cpp.so[0m
[ 42%] Built target pkg_srv__rosidl_typesupport_cpp
[ 42%] Built target pkg_srv__rosidl_typesupport_introspection_cpp
[ 45%] [32m[1mLinking CXX shared library libpkg_srv__rosidl_typesupport_fastrtps_cpp.so[0m
[ 48%] [32m[1mLinking CXX shared library libpkg_srv__rosidl_typesupport_fastrtps_c.so[0m
[ 48%] Built target pkg_srv__rosidl_typesupport_fastrtps_cpp
[ 48%] Built target pkg_srv__rosidl_typesupport_fastrtps_c
[ 51%] [34m[1mGenerating C type support dispatch for ROS interfaces[0m
[ 54%] [32mBuilding CXX object CMakeFiles/pkg_srv__rosidl_typesupport_c.dir/rosidl_typesupport_c/pkg_srv/srv/mission_control__type_support.cpp.o[0m
[ 57%] [32m[1mLinking CXX shared library libpkg_srv__rosidl_typesupport_c.so[0m
[ 57%] Built target pkg_srv__rosidl_typesupport_c
[ 60%] [34m[1mGenerating C introspection for ROS interfaces[0m
[ 63%] [32mBuilding C object CMakeFiles/pkg_srv__rosidl_typesupport_introspection_c.dir/rosidl_typesupport_introspection_c/pkg_srv/srv/detail/mission_control__type_support.c.o[0m
[ 66%] [32m[1mLinking C shared library libpkg_srv__rosidl_typesupport_introspection_c.so[0m
[ 66%] Built target pkg_srv__rosidl_typesupport_introspection_c
[ 66%] Built target pkg_srv
[ 69%] [34m[1mGenerating Python code for ROS interfaces[0m
[ 69%] Built target pkg_srv__py
[ 72%] [32mBuilding CXX object CMakeFiles/mission_control_server.dir/src/mission_control_server.cpp.o[0m
[ 75%] [32m[1mLinking CXX executable mission_control_server[0m
[ 75%] Built target mission_control_server
[ 78%] [32mBuilding C object CMakeFiles/pkg_srv__rosidl_generator_py.dir/rosidl_generator_py/pkg_srv/srv/_mission_control_s.c.o[0m
[ 81%] [32m[1mLinking C shared library rosidl_generator_py/pkg_srv/libpkg_srv__rosidl_generator_py.so[0m
[ 81%] Built target pkg_srv__rosidl_generator_py
[ 84%] [32mBuilding C object CMakeFiles/pkg_srv__rosidl_typesupport_fastrtps_c__pyext.dir/rosidl_generator_py/pkg_srv/_pkg_srv_s.ep.rosidl_typesupport_fastrtps_c.c.o[0m
[ 87%] [32m[1mLinking C shared library rosidl_generator_py/pkg_srv/pkg_srv_s__rosidl_typesupport_fastrtps_c.cpython-38-aarch64-linux-gnu.so[0m
[ 87%] Built target pkg_srv__rosidl_typesupport_fastrtps_c__pyext
[ 90%] [32mBuilding C object CMakeFiles/pkg_srv__rosidl_typesupport_c__pyext.dir/rosidl_generator_py/pkg_srv/_pkg_srv_s.ep.rosidl_typesupport_c.c.o[0m
[ 93%] [32m[1mLinking C shared library rosidl_generator_py/pkg_srv/pkg_srv_s__rosidl_typesupport_c.cpython-38-aarch64-linux-gnu.so[0m
[ 93%] Built target pkg_srv__rosidl_typesupport_c__pyext
[ 96%] [32mBuilding C object CMakeFiles/pkg_srv__rosidl_typesupport_introspection_c__pyext.dir/rosidl_generator_py/pkg_srv/_pkg_srv_s.ep.rosidl_typesupport_introspection_c.c.o[0m
[100%] [32m[1mLinking C shared library rosidl_generator_py/pkg_srv/pkg_srv_s__rosidl_typesupport_introspection_c.cpython-38-aarch64-linux-gnu.so[0m
[100%] Built target pkg_srv__rosidl_typesupport_introspection_c__pyext
-- Install configuration: ""
-- Execute custom install script
-- Symlinking: /root/bridges/jetson_workspace/install/pkg_srv/share/ament_index/resource_index/rosidl_interfaces/pkg_srv
-- Symlinking: /root/bridges/jetson_workspace/install/pkg_srv/include/pkg_srv/pkg_srv/msg/rosidl_generator_c__visibility_control.h
-- Symlinking: /root/bridges/jetson_workspace/install/pkg_srv/include/pkg_srv/pkg_srv/srv/detail/mission_control__functions.h
-- Symlinking: /root/bridges/jetson_workspace/install/pkg_srv/include/pkg_srv/pkg_srv/srv/detail/mission_control__struct.h
-- Symlinking: /root/bridges/jetson_workspace/install/pkg_srv/include/pkg_srv/pkg_srv/srv/detail/mission_control__type_support.h
-- Symlinking: /root/bridges/jetson_workspace/install/pkg_srv/include/pkg_srv/pkg_srv/srv/mission_control.h
-- Symlinking: /root/bridges/jetson_workspace/install/pkg_srv/share/pkg_srv/environment/library_path.sh
-- Symlinking: /root/bridges/jetson_workspace/install/pkg_srv/share/pkg_srv/environment/library_path.dsv
-- Symlinking: /root/bridges/jetson_workspace/install/pkg_srv/include/pkg_srv/pkg_srv/msg/rosidl_typesupport_fastrtps_c__visibility_control.h
-- Symlinking: /root/bridges/jetson_workspace/install/pkg_srv/include/pkg_srv/pkg_srv/srv/detail/mission_control__rosidl_typesupport_fastrtps_c.h
-- Symlinking: /root/bridges/jetson_workspace/install/pkg_srv/include/pkg_srv/pkg_srv/srv/detail/mission_control__builder.hpp
-- Symlinking: /root/bridges/jetson_workspace/install/pkg_srv/include/pkg_srv/pkg_srv/srv/detail/mission_control__struct.hpp
-- Symlinking: /root/bridges/jetson_workspace/install/pkg_srv/include/pkg_srv/pkg_srv/srv/detail/mission_control__traits.hpp
-- Symlinking: /root/bridges/jetson_workspace/install/pkg_srv/include/pkg_srv/pkg_srv/srv/mission_control.hpp
-- Symlinking: /root/bridges/jetson_workspace/install/pkg_srv/include/pkg_srv/pkg_srv/msg/rosidl_typesupport_fastrtps_cpp__visibility_control.h
-- Symlinking: /root/bridges/jetson_workspace/install/pkg_srv/include/pkg_srv/pkg_srv/srv/detail/mission_control__rosidl_typesupport_fastrtps_cpp.hpp
-- Symlinking: /root/bridges/jetson_workspace/install/pkg_srv/include/pkg_srv/pkg_srv/msg/rosidl_typesupport_introspection_c__visibility_control.h
-- Symlinking: /root/bridges/jetson_workspace/install/pkg_srv/include/pkg_srv/pkg_srv/srv/detail/mission_control__rosidl_typesupport_introspection_c.h
-- Symlinking: /root/bridges/jetson_workspace/install/pkg_srv/include/pkg_srv/pkg_srv/srv/detail/mission_control__rosidl_typesupport_introspection_cpp.hpp
-- Symlinking: /root/bridges/jetson_workspace/install/pkg_srv/share/pkg_srv/environment/pythonpath.sh
-- Symlinking: /root/bridges/jetson_workspace/install/pkg_srv/share/pkg_srv/environment/pythonpath.dsv
-- Symlinking: /root/bridges/jetson_workspace/install/pkg_srv/lib/python3.8/site-packages/pkg_srv-0.0.0-py3.8.egg-info/PKG-INFO
-- Symlinking: /root/bridges/jetson_workspace/install/pkg_srv/lib/python3.8/site-packages/pkg_srv-0.0.0-py3.8.egg-info/SOURCES.txt
-- Symlinking: /root/bridges/jetson_workspace/install/pkg_srv/lib/python3.8/site-packages/pkg_srv-0.0.0-py3.8.egg-info/dependency_links.txt
-- Symlinking: /root/bridges/jetson_workspace/install/pkg_srv/lib/python3.8/site-packages/pkg_srv-0.0.0-py3.8.egg-info/top_level.txt
-- Symlinking: /root/bridges/jetson_workspace/install/pkg_srv/lib/python3.8/site-packages/pkg_srv/__init__.py
-- Symlinking: /root/bridges/jetson_workspace/install/pkg_srv/lib/python3.8/site-packages/pkg_srv/_pkg_srv_s.ep.rosidl_typesupport_c.c
-- Symlinking: /root/bridges/jetson_workspace/install/pkg_srv/lib/python3.8/site-packages/pkg_srv/_pkg_srv_s.ep.rosidl_typesupport_fastrtps_c.c
-- Symlinking: /root/bridges/jetson_workspace/install/pkg_srv/lib/python3.8/site-packages/pkg_srv/_pkg_srv_s.ep.rosidl_typesupport_introspection_c.c
-- Symlinking: /root/bridges/jetson_workspace/install/pkg_srv/lib/python3.8/site-packages/pkg_srv/libpkg_srv__rosidl_generator_py.so
-- Symlinking: /root/bridges/jetson_workspace/install/pkg_srv/lib/python3.8/site-packages/pkg_srv/pkg_srv_s__rosidl_typesupport_c.cpython-38-aarch64-linux-gnu.so
-- Symlinking: /root/bridges/jetson_workspace/install/pkg_srv/lib/python3.8/site-packages/pkg_srv/pkg_srv_s__rosidl_typesupport_fastrtps_c.cpython-38-aarch64-linux-gnu.so
-- Symlinking: /root/bridges/jetson_workspace/install/pkg_srv/lib/python3.8/site-packages/pkg_srv/pkg_srv_s__rosidl_typesupport_introspection_c.cpython-38-aarch64-linux-gnu.so
-- Symlinking: /root/bridges/jetson_workspace/install/pkg_srv/lib/python3.8/site-packages/pkg_srv/srv/__init__.py
-- Symlinking: /root/bridges/jetson_workspace/install/pkg_srv/lib/python3.8/site-packages/pkg_srv/srv/_mission_control.py
-- Symlinking: /root/bridges/jetson_workspace/install/pkg_srv/lib/python3.8/site-packages/pkg_srv/srv/_mission_control_s.c
-- Up-to-date symlink: /root/bridges/jetson_workspace/install/pkg_srv/lib/python3.8/site-packages/pkg_srv/pkg_srv_s__rosidl_typesupport_fastrtps_c.cpython-38-aarch64-linux-gnu.so
-- Up-to-date symlink: /root/bridges/jetson_workspace/install/pkg_srv/lib/python3.8/site-packages/pkg_srv/pkg_srv_s__rosidl_typesupport_introspection_c.cpython-38-aarch64-linux-gnu.so
-- Up-to-date symlink: /root/bridges/jetson_workspace/install/pkg_srv/lib/python3.8/site-packages/pkg_srv/pkg_srv_s__rosidl_typesupport_c.cpython-38-aarch64-linux-gnu.so
-- Symlinking: /root/bridges/jetson_workspace/install/pkg_srv/share/pkg_srv/srv/MissionControl.idl
-- Symlinking: /root/bridges/jetson_workspace/install/pkg_srv/share/pkg_srv/srv/MissionControl.srv
-- Symlinking: /root/bridges/jetson_workspace/install/pkg_srv/share/pkg_srv/srv/MissionControl_Request.msg
-- Symlinking: /root/bridges/jetson_workspace/install/pkg_srv/share/pkg_srv/srv/MissionControl_Response.msg
-- Symlinking: /root/bridges/jetson_workspace/install/pkg_srv/lib/pkg_srv/mission_control_server
-- Symlinking: /root/bridges/jetson_workspace/install/pkg_srv/share/ament_index/resource_index/package_run_dependencies/pkg_srv
-- Symlinking: /root/bridges/jetson_workspace/install/pkg_srv/share/ament_index/resource_index/parent_prefix_path/pkg_srv
-- Symlinking: /root/bridges/jetson_workspace/install/pkg_srv/share/pkg_srv/environment/ament_prefix_path.sh
-- Symlinking: /root/bridges/jetson_workspace/install/pkg_srv/share/pkg_srv/environment/ament_prefix_path.dsv
-- Symlinking: /root/bridges/jetson_workspace/install/pkg_srv/share/pkg_srv/environment/path.sh
-- Symlinking: /root/bridges/jetson_workspace/install/pkg_srv/share/pkg_srv/environment/path.dsv
-- Symlinking: /root/bridges/jetson_workspace/install/pkg_srv/share/pkg_srv/local_setup.bash
-- Symlinking: /root/bridges/jetson_workspace/install/pkg_srv/share/pkg_srv/local_setup.sh
-- Symlinking: /root/bridges/jetson_workspace/install/pkg_srv/share/pkg_srv/local_setup.zsh
-- Symlinking: /root/bridges/jetson_workspace/install/pkg_srv/share/pkg_srv/local_setup.dsv
-- Symlinking: /root/bridges/jetson_workspace/install/pkg_srv/share/pkg_srv/package.dsv
-- Symlinking: /root/bridges/jetson_workspace/install/pkg_srv/share/ament_index/resource_index/packages/pkg_srv
-- Symlinking: /root/bridges/jetson_workspace/install/pkg_srv/share/pkg_srv/cmake/rosidl_cmake-extras.cmake
-- Symlinking: /root/bridges/jetson_workspace/install/pkg_srv/share/pkg_srv/cmake/ament_cmake_export_dependencies-extras.cmake
-- Symlinking: /root/bridges/jetson_workspace/install/pkg_srv/share/pkg_srv/cmake/ament_cmake_export_include_directories-extras.cmake
-- Symlinking: /root/bridges/jetson_workspace/install/pkg_srv/share/pkg_srv/cmake/ament_cmake_export_libraries-extras.cmake
-- Symlinking: /root/bridges/jetson_workspace/install/pkg_srv/share/pkg_srv/cmake/ament_cmake_export_targets-extras.cmake
-- Symlinking: /root/bridges/jetson_workspace/install/pkg_srv/share/pkg_srv/cmake/rosidl_cmake_export_typesupport_targets-extras.cmake
-- Symlinking: /root/bridges/jetson_workspace/install/pkg_srv/share/pkg_srv/cmake/rosidl_cmake_export_typesupport_libraries-extras.cmake
-- Symlinking: /root/bridges/jetson_workspace/install/pkg_srv/share/pkg_srv/cmake/pkg_srvConfig.cmake
-- Symlinking: /root/bridges/jetson_workspace/install/pkg_srv/share/pkg_srv/cmake/pkg_srvConfig-version.cmake
-- Symlinking: /root/bridges/jetson_workspace/install/pkg_srv/share/pkg_srv/package.xml
-- Installing: /root/bridges/jetson_workspace/install/pkg_srv/lib/libpkg_srv__rosidl_generator_c.so
-- Set runtime path of "/root/bridges/jetson_workspace/install/pkg_srv/lib/libpkg_srv__rosidl_generator_c.so" to ""
-- Installing: /root/bridges/jetson_workspace/install/pkg_srv/lib/libpkg_srv__rosidl_typesupport_fastrtps_c.so
-- Set runtime path of "/root/bridges/jetson_workspace/install/pkg_srv/lib/libpkg_srv__rosidl_typesupport_fastrtps_c.so" to ""
-- Installing: /root/bridges/jetson_workspace/install/pkg_srv/lib/libpkg_srv__rosidl_typesupport_fastrtps_cpp.so
-- Set runtime path of "/root/bridges/jetson_workspace/install/pkg_srv/lib/libpkg_srv__rosidl_typesupport_fastrtps_cpp.so" to ""
-- Installing: /root/bridges/jetson_workspace/install/pkg_srv/lib/libpkg_srv__rosidl_typesupport_introspection_c.so
-- Set runtime path of "/root/bridges/jetson_workspace/install/pkg_srv/lib/libpkg_srv__rosidl_typesupport_introspection_c.so" to ""
-- Installing: /root/bridges/jetson_workspace/install/pkg_srv/lib/libpkg_srv__rosidl_typesupport_c.so
-- Set runtime path of "/root/bridges/jetson_workspace/install/pkg_srv/lib/libpkg_srv__rosidl_typesupport_c.so" to ""
-- Installing: /root/bridges/jetson_workspace/install/pkg_srv/lib/libpkg_srv__rosidl_typesupport_introspection_cpp.so
-- Set runtime path of "/root/bridges/jetson_workspace/install/pkg_srv/lib/libpkg_srv__rosidl_typesupport_introspection_cpp.so" to ""
-- Installing: /root/bridges/jetson_workspace/install/pkg_srv/lib/libpkg_srv__rosidl_typesupport_cpp.so
-- Set runtime path of "/root/bridges/jetson_workspace/install/pkg_srv/lib/libpkg_srv__rosidl_typesupport_cpp.so" to ""
Listing '/root/bridges/jetson_workspace/install/pkg_srv/lib/python3.8/site-packages/pkg_srv'...
Compiling '/root/bridges/jetson_workspace/install/pkg_srv/lib/python3.8/site-packages/pkg_srv/__init__.py'...
Listing '/root/bridges/jetson_workspace/install/pkg_srv/lib/python3.8/site-packages/pkg_srv/srv'...
Compiling '/root/bridges/jetson_workspace/install/pkg_srv/lib/python3.8/site-packages/pkg_srv/srv/__init__.py'...
Compiling '/root/bridges/jetson_workspace/install/pkg_srv/lib/python3.8/site-packages/pkg_srv/srv/_mission_control.py'...
-- Installing: /root/bridges/jetson_workspace/install/pkg_srv/lib/libpkg_srv__rosidl_generator_py.so
-- Set runtime path of "/root/bridges/jetson_workspace/install/pkg_srv/lib/libpkg_srv__rosidl_generator_py.so" to ""
-- Installing: /root/bridges/jetson_workspace/install/pkg_srv/share/pkg_srv/cmake/export_pkg_srv__rosidl_generator_cExport.cmake
-- Installing: /root/bridges/jetson_workspace/install/pkg_srv/share/pkg_srv/cmake/export_pkg_srv__rosidl_generator_cExport-noconfig.cmake
-- Installing: /root/bridges/jetson_workspace/install/pkg_srv/share/pkg_srv/cmake/export_pkg_srv__rosidl_typesupport_fastrtps_cExport.cmake
-- Installing: /root/bridges/jetson_workspace/install/pkg_srv/share/pkg_srv/cmake/export_pkg_srv__rosidl_typesupport_fastrtps_cExport-noconfig.cmake
-- Installing: /root/bridges/jetson_workspace/install/pkg_srv/share/pkg_srv/cmake/export_pkg_srv__rosidl_generator_cppExport.cmake
-- Installing: /root/bridges/jetson_workspace/install/pkg_srv/share/pkg_srv/cmake/export_pkg_srv__rosidl_typesupport_fastrtps_cppExport.cmake
-- Installing: /root/bridges/jetson_workspace/install/pkg_srv/share/pkg_srv/cmake/export_pkg_srv__rosidl_typesupport_fastrtps_cppExport-noconfig.cmake
-- Installing: /root/bridges/jetson_workspace/install/pkg_srv/share/pkg_srv/cmake/pkg_srv__rosidl_typesupport_introspection_cExport.cmake
-- Installing: /root/bridges/jetson_workspace/install/pkg_srv/share/pkg_srv/cmake/pkg_srv__rosidl_typesupport_introspection_cExport-noconfig.cmake
-- Installing: /root/bridges/jetson_workspace/install/pkg_srv/share/pkg_srv/cmake/pkg_srv__rosidl_typesupport_cExport.cmake
-- Installing: /root/bridges/jetson_workspace/install/pkg_srv/share/pkg_srv/cmake/pkg_srv__rosidl_typesupport_cExport-noconfig.cmake
-- Installing: /root/bridges/jetson_workspace/install/pkg_srv/share/pkg_srv/cmake/pkg_srv__rosidl_typesupport_introspection_cppExport.cmake
-- Installing: /root/bridges/jetson_workspace/install/pkg_srv/share/pkg_srv/cmake/pkg_srv__rosidl_typesupport_introspection_cppExport-noconfig.cmake
-- Installing: /root/bridges/jetson_workspace/install/pkg_srv/share/pkg_srv/cmake/pkg_srv__rosidl_typesupport_cppExport.cmake
-- Installing: /root/bridges/jetson_workspace/install/pkg_srv/share/pkg_srv/cmake/pkg_srv__rosidl_typesupport_cppExport-noconfig.cmake
-- Installing: /root/bridges/jetson_workspace/install/pkg_srv/share/pkg_srv/cmake/export_pkg_srv__rosidl_generator_pyExport.cmake
-- Installing: /root/bridges/jetson_workspace/install/pkg_srv/share/pkg_srv/cmake/export_pkg_srv__rosidl_generator_pyExport-noconfig.cmake
