[ 50%] Built target video_recorder_control_node
[ 75%] [32mBuilding CXX object CMakeFiles/video_writer_node.dir/src/video_writer_node.cpp.o[0m
[01m[K/root/bridges/jetson_workspace/src/video_recorder_pkg/src/video_writer_node.cpp:[m[K In constructor ‘[01m[KVideoWriterNode::VideoWriterNode()[m[K’:
[01m[K/root/bridges/jetson_workspace/src/video_recorder_pkg/src/video_writer_node.cpp:23:28:[m[K [01;35m[Kwarning: [m[Kmissing initializer for member ‘[01m[Kstat::st_ino[m[K’ [[01;35m[K-Wmissing-field-initializers[m[K]
   23 |         struct stat st = {0[01;35m[K}[m[K;
      |                            [01;35m[K^[m[K
[01m[K/root/bridges/jetson_workspace/src/video_recorder_pkg/src/video_writer_node.cpp:23:28:[m[K [01;35m[Kwarning: [m[Kmissing initializer for member ‘[01m[Kstat::st_mode[m[K’ [[01;35m[K-Wmissing-field-initializers[m[K]
[01m[K/root/bridges/jetson_workspace/src/video_recorder_pkg/src/video_writer_node.cpp:23:28:[m[K [01;35m[Kwarning: [m[Kmissing initializer for member ‘[01m[Kstat::st_nlink[m[K’ [[01;35m[K-Wmissing-field-initializers[m[K]
[01m[K/root/bridges/jetson_workspace/src/video_recorder_pkg/src/video_writer_node.cpp:23:28:[m[K [01;35m[Kwarning: [m[Kmissing initializer for member ‘[01m[Kstat::st_uid[m[K’ [[01;35m[K-Wmissing-field-initializers[m[K]
[01m[K/root/bridges/jetson_workspace/src/video_recorder_pkg/src/video_writer_node.cpp:23:28:[m[K [01;35m[Kwarning: [m[Kmissing initializer for member ‘[01m[Kstat::st_gid[m[K’ [[01;35m[K-Wmissing-field-initializers[m[K]
[01m[K/root/bridges/jetson_workspace/src/video_recorder_pkg/src/video_writer_node.cpp:23:28:[m[K [01;35m[Kwarning: [m[Kmissing initializer for member ‘[01m[Kstat::st_rdev[m[K’ [[01;35m[K-Wmissing-field-initializers[m[K]
[01m[K/root/bridges/jetson_workspace/src/video_recorder_pkg/src/video_writer_node.cpp:23:28:[m[K [01;35m[Kwarning: [m[Kmissing initializer for member ‘[01m[Kstat::__pad1[m[K’ [[01;35m[K-Wmissing-field-initializers[m[K]
[01m[K/root/bridges/jetson_workspace/src/video_recorder_pkg/src/video_writer_node.cpp:23:28:[m[K [01;35m[Kwarning: [m[Kmissing initializer for member ‘[01m[Kstat::st_size[m[K’ [[01;35m[K-Wmissing-field-initializers[m[K]
[01m[K/root/bridges/jetson_workspace/src/video_recorder_pkg/src/video_writer_node.cpp:23:28:[m[K [01;35m[Kwarning: [m[Kmissing initializer for member ‘[01m[Kstat::st_blksize[m[K’ [[01;35m[K-Wmissing-field-initializers[m[K]
[01m[K/root/bridges/jetson_workspace/src/video_recorder_pkg/src/video_writer_node.cpp:23:28:[m[K [01;35m[Kwarning: [m[Kmissing initializer for member ‘[01m[Kstat::__pad2[m[K’ [[01;35m[K-Wmissing-field-initializers[m[K]
[01m[K/root/bridges/jetson_workspace/src/video_recorder_pkg/src/video_writer_node.cpp:23:28:[m[K [01;35m[Kwarning: [m[Kmissing initializer for member ‘[01m[Kstat::st_blocks[m[K’ [[01;35m[K-Wmissing-field-initializers[m[K]
[01m[K/root/bridges/jetson_workspace/src/video_recorder_pkg/src/video_writer_node.cpp:23:28:[m[K [01;35m[Kwarning: [m[Kmissing initializer for member ‘[01m[Kstat::st_atim[m[K’ [[01;35m[K-Wmissing-field-initializers[m[K]
[01m[K/root/bridges/jetson_workspace/src/video_recorder_pkg/src/video_writer_node.cpp:23:28:[m[K [01;35m[Kwarning: [m[Kmissing initializer for member ‘[01m[Kstat::st_mtim[m[K’ [[01;35m[K-Wmissing-field-initializers[m[K]
[01m[K/root/bridges/jetson_workspace/src/video_recorder_pkg/src/video_writer_node.cpp:23:28:[m[K [01;35m[Kwarning: [m[Kmissing initializer for member ‘[01m[Kstat::st_ctim[m[K’ [[01;35m[K-Wmissing-field-initializers[m[K]
[01m[K/root/bridges/jetson_workspace/src/video_recorder_pkg/src/video_writer_node.cpp:23:28:[m[K [01;35m[Kwarning: [m[Kmissing initializer for member ‘[01m[Kstat::__glibc_reserved[m[K’ [[01;35m[K-Wmissing-field-initializers[m[K]
[100%] [32m[1mLinking CXX executable video_writer_node[0m
[100%] Built target video_writer_node
-- Install configuration: ""
-- Execute custom install script
-- Up-to-date symlink: /root/bridges/jetson_workspace/install/video_recorder_pkg/lib/video_recorder_pkg/video_writer_node
-- Up-to-date symlink: /root/bridges/jetson_workspace/install/video_recorder_pkg/lib/video_recorder_pkg/video_recorder_control_node
-- Up-to-date symlink: /root/bridges/jetson_workspace/install/video_recorder_pkg/share/ament_index/resource_index/package_run_dependencies/video_recorder_pkg
-- Up-to-date symlink: /root/bridges/jetson_workspace/install/video_recorder_pkg/share/ament_index/resource_index/parent_prefix_path/video_recorder_pkg
-- Up-to-date symlink: /root/bridges/jetson_workspace/install/video_recorder_pkg/share/video_recorder_pkg/environment/ament_prefix_path.sh
-- Up-to-date symlink: /root/bridges/jetson_workspace/install/video_recorder_pkg/share/video_recorder_pkg/environment/ament_prefix_path.dsv
-- Up-to-date symlink: /root/bridges/jetson_workspace/install/video_recorder_pkg/share/video_recorder_pkg/environment/path.sh
-- Up-to-date symlink: /root/bridges/jetson_workspace/install/video_recorder_pkg/share/video_recorder_pkg/environment/path.dsv
-- Up-to-date symlink: /root/bridges/jetson_workspace/install/video_recorder_pkg/share/video_recorder_pkg/local_setup.bash
-- Up-to-date symlink: /root/bridges/jetson_workspace/install/video_recorder_pkg/share/video_recorder_pkg/local_setup.sh
-- Up-to-date symlink: /root/bridges/jetson_workspace/install/video_recorder_pkg/share/video_recorder_pkg/local_setup.zsh
-- Up-to-date symlink: /root/bridges/jetson_workspace/install/video_recorder_pkg/share/video_recorder_pkg/local_setup.dsv
-- Symlinking: /root/bridges/jetson_workspace/install/video_recorder_pkg/share/video_recorder_pkg/package.dsv
-- Up-to-date symlink: /root/bridges/jetson_workspace/install/video_recorder_pkg/share/ament_index/resource_index/packages/video_recorder_pkg
-- Up-to-date symlink: /root/bridges/jetson_workspace/install/video_recorder_pkg/share/video_recorder_pkg/cmake/video_recorder_pkgConfig.cmake
-- Up-to-date symlink: /root/bridges/jetson_workspace/install/video_recorder_pkg/share/video_recorder_pkg/cmake/video_recorder_pkgConfig-version.cmake
-- Up-to-date symlink: /root/bridges/jetson_workspace/install/video_recorder_pkg/share/video_recorder_pkg/package.xml
