[0.460s] Invoking command in '/root/bridges/jetson_workspace/build/video_recorder_pkg': PS1=\[\033[1;31m\]\u@\h\[\033[0m\]:\[\033[1;34m\]\w\[\033[0m\]# /usr/local/bin/cmake --build /root/bridges/jetson_workspace/build/video_recorder_pkg -- -j4 -l4
[0.981s] [ 50%] Built target video_recorder_control_node
[1.046s] [ 75%] [32mBuilding CXX object CMakeFiles/video_writer_node.dir/src/video_writer_node.cpp.o[0m
[24.161s] [01m[K/root/bridges/jetson_workspace/src/video_recorder_pkg/src/video_writer_node.cpp:[m[K In constructor ‘[01m[KVideoWriterNode::VideoWriterNode()[m[K’:
[24.166s] [01m[K/root/bridges/jetson_workspace/src/video_recorder_pkg/src/video_writer_node.cpp:23:28:[m[K [01;35m[Kwarning: [m[Kmissing initializer for member ‘[01m[Kstat::st_ino[m[K’ [[01;35m[K-Wmissing-field-initializers[m[K]
[24.167s]    23 |         struct stat st = {0[01;35m[K}[m[K;
[24.167s]       |                            [01;35m[K^[m[K
[24.168s] [01m[K/root/bridges/jetson_workspace/src/video_recorder_pkg/src/video_writer_node.cpp:23:28:[m[K [01;35m[Kwarning: [m[Kmissing initializer for member ‘[01m[Kstat::st_mode[m[K’ [[01;35m[K-Wmissing-field-initializers[m[K]
[24.168s] [01m[K/root/bridges/jetson_workspace/src/video_recorder_pkg/src/video_writer_node.cpp:23:28:[m[K [01;35m[Kwarning: [m[Kmissing initializer for member ‘[01m[Kstat::st_nlink[m[K’ [[01;35m[K-Wmissing-field-initializers[m[K]
[24.169s] [01m[K/root/bridges/jetson_workspace/src/video_recorder_pkg/src/video_writer_node.cpp:23:28:[m[K [01;35m[Kwarning: [m[Kmissing initializer for member ‘[01m[Kstat::st_uid[m[K’ [[01;35m[K-Wmissing-field-initializers[m[K]
[24.169s] [01m[K/root/bridges/jetson_workspace/src/video_recorder_pkg/src/video_writer_node.cpp:23:28:[m[K [01;35m[Kwarning: [m[Kmissing initializer for member ‘[01m[Kstat::st_gid[m[K’ [[01;35m[K-Wmissing-field-initializers[m[K]
[24.170s] [01m[K/root/bridges/jetson_workspace/src/video_recorder_pkg/src/video_writer_node.cpp:23:28:[m[K [01;35m[Kwarning: [m[Kmissing initializer for member ‘[01m[Kstat::st_rdev[m[K’ [[01;35m[K-Wmissing-field-initializers[m[K]
[24.170s] [01m[K/root/bridges/jetson_workspace/src/video_recorder_pkg/src/video_writer_node.cpp:23:28:[m[K [01;35m[Kwarning: [m[Kmissing initializer for member ‘[01m[Kstat::__pad1[m[K’ [[01;35m[K-Wmissing-field-initializers[m[K]
[24.170s] [01m[K/root/bridges/jetson_workspace/src/video_recorder_pkg/src/video_writer_node.cpp:23:28:[m[K [01;35m[Kwarning: [m[Kmissing initializer for member ‘[01m[Kstat::st_size[m[K’ [[01;35m[K-Wmissing-field-initializers[m[K]
[24.171s] [01m[K/root/bridges/jetson_workspace/src/video_recorder_pkg/src/video_writer_node.cpp:23:28:[m[K [01;35m[Kwarning: [m[Kmissing initializer for member ‘[01m[Kstat::st_blksize[m[K’ [[01;35m[K-Wmissing-field-initializers[m[K]
[24.172s] [01m[K/root/bridges/jetson_workspace/src/video_recorder_pkg/src/video_writer_node.cpp:23:28:[m[K [01;35m[Kwarning: [m[Kmissing initializer for member ‘[01m[Kstat::__pad2[m[K’ [[01;35m[K-Wmissing-field-initializers[m[K]
[24.172s] [01m[K/root/bridges/jetson_workspace/src/video_recorder_pkg/src/video_writer_node.cpp:23:28:[m[K [01;35m[Kwarning: [m[Kmissing initializer for member ‘[01m[Kstat::st_blocks[m[K’ [[01;35m[K-Wmissing-field-initializers[m[K]
[24.173s] [01m[K/root/bridges/jetson_workspace/src/video_recorder_pkg/src/video_writer_node.cpp:23:28:[m[K [01;35m[Kwarning: [m[Kmissing initializer for member ‘[01m[Kstat::st_atim[m[K’ [[01;35m[K-Wmissing-field-initializers[m[K]
[24.173s] [01m[K/root/bridges/jetson_workspace/src/video_recorder_pkg/src/video_writer_node.cpp:23:28:[m[K [01;35m[Kwarning: [m[Kmissing initializer for member ‘[01m[Kstat::st_mtim[m[K’ [[01;35m[K-Wmissing-field-initializers[m[K]
[24.174s] [01m[K/root/bridges/jetson_workspace/src/video_recorder_pkg/src/video_writer_node.cpp:23:28:[m[K [01;35m[Kwarning: [m[Kmissing initializer for member ‘[01m[Kstat::st_ctim[m[K’ [[01;35m[K-Wmissing-field-initializers[m[K]
[24.175s] [01m[K/root/bridges/jetson_workspace/src/video_recorder_pkg/src/video_writer_node.cpp:23:28:[m[K [01;35m[Kwarning: [m[Kmissing initializer for member ‘[01m[Kstat::__glibc_reserved[m[K’ [[01;35m[K-Wmissing-field-initializers[m[K]
[74.616s] [100%] [32m[1mLinking CXX executable video_writer_node[0m
[78.637s] [100%] Built target video_writer_node
[78.704s] Invoked command in '/root/bridges/jetson_workspace/build/video_recorder_pkg' returned '0': PS1=\[\033[1;31m\]\u@\h\[\033[0m\]:\[\033[1;34m\]\w\[\033[0m\]# /usr/local/bin/cmake --build /root/bridges/jetson_workspace/build/video_recorder_pkg -- -j4 -l4
[79.403s] Invoking command in '/root/bridges/jetson_workspace/build/video_recorder_pkg': PS1=\[\033[1;31m\]\u@\h\[\033[0m\]:\[\033[1;34m\]\w\[\033[0m\]# /usr/local/bin/cmake --install /root/bridges/jetson_workspace/build/video_recorder_pkg
[79.562s] -- Install configuration: ""
[79.570s] -- Execute custom install script
[79.574s] -- Up-to-date symlink: /root/bridges/jetson_workspace/install/video_recorder_pkg/lib/video_recorder_pkg/video_writer_node
[79.576s] -- Up-to-date symlink: /root/bridges/jetson_workspace/install/video_recorder_pkg/lib/video_recorder_pkg/video_recorder_control_node
[79.578s] -- Up-to-date symlink: /root/bridges/jetson_workspace/install/video_recorder_pkg/share/ament_index/resource_index/package_run_dependencies/video_recorder_pkg
[79.581s] -- Up-to-date symlink: /root/bridges/jetson_workspace/install/video_recorder_pkg/share/ament_index/resource_index/parent_prefix_path/video_recorder_pkg
[79.583s] -- Up-to-date symlink: /root/bridges/jetson_workspace/install/video_recorder_pkg/share/video_recorder_pkg/environment/ament_prefix_path.sh
[79.585s] -- Up-to-date symlink: /root/bridges/jetson_workspace/install/video_recorder_pkg/share/video_recorder_pkg/environment/ament_prefix_path.dsv
[79.586s] -- Up-to-date symlink: /root/bridges/jetson_workspace/install/video_recorder_pkg/share/video_recorder_pkg/environment/path.sh
[79.587s] -- Up-to-date symlink: /root/bridges/jetson_workspace/install/video_recorder_pkg/share/video_recorder_pkg/environment/path.dsv
[79.589s] -- Up-to-date symlink: /root/bridges/jetson_workspace/install/video_recorder_pkg/share/video_recorder_pkg/local_setup.bash
[79.590s] -- Up-to-date symlink: /root/bridges/jetson_workspace/install/video_recorder_pkg/share/video_recorder_pkg/local_setup.sh
[79.592s] -- Up-to-date symlink: /root/bridges/jetson_workspace/install/video_recorder_pkg/share/video_recorder_pkg/local_setup.zsh
[79.593s] -- Up-to-date symlink: /root/bridges/jetson_workspace/install/video_recorder_pkg/share/video_recorder_pkg/local_setup.dsv
[79.594s] -- Symlinking: /root/bridges/jetson_workspace/install/video_recorder_pkg/share/video_recorder_pkg/package.dsv
[79.614s] -- Up-to-date symlink: /root/bridges/jetson_workspace/install/video_recorder_pkg/share/ament_index/resource_index/packages/video_recorder_pkg
[79.615s] -- Up-to-date symlink: /root/bridges/jetson_workspace/install/video_recorder_pkg/share/video_recorder_pkg/cmake/video_recorder_pkgConfig.cmake
[79.616s] -- Up-to-date symlink: /root/bridges/jetson_workspace/install/video_recorder_pkg/share/video_recorder_pkg/cmake/video_recorder_pkgConfig-version.cmake
[79.618s] -- Up-to-date symlink: /root/bridges/jetson_workspace/install/video_recorder_pkg/share/video_recorder_pkg/package.xml
[79.641s] Invoked command in '/root/bridges/jetson_workspace/build/video_recorder_pkg' returned '0': PS1=\[\033[1;31m\]\u@\h\[\033[0m\]:\[\033[1;34m\]\w\[\033[0m\]# /usr/local/bin/cmake --install /root/bridges/jetson_workspace/build/video_recorder_pkg
