[7.999s] DEBUG:colcon:Command line arguments: ['/usr/bin/colcon', 'build']
[7.999s] DEBUG:colcon:Parsed command line arguments: Namespace(ament_cmake_args=None, base_paths=['.'], build_base='build', catkin_cmake_args=None, catkin_skip_building_tests=False, cmake_args=None, cmake_clean_cache=False, cmake_clean_first=False, cmake_force_configure=False, cmake_target=None, cmake_target_skip_unavailable=False, continue_on_error=False, event_handlers=None, executor='parallel', ignore_user_meta=False, install_base='install', log_base=None, log_level=None, main=<bound method BuildVerb.main of <colcon_core.verb.build.BuildVerb object at 0xffffa79959d0>>, merge_install=False, metas=['./colcon.meta'], packages_above=None, packages_above_and_dependencies=None, packages_above_depth=None, packages_end=None, packages_ignore=None, packages_ignore_regex=None, packages_select=None, packages_select_build_failed=False, packages_select_by_dep=None, packages_select_regex=None, packages_select_test_failures=False, packages_skip=None, packages_skip_build_finished=False, packages_skip_by_dep=None, packages_skip_regex=None, packages_skip_test_passed=False, packages_skip_up_to=None, packages_start=None, packages_up_to=None, packages_up_to_regex=None, parallel_workers=4, paths=None, symlink_install=False, test_result_base=None, verb_extension=<colcon_core.verb.build.BuildVerb object at 0xffffa79959d0>, verb_name='build', verb_parser=<colcon_defaults.argument_parser.defaults.DefaultArgumentsDecorator object at 0xffffa7675af0>)
[8.375s] Level 1:colcon.colcon_core.package_discovery:discover_packages(colcon_meta) check parameters
[8.375s] Level 1:colcon.colcon_core.package_discovery:discover_packages(recursive) check parameters
[8.376s] Level 1:colcon.colcon_core.package_discovery:discover_packages(ignore) check parameters
[8.376s] Level 1:colcon.colcon_core.package_discovery:discover_packages(path) check parameters
[8.376s] Level 1:colcon.colcon_core.package_discovery:discover_packages(colcon_meta) discover
[8.376s] Level 1:colcon.colcon_core.package_discovery:discover_packages(recursive) discover
[8.376s] INFO:colcon.colcon_core.package_discovery:Crawling recursively for packages in '/root/bridges/jetson_workspace'
[8.377s] Level 1:colcon.colcon_core.package_identification:_identify(.) by extensions ['ignore', 'ignore_ament_install']
[8.377s] Level 1:colcon.colcon_core.package_identification:_identify(.) by extension 'ignore'
[8.377s] Level 1:colcon.colcon_core.package_identification:_identify(.) by extension 'ignore_ament_install'
[8.378s] Level 1:colcon.colcon_core.package_identification:_identify(.) by extensions ['colcon_pkg']
[8.378s] Level 1:colcon.colcon_core.package_identification:_identify(.) by extension 'colcon_pkg'
[8.378s] Level 1:colcon.colcon_core.package_identification:_identify(.) by extensions ['colcon_meta']
[8.378s] Level 1:colcon.colcon_core.package_identification:_identify(.) by extension 'colcon_meta'
[8.378s] Level 1:colcon.colcon_core.package_identification:_identify(.) by extensions ['ros']
[8.378s] Level 1:colcon.colcon_core.package_identification:_identify(.) by extension 'ros'
[8.434s] Level 1:colcon.colcon_core.package_identification:_identify(.) by extensions ['cmake', 'python']
[8.434s] Level 1:colcon.colcon_core.package_identification:_identify(.) by extension 'cmake'
[8.434s] Level 1:colcon.colcon_core.package_identification:_identify(.) by extension 'python'
[8.434s] Level 1:colcon.colcon_core.package_identification:_identify(.) by extensions ['python_setup_py']
[8.434s] Level 1:colcon.colcon_core.package_identification:_identify(.) by extension 'python_setup_py'
[8.435s] Level 1:colcon.colcon_core.package_identification:_identify(build) by extensions ['ignore', 'ignore_ament_install']
[8.435s] Level 1:colcon.colcon_core.package_identification:_identify(build) by extension 'ignore'
[8.436s] Level 1:colcon.colcon_core.package_identification:_identify(build) ignored
[8.436s] Level 1:colcon.colcon_core.package_identification:_identify(install) by extensions ['ignore', 'ignore_ament_install']
[8.436s] Level 1:colcon.colcon_core.package_identification:_identify(install) by extension 'ignore'
[8.437s] Level 1:colcon.colcon_core.package_identification:_identify(install) ignored
[8.437s] Level 1:colcon.colcon_core.package_identification:_identify(log) by extensions ['ignore', 'ignore_ament_install']
[8.437s] Level 1:colcon.colcon_core.package_identification:_identify(log) by extension 'ignore'
[8.437s] Level 1:colcon.colcon_core.package_identification:_identify(log) ignored
[8.438s] Level 1:colcon.colcon_core.package_identification:_identify(onnxruntime-linux-aarch64-1.16.3) by extensions ['ignore', 'ignore_ament_install']
[8.438s] Level 1:colcon.colcon_core.package_identification:_identify(onnxruntime-linux-aarch64-1.16.3) by extension 'ignore'
[8.438s] Level 1:colcon.colcon_core.package_identification:_identify(onnxruntime-linux-aarch64-1.16.3) by extension 'ignore_ament_install'
[8.438s] Level 1:colcon.colcon_core.package_identification:_identify(onnxruntime-linux-aarch64-1.16.3) by extensions ['colcon_pkg']
[8.439s] Level 1:colcon.colcon_core.package_identification:_identify(onnxruntime-linux-aarch64-1.16.3) by extension 'colcon_pkg'
[8.439s] Level 1:colcon.colcon_core.package_identification:_identify(onnxruntime-linux-aarch64-1.16.3) by extensions ['colcon_meta']
[8.439s] Level 1:colcon.colcon_core.package_identification:_identify(onnxruntime-linux-aarch64-1.16.3) by extension 'colcon_meta'
[8.439s] Level 1:colcon.colcon_core.package_identification:_identify(onnxruntime-linux-aarch64-1.16.3) by extensions ['ros']
[8.439s] Level 1:colcon.colcon_core.package_identification:_identify(onnxruntime-linux-aarch64-1.16.3) by extension 'ros'
[8.440s] Level 1:colcon.colcon_core.package_identification:_identify(onnxruntime-linux-aarch64-1.16.3) by extensions ['cmake', 'python']
[8.440s] Level 1:colcon.colcon_core.package_identification:_identify(onnxruntime-linux-aarch64-1.16.3) by extension 'cmake'
[8.440s] Level 1:colcon.colcon_core.package_identification:_identify(onnxruntime-linux-aarch64-1.16.3) by extension 'python'
[8.440s] Level 1:colcon.colcon_core.package_identification:_identify(onnxruntime-linux-aarch64-1.16.3) by extensions ['python_setup_py']
[8.440s] Level 1:colcon.colcon_core.package_identification:_identify(onnxruntime-linux-aarch64-1.16.3) by extension 'python_setup_py'
[8.441s] Level 1:colcon.colcon_core.package_identification:_identify(onnxruntime-linux-aarch64-1.16.3/include) by extensions ['ignore', 'ignore_ament_install']
[8.441s] Level 1:colcon.colcon_core.package_identification:_identify(onnxruntime-linux-aarch64-1.16.3/include) by extension 'ignore'
[8.441s] Level 1:colcon.colcon_core.package_identification:_identify(onnxruntime-linux-aarch64-1.16.3/include) by extension 'ignore_ament_install'
[8.441s] Level 1:colcon.colcon_core.package_identification:_identify(onnxruntime-linux-aarch64-1.16.3/include) by extensions ['colcon_pkg']
[8.441s] Level 1:colcon.colcon_core.package_identification:_identify(onnxruntime-linux-aarch64-1.16.3/include) by extension 'colcon_pkg'
[8.442s] Level 1:colcon.colcon_core.package_identification:_identify(onnxruntime-linux-aarch64-1.16.3/include) by extensions ['colcon_meta']
[8.442s] Level 1:colcon.colcon_core.package_identification:_identify(onnxruntime-linux-aarch64-1.16.3/include) by extension 'colcon_meta'
[8.442s] Level 1:colcon.colcon_core.package_identification:_identify(onnxruntime-linux-aarch64-1.16.3/include) by extensions ['ros']
[8.442s] Level 1:colcon.colcon_core.package_identification:_identify(onnxruntime-linux-aarch64-1.16.3/include) by extension 'ros'
[8.442s] Level 1:colcon.colcon_core.package_identification:_identify(onnxruntime-linux-aarch64-1.16.3/include) by extensions ['cmake', 'python']
[8.443s] Level 1:colcon.colcon_core.package_identification:_identify(onnxruntime-linux-aarch64-1.16.3/include) by extension 'cmake'
[8.443s] Level 1:colcon.colcon_core.package_identification:_identify(onnxruntime-linux-aarch64-1.16.3/include) by extension 'python'
[8.443s] Level 1:colcon.colcon_core.package_identification:_identify(onnxruntime-linux-aarch64-1.16.3/include) by extensions ['python_setup_py']
[8.443s] Level 1:colcon.colcon_core.package_identification:_identify(onnxruntime-linux-aarch64-1.16.3/include) by extension 'python_setup_py'
[8.444s] Level 1:colcon.colcon_core.package_identification:_identify(onnxruntime-linux-aarch64-1.16.3/lib) by extensions ['ignore', 'ignore_ament_install']
[8.444s] Level 1:colcon.colcon_core.package_identification:_identify(onnxruntime-linux-aarch64-1.16.3/lib) by extension 'ignore'
[8.444s] Level 1:colcon.colcon_core.package_identification:_identify(onnxruntime-linux-aarch64-1.16.3/lib) by extension 'ignore_ament_install'
[8.444s] Level 1:colcon.colcon_core.package_identification:_identify(onnxruntime-linux-aarch64-1.16.3/lib) by extensions ['colcon_pkg']
[8.444s] Level 1:colcon.colcon_core.package_identification:_identify(onnxruntime-linux-aarch64-1.16.3/lib) by extension 'colcon_pkg'
[8.445s] Level 1:colcon.colcon_core.package_identification:_identify(onnxruntime-linux-aarch64-1.16.3/lib) by extensions ['colcon_meta']
[8.445s] Level 1:colcon.colcon_core.package_identification:_identify(onnxruntime-linux-aarch64-1.16.3/lib) by extension 'colcon_meta'
[8.445s] Level 1:colcon.colcon_core.package_identification:_identify(onnxruntime-linux-aarch64-1.16.3/lib) by extensions ['ros']
[8.445s] Level 1:colcon.colcon_core.package_identification:_identify(onnxruntime-linux-aarch64-1.16.3/lib) by extension 'ros'
[8.445s] Level 1:colcon.colcon_core.package_identification:_identify(onnxruntime-linux-aarch64-1.16.3/lib) by extensions ['cmake', 'python']
[8.445s] Level 1:colcon.colcon_core.package_identification:_identify(onnxruntime-linux-aarch64-1.16.3/lib) by extension 'cmake'
[8.446s] Level 1:colcon.colcon_core.package_identification:_identify(onnxruntime-linux-aarch64-1.16.3/lib) by extension 'python'
[8.446s] Level 1:colcon.colcon_core.package_identification:_identify(onnxruntime-linux-aarch64-1.16.3/lib) by extensions ['python_setup_py']
[8.446s] Level 1:colcon.colcon_core.package_identification:_identify(onnxruntime-linux-aarch64-1.16.3/lib) by extension 'python_setup_py'
[8.446s] Level 1:colcon.colcon_core.package_identification:_identify(src) by extensions ['ignore', 'ignore_ament_install']
[8.447s] Level 1:colcon.colcon_core.package_identification:_identify(src) by extension 'ignore'
[8.447s] Level 1:colcon.colcon_core.package_identification:_identify(src) by extension 'ignore_ament_install'
[8.447s] Level 1:colcon.colcon_core.package_identification:_identify(src) by extensions ['colcon_pkg']
[8.447s] Level 1:colcon.colcon_core.package_identification:_identify(src) by extension 'colcon_pkg'
[8.447s] Level 1:colcon.colcon_core.package_identification:_identify(src) by extensions ['colcon_meta']
[8.447s] Level 1:colcon.colcon_core.package_identification:_identify(src) by extension 'colcon_meta'
[8.448s] Level 1:colcon.colcon_core.package_identification:_identify(src) by extensions ['ros']
[8.448s] Level 1:colcon.colcon_core.package_identification:_identify(src) by extension 'ros'
[8.448s] Level 1:colcon.colcon_core.package_identification:_identify(src) by extensions ['cmake', 'python']
[8.448s] Level 1:colcon.colcon_core.package_identification:_identify(src) by extension 'cmake'
[8.448s] Level 1:colcon.colcon_core.package_identification:_identify(src) by extension 'python'
[8.448s] Level 1:colcon.colcon_core.package_identification:_identify(src) by extensions ['python_setup_py']
[8.449s] Level 1:colcon.colcon_core.package_identification:_identify(src) by extension 'python_setup_py'
[8.449s] Level 1:colcon.colcon_core.package_identification:_identify(src/atmaca_vision) by extensions ['ignore', 'ignore_ament_install']
[8.449s] Level 1:colcon.colcon_core.package_identification:_identify(src/atmaca_vision) by extension 'ignore'
[8.449s] Level 1:colcon.colcon_core.package_identification:_identify(src/atmaca_vision) by extension 'ignore_ament_install'
[8.450s] Level 1:colcon.colcon_core.package_identification:_identify(src/atmaca_vision) by extensions ['colcon_pkg']
[8.450s] Level 1:colcon.colcon_core.package_identification:_identify(src/atmaca_vision) by extension 'colcon_pkg'
[8.450s] Level 1:colcon.colcon_core.package_identification:_identify(src/atmaca_vision) by extensions ['colcon_meta']
[8.450s] Level 1:colcon.colcon_core.package_identification:_identify(src/atmaca_vision) by extension 'colcon_meta'
[8.450s] Level 1:colcon.colcon_core.package_identification:_identify(src/atmaca_vision) by extensions ['ros']
[8.450s] Level 1:colcon.colcon_core.package_identification:_identify(src/atmaca_vision) by extension 'ros'
[8.461s] DEBUG:colcon.colcon_core.package_identification:Package 'src/atmaca_vision' with type 'ros.ament_cmake' and name 'atmaca_vision'
[8.462s] Level 1:colcon.colcon_core.package_identification:_identify(src/pars_msgs) by extensions ['ignore', 'ignore_ament_install']
[8.462s] Level 1:colcon.colcon_core.package_identification:_identify(src/pars_msgs) by extension 'ignore'
[8.462s] Level 1:colcon.colcon_core.package_identification:_identify(src/pars_msgs) by extension 'ignore_ament_install'
[8.462s] Level 1:colcon.colcon_core.package_identification:_identify(src/pars_msgs) by extensions ['colcon_pkg']
[8.463s] Level 1:colcon.colcon_core.package_identification:_identify(src/pars_msgs) by extension 'colcon_pkg'
[8.463s] Level 1:colcon.colcon_core.package_identification:_identify(src/pars_msgs) by extensions ['colcon_meta']
[8.463s] Level 1:colcon.colcon_core.package_identification:_identify(src/pars_msgs) by extension 'colcon_meta'
[8.463s] Level 1:colcon.colcon_core.package_identification:_identify(src/pars_msgs) by extensions ['ros']
[8.463s] Level 1:colcon.colcon_core.package_identification:_identify(src/pars_msgs) by extension 'ros'
[8.466s] DEBUG:colcon.colcon_core.package_identification:Package 'src/pars_msgs' with type 'ros.ament_cmake' and name 'pars_msgs'
[8.466s] Level 1:colcon.colcon_core.package_identification:_identify(src/px4_msgs) by extensions ['ignore', 'ignore_ament_install']
[8.466s] Level 1:colcon.colcon_core.package_identification:_identify(src/px4_msgs) by extension 'ignore'
[8.467s] Level 1:colcon.colcon_core.package_identification:_identify(src/px4_msgs) by extension 'ignore_ament_install'
[8.467s] Level 1:colcon.colcon_core.package_identification:_identify(src/px4_msgs) by extensions ['colcon_pkg']
[8.467s] Level 1:colcon.colcon_core.package_identification:_identify(src/px4_msgs) by extension 'colcon_pkg'
[8.467s] Level 1:colcon.colcon_core.package_identification:_identify(src/px4_msgs) by extensions ['colcon_meta']
[8.467s] Level 1:colcon.colcon_core.package_identification:_identify(src/px4_msgs) by extension 'colcon_meta'
[8.467s] Level 1:colcon.colcon_core.package_identification:_identify(src/px4_msgs) by extensions ['ros']
[8.468s] Level 1:colcon.colcon_core.package_identification:_identify(src/px4_msgs) by extension 'ros'
[8.468s] Level 1:colcon.colcon_core.package_identification:_identify(src/px4_msgs) by extensions ['cmake', 'python']
[8.468s] Level 1:colcon.colcon_core.package_identification:_identify(src/px4_msgs) by extension 'cmake'
[8.468s] Level 1:colcon.colcon_core.package_identification:_identify(src/px4_msgs) by extension 'python'
[8.468s] Level 1:colcon.colcon_core.package_identification:_identify(src/px4_msgs) by extensions ['python_setup_py']
[8.468s] Level 1:colcon.colcon_core.package_identification:_identify(src/px4_msgs) by extension 'python_setup_py'
[8.469s] Level 1:colcon.colcon_core.package_identification:_identify(src/px4_ros_com) by extensions ['ignore', 'ignore_ament_install']
[8.469s] Level 1:colcon.colcon_core.package_identification:_identify(src/px4_ros_com) by extension 'ignore'
[8.469s] Level 1:colcon.colcon_core.package_identification:_identify(src/px4_ros_com) by extension 'ignore_ament_install'
[8.470s] Level 1:colcon.colcon_core.package_identification:_identify(src/px4_ros_com) by extensions ['colcon_pkg']
[8.470s] Level 1:colcon.colcon_core.package_identification:_identify(src/px4_ros_com) by extension 'colcon_pkg'
[8.470s] Level 1:colcon.colcon_core.package_identification:_identify(src/px4_ros_com) by extensions ['colcon_meta']
[8.470s] Level 1:colcon.colcon_core.package_identification:_identify(src/px4_ros_com) by extension 'colcon_meta'
[8.470s] Level 1:colcon.colcon_core.package_identification:_identify(src/px4_ros_com) by extensions ['ros']
[8.470s] Level 1:colcon.colcon_core.package_identification:_identify(src/px4_ros_com) by extension 'ros'
[8.471s] Level 1:colcon.colcon_core.package_identification:_identify(src/px4_ros_com) by extensions ['cmake', 'python']
[8.471s] Level 1:colcon.colcon_core.package_identification:_identify(src/px4_ros_com) by extension 'cmake'
[8.471s] Level 1:colcon.colcon_core.package_identification:_identify(src/px4_ros_com) by extension 'python'
[8.471s] Level 1:colcon.colcon_core.package_identification:_identify(src/px4_ros_com) by extensions ['python_setup_py']
[8.471s] Level 1:colcon.colcon_core.package_identification:_identify(src/px4_ros_com) by extension 'python_setup_py'
[8.471s] Level 1:colcon.colcon_core.package_discovery:discover_packages(recursive) using defaults
[8.472s] Level 1:colcon.colcon_core.package_discovery:discover_packages(ignore) discover
[8.472s] Level 1:colcon.colcon_core.package_discovery:discover_packages(ignore) using defaults
[8.472s] Level 1:colcon.colcon_core.package_discovery:discover_packages(path) discover
[8.472s] Level 1:colcon.colcon_core.package_discovery:discover_packages(path) using defaults
[8.753s] Level 5:colcon.colcon_core.verb:set package 'pars_msgs' build argument 'cmake_args' from command line to 'None'
[8.753s] Level 5:colcon.colcon_core.verb:set package 'pars_msgs' build argument 'cmake_target' from command line to 'None'
[8.753s] Level 5:colcon.colcon_core.verb:set package 'pars_msgs' build argument 'cmake_target_skip_unavailable' from command line to 'False'
[8.753s] Level 5:colcon.colcon_core.verb:set package 'pars_msgs' build argument 'cmake_clean_cache' from command line to 'False'
[8.753s] Level 5:colcon.colcon_core.verb:set package 'pars_msgs' build argument 'cmake_clean_first' from command line to 'False'
[8.754s] Level 5:colcon.colcon_core.verb:set package 'pars_msgs' build argument 'cmake_force_configure' from command line to 'False'
[8.754s] Level 5:colcon.colcon_core.verb:set package 'pars_msgs' build argument 'ament_cmake_args' from command line to 'None'
[8.754s] Level 5:colcon.colcon_core.verb:set package 'pars_msgs' build argument 'catkin_cmake_args' from command line to 'None'
[8.754s] Level 5:colcon.colcon_core.verb:set package 'pars_msgs' build argument 'catkin_skip_building_tests' from command line to 'False'
[8.754s] DEBUG:colcon.colcon_core.verb:Building package 'pars_msgs' with the following arguments: {'ament_cmake_args': None, 'build_base': '/root/bridges/jetson_workspace/build/pars_msgs', 'catkin_cmake_args': None, 'catkin_skip_building_tests': False, 'cmake_args': None, 'cmake_clean_cache': False, 'cmake_clean_first': False, 'cmake_force_configure': False, 'cmake_target': None, 'cmake_target_skip_unavailable': False, 'install_base': '/root/bridges/jetson_workspace/install/pars_msgs', 'merge_install': False, 'path': '/root/bridges/jetson_workspace/src/pars_msgs', 'symlink_install': False, 'test_result_base': None}
[8.806s] Level 5:colcon.colcon_core.verb:set package 'atmaca_vision' build argument 'cmake_args' from command line to 'None'
[8.806s] Level 5:colcon.colcon_core.verb:set package 'atmaca_vision' build argument 'cmake_target' from command line to 'None'
[8.806s] Level 5:colcon.colcon_core.verb:set package 'atmaca_vision' build argument 'cmake_target_skip_unavailable' from command line to 'False'
[8.807s] Level 5:colcon.colcon_core.verb:set package 'atmaca_vision' build argument 'cmake_clean_cache' from command line to 'False'
[8.807s] Level 5:colcon.colcon_core.verb:set package 'atmaca_vision' build argument 'cmake_clean_first' from command line to 'False'
[8.807s] Level 5:colcon.colcon_core.verb:set package 'atmaca_vision' build argument 'cmake_force_configure' from command line to 'False'
[8.807s] Level 5:colcon.colcon_core.verb:set package 'atmaca_vision' build argument 'ament_cmake_args' from command line to 'None'
[8.807s] Level 5:colcon.colcon_core.verb:set package 'atmaca_vision' build argument 'catkin_cmake_args' from command line to 'None'
[8.807s] Level 5:colcon.colcon_core.verb:set package 'atmaca_vision' build argument 'catkin_skip_building_tests' from command line to 'False'
[8.807s] DEBUG:colcon.colcon_core.verb:Building package 'atmaca_vision' with the following arguments: {'ament_cmake_args': None, 'build_base': '/root/bridges/jetson_workspace/build/atmaca_vision', 'catkin_cmake_args': None, 'catkin_skip_building_tests': False, 'cmake_args': None, 'cmake_clean_cache': False, 'cmake_clean_first': False, 'cmake_force_configure': False, 'cmake_target': None, 'cmake_target_skip_unavailable': False, 'install_base': '/root/bridges/jetson_workspace/install/atmaca_vision', 'merge_install': False, 'path': '/root/bridges/jetson_workspace/src/atmaca_vision', 'symlink_install': False, 'test_result_base': None}
[8.858s] INFO:colcon.colcon_core.executor:Executing jobs using 'parallel' executor
[8.911s] DEBUG:colcon.colcon_parallel_executor.executor.parallel:run_until_complete
[8.913s] INFO:colcon.colcon_ros.task.ament_cmake.build:Building ROS package in '/root/bridges/jetson_workspace/src/pars_msgs' with build type 'ament_cmake'
[8.914s] INFO:colcon.colcon_cmake.task.cmake.build:Building CMake package in '/root/bridges/jetson_workspace/src/pars_msgs'
[8.977s] INFO:colcon.colcon_core.plugin_system:Skipping extension 'colcon_core.shell.bat': Not used on non-Windows systems
[8.978s] INFO:colcon.colcon_core.shell:Skip shell extension 'powershell' for command environment: Not usable outside of PowerShell
[8.978s] DEBUG:colcon.colcon_core.shell:Skip shell extension 'dsv' for command environment
[9.175s] DEBUG:colcon.colcon_core.event_handler.log_command:Invoking command in '/root/bridges/jetson_workspace/build/pars_msgs': PS1=\[\033[1;31m\]\u@\h\[\033[0m\]:\[\033[1;34m\]\w\[\033[0m\]# /usr/local/bin/cmake /root/bridges/jetson_workspace/src/pars_msgs -DCMAKE_INSTALL_PREFIX=/root/bridges/jetson_workspace/install/pars_msgs
[27.653s] DEBUG:colcon.colcon_core.event_handler.log_command:Invoked command in '/root/bridges/jetson_workspace/build/pars_msgs' returned '0': PS1=\[\033[1;31m\]\u@\h\[\033[0m\]:\[\033[1;34m\]\w\[\033[0m\]# /usr/local/bin/cmake /root/bridges/jetson_workspace/src/pars_msgs -DCMAKE_INSTALL_PREFIX=/root/bridges/jetson_workspace/install/pars_msgs
[27.671s] DEBUG:colcon.colcon_core.event_handler.log_command:Invoking command in '/root/bridges/jetson_workspace/build/pars_msgs': PS1=\[\033[1;31m\]\u@\h\[\033[0m\]:\[\033[1;34m\]\w\[\033[0m\]# /usr/local/bin/cmake --build /root/bridges/jetson_workspace/build/pars_msgs -- -j4 -l4
[38.527s] DEBUG:colcon.colcon_core.event_handler.log_command:Invoked command in '/root/bridges/jetson_workspace/build/pars_msgs' returned '0': PS1=\[\033[1;31m\]\u@\h\[\033[0m\]:\[\033[1;34m\]\w\[\033[0m\]# /usr/local/bin/cmake --build /root/bridges/jetson_workspace/build/pars_msgs -- -j4 -l4
[39.145s] DEBUG:colcon.colcon_core.event_handler.log_command:Invoking command in '/root/bridges/jetson_workspace/build/pars_msgs': PS1=\[\033[1;31m\]\u@\h\[\033[0m\]:\[\033[1;34m\]\w\[\033[0m\]# /usr/local/bin/cmake --install /root/bridges/jetson_workspace/build/pars_msgs
[39.543s] Level 1:colcon.colcon_core.environment:create_environment_scripts_only(pars_msgs)
[39.547s] DEBUG:colcon.colcon_core.event_handler.log_command:Invoked command in '/root/bridges/jetson_workspace/build/pars_msgs' returned '0': PS1=\[\033[1;31m\]\u@\h\[\033[0m\]:\[\033[1;34m\]\w\[\033[0m\]# /usr/local/bin/cmake --install /root/bridges/jetson_workspace/build/pars_msgs
[39.625s] Level 1:colcon.colcon_core.environment:checking '/root/bridges/jetson_workspace/install/pars_msgs' for CMake module files
[39.629s] Level 1:colcon.colcon_core.environment:checking '/root/bridges/jetson_workspace/install/pars_msgs' for CMake config files
[39.631s] Level 1:colcon.colcon_core.shell:create_environment_hook('pars_msgs', 'cmake_prefix_path')
[39.688s] INFO:colcon.colcon_core.shell:Creating environment hook '/root/bridges/jetson_workspace/install/pars_msgs/share/pars_msgs/hook/cmake_prefix_path.ps1'
[39.691s] INFO:colcon.colcon_core.shell:Creating environment descriptor '/root/bridges/jetson_workspace/install/pars_msgs/share/pars_msgs/hook/cmake_prefix_path.dsv'
[39.692s] INFO:colcon.colcon_core.shell:Creating environment hook '/root/bridges/jetson_workspace/install/pars_msgs/share/pars_msgs/hook/cmake_prefix_path.sh'
[39.696s] Level 1:colcon.colcon_core.environment:checking '/root/bridges/jetson_workspace/install/pars_msgs/lib'
[39.697s] Level 1:colcon.colcon_core.shell:create_environment_hook('pars_msgs', 'ld_library_path_lib')
[39.752s] INFO:colcon.colcon_core.shell:Creating environment hook '/root/bridges/jetson_workspace/install/pars_msgs/share/pars_msgs/hook/ld_library_path_lib.ps1'
[39.754s] INFO:colcon.colcon_core.shell:Creating environment descriptor '/root/bridges/jetson_workspace/install/pars_msgs/share/pars_msgs/hook/ld_library_path_lib.dsv'
[39.755s] INFO:colcon.colcon_core.shell:Creating environment hook '/root/bridges/jetson_workspace/install/pars_msgs/share/pars_msgs/hook/ld_library_path_lib.sh'
[39.756s] Level 1:colcon.colcon_core.environment:checking '/root/bridges/jetson_workspace/install/pars_msgs/bin'
[39.756s] Level 1:colcon.colcon_core.environment:checking '/root/bridges/jetson_workspace/install/pars_msgs/lib/pkgconfig/pars_msgs.pc'
[39.760s] Level 1:colcon.colcon_core.environment:checking '/root/bridges/jetson_workspace/install/pars_msgs/lib/python3.8/site-packages'
[39.760s] Level 1:colcon.colcon_core.shell:create_environment_hook('pars_msgs', 'pythonpath')
[39.816s] INFO:colcon.colcon_core.shell:Creating environment hook '/root/bridges/jetson_workspace/install/pars_msgs/share/pars_msgs/hook/pythonpath.ps1'
[39.817s] INFO:colcon.colcon_core.shell:Creating environment descriptor '/root/bridges/jetson_workspace/install/pars_msgs/share/pars_msgs/hook/pythonpath.dsv'
[39.818s] INFO:colcon.colcon_core.shell:Creating environment hook '/root/bridges/jetson_workspace/install/pars_msgs/share/pars_msgs/hook/pythonpath.sh'
[39.820s] Level 1:colcon.colcon_core.environment:checking '/root/bridges/jetson_workspace/install/pars_msgs/bin'
[39.877s] INFO:colcon.colcon_core.shell:Creating package script '/root/bridges/jetson_workspace/install/pars_msgs/share/pars_msgs/package.ps1'
[39.881s] INFO:colcon.colcon_core.shell:Creating package descriptor '/root/bridges/jetson_workspace/install/pars_msgs/share/pars_msgs/package.dsv'
[39.883s] INFO:colcon.colcon_core.shell:Creating package script '/root/bridges/jetson_workspace/install/pars_msgs/share/pars_msgs/package.sh'
[39.886s] INFO:colcon.colcon_core.shell:Creating package script '/root/bridges/jetson_workspace/install/pars_msgs/share/pars_msgs/package.bash'
[39.888s] INFO:colcon.colcon_core.shell:Creating package script '/root/bridges/jetson_workspace/install/pars_msgs/share/pars_msgs/package.zsh'
[39.890s] Level 1:colcon.colcon_core.environment:create_file_with_runtime_dependencies(/root/bridges/jetson_workspace/install/pars_msgs/share/colcon-core/packages/pars_msgs)
[40.373s] Level 1:colcon.colcon_core.environment:create_environment_scripts_only(pars_msgs)
[40.428s] Level 1:colcon.colcon_core.environment:checking '/root/bridges/jetson_workspace/install/pars_msgs' for CMake module files
[40.432s] Level 1:colcon.colcon_core.environment:checking '/root/bridges/jetson_workspace/install/pars_msgs' for CMake config files
[40.434s] Level 1:colcon.colcon_core.shell:create_environment_hook('pars_msgs', 'cmake_prefix_path')
[40.489s] INFO:colcon.colcon_core.shell:Creating environment hook '/root/bridges/jetson_workspace/install/pars_msgs/share/pars_msgs/hook/cmake_prefix_path.ps1'
[40.492s] INFO:colcon.colcon_core.shell:Creating environment descriptor '/root/bridges/jetson_workspace/install/pars_msgs/share/pars_msgs/hook/cmake_prefix_path.dsv'
[40.493s] INFO:colcon.colcon_core.shell:Creating environment hook '/root/bridges/jetson_workspace/install/pars_msgs/share/pars_msgs/hook/cmake_prefix_path.sh'
[40.496s] Level 1:colcon.colcon_core.environment:checking '/root/bridges/jetson_workspace/install/pars_msgs/lib'
[40.496s] Level 1:colcon.colcon_core.shell:create_environment_hook('pars_msgs', 'ld_library_path_lib')
[40.549s] INFO:colcon.colcon_core.shell:Creating environment hook '/root/bridges/jetson_workspace/install/pars_msgs/share/pars_msgs/hook/ld_library_path_lib.ps1'
[40.552s] INFO:colcon.colcon_core.shell:Creating environment descriptor '/root/bridges/jetson_workspace/install/pars_msgs/share/pars_msgs/hook/ld_library_path_lib.dsv'
[40.553s] INFO:colcon.colcon_core.shell:Creating environment hook '/root/bridges/jetson_workspace/install/pars_msgs/share/pars_msgs/hook/ld_library_path_lib.sh'
[40.555s] Level 1:colcon.colcon_core.environment:checking '/root/bridges/jetson_workspace/install/pars_msgs/bin'
[40.555s] Level 1:colcon.colcon_core.environment:checking '/root/bridges/jetson_workspace/install/pars_msgs/lib/pkgconfig/pars_msgs.pc'
[40.557s] Level 1:colcon.colcon_core.environment:checking '/root/bridges/jetson_workspace/install/pars_msgs/lib/python3.8/site-packages'
[40.557s] Level 1:colcon.colcon_core.shell:create_environment_hook('pars_msgs', 'pythonpath')
[40.611s] INFO:colcon.colcon_core.shell:Creating environment hook '/root/bridges/jetson_workspace/install/pars_msgs/share/pars_msgs/hook/pythonpath.ps1'
[40.613s] INFO:colcon.colcon_core.shell:Creating environment descriptor '/root/bridges/jetson_workspace/install/pars_msgs/share/pars_msgs/hook/pythonpath.dsv'
[40.614s] INFO:colcon.colcon_core.shell:Creating environment hook '/root/bridges/jetson_workspace/install/pars_msgs/share/pars_msgs/hook/pythonpath.sh'
[40.616s] Level 1:colcon.colcon_core.environment:checking '/root/bridges/jetson_workspace/install/pars_msgs/bin'
[40.672s] INFO:colcon.colcon_core.shell:Creating package script '/root/bridges/jetson_workspace/install/pars_msgs/share/pars_msgs/package.ps1'
[40.675s] INFO:colcon.colcon_core.shell:Creating package descriptor '/root/bridges/jetson_workspace/install/pars_msgs/share/pars_msgs/package.dsv'
[40.677s] INFO:colcon.colcon_core.shell:Creating package script '/root/bridges/jetson_workspace/install/pars_msgs/share/pars_msgs/package.sh'
[40.679s] INFO:colcon.colcon_core.shell:Creating package script '/root/bridges/jetson_workspace/install/pars_msgs/share/pars_msgs/package.bash'
[40.681s] INFO:colcon.colcon_core.shell:Creating package script '/root/bridges/jetson_workspace/install/pars_msgs/share/pars_msgs/package.zsh'
[40.682s] Level 1:colcon.colcon_core.environment:create_file_with_runtime_dependencies(/root/bridges/jetson_workspace/install/pars_msgs/share/colcon-core/packages/pars_msgs)
[40.684s] INFO:colcon.colcon_ros.task.ament_cmake.build:Building ROS package in '/root/bridges/jetson_workspace/src/atmaca_vision' with build type 'ament_cmake'
[40.686s] INFO:colcon.colcon_cmake.task.cmake.build:Building CMake package in '/root/bridges/jetson_workspace/src/atmaca_vision'
[40.753s] INFO:colcon.colcon_core.shell:Skip shell extension 'powershell' for command environment: Not usable outside of PowerShell
[40.753s] DEBUG:colcon.colcon_core.shell:Skip shell extension 'dsv' for command environment
[40.955s] DEBUG:colcon.colcon_core.event_handler.log_command:Invoking command in '/root/bridges/jetson_workspace/build/atmaca_vision': AMENT_PREFIX_PATH=/root/bridges/jetson_workspace/install/pars_msgs:${AMENT_PREFIX_PATH} CMAKE_PREFIX_PATH=/root/bridges/jetson_workspace/install/pars_msgs:${CMAKE_PREFIX_PATH} LD_LIBRARY_PATH=/root/bridges/jetson_workspace/install/pars_msgs/lib:/opt/ros/humble/install/opt/rviz_ogre_vendor/lib:/opt/ros/humble/install/lib:/usr/local/cuda/lib64 PS1=\[\033[1;31m\]\u@\h\[\033[0m\]:\[\033[1;34m\]\w\[\033[0m\]# PYTHONPATH=/root/bridges/jetson_workspace/install/pars_msgs/lib/python3.8/site-packages:${PYTHONPATH} /usr/local/bin/cmake /root/bridges/jetson_workspace/src/atmaca_vision -DCMAKE_INSTALL_PREFIX=/root/bridges/jetson_workspace/install/atmaca_vision
[52.636s] DEBUG:colcon.colcon_core.event_handler.log_command:Invoked command in '/root/bridges/jetson_workspace/build/atmaca_vision' returned '0': AMENT_PREFIX_PATH=/root/bridges/jetson_workspace/install/pars_msgs:${AMENT_PREFIX_PATH} CMAKE_PREFIX_PATH=/root/bridges/jetson_workspace/install/pars_msgs:${CMAKE_PREFIX_PATH} LD_LIBRARY_PATH=/root/bridges/jetson_workspace/install/pars_msgs/lib:/opt/ros/humble/install/opt/rviz_ogre_vendor/lib:/opt/ros/humble/install/lib:/usr/local/cuda/lib64 PS1=\[\033[1;31m\]\u@\h\[\033[0m\]:\[\033[1;34m\]\w\[\033[0m\]# PYTHONPATH=/root/bridges/jetson_workspace/install/pars_msgs/lib/python3.8/site-packages:${PYTHONPATH} /usr/local/bin/cmake /root/bridges/jetson_workspace/src/atmaca_vision -DCMAKE_INSTALL_PREFIX=/root/bridges/jetson_workspace/install/atmaca_vision
[52.650s] DEBUG:colcon.colcon_core.event_handler.log_command:Invoking command in '/root/bridges/jetson_workspace/build/atmaca_vision': AMENT_PREFIX_PATH=/root/bridges/jetson_workspace/install/pars_msgs:${AMENT_PREFIX_PATH} CMAKE_PREFIX_PATH=/root/bridges/jetson_workspace/install/pars_msgs:${CMAKE_PREFIX_PATH} LD_LIBRARY_PATH=/root/bridges/jetson_workspace/install/pars_msgs/lib:/opt/ros/humble/install/opt/rviz_ogre_vendor/lib:/opt/ros/humble/install/lib:/usr/local/cuda/lib64 PS1=\[\033[1;31m\]\u@\h\[\033[0m\]:\[\033[1;34m\]\w\[\033[0m\]# PYTHONPATH=/root/bridges/jetson_workspace/install/pars_msgs/lib/python3.8/site-packages:${PYTHONPATH} /usr/local/bin/cmake --build /root/bridges/jetson_workspace/build/atmaca_vision -- -j4 -l4
[95.849s] DEBUG:colcon.colcon_core.event_handler.log_command:Invoked command in '/root/bridges/jetson_workspace/build/atmaca_vision' returned '0': AMENT_PREFIX_PATH=/root/bridges/jetson_workspace/install/pars_msgs:${AMENT_PREFIX_PATH} CMAKE_PREFIX_PATH=/root/bridges/jetson_workspace/install/pars_msgs:${CMAKE_PREFIX_PATH} LD_LIBRARY_PATH=/root/bridges/jetson_workspace/install/pars_msgs/lib:/opt/ros/humble/install/opt/rviz_ogre_vendor/lib:/opt/ros/humble/install/lib:/usr/local/cuda/lib64 PS1=\[\033[1;31m\]\u@\h\[\033[0m\]:\[\033[1;34m\]\w\[\033[0m\]# PYTHONPATH=/root/bridges/jetson_workspace/install/pars_msgs/lib/python3.8/site-packages:${PYTHONPATH} /usr/local/bin/cmake --build /root/bridges/jetson_workspace/build/atmaca_vision -- -j4 -l4
[96.089s] DEBUG:colcon.colcon_core.event_handler.log_command:Invoking command in '/root/bridges/jetson_workspace/build/atmaca_vision': AMENT_PREFIX_PATH=/root/bridges/jetson_workspace/install/pars_msgs:${AMENT_PREFIX_PATH} CMAKE_PREFIX_PATH=/root/bridges/jetson_workspace/install/pars_msgs:${CMAKE_PREFIX_PATH} LD_LIBRARY_PATH=/root/bridges/jetson_workspace/install/pars_msgs/lib:/opt/ros/humble/install/opt/rviz_ogre_vendor/lib:/opt/ros/humble/install/lib:/usr/local/cuda/lib64 PS1=\[\033[1;31m\]\u@\h\[\033[0m\]:\[\033[1;34m\]\w\[\033[0m\]# PYTHONPATH=/root/bridges/jetson_workspace/install/pars_msgs/lib/python3.8/site-packages:${PYTHONPATH} /usr/local/bin/cmake --install /root/bridges/jetson_workspace/build/atmaca_vision
[96.280s] Level 1:colcon.colcon_core.environment:create_environment_scripts_only(atmaca_vision)
[96.284s] DEBUG:colcon.colcon_core.event_handler.log_command:Invoked command in '/root/bridges/jetson_workspace/build/atmaca_vision' returned '0': AMENT_PREFIX_PATH=/root/bridges/jetson_workspace/install/pars_msgs:${AMENT_PREFIX_PATH} CMAKE_PREFIX_PATH=/root/bridges/jetson_workspace/install/pars_msgs:${CMAKE_PREFIX_PATH} LD_LIBRARY_PATH=/root/bridges/jetson_workspace/install/pars_msgs/lib:/opt/ros/humble/install/opt/rviz_ogre_vendor/lib:/opt/ros/humble/install/lib:/usr/local/cuda/lib64 PS1=\[\033[1;31m\]\u@\h\[\033[0m\]:\[\033[1;34m\]\w\[\033[0m\]# PYTHONPATH=/root/bridges/jetson_workspace/install/pars_msgs/lib/python3.8/site-packages:${PYTHONPATH} /usr/local/bin/cmake --install /root/bridges/jetson_workspace/build/atmaca_vision
[96.355s] Level 1:colcon.colcon_core.environment:checking '/root/bridges/jetson_workspace/install/atmaca_vision' for CMake module files
[96.358s] Level 1:colcon.colcon_core.environment:checking '/root/bridges/jetson_workspace/install/atmaca_vision' for CMake config files
[96.359s] Level 1:colcon.colcon_core.shell:create_environment_hook('atmaca_vision', 'cmake_prefix_path')
[96.413s] INFO:colcon.colcon_core.shell:Creating environment hook '/root/bridges/jetson_workspace/install/atmaca_vision/share/atmaca_vision/hook/cmake_prefix_path.ps1'
[96.416s] INFO:colcon.colcon_core.shell:Creating environment descriptor '/root/bridges/jetson_workspace/install/atmaca_vision/share/atmaca_vision/hook/cmake_prefix_path.dsv'
[96.418s] INFO:colcon.colcon_core.shell:Creating environment hook '/root/bridges/jetson_workspace/install/atmaca_vision/share/atmaca_vision/hook/cmake_prefix_path.sh'
[96.420s] Level 1:colcon.colcon_core.environment:checking '/root/bridges/jetson_workspace/install/atmaca_vision/lib'
[96.421s] Level 1:colcon.colcon_core.environment:checking '/root/bridges/jetson_workspace/install/atmaca_vision/bin'
[96.421s] Level 1:colcon.colcon_core.environment:checking '/root/bridges/jetson_workspace/install/atmaca_vision/lib/pkgconfig/atmaca_vision.pc'
[96.422s] Level 1:colcon.colcon_core.environment:checking '/root/bridges/jetson_workspace/install/atmaca_vision/lib/python3.8/site-packages'
[96.423s] Level 1:colcon.colcon_core.environment:checking '/root/bridges/jetson_workspace/install/atmaca_vision/bin'
[96.477s] INFO:colcon.colcon_core.shell:Creating package script '/root/bridges/jetson_workspace/install/atmaca_vision/share/atmaca_vision/package.ps1'
[96.479s] INFO:colcon.colcon_core.shell:Creating package descriptor '/root/bridges/jetson_workspace/install/atmaca_vision/share/atmaca_vision/package.dsv'
[96.481s] INFO:colcon.colcon_core.shell:Creating package script '/root/bridges/jetson_workspace/install/atmaca_vision/share/atmaca_vision/package.sh'
[96.482s] INFO:colcon.colcon_core.shell:Creating package script '/root/bridges/jetson_workspace/install/atmaca_vision/share/atmaca_vision/package.bash'
[96.484s] INFO:colcon.colcon_core.shell:Creating package script '/root/bridges/jetson_workspace/install/atmaca_vision/share/atmaca_vision/package.zsh'
[96.485s] Level 1:colcon.colcon_core.environment:create_file_with_runtime_dependencies(/root/bridges/jetson_workspace/install/atmaca_vision/share/colcon-core/packages/atmaca_vision)
[96.775s] Level 1:colcon.colcon_core.environment:create_environment_scripts_only(atmaca_vision)
[96.830s] Level 1:colcon.colcon_core.environment:checking '/root/bridges/jetson_workspace/install/atmaca_vision' for CMake module files
[96.832s] Level 1:colcon.colcon_core.environment:checking '/root/bridges/jetson_workspace/install/atmaca_vision' for CMake config files
[96.833s] Level 1:colcon.colcon_core.shell:create_environment_hook('atmaca_vision', 'cmake_prefix_path')
[96.887s] INFO:colcon.colcon_core.shell:Creating environment hook '/root/bridges/jetson_workspace/install/atmaca_vision/share/atmaca_vision/hook/cmake_prefix_path.ps1'
[96.890s] INFO:colcon.colcon_core.shell:Creating environment descriptor '/root/bridges/jetson_workspace/install/atmaca_vision/share/atmaca_vision/hook/cmake_prefix_path.dsv'
[96.891s] INFO:colcon.colcon_core.shell:Creating environment hook '/root/bridges/jetson_workspace/install/atmaca_vision/share/atmaca_vision/hook/cmake_prefix_path.sh'
[96.894s] Level 1:colcon.colcon_core.environment:checking '/root/bridges/jetson_workspace/install/atmaca_vision/lib'
[96.894s] Level 1:colcon.colcon_core.environment:checking '/root/bridges/jetson_workspace/install/atmaca_vision/bin'
[96.894s] Level 1:colcon.colcon_core.environment:checking '/root/bridges/jetson_workspace/install/atmaca_vision/lib/pkgconfig/atmaca_vision.pc'
[96.896s] Level 1:colcon.colcon_core.environment:checking '/root/bridges/jetson_workspace/install/atmaca_vision/lib/python3.8/site-packages'
[96.896s] Level 1:colcon.colcon_core.environment:checking '/root/bridges/jetson_workspace/install/atmaca_vision/bin'
[96.950s] INFO:colcon.colcon_core.shell:Creating package script '/root/bridges/jetson_workspace/install/atmaca_vision/share/atmaca_vision/package.ps1'
[96.953s] INFO:colcon.colcon_core.shell:Creating package descriptor '/root/bridges/jetson_workspace/install/atmaca_vision/share/atmaca_vision/package.dsv'
[96.955s] INFO:colcon.colcon_core.shell:Creating package script '/root/bridges/jetson_workspace/install/atmaca_vision/share/atmaca_vision/package.sh'
[96.957s] INFO:colcon.colcon_core.shell:Creating package script '/root/bridges/jetson_workspace/install/atmaca_vision/share/atmaca_vision/package.bash'
[96.959s] INFO:colcon.colcon_core.shell:Creating package script '/root/bridges/jetson_workspace/install/atmaca_vision/share/atmaca_vision/package.zsh'
[96.961s] Level 1:colcon.colcon_core.environment:create_file_with_runtime_dependencies(/root/bridges/jetson_workspace/install/atmaca_vision/share/colcon-core/packages/atmaca_vision)
[96.963s] DEBUG:colcon.colcon_parallel_executor.executor.parallel:closing loop
[96.965s] DEBUG:colcon.colcon_parallel_executor.executor.parallel:loop closed
[96.965s] DEBUG:colcon.colcon_parallel_executor.executor.parallel:run_until_complete finished with '0'
[96.965s] DEBUG:colcon.colcon_core.event_reactor:joining thread
[97.048s] INFO:colcon.colcon_core.plugin_system:Skipping extension 'colcon_notification.desktop_notification.notify_send': Could not find 'notify-send'
[97.048s] INFO:colcon.colcon_core.plugin_system:Skipping extension 'colcon_notification.desktop_notification.terminal_notifier': Not used on non-Darwin systems
[97.049s] INFO:colcon.colcon_core.plugin_system:Skipping extension 'colcon_notification.desktop_notification.win32': Not used on non-Windows systems
[97.049s] INFO:colcon.colcon_notification.desktop_notification:Sending desktop notification using 'notify2'
[97.049s] DEBUG:colcon.colcon_notification.desktop_notification.notify2:Failed to initialize notify2: org.freedesktop.DBus.Error.NotSupported: Unable to autolaunch a dbus-daemon without a $DISPLAY for X11
[97.050s] DEBUG:colcon.colcon_core.event_reactor:joined thread
[97.104s] INFO:colcon.colcon_core.shell:Creating prefix script '/root/bridges/jetson_workspace/install/local_setup.ps1'
[97.108s] INFO:colcon.colcon_core.shell:Creating prefix util module '/root/bridges/jetson_workspace/install/_local_setup_util_ps1.py'
[97.111s] INFO:colcon.colcon_core.shell:Creating prefix chain script '/root/bridges/jetson_workspace/install/setup.ps1'
[97.168s] INFO:colcon.colcon_core.shell:Creating prefix script '/root/bridges/jetson_workspace/install/local_setup.sh'
[97.170s] INFO:colcon.colcon_core.shell:Creating prefix util module '/root/bridges/jetson_workspace/install/_local_setup_util_sh.py'
[97.171s] INFO:colcon.colcon_core.shell:Creating prefix chain script '/root/bridges/jetson_workspace/install/setup.sh'
[97.226s] INFO:colcon.colcon_core.shell:Creating prefix script '/root/bridges/jetson_workspace/install/local_setup.bash'
[97.228s] INFO:colcon.colcon_core.shell:Creating prefix chain script '/root/bridges/jetson_workspace/install/setup.bash'
[97.282s] INFO:colcon.colcon_core.shell:Creating prefix script '/root/bridges/jetson_workspace/install/local_setup.zsh'
[97.284s] INFO:colcon.colcon_core.shell:Creating prefix chain script '/root/bridges/jetson_workspace/install/setup.zsh'
