[10.984s] DEBUG:colcon:Command line arguments: ['/usr/bin/colcon', 'build', '--symlink-install', '--packages-select', 'siha_camera_pkg']
[10.984s] DEBUG:colcon:Parsed command line arguments: Namespace(ament_cmake_args=None, base_paths=['.'], build_base='build', catkin_cmake_args=None, catkin_skip_building_tests=False, cmake_args=None, cmake_clean_cache=False, cmake_clean_first=False, cmake_force_configure=False, cmake_target=None, cmake_target_skip_unavailable=False, continue_on_error=False, event_handlers=None, executor='parallel', ignore_user_meta=False, install_base='install', log_base=None, log_level=None, main=<bound method BuildVerb.main of <colcon_core.verb.build.BuildVerb object at 0xffffa50d3700>>, merge_install=False, metas=['./colcon.meta'], packages_above=None, packages_above_and_dependencies=None, packages_above_depth=None, packages_end=None, packages_ignore=None, packages_ignore_regex=None, packages_select=['siha_camera_pkg'], packages_select_build_failed=False, packages_select_by_dep=None, packages_select_regex=None, packages_select_test_failures=False, packages_skip=None, packages_skip_build_finished=False, packages_skip_by_dep=None, packages_skip_regex=None, packages_skip_test_passed=False, packages_skip_up_to=None, packages_start=None, packages_up_to=None, packages_up_to_regex=None, parallel_workers=4, paths=None, symlink_install=True, test_result_base=None, verb_extension=<colcon_core.verb.build.BuildVerb object at 0xffffa50d3700>, verb_name='build', verb_parser=<colcon_defaults.argument_parser.defaults.DefaultArgumentsDecorator object at 0xffffa4dbeb80>)
[11.475s] Level 1:colcon.colcon_core.package_discovery:discover_packages(colcon_meta) check parameters
[11.476s] Level 1:colcon.colcon_core.package_discovery:discover_packages(recursive) check parameters
[11.476s] Level 1:colcon.colcon_core.package_discovery:discover_packages(ignore) check parameters
[11.476s] Level 1:colcon.colcon_core.package_discovery:discover_packages(path) check parameters
[11.476s] Level 1:colcon.colcon_core.package_discovery:discover_packages(colcon_meta) discover
[11.476s] Level 1:colcon.colcon_core.package_discovery:discover_packages(recursive) discover
[11.477s] INFO:colcon.colcon_core.package_discovery:Crawling recursively for packages in '/root/bridges/jetson_workspace'
[11.477s] Level 1:colcon.colcon_core.package_identification:_identify(.) by extensions ['ignore', 'ignore_ament_install']
[11.478s] Level 1:colcon.colcon_core.package_identification:_identify(.) by extension 'ignore'
[11.478s] Level 1:colcon.colcon_core.package_identification:_identify(.) by extension 'ignore_ament_install'
[11.478s] Level 1:colcon.colcon_core.package_identification:_identify(.) by extensions ['colcon_pkg']
[11.478s] Level 1:colcon.colcon_core.package_identification:_identify(.) by extension 'colcon_pkg'
[11.479s] Level 1:colcon.colcon_core.package_identification:_identify(.) by extensions ['colcon_meta']
[11.479s] Level 1:colcon.colcon_core.package_identification:_identify(.) by extension 'colcon_meta'
[11.479s] Level 1:colcon.colcon_core.package_identification:_identify(.) by extensions ['ros']
[11.479s] Level 1:colcon.colcon_core.package_identification:_identify(.) by extension 'ros'
[11.552s] Level 1:colcon.colcon_core.package_identification:_identify(.) by extensions ['cmake', 'python']
[11.553s] Level 1:colcon.colcon_core.package_identification:_identify(.) by extension 'cmake'
[11.553s] Level 1:colcon.colcon_core.package_identification:_identify(.) by extension 'python'
[11.553s] Level 1:colcon.colcon_core.package_identification:_identify(.) by extensions ['python_setup_py']
[11.554s] Level 1:colcon.colcon_core.package_identification:_identify(.) by extension 'python_setup_py'
[11.554s] Level 1:colcon.colcon_core.package_identification:_identify(build) by extensions ['ignore', 'ignore_ament_install']
[11.555s] Level 1:colcon.colcon_core.package_identification:_identify(build) by extension 'ignore'
[11.555s] Level 1:colcon.colcon_core.package_identification:_identify(build) ignored
[11.556s] Level 1:colcon.colcon_core.package_identification:_identify(install) by extensions ['ignore', 'ignore_ament_install']
[11.556s] Level 1:colcon.colcon_core.package_identification:_identify(install) by extension 'ignore'
[11.556s] Level 1:colcon.colcon_core.package_identification:_identify(install) ignored
[11.557s] Level 1:colcon.colcon_core.package_identification:_identify(log) by extensions ['ignore', 'ignore_ament_install']
[11.557s] Level 1:colcon.colcon_core.package_identification:_identify(log) by extension 'ignore'
[11.558s] Level 1:colcon.colcon_core.package_identification:_identify(log) ignored
[11.558s] Level 1:colcon.colcon_core.package_identification:_identify(onnxruntime-linux-aarch64-1.16.3) by extensions ['ignore', 'ignore_ament_install']
[11.558s] Level 1:colcon.colcon_core.package_identification:_identify(onnxruntime-linux-aarch64-1.16.3) by extension 'ignore'
[11.559s] Level 1:colcon.colcon_core.package_identification:_identify(onnxruntime-linux-aarch64-1.16.3) by extension 'ignore_ament_install'
[11.559s] Level 1:colcon.colcon_core.package_identification:_identify(onnxruntime-linux-aarch64-1.16.3) by extensions ['colcon_pkg']
[11.559s] Level 1:colcon.colcon_core.package_identification:_identify(onnxruntime-linux-aarch64-1.16.3) by extension 'colcon_pkg'
[11.559s] Level 1:colcon.colcon_core.package_identification:_identify(onnxruntime-linux-aarch64-1.16.3) by extensions ['colcon_meta']
[11.560s] Level 1:colcon.colcon_core.package_identification:_identify(onnxruntime-linux-aarch64-1.16.3) by extension 'colcon_meta'
[11.560s] Level 1:colcon.colcon_core.package_identification:_identify(onnxruntime-linux-aarch64-1.16.3) by extensions ['ros']
[11.560s] Level 1:colcon.colcon_core.package_identification:_identify(onnxruntime-linux-aarch64-1.16.3) by extension 'ros'
[11.560s] Level 1:colcon.colcon_core.package_identification:_identify(onnxruntime-linux-aarch64-1.16.3) by extensions ['cmake', 'python']
[11.561s] Level 1:colcon.colcon_core.package_identification:_identify(onnxruntime-linux-aarch64-1.16.3) by extension 'cmake'
[11.561s] Level 1:colcon.colcon_core.package_identification:_identify(onnxruntime-linux-aarch64-1.16.3) by extension 'python'
[11.561s] Level 1:colcon.colcon_core.package_identification:_identify(onnxruntime-linux-aarch64-1.16.3) by extensions ['python_setup_py']
[11.561s] Level 1:colcon.colcon_core.package_identification:_identify(onnxruntime-linux-aarch64-1.16.3) by extension 'python_setup_py'
[11.562s] Level 1:colcon.colcon_core.package_identification:_identify(onnxruntime-linux-aarch64-1.16.3/include) by extensions ['ignore', 'ignore_ament_install']
[11.562s] Level 1:colcon.colcon_core.package_identification:_identify(onnxruntime-linux-aarch64-1.16.3/include) by extension 'ignore'
[11.562s] Level 1:colcon.colcon_core.package_identification:_identify(onnxruntime-linux-aarch64-1.16.3/include) by extension 'ignore_ament_install'
[11.563s] Level 1:colcon.colcon_core.package_identification:_identify(onnxruntime-linux-aarch64-1.16.3/include) by extensions ['colcon_pkg']
[11.563s] Level 1:colcon.colcon_core.package_identification:_identify(onnxruntime-linux-aarch64-1.16.3/include) by extension 'colcon_pkg'
[11.563s] Level 1:colcon.colcon_core.package_identification:_identify(onnxruntime-linux-aarch64-1.16.3/include) by extensions ['colcon_meta']
[11.563s] Level 1:colcon.colcon_core.package_identification:_identify(onnxruntime-linux-aarch64-1.16.3/include) by extension 'colcon_meta'
[11.563s] Level 1:colcon.colcon_core.package_identification:_identify(onnxruntime-linux-aarch64-1.16.3/include) by extensions ['ros']
[11.564s] Level 1:colcon.colcon_core.package_identification:_identify(onnxruntime-linux-aarch64-1.16.3/include) by extension 'ros'
[11.564s] Level 1:colcon.colcon_core.package_identification:_identify(onnxruntime-linux-aarch64-1.16.3/include) by extensions ['cmake', 'python']
[11.564s] Level 1:colcon.colcon_core.package_identification:_identify(onnxruntime-linux-aarch64-1.16.3/include) by extension 'cmake'
[11.564s] Level 1:colcon.colcon_core.package_identification:_identify(onnxruntime-linux-aarch64-1.16.3/include) by extension 'python'
[11.565s] Level 1:colcon.colcon_core.package_identification:_identify(onnxruntime-linux-aarch64-1.16.3/include) by extensions ['python_setup_py']
[11.565s] Level 1:colcon.colcon_core.package_identification:_identify(onnxruntime-linux-aarch64-1.16.3/include) by extension 'python_setup_py'
[11.565s] Level 1:colcon.colcon_core.package_identification:_identify(onnxruntime-linux-aarch64-1.16.3/lib) by extensions ['ignore', 'ignore_ament_install']
[11.566s] Level 1:colcon.colcon_core.package_identification:_identify(onnxruntime-linux-aarch64-1.16.3/lib) by extension 'ignore'
[11.566s] Level 1:colcon.colcon_core.package_identification:_identify(onnxruntime-linux-aarch64-1.16.3/lib) by extension 'ignore_ament_install'
[11.566s] Level 1:colcon.colcon_core.package_identification:_identify(onnxruntime-linux-aarch64-1.16.3/lib) by extensions ['colcon_pkg']
[11.566s] Level 1:colcon.colcon_core.package_identification:_identify(onnxruntime-linux-aarch64-1.16.3/lib) by extension 'colcon_pkg'
[11.566s] Level 1:colcon.colcon_core.package_identification:_identify(onnxruntime-linux-aarch64-1.16.3/lib) by extensions ['colcon_meta']
[11.567s] Level 1:colcon.colcon_core.package_identification:_identify(onnxruntime-linux-aarch64-1.16.3/lib) by extension 'colcon_meta'
[11.567s] Level 1:colcon.colcon_core.package_identification:_identify(onnxruntime-linux-aarch64-1.16.3/lib) by extensions ['ros']
[11.567s] Level 1:colcon.colcon_core.package_identification:_identify(onnxruntime-linux-aarch64-1.16.3/lib) by extension 'ros'
[11.567s] Level 1:colcon.colcon_core.package_identification:_identify(onnxruntime-linux-aarch64-1.16.3/lib) by extensions ['cmake', 'python']
[11.568s] Level 1:colcon.colcon_core.package_identification:_identify(onnxruntime-linux-aarch64-1.16.3/lib) by extension 'cmake'
[11.568s] Level 1:colcon.colcon_core.package_identification:_identify(onnxruntime-linux-aarch64-1.16.3/lib) by extension 'python'
[11.568s] Level 1:colcon.colcon_core.package_identification:_identify(onnxruntime-linux-aarch64-1.16.3/lib) by extensions ['python_setup_py']
[11.568s] Level 1:colcon.colcon_core.package_identification:_identify(onnxruntime-linux-aarch64-1.16.3/lib) by extension 'python_setup_py'
[11.569s] Level 1:colcon.colcon_core.package_identification:_identify(src) by extensions ['ignore', 'ignore_ament_install']
[11.569s] Level 1:colcon.colcon_core.package_identification:_identify(src) by extension 'ignore'
[11.569s] Level 1:colcon.colcon_core.package_identification:_identify(src) by extension 'ignore_ament_install'
[11.570s] Level 1:colcon.colcon_core.package_identification:_identify(src) by extensions ['colcon_pkg']
[11.570s] Level 1:colcon.colcon_core.package_identification:_identify(src) by extension 'colcon_pkg'
[11.570s] Level 1:colcon.colcon_core.package_identification:_identify(src) by extensions ['colcon_meta']
[11.570s] Level 1:colcon.colcon_core.package_identification:_identify(src) by extension 'colcon_meta'
[11.570s] Level 1:colcon.colcon_core.package_identification:_identify(src) by extensions ['ros']
[11.570s] Level 1:colcon.colcon_core.package_identification:_identify(src) by extension 'ros'
[11.571s] Level 1:colcon.colcon_core.package_identification:_identify(src) by extensions ['cmake', 'python']
[11.571s] Level 1:colcon.colcon_core.package_identification:_identify(src) by extension 'cmake'
[11.571s] Level 1:colcon.colcon_core.package_identification:_identify(src) by extension 'python'
[11.571s] Level 1:colcon.colcon_core.package_identification:_identify(src) by extensions ['python_setup_py']
[11.572s] Level 1:colcon.colcon_core.package_identification:_identify(src) by extension 'python_setup_py'
[11.572s] Level 1:colcon.colcon_core.package_identification:_identify(src/atmaca_vision) by extensions ['ignore', 'ignore_ament_install']
[11.573s] Level 1:colcon.colcon_core.package_identification:_identify(src/atmaca_vision) by extension 'ignore'
[11.573s] Level 1:colcon.colcon_core.package_identification:_identify(src/atmaca_vision) by extension 'ignore_ament_install'
[11.573s] Level 1:colcon.colcon_core.package_identification:_identify(src/atmaca_vision) by extensions ['colcon_pkg']
[11.573s] Level 1:colcon.colcon_core.package_identification:_identify(src/atmaca_vision) by extension 'colcon_pkg'
[11.573s] Level 1:colcon.colcon_core.package_identification:_identify(src/atmaca_vision) by extensions ['colcon_meta']
[11.574s] Level 1:colcon.colcon_core.package_identification:_identify(src/atmaca_vision) by extension 'colcon_meta'
[11.574s] Level 1:colcon.colcon_core.package_identification:_identify(src/atmaca_vision) by extensions ['ros']
[11.574s] Level 1:colcon.colcon_core.package_identification:_identify(src/atmaca_vision) by extension 'ros'
[11.588s] DEBUG:colcon.colcon_core.package_identification:Package 'src/atmaca_vision' with type 'ros.ament_cmake' and name 'atmaca_vision'
[11.589s] Level 1:colcon.colcon_core.package_identification:_identify(src/pars_msgs) by extensions ['ignore', 'ignore_ament_install']
[11.589s] Level 1:colcon.colcon_core.package_identification:_identify(src/pars_msgs) by extension 'ignore'
[11.589s] Level 1:colcon.colcon_core.package_identification:_identify(src/pars_msgs) by extension 'ignore_ament_install'
[11.590s] Level 1:colcon.colcon_core.package_identification:_identify(src/pars_msgs) by extensions ['colcon_pkg']
[11.590s] Level 1:colcon.colcon_core.package_identification:_identify(src/pars_msgs) by extension 'colcon_pkg'
[11.590s] Level 1:colcon.colcon_core.package_identification:_identify(src/pars_msgs) by extensions ['colcon_meta']
[11.590s] Level 1:colcon.colcon_core.package_identification:_identify(src/pars_msgs) by extension 'colcon_meta'
[11.591s] Level 1:colcon.colcon_core.package_identification:_identify(src/pars_msgs) by extensions ['ros']
[11.591s] Level 1:colcon.colcon_core.package_identification:_identify(src/pars_msgs) by extension 'ros'
[11.594s] DEBUG:colcon.colcon_core.package_identification:Package 'src/pars_msgs' with type 'ros.ament_cmake' and name 'pars_msgs'
[11.595s] Level 1:colcon.colcon_core.package_identification:_identify(src/pkg_srv) by extensions ['ignore', 'ignore_ament_install']
[11.595s] Level 1:colcon.colcon_core.package_identification:_identify(src/pkg_srv) by extension 'ignore'
[11.595s] Level 1:colcon.colcon_core.package_identification:_identify(src/pkg_srv) by extension 'ignore_ament_install'
[11.596s] Level 1:colcon.colcon_core.package_identification:_identify(src/pkg_srv) by extensions ['colcon_pkg']
[11.596s] Level 1:colcon.colcon_core.package_identification:_identify(src/pkg_srv) by extension 'colcon_pkg'
[11.596s] Level 1:colcon.colcon_core.package_identification:_identify(src/pkg_srv) by extensions ['colcon_meta']
[11.596s] Level 1:colcon.colcon_core.package_identification:_identify(src/pkg_srv) by extension 'colcon_meta'
[11.597s] Level 1:colcon.colcon_core.package_identification:_identify(src/pkg_srv) by extensions ['ros']
[11.597s] Level 1:colcon.colcon_core.package_identification:_identify(src/pkg_srv) by extension 'ros'
[11.600s] DEBUG:colcon.colcon_core.package_identification:Package 'src/pkg_srv' with type 'ros.ament_cmake' and name 'pkg_srv'
[11.601s] Level 1:colcon.colcon_core.package_identification:_identify(src/px4_msgs) by extensions ['ignore', 'ignore_ament_install']
[11.601s] Level 1:colcon.colcon_core.package_identification:_identify(src/px4_msgs) by extension 'ignore'
[11.601s] Level 1:colcon.colcon_core.package_identification:_identify(src/px4_msgs) by extension 'ignore_ament_install'
[11.601s] Level 1:colcon.colcon_core.package_identification:_identify(src/px4_msgs) by extensions ['colcon_pkg']
[11.602s] Level 1:colcon.colcon_core.package_identification:_identify(src/px4_msgs) by extension 'colcon_pkg'
[11.602s] Level 1:colcon.colcon_core.package_identification:_identify(src/px4_msgs) by extensions ['colcon_meta']
[11.602s] Level 1:colcon.colcon_core.package_identification:_identify(src/px4_msgs) by extension 'colcon_meta'
[11.602s] Level 1:colcon.colcon_core.package_identification:_identify(src/px4_msgs) by extensions ['ros']
[11.602s] Level 1:colcon.colcon_core.package_identification:_identify(src/px4_msgs) by extension 'ros'
[11.606s] DEBUG:colcon.colcon_core.package_identification:Package 'src/px4_msgs' with type 'ros.ament_cmake' and name 'px4_msgs'
[11.607s] Level 1:colcon.colcon_core.package_identification:_identify(src/px4_ros_com) by extensions ['ignore', 'ignore_ament_install']
[11.607s] Level 1:colcon.colcon_core.package_identification:_identify(src/px4_ros_com) by extension 'ignore'
[11.607s] Level 1:colcon.colcon_core.package_identification:_identify(src/px4_ros_com) by extension 'ignore_ament_install'
[11.608s] Level 1:colcon.colcon_core.package_identification:_identify(src/px4_ros_com) by extensions ['colcon_pkg']
[11.608s] Level 1:colcon.colcon_core.package_identification:_identify(src/px4_ros_com) by extension 'colcon_pkg'
[11.608s] Level 1:colcon.colcon_core.package_identification:_identify(src/px4_ros_com) by extensions ['colcon_meta']
[11.608s] Level 1:colcon.colcon_core.package_identification:_identify(src/px4_ros_com) by extension 'colcon_meta'
[11.609s] Level 1:colcon.colcon_core.package_identification:_identify(src/px4_ros_com) by extensions ['ros']
[11.609s] Level 1:colcon.colcon_core.package_identification:_identify(src/px4_ros_com) by extension 'ros'
[11.614s] DEBUG:colcon.colcon_core.package_identification:Package 'src/px4_ros_com' with type 'ros.ament_cmake' and name 'px4_ros_com'
[11.615s] Level 1:colcon.colcon_core.package_identification:_identify(src/qr_detector) by extensions ['ignore', 'ignore_ament_install']
[11.616s] Level 1:colcon.colcon_core.package_identification:_identify(src/qr_detector) by extension 'ignore'
[11.616s] Level 1:colcon.colcon_core.package_identification:_identify(src/qr_detector) by extension 'ignore_ament_install'
[11.616s] Level 1:colcon.colcon_core.package_identification:_identify(src/qr_detector) by extensions ['colcon_pkg']
[11.616s] Level 1:colcon.colcon_core.package_identification:_identify(src/qr_detector) by extension 'colcon_pkg'
[11.616s] Level 1:colcon.colcon_core.package_identification:_identify(src/qr_detector) by extensions ['colcon_meta']
[11.617s] Level 1:colcon.colcon_core.package_identification:_identify(src/qr_detector) by extension 'colcon_meta'
[11.617s] Level 1:colcon.colcon_core.package_identification:_identify(src/qr_detector) by extensions ['ros']
[11.617s] Level 1:colcon.colcon_core.package_identification:_identify(src/qr_detector) by extension 'ros'
[11.622s] DEBUG:colcon.colcon_core.package_identification:Package 'src/qr_detector' with type 'ros.ament_cmake' and name 'qr_detector'
[11.622s] Level 1:colcon.colcon_core.package_identification:_identify(src/siha_camera_pkg) by extensions ['ignore', 'ignore_ament_install']
[11.622s] Level 1:colcon.colcon_core.package_identification:_identify(src/siha_camera_pkg) by extension 'ignore'
[11.623s] Level 1:colcon.colcon_core.package_identification:_identify(src/siha_camera_pkg) by extension 'ignore_ament_install'
[11.623s] Level 1:colcon.colcon_core.package_identification:_identify(src/siha_camera_pkg) by extensions ['colcon_pkg']
[11.623s] Level 1:colcon.colcon_core.package_identification:_identify(src/siha_camera_pkg) by extension 'colcon_pkg'
[11.623s] Level 1:colcon.colcon_core.package_identification:_identify(src/siha_camera_pkg) by extensions ['colcon_meta']
[11.624s] Level 1:colcon.colcon_core.package_identification:_identify(src/siha_camera_pkg) by extension 'colcon_meta'
[11.624s] Level 1:colcon.colcon_core.package_identification:_identify(src/siha_camera_pkg) by extensions ['ros']
[11.624s] Level 1:colcon.colcon_core.package_identification:_identify(src/siha_camera_pkg) by extension 'ros'
[11.629s] DEBUG:colcon.colcon_core.package_identification:Package 'src/siha_camera_pkg' with type 'ros.ament_cmake' and name 'siha_camera_pkg'
[11.629s] Level 1:colcon.colcon_core.package_discovery:discover_packages(recursive) using defaults
[11.629s] Level 1:colcon.colcon_core.package_discovery:discover_packages(ignore) discover
[11.630s] Level 1:colcon.colcon_core.package_discovery:discover_packages(ignore) using defaults
[11.630s] Level 1:colcon.colcon_core.package_discovery:discover_packages(path) discover
[11.630s] Level 1:colcon.colcon_core.package_discovery:discover_packages(path) using defaults
[11.951s] INFO:colcon.colcon_core.package_selection:Skipping not selected package 'pars_msgs' in 'src/pars_msgs'
[11.951s] INFO:colcon.colcon_core.package_selection:Skipping not selected package 'pkg_srv' in 'src/pkg_srv'
[11.951s] INFO:colcon.colcon_core.package_selection:Skipping not selected package 'px4_msgs' in 'src/px4_msgs'
[11.952s] INFO:colcon.colcon_core.package_selection:Skipping not selected package 'atmaca_vision' in 'src/atmaca_vision'
[11.952s] INFO:colcon.colcon_core.package_selection:Skipping not selected package 'px4_ros_com' in 'src/px4_ros_com'
[11.952s] INFO:colcon.colcon_core.package_selection:Skipping not selected package 'qr_detector' in 'src/qr_detector'
[12.024s] Level 5:colcon.colcon_core.verb:set package 'siha_camera_pkg' build argument 'cmake_args' from command line to 'None'
[12.024s] Level 5:colcon.colcon_core.verb:set package 'siha_camera_pkg' build argument 'cmake_target' from command line to 'None'
[12.024s] Level 5:colcon.colcon_core.verb:set package 'siha_camera_pkg' build argument 'cmake_target_skip_unavailable' from command line to 'False'
[12.024s] Level 5:colcon.colcon_core.verb:set package 'siha_camera_pkg' build argument 'cmake_clean_cache' from command line to 'False'
[12.024s] Level 5:colcon.colcon_core.verb:set package 'siha_camera_pkg' build argument 'cmake_clean_first' from command line to 'False'
[12.025s] Level 5:colcon.colcon_core.verb:set package 'siha_camera_pkg' build argument 'cmake_force_configure' from command line to 'False'
[12.025s] Level 5:colcon.colcon_core.verb:set package 'siha_camera_pkg' build argument 'ament_cmake_args' from command line to 'None'
[12.025s] Level 5:colcon.colcon_core.verb:set package 'siha_camera_pkg' build argument 'catkin_cmake_args' from command line to 'None'
[12.025s] Level 5:colcon.colcon_core.verb:set package 'siha_camera_pkg' build argument 'catkin_skip_building_tests' from command line to 'False'
[12.025s] DEBUG:colcon.colcon_core.verb:Building package 'siha_camera_pkg' with the following arguments: {'ament_cmake_args': None, 'build_base': '/root/bridges/jetson_workspace/build/siha_camera_pkg', 'catkin_cmake_args': None, 'catkin_skip_building_tests': False, 'cmake_args': None, 'cmake_clean_cache': False, 'cmake_clean_first': False, 'cmake_force_configure': False, 'cmake_target': None, 'cmake_target_skip_unavailable': False, 'install_base': '/root/bridges/jetson_workspace/install/siha_camera_pkg', 'merge_install': False, 'path': '/root/bridges/jetson_workspace/src/siha_camera_pkg', 'symlink_install': True, 'test_result_base': None}
[12.096s] INFO:colcon.colcon_core.executor:Executing jobs using 'parallel' executor
[12.172s] DEBUG:colcon.colcon_parallel_executor.executor.parallel:run_until_complete
[12.175s] INFO:colcon.colcon_ros.task.ament_cmake.build:Building ROS package in '/root/bridges/jetson_workspace/src/siha_camera_pkg' with build type 'ament_cmake'
[12.176s] INFO:colcon.colcon_cmake.task.cmake.build:Building CMake package in '/root/bridges/jetson_workspace/src/siha_camera_pkg'
[12.260s] INFO:colcon.colcon_core.plugin_system:Skipping extension 'colcon_core.shell.bat': Not used on non-Windows systems
[12.262s] INFO:colcon.colcon_core.shell:Skip shell extension 'powershell' for command environment: Not usable outside of PowerShell
[12.262s] DEBUG:colcon.colcon_core.shell:Skip shell extension 'dsv' for command environment
[12.608s] DEBUG:colcon.colcon_core.event_handler.log_command:Invoking command in '/root/bridges/jetson_workspace/build/siha_camera_pkg': CMAKE_PREFIX_PATH=/root/bridges/jetson_workspace/install/px4_msgs:/root/bridges/jetson_workspace/install/siha_camera_pkg:/root/bridges/jetson_workspace/install/qr_detector:/root/bridges/jetson_workspace/install/px4_ros_com:/root/bridges/jetson_workspace/install/pkg_srv:/root/bridges/jetson_workspace/install/atmaca_vision:/root/bridges/jetson_workspace/install/pars_msgs:/opt/ros/humble/install LD_LIBRARY_PATH=/root/bridges/jetson_workspace/install/px4_msgs/lib:/root/bridges/jetson_workspace/install/px4_ros_com/lib:/root/bridges/jetson_workspace/install/pkg_srv/lib:/root/bridges/jetson_workspace/install/pars_msgs/lib:/opt/ros/humble/install/opt/rviz_ogre_vendor/lib:/opt/ros/humble/install/lib:/usr/local/cuda/lib64:/root/bridges/jetson_workspace/onnxruntime-linux-aarch64-1.16.3/lib:/root/bridges/jetson_workspace/onnxruntime-linux-aarch64-1.16.3/lib:/root/bridges/jetson_workspace/onnxruntime-linux-aarch64-1.16.3/lib PS1=\[\033[1;31m\]\u@\h\[\033[0m\]:\[\033[1;34m\]\w\[\033[0m\]# PYTHONPATH=/root/bridges/jetson_workspace/install/px4_msgs/lib/python3.8/site-packages:/root/bridges/jetson_workspace/install/px4_ros_com/lib/python3.8/site-packages:/root/bridges/jetson_workspace/install/pkg_srv/lib/python3.8/site-packages:/root/bridges/jetson_workspace/install/pars_msgs/lib/python3.8/site-packages:/opt/ros/humble/install/lib/python3.8/site-packages /usr/local/bin/cmake --build /root/bridges/jetson_workspace/build/siha_camera_pkg -- -j4 -l4
[97.412s] DEBUG:colcon.colcon_core.event_handler.log_command:Invoked command in '/root/bridges/jetson_workspace/build/siha_camera_pkg' returned '0': CMAKE_PREFIX_PATH=/root/bridges/jetson_workspace/install/px4_msgs:/root/bridges/jetson_workspace/install/siha_camera_pkg:/root/bridges/jetson_workspace/install/qr_detector:/root/bridges/jetson_workspace/install/px4_ros_com:/root/bridges/jetson_workspace/install/pkg_srv:/root/bridges/jetson_workspace/install/atmaca_vision:/root/bridges/jetson_workspace/install/pars_msgs:/opt/ros/humble/install LD_LIBRARY_PATH=/root/bridges/jetson_workspace/install/px4_msgs/lib:/root/bridges/jetson_workspace/install/px4_ros_com/lib:/root/bridges/jetson_workspace/install/pkg_srv/lib:/root/bridges/jetson_workspace/install/pars_msgs/lib:/opt/ros/humble/install/opt/rviz_ogre_vendor/lib:/opt/ros/humble/install/lib:/usr/local/cuda/lib64:/root/bridges/jetson_workspace/onnxruntime-linux-aarch64-1.16.3/lib:/root/bridges/jetson_workspace/onnxruntime-linux-aarch64-1.16.3/lib:/root/bridges/jetson_workspace/onnxruntime-linux-aarch64-1.16.3/lib PS1=\[\033[1;31m\]\u@\h\[\033[0m\]:\[\033[1;34m\]\w\[\033[0m\]# PYTHONPATH=/root/bridges/jetson_workspace/install/px4_msgs/lib/python3.8/site-packages:/root/bridges/jetson_workspace/install/px4_ros_com/lib/python3.8/site-packages:/root/bridges/jetson_workspace/install/pkg_srv/lib/python3.8/site-packages:/root/bridges/jetson_workspace/install/pars_msgs/lib/python3.8/site-packages:/opt/ros/humble/install/lib/python3.8/site-packages /usr/local/bin/cmake --build /root/bridges/jetson_workspace/build/siha_camera_pkg -- -j4 -l4
[97.897s] DEBUG:colcon.colcon_core.event_handler.log_command:Invoking command in '/root/bridges/jetson_workspace/build/siha_camera_pkg': CMAKE_PREFIX_PATH=/root/bridges/jetson_workspace/install/px4_msgs:/root/bridges/jetson_workspace/install/siha_camera_pkg:/root/bridges/jetson_workspace/install/qr_detector:/root/bridges/jetson_workspace/install/px4_ros_com:/root/bridges/jetson_workspace/install/pkg_srv:/root/bridges/jetson_workspace/install/atmaca_vision:/root/bridges/jetson_workspace/install/pars_msgs:/opt/ros/humble/install LD_LIBRARY_PATH=/root/bridges/jetson_workspace/install/px4_msgs/lib:/root/bridges/jetson_workspace/install/px4_ros_com/lib:/root/bridges/jetson_workspace/install/pkg_srv/lib:/root/bridges/jetson_workspace/install/pars_msgs/lib:/opt/ros/humble/install/opt/rviz_ogre_vendor/lib:/opt/ros/humble/install/lib:/usr/local/cuda/lib64:/root/bridges/jetson_workspace/onnxruntime-linux-aarch64-1.16.3/lib:/root/bridges/jetson_workspace/onnxruntime-linux-aarch64-1.16.3/lib:/root/bridges/jetson_workspace/onnxruntime-linux-aarch64-1.16.3/lib PS1=\[\033[1;31m\]\u@\h\[\033[0m\]:\[\033[1;34m\]\w\[\033[0m\]# PYTHONPATH=/root/bridges/jetson_workspace/install/px4_msgs/lib/python3.8/site-packages:/root/bridges/jetson_workspace/install/px4_ros_com/lib/python3.8/site-packages:/root/bridges/jetson_workspace/install/pkg_srv/lib/python3.8/site-packages:/root/bridges/jetson_workspace/install/pars_msgs/lib/python3.8/site-packages:/opt/ros/humble/install/lib/python3.8/site-packages /usr/local/bin/cmake --install /root/bridges/jetson_workspace/build/siha_camera_pkg
[98.116s] Level 1:colcon.colcon_core.environment:create_environment_scripts_only(siha_camera_pkg)
[98.120s] DEBUG:colcon.colcon_core.event_handler.log_command:Invoked command in '/root/bridges/jetson_workspace/build/siha_camera_pkg' returned '0': CMAKE_PREFIX_PATH=/root/bridges/jetson_workspace/install/px4_msgs:/root/bridges/jetson_workspace/install/siha_camera_pkg:/root/bridges/jetson_workspace/install/qr_detector:/root/bridges/jetson_workspace/install/px4_ros_com:/root/bridges/jetson_workspace/install/pkg_srv:/root/bridges/jetson_workspace/install/atmaca_vision:/root/bridges/jetson_workspace/install/pars_msgs:/opt/ros/humble/install LD_LIBRARY_PATH=/root/bridges/jetson_workspace/install/px4_msgs/lib:/root/bridges/jetson_workspace/install/px4_ros_com/lib:/root/bridges/jetson_workspace/install/pkg_srv/lib:/root/bridges/jetson_workspace/install/pars_msgs/lib:/opt/ros/humble/install/opt/rviz_ogre_vendor/lib:/opt/ros/humble/install/lib:/usr/local/cuda/lib64:/root/bridges/jetson_workspace/onnxruntime-linux-aarch64-1.16.3/lib:/root/bridges/jetson_workspace/onnxruntime-linux-aarch64-1.16.3/lib:/root/bridges/jetson_workspace/onnxruntime-linux-aarch64-1.16.3/lib PS1=\[\033[1;31m\]\u@\h\[\033[0m\]:\[\033[1;34m\]\w\[\033[0m\]# PYTHONPATH=/root/bridges/jetson_workspace/install/px4_msgs/lib/python3.8/site-packages:/root/bridges/jetson_workspace/install/px4_ros_com/lib/python3.8/site-packages:/root/bridges/jetson_workspace/install/pkg_srv/lib/python3.8/site-packages:/root/bridges/jetson_workspace/install/pars_msgs/lib/python3.8/site-packages:/opt/ros/humble/install/lib/python3.8/site-packages /usr/local/bin/cmake --install /root/bridges/jetson_workspace/build/siha_camera_pkg
[98.222s] Level 1:colcon.colcon_core.environment:checking '/root/bridges/jetson_workspace/install/siha_camera_pkg' for CMake module files
[98.225s] Level 1:colcon.colcon_core.environment:checking '/root/bridges/jetson_workspace/install/siha_camera_pkg' for CMake config files
[98.227s] Level 1:colcon.colcon_core.shell:create_environment_hook('siha_camera_pkg', 'cmake_prefix_path')
[98.311s] INFO:colcon.colcon_core.shell:Creating environment hook '/root/bridges/jetson_workspace/install/siha_camera_pkg/share/siha_camera_pkg/hook/cmake_prefix_path.ps1'
[98.315s] INFO:colcon.colcon_core.shell:Creating environment descriptor '/root/bridges/jetson_workspace/install/siha_camera_pkg/share/siha_camera_pkg/hook/cmake_prefix_path.dsv'
[98.317s] INFO:colcon.colcon_core.shell:Creating environment hook '/root/bridges/jetson_workspace/install/siha_camera_pkg/share/siha_camera_pkg/hook/cmake_prefix_path.sh'
[98.322s] Level 1:colcon.colcon_core.environment:checking '/root/bridges/jetson_workspace/install/siha_camera_pkg/lib'
[98.323s] Level 1:colcon.colcon_core.environment:checking '/root/bridges/jetson_workspace/install/siha_camera_pkg/bin'
[98.323s] Level 1:colcon.colcon_core.environment:checking '/root/bridges/jetson_workspace/install/siha_camera_pkg/lib/pkgconfig/siha_camera_pkg.pc'
[98.328s] Level 1:colcon.colcon_core.environment:checking '/root/bridges/jetson_workspace/install/siha_camera_pkg/lib/python3.8/site-packages'
[98.329s] Level 1:colcon.colcon_core.environment:checking '/root/bridges/jetson_workspace/install/siha_camera_pkg/bin'
[98.408s] INFO:colcon.colcon_core.shell:Creating package script '/root/bridges/jetson_workspace/install/siha_camera_pkg/share/siha_camera_pkg/package.ps1'
[98.412s] INFO:colcon.colcon_core.shell:Creating package descriptor '/root/bridges/jetson_workspace/install/siha_camera_pkg/share/siha_camera_pkg/package.dsv'
[98.415s] INFO:colcon.colcon_core.shell:Creating package script '/root/bridges/jetson_workspace/install/siha_camera_pkg/share/siha_camera_pkg/package.sh'
[98.418s] INFO:colcon.colcon_core.shell:Creating package script '/root/bridges/jetson_workspace/install/siha_camera_pkg/share/siha_camera_pkg/package.bash'
[98.422s] INFO:colcon.colcon_core.shell:Creating package script '/root/bridges/jetson_workspace/install/siha_camera_pkg/share/siha_camera_pkg/package.zsh'
[98.427s] Level 1:colcon.colcon_core.environment:create_file_with_runtime_dependencies(/root/bridges/jetson_workspace/install/siha_camera_pkg/share/colcon-core/packages/siha_camera_pkg)
[98.795s] Level 1:colcon.colcon_core.environment:create_environment_scripts_only(siha_camera_pkg)
[98.874s] Level 1:colcon.colcon_core.environment:checking '/root/bridges/jetson_workspace/install/siha_camera_pkg' for CMake module files
[98.877s] Level 1:colcon.colcon_core.environment:checking '/root/bridges/jetson_workspace/install/siha_camera_pkg' for CMake config files
[98.879s] Level 1:colcon.colcon_core.shell:create_environment_hook('siha_camera_pkg', 'cmake_prefix_path')
[98.954s] INFO:colcon.colcon_core.shell:Creating environment hook '/root/bridges/jetson_workspace/install/siha_camera_pkg/share/siha_camera_pkg/hook/cmake_prefix_path.ps1'
[98.957s] INFO:colcon.colcon_core.shell:Creating environment descriptor '/root/bridges/jetson_workspace/install/siha_camera_pkg/share/siha_camera_pkg/hook/cmake_prefix_path.dsv'
[98.959s] INFO:colcon.colcon_core.shell:Creating environment hook '/root/bridges/jetson_workspace/install/siha_camera_pkg/share/siha_camera_pkg/hook/cmake_prefix_path.sh'
[98.962s] Level 1:colcon.colcon_core.environment:checking '/root/bridges/jetson_workspace/install/siha_camera_pkg/lib'
[98.963s] Level 1:colcon.colcon_core.environment:checking '/root/bridges/jetson_workspace/install/siha_camera_pkg/bin'
[98.963s] Level 1:colcon.colcon_core.environment:checking '/root/bridges/jetson_workspace/install/siha_camera_pkg/lib/pkgconfig/siha_camera_pkg.pc'
[98.964s] Level 1:colcon.colcon_core.environment:checking '/root/bridges/jetson_workspace/install/siha_camera_pkg/lib/python3.8/site-packages'
[98.965s] Level 1:colcon.colcon_core.environment:checking '/root/bridges/jetson_workspace/install/siha_camera_pkg/bin'
[99.042s] INFO:colcon.colcon_core.shell:Creating package script '/root/bridges/jetson_workspace/install/siha_camera_pkg/share/siha_camera_pkg/package.ps1'
[99.045s] INFO:colcon.colcon_core.shell:Creating package descriptor '/root/bridges/jetson_workspace/install/siha_camera_pkg/share/siha_camera_pkg/package.dsv'
[99.048s] INFO:colcon.colcon_core.shell:Creating package script '/root/bridges/jetson_workspace/install/siha_camera_pkg/share/siha_camera_pkg/package.sh'
[99.050s] INFO:colcon.colcon_core.shell:Creating package script '/root/bridges/jetson_workspace/install/siha_camera_pkg/share/siha_camera_pkg/package.bash'
[99.052s] INFO:colcon.colcon_core.shell:Creating package script '/root/bridges/jetson_workspace/install/siha_camera_pkg/share/siha_camera_pkg/package.zsh'
[99.054s] Level 1:colcon.colcon_core.environment:create_file_with_runtime_dependencies(/root/bridges/jetson_workspace/install/siha_camera_pkg/share/colcon-core/packages/siha_camera_pkg)
[99.056s] DEBUG:colcon.colcon_parallel_executor.executor.parallel:closing loop
[99.058s] DEBUG:colcon.colcon_parallel_executor.executor.parallel:loop closed
[99.059s] DEBUG:colcon.colcon_parallel_executor.executor.parallel:run_until_complete finished with '0'
[99.059s] DEBUG:colcon.colcon_core.event_reactor:joining thread
[99.165s] INFO:colcon.colcon_core.plugin_system:Skipping extension 'colcon_notification.desktop_notification.notify_send': Could not find 'notify-send'
[99.166s] INFO:colcon.colcon_core.plugin_system:Skipping extension 'colcon_notification.desktop_notification.terminal_notifier': Not used on non-Darwin systems
[99.166s] INFO:colcon.colcon_core.plugin_system:Skipping extension 'colcon_notification.desktop_notification.win32': Not used on non-Windows systems
[99.167s] INFO:colcon.colcon_notification.desktop_notification:Sending desktop notification using 'notify2'
[99.167s] DEBUG:colcon.colcon_notification.desktop_notification.notify2:Failed to initialize notify2: org.freedesktop.DBus.Error.NotSupported: Unable to autolaunch a dbus-daemon without a $DISPLAY for X11
[99.168s] DEBUG:colcon.colcon_core.event_reactor:joined thread
[99.247s] INFO:colcon.colcon_core.shell:Creating prefix script '/root/bridges/jetson_workspace/install/local_setup.ps1'
[99.251s] INFO:colcon.colcon_core.shell:Creating prefix util module '/root/bridges/jetson_workspace/install/_local_setup_util_ps1.py'
[99.258s] INFO:colcon.colcon_core.shell:Creating prefix chain script '/root/bridges/jetson_workspace/install/setup.ps1'
[99.337s] INFO:colcon.colcon_core.shell:Creating prefix script '/root/bridges/jetson_workspace/install/local_setup.sh'
[99.340s] INFO:colcon.colcon_core.shell:Creating prefix util module '/root/bridges/jetson_workspace/install/_local_setup_util_sh.py'
[99.342s] INFO:colcon.colcon_core.shell:Creating prefix chain script '/root/bridges/jetson_workspace/install/setup.sh'
[99.422s] INFO:colcon.colcon_core.shell:Creating prefix script '/root/bridges/jetson_workspace/install/local_setup.bash'
[99.424s] INFO:colcon.colcon_core.shell:Creating prefix chain script '/root/bridges/jetson_workspace/install/setup.bash'
[99.503s] INFO:colcon.colcon_core.shell:Creating prefix script '/root/bridges/jetson_workspace/install/local_setup.zsh'
[99.506s] INFO:colcon.colcon_core.shell:Creating prefix chain script '/root/bridges/jetson_workspace/install/setup.zsh'
