[0.261s] Invoking command in '/root/bridges/jetson_workspace/build/atmaca_vision': AMENT_PREFIX_PATH=/root/bridges/jetson_workspace/install/pars_msgs:${AMENT_PREFIX_PATH} CMAKE_PREFIX_PATH=/root/bridges/jetson_workspace/install/pars_msgs:${CMAKE_PREFIX_PATH} LD_LIBRARY_PATH=/root/bridges/jetson_workspace/install/pars_msgs/lib:/opt/ros/humble/install/opt/rviz_ogre_vendor/lib:/opt/ros/humble/install/lib:/usr/local/cuda/lib64 PS1=\[\033[1;31m\]\u@\h\[\033[0m\]:\[\033[1;34m\]\w\[\033[0m\]# PYTHONPATH=/root/bridges/jetson_workspace/install/pars_msgs/lib/python3.8/site-packages:${PYTHONPATH} /usr/local/bin/cmake /root/bridges/jetson_workspace/src/atmaca_vision -DCMAKE_INSTALL_PREFIX=/root/bridges/jetson_workspace/install/atmaca_vision
[0.605s] -- The C compiler identification is GNU 9.4.0
[0.882s] -- The CXX compiler identification is GNU 9.4.0
[0.987s] -- Detecting C compiler ABI info
[1.350s] -- Detecting C compiler ABI info - done
[1.399s] -- Check for working C compiler: /usr/bin/cc - skipped
[1.401s] -- Detecting C compile features
[1.402s] -- Detecting C compile features - done
[1.486s] -- Detecting CXX compiler ABI info
[1.878s] -- Detecting CXX compiler ABI info - done
[1.930s] -- Check for working CXX compiler: /usr/bin/c++ - skipped
[1.931s] -- Detecting CXX compile features
[1.933s] -- Detecting CXX compile features - done
[1.946s] -- Found ament_cmake: 1.3.6 (/opt/ros/humble/install/share/ament_cmake/cmake)
[7.338s] -- Found Python3: /usr/bin/python3.8 (found version "3.8.10") found components: Interpreter 
[7.672s] -- Found rclcpp: 16.0.6 (/opt/ros/humble/install/share/rclcpp/cmake)
[7.869s] -- Found rosidl_generator_c: 3.1.5 (/opt/ros/humble/install/share/rosidl_generator_c/cmake)
[7.932s] -- Found rosidl_adapter: 3.1.5 (/opt/ros/humble/install/share/rosidl_adapter/cmake)
[7.934s] -- Found rosidl_generator_cpp: 3.1.5 (/opt/ros/humble/install/share/rosidl_generator_cpp/cmake)
[8.007s] -- Using all available rosidl_typesupport_c: rosidl_typesupport_fastrtps_c;rosidl_typesupport_introspection_c
[8.110s] -- Using all available rosidl_typesupport_cpp: rosidl_typesupport_fastrtps_cpp;rosidl_typesupport_introspection_cpp
[8.439s] -- Found rmw_implementation_cmake: 6.1.1 (/opt/ros/humble/install/share/rmw_implementation_cmake/cmake)
[8.450s] -- Found rmw_cyclonedds_cpp: 1.3.4 (/opt/ros/humble/install/share/rmw_cyclonedds_cpp/cmake)
[8.621s] -- Using RMW implementation 'rmw_cyclonedds_cpp' as default
[8.669s] -- Performing Test CMAKE_HAVE_LIBC_PTHREAD
[8.990s] -- Performing Test CMAKE_HAVE_LIBC_PTHREAD - Failed
[8.991s] -- Looking for pthread_create in pthreads
[9.264s] -- Looking for pthread_create in pthreads - not found
[9.265s] -- Looking for pthread_create in pthread
[9.568s] -- Looking for pthread_create in pthread - found
[9.575s] -- Found Threads: TRUE  
[10.278s] -- Found image_transport: 3.1.7 (/opt/ros/humble/install/share/image_transport/cmake)
[11.012s] -- Found cv_bridge: 3.2.1 (/opt/ros/humble/install/share/cv_bridge/cmake)
[11.029s] [33mCMake Warning (dev) at /usr/lib/cmake/opencv4/OpenCVConfig.cmake:86 (find_package):
[11.030s]   Policy CMP0146 is not set: The FindCUDA module is removed.  Run "cmake
[11.030s]   --help-policy CMP0146" for policy details.  Use the cmake_policy command to
[11.031s]   set the policy and suppress this warning.
[11.031s] 
[11.031s] Call Stack (most recent call first):
[11.032s]   /usr/lib/cmake/opencv4/OpenCVConfig.cmake:108 (find_host_package)
[11.032s]   /opt/ros/humble/install/share/cv_bridge/cmake/ament_cmake_export_dependencies-extras.cmake:21 (find_package)
[11.032s]   /opt/ros/humble/install/share/cv_bridge/cmake/cv_bridgeConfig.cmake:41 (include)
[11.033s]   CMakeLists.txt:12 (find_package)
[11.033s] This warning is for project developers.  Use -Wno-dev to suppress it.
[11.033s] [0m
[11.143s] -- Found CUDA: /usr/local/cuda (found suitable exact version "11.4") 
[11.261s] -- Found OpenCV: /usr (found version "4.5.0") 
[11.262s] -- ONNX Runtime bulundu: /root/bridges/jetson_workspace/onnxruntime-linux-aarch64-1.16.3/lib/libonnxruntime.so
[11.333s] -- Found ament_lint_auto: 0.12.8 (/opt/ros/humble/install/share/ament_lint_auto/cmake)
[11.642s] -- Added test 'cppcheck' to perform static code analysis on C / C++ code
[11.643s] -- Configured cppcheck include dirs: $<BUILD_INTERFACE:/root/bridges/jetson_workspace/src/atmaca_vision/include>
[11.643s] -- Configured cppcheck exclude dirs and/or files: 
[11.647s] -- Added test 'lint_cmake' to check CMake code style
[11.652s] -- Added test 'uncrustify' to check C / C++ code style
[11.652s] -- Configured uncrustify additional arguments: 
[11.654s] -- Added test 'xmllint' to check XML markup files
[11.662s] -- Configuring done (11.3s)
[11.875s] -- Generating done (0.2s)
[11.886s] -- Build files have been written to: /root/bridges/jetson_workspace/build/atmaca_vision
[11.943s] Invoked command in '/root/bridges/jetson_workspace/build/atmaca_vision' returned '0': AMENT_PREFIX_PATH=/root/bridges/jetson_workspace/install/pars_msgs:${AMENT_PREFIX_PATH} CMAKE_PREFIX_PATH=/root/bridges/jetson_workspace/install/pars_msgs:${CMAKE_PREFIX_PATH} LD_LIBRARY_PATH=/root/bridges/jetson_workspace/install/pars_msgs/lib:/opt/ros/humble/install/opt/rviz_ogre_vendor/lib:/opt/ros/humble/install/lib:/usr/local/cuda/lib64 PS1=\[\033[1;31m\]\u@\h\[\033[0m\]:\[\033[1;34m\]\w\[\033[0m\]# PYTHONPATH=/root/bridges/jetson_workspace/install/pars_msgs/lib/python3.8/site-packages:${PYTHONPATH} /usr/local/bin/cmake /root/bridges/jetson_workspace/src/atmaca_vision -DCMAKE_INSTALL_PREFIX=/root/bridges/jetson_workspace/install/atmaca_vision
[11.955s] Invoking command in '/root/bridges/jetson_workspace/build/atmaca_vision': AMENT_PREFIX_PATH=/root/bridges/jetson_workspace/install/pars_msgs:${AMENT_PREFIX_PATH} CMAKE_PREFIX_PATH=/root/bridges/jetson_workspace/install/pars_msgs:${CMAKE_PREFIX_PATH} LD_LIBRARY_PATH=/root/bridges/jetson_workspace/install/pars_msgs/lib:/opt/ros/humble/install/opt/rviz_ogre_vendor/lib:/opt/ros/humble/install/lib:/usr/local/cuda/lib64 PS1=\[\033[1;31m\]\u@\h\[\033[0m\]:\[\033[1;34m\]\w\[\033[0m\]# PYTHONPATH=/root/bridges/jetson_workspace/install/pars_msgs/lib/python3.8/site-packages:${PYTHONPATH} /usr/local/bin/cmake --build /root/bridges/jetson_workspace/build/atmaca_vision -- -j4 -l4
[12.175s] [ 16%] [32mBuilding CXX object CMakeFiles/camera_publisher_node.dir/src/camera_node.cpp.o[0m
[12.179s] [ 50%] [32mBuilding CXX object CMakeFiles/target_detection_node.dir/src/target_detection_node.cpp.o[0m
[12.179s] [ 50%] [32mBuilding CXX object CMakeFiles/qr_detector_node.dir/src/qr_detection_node.cpp.o[0m
[27.361s] In file included from [01m[K/root/bridges/jetson_workspace/onnxruntime-linux-aarch64-1.16.3/include/onnxruntime_cxx_api.h:26[m[K,
[27.362s]                  from [01m[K/root/bridges/jetson_workspace/src/atmaca_vision/src/target_detection_node.hpp:10[m[K,
[27.362s]                  from [01m[K/root/bridges/jetson_workspace/src/atmaca_vision/src/target_detection_node.cpp:1[m[K:
[27.363s] [01m[K/root/bridges/jetson_workspace/onnxruntime-linux-aarch64-1.16.3/include/onnxruntime_c_api.h:276:23:[m[K [01;35m[Kwarning: [m[Kextra ‘[01m[K;[m[K’ [[01;35m[K-Wpedantic[m[K]
[27.364s]   276 | ORT_RUNTIME_CLASS(Env)[01;35m[K;[m[K
[27.364s]       |                       [01;35m[K^[m[K
[27.365s] [01m[K/root/bridges/jetson_workspace/onnxruntime-linux-aarch64-1.16.3/include/onnxruntime_c_api.h:277:26:[m[K [01;35m[Kwarning: [m[Kextra ‘[01m[K;[m[K’ [[01;35m[K-Wpedantic[m[K]
[27.365s]   277 | ORT_RUNTIME_CLASS(Status)[01;35m[K;[m[K  // nullptr for Status* indicates success
[27.366s]       |                          [01;35m[K^[m[K
[27.366s] [01m[K/root/bridges/jetson_workspace/onnxruntime-linux-aarch64-1.16.3/include/onnxruntime_c_api.h:278:30:[m[K [01;35m[Kwarning: [m[Kextra ‘[01m[K;[m[K’ [[01;35m[K-Wpedantic[m[K]
[27.366s]   278 | ORT_RUNTIME_CLASS(MemoryInfo)[01;35m[K;[m[K
[27.367s]       |                              [01;35m[K^[m[K
[27.371s] [01m[K/root/bridges/jetson_workspace/onnxruntime-linux-aarch64-1.16.3/include/onnxruntime_c_api.h:279:29:[m[K [01;35m[Kwarning: [m[Kextra ‘[01m[K;[m[K’ [[01;35m[K-Wpedantic[m[K]
[27.372s]   279 | ORT_RUNTIME_CLASS(IoBinding)[01;35m[K;[m[K
[27.372s]       |                             [01;35m[K^[m[K
[27.372s] [01m[K/root/bridges/jetson_workspace/onnxruntime-linux-aarch64-1.16.3/include/onnxruntime_c_api.h:280:27:[m[K [01;35m[Kwarning: [m[Kextra ‘[01m[K;[m[K’ [[01;35m[K-Wpedantic[m[K]
[27.373s]   280 | ORT_RUNTIME_CLASS(Session)[01;35m[K;[m[K  // Don't call ReleaseSession from Dllmain (because session owns a thread pool)
[27.373s]       |                           [01;35m[K^[m[K
[27.373s] [01m[K/root/bridges/jetson_workspace/onnxruntime-linux-aarch64-1.16.3/include/onnxruntime_c_api.h:281:25:[m[K [01;35m[Kwarning: [m[Kextra ‘[01m[K;[m[K’ [[01;35m[K-Wpedantic[m[K]
[27.373s]   281 | ORT_RUNTIME_CLASS(Value)[01;35m[K;[m[K
[27.374s]       |                         [01;35m[K^[m[K
[27.374s] [01m[K/root/bridges/jetson_workspace/onnxruntime-linux-aarch64-1.16.3/include/onnxruntime_c_api.h:282:30:[m[K [01;35m[Kwarning: [m[Kextra ‘[01m[K;[m[K’ [[01;35m[K-Wpedantic[m[K]
[27.374s]   282 | ORT_RUNTIME_CLASS(RunOptions)[01;35m[K;[m[K
[27.375s]       |                              [01;35m[K^[m[K
[27.375s] [01m[K/root/bridges/jetson_workspace/onnxruntime-linux-aarch64-1.16.3/include/onnxruntime_c_api.h:283:28:[m[K [01;35m[Kwarning: [m[Kextra ‘[01m[K;[m[K’ [[01;35m[K-Wpedantic[m[K]
[27.375s]   283 | ORT_RUNTIME_CLASS(TypeInfo)[01;35m[K;[m[K
[27.375s]       |                            [01;35m[K^[m[K
[27.376s] [01m[K/root/bridges/jetson_workspace/onnxruntime-linux-aarch64-1.16.3/include/onnxruntime_c_api.h:284:42:[m[K [01;35m[Kwarning: [m[Kextra ‘[01m[K;[m[K’ [[01;35m[K-Wpedantic[m[K]
[27.376s]   284 | ORT_RUNTIME_CLASS(TensorTypeAndShapeInfo)[01;35m[K;[m[K
[27.376s]       |                                          [01;35m[K^[m[K
[27.377s] [01m[K/root/bridges/jetson_workspace/onnxruntime-linux-aarch64-1.16.3/include/onnxruntime_c_api.h:285:31:[m[K [01;35m[Kwarning: [m[Kextra ‘[01m[K;[m[K’ [[01;35m[K-Wpedantic[m[K]
[27.377s]   285 | ORT_RUNTIME_CLASS(MapTypeInfo)[01;35m[K;[m[K
[27.377s]       |                               [01;35m[K^[m[K
[27.378s] [01m[K/root/bridges/jetson_workspace/onnxruntime-linux-aarch64-1.16.3/include/onnxruntime_c_api.h:286:36:[m[K [01;35m[Kwarning: [m[Kextra ‘[01m[K;[m[K’ [[01;35m[K-Wpedantic[m[K]
[27.378s]   286 | ORT_RUNTIME_CLASS(SequenceTypeInfo)[01;35m[K;[m[K
[27.378s]       |                                    [01;35m[K^[m[K
[27.379s] [01m[K/root/bridges/jetson_workspace/onnxruntime-linux-aarch64-1.16.3/include/onnxruntime_c_api.h:287:36:[m[K [01;35m[Kwarning: [m[Kextra ‘[01m[K;[m[K’ [[01;35m[K-Wpedantic[m[K]
[27.379s]   287 | ORT_RUNTIME_CLASS(OptionalTypeInfo)[01;35m[K;[m[K
[27.381s]       |                                    [01;35m[K^[m[K
[27.381s] [01m[K/root/bridges/jetson_workspace/onnxruntime-linux-aarch64-1.16.3/include/onnxruntime_c_api.h:288:34:[m[K [01;35m[Kwarning: [m[Kextra ‘[01m[K;[m[K’ [[01;35m[K-Wpedantic[m[K]
[27.382s]   288 | ORT_RUNTIME_CLASS(SessionOptions)[01;35m[K;[m[K
[27.382s]       |                                  [01;35m[K^[m[K
[27.382s] [01m[K/root/bridges/jetson_workspace/onnxruntime-linux-aarch64-1.16.3/include/onnxruntime_c_api.h:289:34:[m[K [01;35m[Kwarning: [m[Kextra ‘[01m[K;[m[K’ [[01;35m[K-Wpedantic[m[K]
[27.383s]   289 | ORT_RUNTIME_CLASS(CustomOpDomain)[01;35m[K;[m[K
[27.383s]       |                                  [01;35m[K^[m[K
[27.383s] [01m[K/root/bridges/jetson_workspace/onnxruntime-linux-aarch64-1.16.3/include/onnxruntime_c_api.h:290:33:[m[K [01;35m[Kwarning: [m[Kextra ‘[01m[K;[m[K’ [[01;35m[K-Wpedantic[m[K]
[27.383s]   290 | ORT_RUNTIME_CLASS(ModelMetadata)[01;35m[K;[m[K
[27.384s]       |                                 [01;35m[K^[m[K
[27.384s] [01m[K/root/bridges/jetson_workspace/onnxruntime-linux-aarch64-1.16.3/include/onnxruntime_c_api.h:291:36:[m[K [01;35m[Kwarning: [m[Kextra ‘[01m[K;[m[K’ [[01;35m[K-Wpedantic[m[K]
[27.384s]   291 | ORT_RUNTIME_CLASS(ThreadPoolParams)[01;35m[K;[m[K
[27.385s]       |                                    [01;35m[K^[m[K
[27.385s] [01m[K/root/bridges/jetson_workspace/onnxruntime-linux-aarch64-1.16.3/include/onnxruntime_c_api.h:292:36:[m[K [01;35m[Kwarning: [m[Kextra ‘[01m[K;[m[K’ [[01;35m[K-Wpedantic[m[K]
[27.386s]   292 | ORT_RUNTIME_CLASS(ThreadingOptions)[01;35m[K;[m[K
[27.386s]       |                                    [01;35m[K^[m[K
[27.386s] [01m[K/root/bridges/jetson_workspace/onnxruntime-linux-aarch64-1.16.3/include/onnxruntime_c_api.h:293:28:[m[K [01;35m[Kwarning: [m[Kextra ‘[01m[K;[m[K’ [[01;35m[K-Wpedantic[m[K]
[27.387s]   293 | ORT_RUNTIME_CLASS(ArenaCfg)[01;35m[K;[m[K
[27.387s]       |                            [01;35m[K^[m[K
[27.387s] [01m[K/root/bridges/jetson_workspace/onnxruntime-linux-aarch64-1.16.3/include/onnxruntime_c_api.h:294:45:[m[K [01;35m[Kwarning: [m[Kextra ‘[01m[K;[m[K’ [[01;35m[K-Wpedantic[m[K]
[27.388s]   294 | ORT_RUNTIME_CLASS(PrepackedWeightsContainer)[01;35m[K;[m[K
[27.388s]       |                                             [01;35m[K^[m[K
[27.388s] [01m[K/root/bridges/jetson_workspace/onnxruntime-linux-aarch64-1.16.3/include/onnxruntime_c_api.h:295:45:[m[K [01;35m[Kwarning: [m[Kextra ‘[01m[K;[m[K’ [[01;35m[K-Wpedantic[m[K]
[27.388s]   295 | ORT_RUNTIME_CLASS(TensorRTProviderOptionsV2)[01;35m[K;[m[K
[27.389s]       |                                             [01;35m[K^[m[K
[27.389s] [01m[K/root/bridges/jetson_workspace/onnxruntime-linux-aarch64-1.16.3/include/onnxruntime_c_api.h:296:41:[m[K [01;35m[Kwarning: [m[Kextra ‘[01m[K;[m[K’ [[01;35m[K-Wpedantic[m[K]
[27.389s]   296 | ORT_RUNTIME_CLASS(CUDAProviderOptionsV2)[01;35m[K;[m[K
[27.389s]       |                                         [01;35m[K^[m[K
[27.390s] [01m[K/root/bridges/jetson_workspace/onnxruntime-linux-aarch64-1.16.3/include/onnxruntime_c_api.h:297:39:[m[K [01;35m[Kwarning: [m[Kextra ‘[01m[K;[m[K’ [[01;35m[K-Wpedantic[m[K]
[27.390s]   297 | ORT_RUNTIME_CLASS(CANNProviderOptions)[01;35m[K;[m[K
[27.390s]       |                                       [01;35m[K^[m[K
[27.391s] [01m[K/root/bridges/jetson_workspace/onnxruntime-linux-aarch64-1.16.3/include/onnxruntime_c_api.h:298:39:[m[K [01;35m[Kwarning: [m[Kextra ‘[01m[K;[m[K’ [[01;35m[K-Wpedantic[m[K]
[27.391s]   298 | ORT_RUNTIME_CLASS(DnnlProviderOptions)[01;35m[K;[m[K
[27.391s]       |                                       [01;35m[K^[m[K
[27.393s] [01m[K/root/bridges/jetson_workspace/onnxruntime-linux-aarch64-1.16.3/include/onnxruntime_c_api.h:299:22:[m[K [01;35m[Kwarning: [m[Kextra ‘[01m[K;[m[K’ [[01;35m[K-Wpedantic[m[K]
[27.393s]   299 | ORT_RUNTIME_CLASS(Op)[01;35m[K;[m[K
[27.393s]       |                      [01;35m[K^[m[K
[27.394s] [01m[K/root/bridges/jetson_workspace/onnxruntime-linux-aarch64-1.16.3/include/onnxruntime_c_api.h:300:26:[m[K [01;35m[Kwarning: [m[Kextra ‘[01m[K;[m[K’ [[01;35m[K-Wpedantic[m[K]
[27.395s]   300 | ORT_RUNTIME_CLASS(OpAttr)[01;35m[K;[m[K
[27.395s]       |                          [01;35m[K^[m[K
[27.395s] [01m[K/root/bridges/jetson_workspace/onnxruntime-linux-aarch64-1.16.3/include/onnxruntime_c_api.h:301:26:[m[K [01;35m[Kwarning: [m[Kextra ‘[01m[K;[m[K’ [[01;35m[K-Wpedantic[m[K]
[27.399s]   301 | ORT_RUNTIME_CLASS(Logger)[01;35m[K;[m[K
[27.400s]       |                          [01;35m[K^[m[K
[27.421s] In file included from [01m[K/root/bridges/jetson_workspace/src/atmaca_vision/src/target_detection_node.hpp:10[m[K,
[27.423s]                  from [01m[K/root/bridges/jetson_workspace/src/atmaca_vision/src/target_detection_node.cpp:1[m[K:
[27.423s] [01m[K/root/bridges/jetson_workspace/onnxruntime-linux-aarch64-1.16.3/include/onnxruntime_cxx_api.h:505:30:[m[K [01;35m[Kwarning: [m[Kextra ‘[01m[K;[m[K’ [[01;35m[K-Wpedantic[m[K]
[27.424s]   505 | ORT_DEFINE_RELEASE(Allocator)[01;35m[K;[m[K
[27.424s]       |                              [01;35m[K^[m[K
[27.424s] [01m[K/root/bridges/jetson_workspace/onnxruntime-linux-aarch64-1.16.3/include/onnxruntime_cxx_api.h:506:31:[m[K [01;35m[Kwarning: [m[Kextra ‘[01m[K;[m[K’ [[01;35m[K-Wpedantic[m[K]
[27.425s]   506 | ORT_DEFINE_RELEASE(MemoryInfo)[01;35m[K;[m[K
[27.425s]       |                               [01;35m[K^[m[K
[27.425s] [01m[K/root/bridges/jetson_workspace/onnxruntime-linux-aarch64-1.16.3/include/onnxruntime_cxx_api.h:507:35:[m[K [01;35m[Kwarning: [m[Kextra ‘[01m[K;[m[K’ [[01;35m[K-Wpedantic[m[K]
[27.426s]   507 | ORT_DEFINE_RELEASE(CustomOpDomain)[01;35m[K;[m[K
[27.426s]       |                                   [01;35m[K^[m[K
[27.427s] [01m[K/root/bridges/jetson_workspace/onnxruntime-linux-aarch64-1.16.3/include/onnxruntime_cxx_api.h:508:37:[m[K [01;35m[Kwarning: [m[Kextra ‘[01m[K;[m[K’ [[01;35m[K-Wpedantic[m[K]
[27.427s]   508 | ORT_DEFINE_RELEASE(ThreadingOptions)[01;35m[K;[m[K
[27.429s]       |                                     [01;35m[K^[m[K
[27.429s] [01m[K/root/bridges/jetson_workspace/onnxruntime-linux-aarch64-1.16.3/include/onnxruntime_cxx_api.h:509:24:[m[K [01;35m[Kwarning: [m[Kextra ‘[01m[K;[m[K’ [[01;35m[K-Wpedantic[m[K]
[27.429s]   509 | ORT_DEFINE_RELEASE(Env)[01;35m[K;[m[K
[27.430s]       |                        [01;35m[K^[m[K
[27.430s] [01m[K/root/bridges/jetson_workspace/onnxruntime-linux-aarch64-1.16.3/include/onnxruntime_cxx_api.h:510:31:[m[K [01;35m[Kwarning: [m[Kextra ‘[01m[K;[m[K’ [[01;35m[K-Wpedantic[m[K]
[27.431s]   510 | ORT_DEFINE_RELEASE(RunOptions)[01;35m[K;[m[K
[27.431s]       |                               [01;35m[K^[m[K
[27.431s] [01m[K/root/bridges/jetson_workspace/onnxruntime-linux-aarch64-1.16.3/include/onnxruntime_cxx_api.h:511:28:[m[K [01;35m[Kwarning: [m[Kextra ‘[01m[K;[m[K’ [[01;35m[K-Wpedantic[m[K]
[27.431s]   511 | ORT_DEFINE_RELEASE(Session)[01;35m[K;[m[K
[27.432s]       |                            [01;35m[K^[m[K
[27.432s] [01m[K/root/bridges/jetson_workspace/onnxruntime-linux-aarch64-1.16.3/include/onnxruntime_cxx_api.h:512:35:[m[K [01;35m[Kwarning: [m[Kextra ‘[01m[K;[m[K’ [[01;35m[K-Wpedantic[m[K]
[27.432s]   512 | ORT_DEFINE_RELEASE(SessionOptions)[01;35m[K;[m[K
[27.433s]       |                                   [01;35m[K^[m[K
[27.433s] [01m[K/root/bridges/jetson_workspace/onnxruntime-linux-aarch64-1.16.3/include/onnxruntime_cxx_api.h:513:43:[m[K [01;35m[Kwarning: [m[Kextra ‘[01m[K;[m[K’ [[01;35m[K-Wpedantic[m[K]
[27.433s]   513 | ORT_DEFINE_RELEASE(TensorTypeAndShapeInfo)[01;35m[K;[m[K
[27.433s]       |                                           [01;35m[K^[m[K
[27.434s] [01m[K/root/bridges/jetson_workspace/onnxruntime-linux-aarch64-1.16.3/include/onnxruntime_cxx_api.h:514:37:[m[K [01;35m[Kwarning: [m[Kextra ‘[01m[K;[m[K’ [[01;35m[K-Wpedantic[m[K]
[27.434s]   514 | ORT_DEFINE_RELEASE(SequenceTypeInfo)[01;35m[K;[m[K
[27.434s]       |                                     [01;35m[K^[m[K
[27.435s] [01m[K/root/bridges/jetson_workspace/onnxruntime-linux-aarch64-1.16.3/include/onnxruntime_cxx_api.h:515:32:[m[K [01;35m[Kwarning: [m[Kextra ‘[01m[K;[m[K’ [[01;35m[K-Wpedantic[m[K]
[27.435s]   515 | ORT_DEFINE_RELEASE(MapTypeInfo)[01;35m[K;[m[K
[27.435s]       |                                [01;35m[K^[m[K
[27.435s] [01m[K/root/bridges/jetson_workspace/onnxruntime-linux-aarch64-1.16.3/include/onnxruntime_cxx_api.h:516:29:[m[K [01;35m[Kwarning: [m[Kextra ‘[01m[K;[m[K’ [[01;35m[K-Wpedantic[m[K]
[27.436s]   516 | ORT_DEFINE_RELEASE(TypeInfo)[01;35m[K;[m[K
[27.436s]       |                             [01;35m[K^[m[K
[27.436s] [01m[K/root/bridges/jetson_workspace/onnxruntime-linux-aarch64-1.16.3/include/onnxruntime_cxx_api.h:517:26:[m[K [01;35m[Kwarning: [m[Kextra ‘[01m[K;[m[K’ [[01;35m[K-Wpedantic[m[K]
[27.437s]   517 | ORT_DEFINE_RELEASE(Value)[01;35m[K;[m[K
[27.437s]       |                          [01;35m[K^[m[K
[27.437s] [01m[K/root/bridges/jetson_workspace/onnxruntime-linux-aarch64-1.16.3/include/onnxruntime_cxx_api.h:518:34:[m[K [01;35m[Kwarning: [m[Kextra ‘[01m[K;[m[K’ [[01;35m[K-Wpedantic[m[K]
[27.437s]   518 | ORT_DEFINE_RELEASE(ModelMetadata)[01;35m[K;[m[K
[27.438s]       |                                  [01;35m[K^[m[K
[27.438s] [01m[K/root/bridges/jetson_workspace/onnxruntime-linux-aarch64-1.16.3/include/onnxruntime_cxx_api.h:519:30:[m[K [01;35m[Kwarning: [m[Kextra ‘[01m[K;[m[K’ [[01;35m[K-Wpedantic[m[K]
[27.438s]   519 | ORT_DEFINE_RELEASE(IoBinding)[01;35m[K;[m[K
[27.439s]       |                              [01;35m[K^[m[K
[27.439s] [01m[K/root/bridges/jetson_workspace/onnxruntime-linux-aarch64-1.16.3/include/onnxruntime_cxx_api.h:520:29:[m[K [01;35m[Kwarning: [m[Kextra ‘[01m[K;[m[K’ [[01;35m[K-Wpedantic[m[K]
[27.439s]   520 | ORT_DEFINE_RELEASE(ArenaCfg)[01;35m[K;[m[K
[27.439s]       |                             [01;35m[K^[m[K
[27.440s] [01m[K/root/bridges/jetson_workspace/onnxruntime-linux-aarch64-1.16.3/include/onnxruntime_cxx_api.h:521:27:[m[K [01;35m[Kwarning: [m[Kextra ‘[01m[K;[m[K’ [[01;35m[K-Wpedantic[m[K]
[27.440s]   521 | ORT_DEFINE_RELEASE(Status)[01;35m[K;[m[K
[27.440s]       |                           [01;35m[K^[m[K
[27.440s] [01m[K/root/bridges/jetson_workspace/onnxruntime-linux-aarch64-1.16.3/include/onnxruntime_cxx_api.h:522:27:[m[K [01;35m[Kwarning: [m[Kextra ‘[01m[K;[m[K’ [[01;35m[K-Wpedantic[m[K]
[27.441s]   522 | ORT_DEFINE_RELEASE(OpAttr)[01;35m[K;[m[K
[27.441s]       |                           [01;35m[K^[m[K
[27.441s] [01m[K/root/bridges/jetson_workspace/onnxruntime-linux-aarch64-1.16.3/include/onnxruntime_cxx_api.h:523:23:[m[K [01;35m[Kwarning: [m[Kextra ‘[01m[K;[m[K’ [[01;35m[K-Wpedantic[m[K]
[27.441s]   523 | ORT_DEFINE_RELEASE(Op)[01;35m[K;[m[K
[27.442s]       |                       [01;35m[K^[m[K
[27.442s] [01m[K/root/bridges/jetson_workspace/onnxruntime-linux-aarch64-1.16.3/include/onnxruntime_cxx_api.h:524:31:[m[K [01;35m[Kwarning: [m[Kextra ‘[01m[K;[m[K’ [[01;35m[K-Wpedantic[m[K]
[27.442s]   524 | ORT_DEFINE_RELEASE(KernelInfo)[01;35m[K;[m[K
[27.443s]       |                               [01;35m[K^[m[K
[28.012s] [ 66%] [32m[1mLinking CXX executable camera_publisher_node[0m
[28.119s] [01m[K/root/bridges/jetson_workspace/src/atmaca_vision/src/target_detection_node.cpp:[m[K In member function ‘[01m[Kvoid YoloNode::image_callback(sensor_msgs::msg::Image_<std::allocator<void> >::SharedPtr)[m[K’:
[28.119s] [01m[K/root/bridges/jetson_workspace/src/atmaca_vision/src/target_detection_node.cpp:118:9:[m[K [01;35m[Kwarning: [m[Kunused variable ‘[01m[Kc[m[K’ [[01;35m[K-Wunused-variable[m[K]
[28.120s]   118 |     int [01;35m[Kc[m[K = 0; // 0. kanal (R veya B)
[28.120s]       |         [01;35m[K^[m[K
[28.121s] [01m[K/root/bridges/jetson_workspace/src/atmaca_vision/src/target_detection_node.cpp:119:9:[m[K [01;35m[Kwarning: [m[Kunused variable ‘[01m[Kh[m[K’ [[01;35m[K-Wunused-variable[m[K]
[28.121s]   119 |     int [01;35m[Kh[m[K = 320; // Yüksekliğin yarısı
[28.121s]       |         [01;35m[K^[m[K
[28.122s] [01m[K/root/bridges/jetson_workspace/src/atmaca_vision/src/target_detection_node.cpp:120:9:[m[K [01;35m[Kwarning: [m[Kunused variable ‘[01m[Kw[m[K’ [[01;35m[K-Wunused-variable[m[K]
[28.122s]   120 |     int [01;35m[Kw[m[K = 320; // Genişliğin yarısı
[28.124s]       |         [01;35m[K^[m[K
[28.170s] [01m[K/root/bridges/jetson_workspace/src/atmaca_vision/src/target_detection_node.cpp:[m[K In member function ‘[01m[Kstd::vector<Detection> YoloNode::postprocess(const float*, const std::vector<long int, std::allocator<long int> >&, float, const Point2f&)[m[K’:
[28.170s] [01m[K/root/bridges/jetson_workspace/src/atmaca_vision/src/target_detection_node.cpp:181:9:[m[K [01;35m[Kwarning: [m[Kunused variable ‘[01m[Knum_channels[m[K’ [[01;35m[K-Wunused-variable[m[K]
[28.171s]   181 |     int [01;35m[Knum_channels[m[K = shape[1]; // Genellikle 5 (x,y,w,h,score)
[28.171s]       |         [01;35m[K^~~~~~~~~~~~[m[K
[28.171s] [01m[K/root/bridges/jetson_workspace/src/atmaca_vision/src/target_detection_node.cpp:190:9:[m[K [01;35m[Kwarning: [m[Kvariable ‘[01m[Kmax_score_index[m[K’ set but not used [[01;35m[K-Wunused-but-set-variable[m[K]
[28.172s]   190 |     int [01;35m[Kmax_score_index[m[K = -1;
[28.172s]       |         [01;35m[K^~~~~~~~~~~~~~~[m[K
[29.292s] [ 66%] Built target camera_publisher_node
[34.207s] [ 83%] [32m[1mLinking CXX executable qr_detector_node[0m
[35.259s] [ 83%] Built target qr_detector_node
[53.200s] [100%] [32m[1mLinking CXX executable target_detection_node[0m
[55.116s] [100%] Built target target_detection_node
[55.153s] Invoked command in '/root/bridges/jetson_workspace/build/atmaca_vision' returned '0': AMENT_PREFIX_PATH=/root/bridges/jetson_workspace/install/pars_msgs:${AMENT_PREFIX_PATH} CMAKE_PREFIX_PATH=/root/bridges/jetson_workspace/install/pars_msgs:${CMAKE_PREFIX_PATH} LD_LIBRARY_PATH=/root/bridges/jetson_workspace/install/pars_msgs/lib:/opt/ros/humble/install/opt/rviz_ogre_vendor/lib:/opt/ros/humble/install/lib:/usr/local/cuda/lib64 PS1=\[\033[1;31m\]\u@\h\[\033[0m\]:\[\033[1;34m\]\w\[\033[0m\]# PYTHONPATH=/root/bridges/jetson_workspace/install/pars_msgs/lib/python3.8/site-packages:${PYTHONPATH} /usr/local/bin/cmake --build /root/bridges/jetson_workspace/build/atmaca_vision -- -j4 -l4
[55.394s] Invoking command in '/root/bridges/jetson_workspace/build/atmaca_vision': AMENT_PREFIX_PATH=/root/bridges/jetson_workspace/install/pars_msgs:${AMENT_PREFIX_PATH} CMAKE_PREFIX_PATH=/root/bridges/jetson_workspace/install/pars_msgs:${CMAKE_PREFIX_PATH} LD_LIBRARY_PATH=/root/bridges/jetson_workspace/install/pars_msgs/lib:/opt/ros/humble/install/opt/rviz_ogre_vendor/lib:/opt/ros/humble/install/lib:/usr/local/cuda/lib64 PS1=\[\033[1;31m\]\u@\h\[\033[0m\]:\[\033[1;34m\]\w\[\033[0m\]# PYTHONPATH=/root/bridges/jetson_workspace/install/pars_msgs/lib/python3.8/site-packages:${PYTHONPATH} /usr/local/bin/cmake --install /root/bridges/jetson_workspace/build/atmaca_vision
[55.511s] -- Install configuration: ""
[55.512s] -- Installing: /root/bridges/jetson_workspace/install/atmaca_vision/lib/atmaca_vision/camera_publisher_node
[55.517s] -- Set runtime path of "/root/bridges/jetson_workspace/install/atmaca_vision/lib/atmaca_vision/camera_publisher_node" to ""
[55.517s] -- Installing: /root/bridges/jetson_workspace/install/atmaca_vision/lib/atmaca_vision/qr_detector_node
[55.527s] -- Set runtime path of "/root/bridges/jetson_workspace/install/atmaca_vision/lib/atmaca_vision/qr_detector_node" to ""
[55.527s] -- Installing: /root/bridges/jetson_workspace/install/atmaca_vision/lib/atmaca_vision/target_detection_node
[55.557s] -- Set runtime path of "/root/bridges/jetson_workspace/install/atmaca_vision/lib/atmaca_vision/target_detection_node" to ""
[55.558s] -- Installing: /root/bridges/jetson_workspace/install/atmaca_vision/share/ament_index/resource_index/package_run_dependencies/atmaca_vision
[55.559s] -- Installing: /root/bridges/jetson_workspace/install/atmaca_vision/share/ament_index/resource_index/parent_prefix_path/atmaca_vision
[55.560s] -- Installing: /root/bridges/jetson_workspace/install/atmaca_vision/share/atmaca_vision/environment/ament_prefix_path.sh
[55.561s] -- Installing: /root/bridges/jetson_workspace/install/atmaca_vision/share/atmaca_vision/environment/ament_prefix_path.dsv
[55.562s] -- Installing: /root/bridges/jetson_workspace/install/atmaca_vision/share/atmaca_vision/environment/path.sh
[55.562s] -- Installing: /root/bridges/jetson_workspace/install/atmaca_vision/share/atmaca_vision/environment/path.dsv
[55.563s] -- Installing: /root/bridges/jetson_workspace/install/atmaca_vision/share/atmaca_vision/local_setup.bash
[55.564s] -- Installing: /root/bridges/jetson_workspace/install/atmaca_vision/share/atmaca_vision/local_setup.sh
[55.565s] -- Installing: /root/bridges/jetson_workspace/install/atmaca_vision/share/atmaca_vision/local_setup.zsh
[55.566s] -- Installing: /root/bridges/jetson_workspace/install/atmaca_vision/share/atmaca_vision/local_setup.dsv
[55.567s] -- Installing: /root/bridges/jetson_workspace/install/atmaca_vision/share/atmaca_vision/package.dsv
[55.568s] -- Installing: /root/bridges/jetson_workspace/install/atmaca_vision/share/ament_index/resource_index/packages/atmaca_vision
[55.569s] -- Installing: /root/bridges/jetson_workspace/install/atmaca_vision/share/atmaca_vision/cmake/atmaca_visionConfig.cmake
[55.569s] -- Installing: /root/bridges/jetson_workspace/install/atmaca_vision/share/atmaca_vision/cmake/atmaca_visionConfig-version.cmake
[55.570s] -- Installing: /root/bridges/jetson_workspace/install/atmaca_vision/share/atmaca_vision/package.xml
[55.590s] Invoked command in '/root/bridges/jetson_workspace/build/atmaca_vision' returned '0': AMENT_PREFIX_PATH=/root/bridges/jetson_workspace/install/pars_msgs:${AMENT_PREFIX_PATH} CMAKE_PREFIX_PATH=/root/bridges/jetson_workspace/install/pars_msgs:${CMAKE_PREFIX_PATH} LD_LIBRARY_PATH=/root/bridges/jetson_workspace/install/pars_msgs/lib:/opt/ros/humble/install/opt/rviz_ogre_vendor/lib:/opt/ros/humble/install/lib:/usr/local/cuda/lib64 PS1=\[\033[1;31m\]\u@\h\[\033[0m\]:\[\033[1;34m\]\w\[\033[0m\]# PYTHONPATH=/root/bridges/jetson_workspace/install/pars_msgs/lib/python3.8/site-packages:${PYTHONPATH} /usr/local/bin/cmake --install /root/bridges/jetson_workspace/build/atmaca_vision
