[0.439s] Invoking command in '/root/bridges/jetson_workspace/build/qr_detector': CMAKE_PREFIX_PATH=/root/bridges/jetson_workspace/install/px4_msgs:/root/bridges/jetson_workspace/install/siha_camera_pkg:/root/bridges/jetson_workspace/install/px4_ros_com:/root/bridges/jetson_workspace/install/pkg_srv:/root/bridges/jetson_workspace/install/atmaca_vision:/root/bridges/jetson_workspace/install/pars_msgs:/opt/ros/humble/install LD_LIBRARY_PATH=/root/bridges/jetson_workspace/install/px4_msgs/lib:/root/bridges/jetson_workspace/install/px4_ros_com/lib:/root/bridges/jetson_workspace/install/pkg_srv/lib:/root/bridges/jetson_workspace/install/pars_msgs/lib:/opt/ros/humble/install/opt/rviz_ogre_vendor/lib:/opt/ros/humble/install/lib:/usr/local/cuda/lib64:/root/bridges/jetson_workspace/onnxruntime-linux-aarch64-1.16.3/lib PS1=\[\033[1;31m\]\u@\h\[\033[0m\]:\[\033[1;34m\]\w\[\033[0m\]# PYTHONPATH=/root/bridges/jetson_workspace/install/px4_msgs/lib/python3.8/site-packages:/root/bridges/jetson_workspace/install/px4_ros_com/lib/python3.8/site-packages:/root/bridges/jetson_workspace/install/pkg_srv/lib/python3.8/site-packages:/root/bridges/jetson_workspace/install/pars_msgs/lib/python3.8/site-packages:/opt/ros/humble/install/lib/python3.8/site-packages /usr/local/bin/cmake /root/bridges/jetson_workspace/src/qr_detector -DCMAKE_INSTALL_PREFIX=/root/bridges/jetson_workspace/install/qr_detector
[1.169s] -- The C compiler identification is GNU 9.4.0
[1.569s] -- The CXX compiler identification is GNU 9.4.0
[1.805s] -- Detecting C compiler ABI info
[2.300s] -- Detecting C compiler ABI info - done
[2.353s] -- Check for working C compiler: /usr/bin/cc - skipped
[2.355s] -- Detecting C compile features
[2.357s] -- Detecting C compile features - done
[2.452s] -- Detecting CXX compiler ABI info
[3.105s] -- Detecting CXX compiler ABI info - done
[3.163s] -- Check for working CXX compiler: /usr/bin/c++ - skipped
[3.166s] -- Detecting CXX compile features
[3.169s] -- Detecting CXX compile features - done
[3.192s] -- Found ament_cmake: 1.3.6 (/opt/ros/humble/install/share/ament_cmake/cmake)
[11.951s] -- Found Python3: /usr/bin/python3.8 (found version "3.8.10") found components: Interpreter 
[12.462s] -- Found rclcpp: 16.0.6 (/opt/ros/humble/install/share/rclcpp/cmake)
[12.919s] -- Found rosidl_generator_c: 3.1.5 (/opt/ros/humble/install/share/rosidl_generator_c/cmake)
[12.958s] -- Found rosidl_adapter: 3.1.5 (/opt/ros/humble/install/share/rosidl_adapter/cmake)
[13.020s] -- Found rosidl_generator_cpp: 3.1.5 (/opt/ros/humble/install/share/rosidl_generator_cpp/cmake)
[13.126s] -- Using all available rosidl_typesupport_c: rosidl_typesupport_fastrtps_c;rosidl_typesupport_introspection_c
[13.272s] -- Using all available rosidl_typesupport_cpp: rosidl_typesupport_fastrtps_cpp;rosidl_typesupport_introspection_cpp
[13.897s] -- Found rmw_implementation_cmake: 6.1.1 (/opt/ros/humble/install/share/rmw_implementation_cmake/cmake)
[13.911s] -- Found rmw_cyclonedds_cpp: 1.3.4 (/opt/ros/humble/install/share/rmw_cyclonedds_cpp/cmake)
[14.154s] -- Using RMW implementation 'rmw_cyclonedds_cpp' as default
[14.224s] -- Performing Test CMAKE_HAVE_LIBC_PTHREAD
[14.779s] -- Performing Test CMAKE_HAVE_LIBC_PTHREAD - Failed
[14.780s] -- Looking for pthread_create in pthreads
[15.139s] -- Looking for pthread_create in pthreads - not found
[15.140s] -- Looking for pthread_create in pthread
[15.509s] -- Looking for pthread_create in pthread - found
[15.515s] -- Found Threads: TRUE  
[16.587s] -- Found sensor_msgs: 4.2.3 (/opt/ros/humble/install/share/sensor_msgs/cmake)
[17.445s] -- Found image_transport: 3.1.7 (/opt/ros/humble/install/share/image_transport/cmake)
[17.836s] -- Found cv_bridge: 3.2.1 (/opt/ros/humble/install/share/cv_bridge/cmake)
[17.864s] [33mCMake Warning (dev) at /usr/lib/cmake/opencv4/OpenCVConfig.cmake:86 (find_package):
[17.865s]   Policy CMP0146 is not set: The FindCUDA module is removed.  Run "cmake
[17.865s]   --help-policy CMP0146" for policy details.  Use the cmake_policy command to
[17.866s]   set the policy and suppress this warning.
[17.867s] 
[17.867s] Call Stack (most recent call first):
[17.869s]   /usr/lib/cmake/opencv4/OpenCVConfig.cmake:108 (find_host_package)
[17.869s]   /opt/ros/humble/install/share/cv_bridge/cmake/ament_cmake_export_dependencies-extras.cmake:21 (find_package)
[17.870s]   /opt/ros/humble/install/share/cv_bridge/cmake/cv_bridgeConfig.cmake:41 (include)
[17.871s]   CMakeLists.txt:18 (find_package)
[17.871s] This warning is for project developers.  Use -Wno-dev to suppress it.
[17.872s] [0m
[18.030s] -- Found CUDA: /usr/local/cuda (found suitable exact version "11.4") 
[18.162s] -- Found OpenCV: /usr (found version "4.5.0") found components: core imgproc imgcodecs 
[18.178s] -- Found OpenCV: /usr (found version "4.5.0") found components: cudaimgproc cudawarping 
[18.205s] -- Found ament_lint_auto: 0.12.8 (/opt/ros/humble/install/share/ament_lint_auto/cmake)
[18.793s] -- Added test 'copyright' to check source files copyright and LICENSE
[18.802s] -- Added test 'cppcheck' to perform static code analysis on C / C++ code
[18.803s] -- Configured cppcheck include dirs: /root/bridges/jetson_workspace/src/qr_detector/include
[18.804s] -- Configured cppcheck exclude dirs and/or files: 
[18.852s] -- Added test 'cpplint' to check C / C++ code against the Google style
[18.853s] -- Configured cpplint exclude dirs and/or files: 
[18.855s] -- Added test 'flake8' to check Python code syntax and style conventions
[18.861s] -- Added test 'lint_cmake' to check CMake code style
[18.865s] -- Added test 'pep257' to check Python code against some of the docstring style conventions in PEP 257
[18.876s] -- Added test 'uncrustify' to check C / C++ code style
[18.877s] -- Configured uncrustify additional arguments: 
[18.882s] -- Added test 'xmllint' to check XML markup files
[18.891s] -- Configuring done (18.1s)
[19.036s] -- Generating done (0.1s)
[19.047s] -- Build files have been written to: /root/bridges/jetson_workspace/build/qr_detector
[19.115s] Invoked command in '/root/bridges/jetson_workspace/build/qr_detector' returned '0': CMAKE_PREFIX_PATH=/root/bridges/jetson_workspace/install/px4_msgs:/root/bridges/jetson_workspace/install/siha_camera_pkg:/root/bridges/jetson_workspace/install/px4_ros_com:/root/bridges/jetson_workspace/install/pkg_srv:/root/bridges/jetson_workspace/install/atmaca_vision:/root/bridges/jetson_workspace/install/pars_msgs:/opt/ros/humble/install LD_LIBRARY_PATH=/root/bridges/jetson_workspace/install/px4_msgs/lib:/root/bridges/jetson_workspace/install/px4_ros_com/lib:/root/bridges/jetson_workspace/install/pkg_srv/lib:/root/bridges/jetson_workspace/install/pars_msgs/lib:/opt/ros/humble/install/opt/rviz_ogre_vendor/lib:/opt/ros/humble/install/lib:/usr/local/cuda/lib64:/root/bridges/jetson_workspace/onnxruntime-linux-aarch64-1.16.3/lib PS1=\[\033[1;31m\]\u@\h\[\033[0m\]:\[\033[1;34m\]\w\[\033[0m\]# PYTHONPATH=/root/bridges/jetson_workspace/install/px4_msgs/lib/python3.8/site-packages:/root/bridges/jetson_workspace/install/px4_ros_com/lib/python3.8/site-packages:/root/bridges/jetson_workspace/install/pkg_srv/lib/python3.8/site-packages:/root/bridges/jetson_workspace/install/pars_msgs/lib/python3.8/site-packages:/opt/ros/humble/install/lib/python3.8/site-packages /usr/local/bin/cmake /root/bridges/jetson_workspace/src/qr_detector -DCMAKE_INSTALL_PREFIX=/root/bridges/jetson_workspace/install/qr_detector
[19.137s] Invoking command in '/root/bridges/jetson_workspace/build/qr_detector': CMAKE_PREFIX_PATH=/root/bridges/jetson_workspace/install/px4_msgs:/root/bridges/jetson_workspace/install/siha_camera_pkg:/root/bridges/jetson_workspace/install/px4_ros_com:/root/bridges/jetson_workspace/install/pkg_srv:/root/bridges/jetson_workspace/install/atmaca_vision:/root/bridges/jetson_workspace/install/pars_msgs:/opt/ros/humble/install LD_LIBRARY_PATH=/root/bridges/jetson_workspace/install/px4_msgs/lib:/root/bridges/jetson_workspace/install/px4_ros_com/lib:/root/bridges/jetson_workspace/install/pkg_srv/lib:/root/bridges/jetson_workspace/install/pars_msgs/lib:/opt/ros/humble/install/opt/rviz_ogre_vendor/lib:/opt/ros/humble/install/lib:/usr/local/cuda/lib64:/root/bridges/jetson_workspace/onnxruntime-linux-aarch64-1.16.3/lib PS1=\[\033[1;31m\]\u@\h\[\033[0m\]:\[\033[1;34m\]\w\[\033[0m\]# PYTHONPATH=/root/bridges/jetson_workspace/install/px4_msgs/lib/python3.8/site-packages:/root/bridges/jetson_workspace/install/px4_ros_com/lib/python3.8/site-packages:/root/bridges/jetson_workspace/install/pkg_srv/lib/python3.8/site-packages:/root/bridges/jetson_workspace/install/pars_msgs/lib/python3.8/site-packages:/opt/ros/humble/install/lib/python3.8/site-packages /usr/local/bin/cmake --build /root/bridges/jetson_workspace/build/qr_detector -- -j4 -l4
[19.440s] [ 50%] [32mBuilding CXX object CMakeFiles/qr_detection_node.dir/src/qr_detection_node.cpp.o[0m
[41.130s] [01m[K/root/bridges/jetson_workspace/src/qr_detector/src/qr_detection_node.cpp:32:1:[m[K [01;31m[Kerror: [m[K‘[01m[Kvvoid[m[K’ does not name a type; did you mean ‘[01m[Kvoid[m[K’?
[41.131s]    32 | [01;31m[Kvvoid[m[K QRDetectionNode::initialize()
[41.131s]       | [01;31m[K^~~~~[m[K
[41.132s]       | [32m[Kvoid[m[K
[48.774s] make[2]: *** [CMakeFiles/qr_detection_node.dir/build.make:76: CMakeFiles/qr_detection_node.dir/src/qr_detection_node.cpp.o] Error 1
[48.777s] make[1]: *** [CMakeFiles/Makefile2:137: CMakeFiles/qr_detection_node.dir/all] Error 2
[48.779s] make: *** [Makefile:146: all] Error 2
[48.810s] Invoked command in '/root/bridges/jetson_workspace/build/qr_detector' returned '2': CMAKE_PREFIX_PATH=/root/bridges/jetson_workspace/install/px4_msgs:/root/bridges/jetson_workspace/install/siha_camera_pkg:/root/bridges/jetson_workspace/install/px4_ros_com:/root/bridges/jetson_workspace/install/pkg_srv:/root/bridges/jetson_workspace/install/atmaca_vision:/root/bridges/jetson_workspace/install/pars_msgs:/opt/ros/humble/install LD_LIBRARY_PATH=/root/bridges/jetson_workspace/install/px4_msgs/lib:/root/bridges/jetson_workspace/install/px4_ros_com/lib:/root/bridges/jetson_workspace/install/pkg_srv/lib:/root/bridges/jetson_workspace/install/pars_msgs/lib:/opt/ros/humble/install/opt/rviz_ogre_vendor/lib:/opt/ros/humble/install/lib:/usr/local/cuda/lib64:/root/bridges/jetson_workspace/onnxruntime-linux-aarch64-1.16.3/lib PS1=\[\033[1;31m\]\u@\h\[\033[0m\]:\[\033[1;34m\]\w\[\033[0m\]# PYTHONPATH=/root/bridges/jetson_workspace/install/px4_msgs/lib/python3.8/site-packages:/root/bridges/jetson_workspace/install/px4_ros_com/lib/python3.8/site-packages:/root/bridges/jetson_workspace/install/pkg_srv/lib/python3.8/site-packages:/root/bridges/jetson_workspace/install/pars_msgs/lib/python3.8/site-packages:/opt/ros/humble/install/lib/python3.8/site-packages /usr/local/bin/cmake --build /root/bridges/jetson_workspace/build/qr_detector -- -j4 -l4
