[0.707s] Invoking command in '/root/bridges/jetson_workspace/build/atmaca_flight_control': CMAKE_PREFIX_PATH=/root/bridges/jetson_workspace/install/px4_msgs:/root/bridges/jetson_workspace/install/pars_msgs:/root/bridges/jetson_workspace/install/video_recorder_pkg:/root/bridges/jetson_workspace/install/siha_camera_pkg:/root/bridges/jetson_workspace/install/qr_detector:/root/bridges/jetson_workspace/install/pkg_kamikaze:/root/bridges/jetson_workspace/install/atmaca_flight_control:/root/bridges/jetson_workspace/install/pkg_srv:/root/bridges/jetson_workspace/install/atmaca_vision:/root/bridges/jetson_workspace/install/microxrcedds_agent:/opt/ros/humble/install LD_LIBRARY_PATH=/root/bridges/jetson_workspace/install/px4_msgs/lib:/root/bridges/jetson_workspace/install/pars_msgs/lib:/root/bridges/jetson_workspace/install/pkg_srv/lib:/root/bridges/jetson_workspace/install/microxrcedds_agent/lib:/opt/ros/humble/install/opt/rviz_ogre_vendor/lib:/opt/ros/humble/install/lib:/usr/local/cuda/lib64:/root/bridges/jetson_workspace/onnxruntime-linux-aarch64-1.16.3/lib PS1=\[\033[1;31m\]\u@\h\[\033[0m\]:\[\033[1;34m\]\w\[\033[0m\]# PYTHONPATH=/root/bridges/jetson_workspace/install/px4_msgs/lib/python3.8/site-packages:/root/bridges/jetson_workspace/install/pars_msgs/lib/python3.8/site-packages:/root/bridges/jetson_workspace/install/pkg_srv/lib/python3.8/site-packages:/opt/ros/humble/install/lib/python3.8/site-packages /usr/local/bin/cmake --build /root/bridges/jetson_workspace/build/atmaca_flight_control -- -j6 -l6
[1.094s] [ 20%] Built target sahte_hedef
[1.100s] [ 40%] Built target hedef_gps
[1.110s] [ 60%] Built target telemetry_node
[1.124s] [ 80%] Built target offboard_node
[1.167s] [ 90%] [32mBuilding CXX object CMakeFiles/target_navigation_node.dir/src/target_navigation_node.cpp.o[0m
[122.224s] [100%] [32m[1mLinking CXX executable target_navigation_node[0m
[129.575s] [100%] Built target target_navigation_node
[129.642s] Invoked command in '/root/bridges/jetson_workspace/build/atmaca_flight_control' returned '0': CMAKE_PREFIX_PATH=/root/bridges/jetson_workspace/install/px4_msgs:/root/bridges/jetson_workspace/install/pars_msgs:/root/bridges/jetson_workspace/install/video_recorder_pkg:/root/bridges/jetson_workspace/install/siha_camera_pkg:/root/bridges/jetson_workspace/install/qr_detector:/root/bridges/jetson_workspace/install/pkg_kamikaze:/root/bridges/jetson_workspace/install/atmaca_flight_control:/root/bridges/jetson_workspace/install/pkg_srv:/root/bridges/jetson_workspace/install/atmaca_vision:/root/bridges/jetson_workspace/install/microxrcedds_agent:/opt/ros/humble/install LD_LIBRARY_PATH=/root/bridges/jetson_workspace/install/px4_msgs/lib:/root/bridges/jetson_workspace/install/pars_msgs/lib:/root/bridges/jetson_workspace/install/pkg_srv/lib:/root/bridges/jetson_workspace/install/microxrcedds_agent/lib:/opt/ros/humble/install/opt/rviz_ogre_vendor/lib:/opt/ros/humble/install/lib:/usr/local/cuda/lib64:/root/bridges/jetson_workspace/onnxruntime-linux-aarch64-1.16.3/lib PS1=\[\033[1;31m\]\u@\h\[\033[0m\]:\[\033[1;34m\]\w\[\033[0m\]# PYTHONPATH=/root/bridges/jetson_workspace/install/px4_msgs/lib/python3.8/site-packages:/root/bridges/jetson_workspace/install/pars_msgs/lib/python3.8/site-packages:/root/bridges/jetson_workspace/install/pkg_srv/lib/python3.8/site-packages:/opt/ros/humble/install/lib/python3.8/site-packages /usr/local/bin/cmake --build /root/bridges/jetson_workspace/build/atmaca_flight_control -- -j6 -l6
[130.229s] Invoking command in '/root/bridges/jetson_workspace/build/atmaca_flight_control': CMAKE_PREFIX_PATH=/root/bridges/jetson_workspace/install/px4_msgs:/root/bridges/jetson_workspace/install/pars_msgs:/root/bridges/jetson_workspace/install/video_recorder_pkg:/root/bridges/jetson_workspace/install/siha_camera_pkg:/root/bridges/jetson_workspace/install/qr_detector:/root/bridges/jetson_workspace/install/pkg_kamikaze:/root/bridges/jetson_workspace/install/atmaca_flight_control:/root/bridges/jetson_workspace/install/pkg_srv:/root/bridges/jetson_workspace/install/atmaca_vision:/root/bridges/jetson_workspace/install/microxrcedds_agent:/opt/ros/humble/install LD_LIBRARY_PATH=/root/bridges/jetson_workspace/install/px4_msgs/lib:/root/bridges/jetson_workspace/install/pars_msgs/lib:/root/bridges/jetson_workspace/install/pkg_srv/lib:/root/bridges/jetson_workspace/install/microxrcedds_agent/lib:/opt/ros/humble/install/opt/rviz_ogre_vendor/lib:/opt/ros/humble/install/lib:/usr/local/cuda/lib64:/root/bridges/jetson_workspace/onnxruntime-linux-aarch64-1.16.3/lib PS1=\[\033[1;31m\]\u@\h\[\033[0m\]:\[\033[1;34m\]\w\[\033[0m\]# PYTHONPATH=/root/bridges/jetson_workspace/install/px4_msgs/lib/python3.8/site-packages:/root/bridges/jetson_workspace/install/pars_msgs/lib/python3.8/site-packages:/root/bridges/jetson_workspace/install/pkg_srv/lib/python3.8/site-packages:/opt/ros/humble/install/lib/python3.8/site-packages /usr/local/bin/cmake --install /root/bridges/jetson_workspace/build/atmaca_flight_control
[130.540s] -- Install configuration: ""
[130.542s] -- Execute custom install script
[130.547s] -- Up-to-date symlink: /root/bridges/jetson_workspace/install/atmaca_flight_control/share/atmaca_flight_control/launch/flight_control_launch.py
[130.549s] -- Up-to-date symlink: /root/bridges/jetson_workspace/install/atmaca_flight_control/lib/atmaca_flight_control/target_navigation_node
[130.551s] -- Up-to-date symlink: /root/bridges/jetson_workspace/install/atmaca_flight_control/lib/atmaca_flight_control/telemetry_node
[130.552s] -- Up-to-date symlink: /root/bridges/jetson_workspace/install/atmaca_flight_control/lib/atmaca_flight_control/hedef_gps
[130.554s] -- Up-to-date symlink: /root/bridges/jetson_workspace/install/atmaca_flight_control/lib/atmaca_flight_control/offboard_node
[130.557s] -- Up-to-date symlink: /root/bridges/jetson_workspace/install/atmaca_flight_control/lib/atmaca_flight_control/sahte_hedef
[130.559s] -- Up-to-date symlink: /root/bridges/jetson_workspace/install/atmaca_flight_control/share/ament_index/resource_index/package_run_dependencies/atmaca_flight_control
[130.561s] -- Up-to-date symlink: /root/bridges/jetson_workspace/install/atmaca_flight_control/share/ament_index/resource_index/parent_prefix_path/atmaca_flight_control
[130.564s] -- Up-to-date symlink: /root/bridges/jetson_workspace/install/atmaca_flight_control/share/atmaca_flight_control/environment/ament_prefix_path.sh
[130.565s] -- Up-to-date symlink: /root/bridges/jetson_workspace/install/atmaca_flight_control/share/atmaca_flight_control/environment/ament_prefix_path.dsv
[130.566s] -- Up-to-date symlink: /root/bridges/jetson_workspace/install/atmaca_flight_control/share/atmaca_flight_control/environment/path.sh
[130.568s] -- Up-to-date symlink: /root/bridges/jetson_workspace/install/atmaca_flight_control/share/atmaca_flight_control/environment/path.dsv
[130.568s] -- Up-to-date symlink: /root/bridges/jetson_workspace/install/atmaca_flight_control/share/atmaca_flight_control/local_setup.bash
[130.569s] -- Up-to-date symlink: /root/bridges/jetson_workspace/install/atmaca_flight_control/share/atmaca_flight_control/local_setup.sh
[130.571s] -- Up-to-date symlink: /root/bridges/jetson_workspace/install/atmaca_flight_control/share/atmaca_flight_control/local_setup.zsh
[130.572s] -- Up-to-date symlink: /root/bridges/jetson_workspace/install/atmaca_flight_control/share/atmaca_flight_control/local_setup.dsv
[130.574s] -- Symlinking: /root/bridges/jetson_workspace/install/atmaca_flight_control/share/atmaca_flight_control/package.dsv
[130.594s] -- Up-to-date symlink: /root/bridges/jetson_workspace/install/atmaca_flight_control/share/ament_index/resource_index/packages/atmaca_flight_control
[130.595s] -- Up-to-date symlink: /root/bridges/jetson_workspace/install/atmaca_flight_control/share/atmaca_flight_control/cmake/atmaca_flight_controlConfig.cmake
[130.596s] -- Up-to-date symlink: /root/bridges/jetson_workspace/install/atmaca_flight_control/share/atmaca_flight_control/cmake/atmaca_flight_controlConfig-version.cmake
[130.598s] -- Up-to-date symlink: /root/bridges/jetson_workspace/install/atmaca_flight_control/share/atmaca_flight_control/package.xml
[130.621s] Invoked command in '/root/bridges/jetson_workspace/build/atmaca_flight_control' returned '0': CMAKE_PREFIX_PATH=/root/bridges/jetson_workspace/install/px4_msgs:/root/bridges/jetson_workspace/install/pars_msgs:/root/bridges/jetson_workspace/install/video_recorder_pkg:/root/bridges/jetson_workspace/install/siha_camera_pkg:/root/bridges/jetson_workspace/install/qr_detector:/root/bridges/jetson_workspace/install/pkg_kamikaze:/root/bridges/jetson_workspace/install/atmaca_flight_control:/root/bridges/jetson_workspace/install/pkg_srv:/root/bridges/jetson_workspace/install/atmaca_vision:/root/bridges/jetson_workspace/install/microxrcedds_agent:/opt/ros/humble/install LD_LIBRARY_PATH=/root/bridges/jetson_workspace/install/px4_msgs/lib:/root/bridges/jetson_workspace/install/pars_msgs/lib:/root/bridges/jetson_workspace/install/pkg_srv/lib:/root/bridges/jetson_workspace/install/microxrcedds_agent/lib:/opt/ros/humble/install/opt/rviz_ogre_vendor/lib:/opt/ros/humble/install/lib:/usr/local/cuda/lib64:/root/bridges/jetson_workspace/onnxruntime-linux-aarch64-1.16.3/lib PS1=\[\033[1;31m\]\u@\h\[\033[0m\]:\[\033[1;34m\]\w\[\033[0m\]# PYTHONPATH=/root/bridges/jetson_workspace/install/px4_msgs/lib/python3.8/site-packages:/root/bridges/jetson_workspace/install/pars_msgs/lib/python3.8/site-packages:/root/bridges/jetson_workspace/install/pkg_srv/lib/python3.8/site-packages:/opt/ros/humble/install/lib/python3.8/site-packages /usr/local/bin/cmake --install /root/bridges/jetson_workspace/build/atmaca_flight_control
