[0.259s] Invoking command in '/root/bridges/jetson_workspace/build/pars_msgs': PS1=\[\033[1;31m\]\u@\h\[\033[0m\]:\[\033[1;34m\]\w\[\033[0m\]# /usr/local/bin/cmake /root/bridges/jetson_workspace/src/pars_msgs -DCMAKE_INSTALL_PREFIX=/root/bridges/jetson_workspace/install/pars_msgs
[0.634s] -- The C compiler identification is GNU 9.4.0
[0.907s] -- The CXX compiler identification is GNU 9.4.0
[1.015s] -- Detecting C compiler ABI info
[1.364s] -- Detecting C compiler ABI info - done
[1.414s] -- Check for working C compiler: /usr/bin/cc - skipped
[1.415s] -- Detecting C compile features
[1.417s] -- Detecting C compile features - done
[1.489s] -- Detecting CXX compiler ABI info
[1.886s] -- Detecting CXX compiler ABI info - done
[1.934s] -- Check for working CXX compiler: /usr/bin/c++ - skipped
[1.935s] -- Detecting CXX compile features
[1.937s] -- Detecting CXX compile features - done
[1.951s] -- Found ament_cmake: 1.3.6 (/opt/ros/humble/install/share/ament_cmake/cmake)
[7.300s] -- Found Python3: /usr/bin/python3.8 (found version "3.8.10") found components: Interpreter 
[7.633s] -- Found builtin_interfaces: 1.2.1 (/opt/ros/humble/install/share/builtin_interfaces/cmake)
[7.791s] -- Found rosidl_generator_c: 3.1.5 (/opt/ros/humble/install/share/rosidl_generator_c/cmake)
[7.815s] -- Found rosidl_adapter: 3.1.5 (/opt/ros/humble/install/share/rosidl_adapter/cmake)
[7.857s] -- Found rosidl_generator_cpp: 3.1.5 (/opt/ros/humble/install/share/rosidl_generator_cpp/cmake)
[7.931s] -- Using all available rosidl_typesupport_c: rosidl_typesupport_fastrtps_c;rosidl_typesupport_introspection_c
[8.034s] -- Using all available rosidl_typesupport_cpp: rosidl_typesupport_fastrtps_cpp;rosidl_typesupport_introspection_cpp
[8.128s] -- Found rosidl_default_generators: 1.2.0 (/opt/ros/humble/install/share/rosidl_default_generators/cmake)
[10.583s] -- Found ament_cmake_cppcheck: 0.12.8 (/opt/ros/humble/install/share/ament_cmake_cppcheck/cmake)
[10.592s] -- Found ament_cmake_cpplint: 0.12.8 (/opt/ros/humble/install/share/ament_cmake_cpplint/cmake)
[10.601s] -- Found ament_cmake_uncrustify: 0.12.8 (/opt/ros/humble/install/share/ament_cmake_uncrustify/cmake)
[10.611s] -- Found ament_cmake_ros: 0.10.0 (/opt/ros/humble/install/share/ament_cmake_ros/cmake)
[15.477s] -- Using all available rosidl_typesupport_c: rosidl_typesupport_fastrtps_c;rosidl_typesupport_introspection_c
[17.416s] -- Using all available rosidl_typesupport_cpp: rosidl_typesupport_fastrtps_cpp;rosidl_typesupport_introspection_cpp
[17.440s] [33mCMake Warning (dev) at /opt/ros/humble/install/share/rosidl_generator_py/cmake/rosidl_generator_py_generate_interfaces.cmake:20 (find_package):
[17.440s]   Policy CMP0148 is not set: The FindPythonInterp and FindPythonLibs modules
[17.441s]   are removed.  Run "cmake --help-policy CMP0148" for policy details.  Use
[17.441s]   the cmake_policy command to set the policy and suppress this warning.
[17.441s] 
[17.441s] Call Stack (most recent call first):
[17.442s]   /opt/ros/humble/install/share/ament_cmake_core/cmake/core/ament_execute_extensions.cmake:48 (include)
[17.442s]   /opt/ros/humble/install/share/rosidl_cmake/cmake/rosidl_generate_interfaces.cmake:286 (ament_execute_extensions)
[17.442s]   CMakeLists.txt:25 (rosidl_generate_interfaces)
[17.443s] This warning is for project developers.  Use -Wno-dev to suppress it.
[17.443s] [0m
[17.533s] -- Found PythonInterp: /usr/bin/python3 (found suitable version "3.8.10", minimum required is "3.6") 
[17.540s] -- Found python_cmake_module: 0.10.0 (/opt/ros/humble/install/share/python_cmake_module/cmake)
[17.543s] [33mCMake Warning (dev) at /opt/ros/humble/install/share/python_cmake_module/cmake/Modules/FindPythonExtra.cmake:52 (find_package):
[17.544s]   Policy CMP0148 is not set: The FindPythonInterp and FindPythonLibs modules
[17.544s]   are removed.  Run "cmake --help-policy CMP0148" for policy details.  Use
[17.545s]   the cmake_policy command to set the policy and suppress this warning.
[17.545s] 
[17.546s] Call Stack (most recent call first):
[17.546s]   /opt/ros/humble/install/share/rosidl_generator_py/cmake/rosidl_generator_py_generate_interfaces.cmake:23 (find_package)
[17.546s]   /opt/ros/humble/install/share/ament_cmake_core/cmake/core/ament_execute_extensions.cmake:48 (include)
[17.547s]   /opt/ros/humble/install/share/rosidl_cmake/cmake/rosidl_generate_interfaces.cmake:286 (ament_execute_extensions)
[17.547s]   CMakeLists.txt:25 (rosidl_generate_interfaces)
[17.547s] This warning is for project developers.  Use -Wno-dev to suppress it.
[17.548s] [0m
[17.639s] [33mCMake Warning (dev) at /opt/ros/humble/install/share/python_cmake_module/cmake/Modules/FindPythonExtra.cmake:140 (find_package):
[17.639s]   Policy CMP0148 is not set: The FindPythonInterp and FindPythonLibs modules
[17.640s]   are removed.  Run "cmake --help-policy CMP0148" for policy details.  Use
[17.640s]   the cmake_policy command to set the policy and suppress this warning.
[17.640s] 
[17.640s] Call Stack (most recent call first):
[17.641s]   /opt/ros/humble/install/share/rosidl_generator_py/cmake/rosidl_generator_py_generate_interfaces.cmake:23 (find_package)
[17.642s]   /opt/ros/humble/install/share/ament_cmake_core/cmake/core/ament_execute_extensions.cmake:48 (include)
[17.642s]   /opt/ros/humble/install/share/rosidl_cmake/cmake/rosidl_generate_interfaces.cmake:286 (ament_execute_extensions)
[17.642s]   CMakeLists.txt:25 (rosidl_generate_interfaces)
[17.643s] This warning is for project developers.  Use -Wno-dev to suppress it.
[17.643s] [0m
[17.667s] -- Found PythonLibs: /usr/lib/aarch64-linux-gnu/libpython3.8.so (found suitable version "3.8.10", minimum required is "3.5") 
[17.668s] -- Using PYTHON_EXECUTABLE: /usr/bin/python3
[17.668s] -- Using PYTHON_INCLUDE_DIRS: /usr/include/python3.8
[17.668s] -- Using PYTHON_LIBRARIES: /usr/lib/aarch64-linux-gnu/libpython3.8.so
[17.760s] -- Found PythonExtra: .so  
[18.385s] -- Using numpy include directory: /usr/local/lib/python3.8/dist-packages/numpy/core/include
[18.439s] -- Found ament_cmake_flake8: 0.12.8 (/opt/ros/humble/install/share/ament_cmake_flake8/cmake)
[18.447s] -- Found ament_cmake_pep257: 0.12.8 (/opt/ros/humble/install/share/ament_cmake_pep257/cmake)
[18.494s] -- Configuring done (18.1s)
[18.682s] -- Generating done (0.1s)
[18.698s] -- Build files have been written to: /root/bridges/jetson_workspace/build/pars_msgs
[18.738s] Invoked command in '/root/bridges/jetson_workspace/build/pars_msgs' returned '0': PS1=\[\033[1;31m\]\u@\h\[\033[0m\]:\[\033[1;34m\]\w\[\033[0m\]# /usr/local/bin/cmake /root/bridges/jetson_workspace/src/pars_msgs -DCMAKE_INSTALL_PREFIX=/root/bridges/jetson_workspace/install/pars_msgs
[18.754s] Invoking command in '/root/bridges/jetson_workspace/build/pars_msgs': PS1=\[\033[1;31m\]\u@\h\[\033[0m\]:\[\033[1;34m\]\w\[\033[0m\]# /usr/local/bin/cmake --build /root/bridges/jetson_workspace/build/pars_msgs -- -j4 -l4
[18.948s] [  2%] [34m[1mGenerating C code for ROS interfaces[0m
[18.969s] [  5%] [34m[1mGenerating C++ code for ROS interfaces[0m
[18.982s] [  5%] Built target ament_cmake_python_copy_pars_msgs
[19.924s] running egg_info
[19.930s] creating pars_msgs.egg-info
[20.014s] writing pars_msgs.egg-info/PKG-INFO
[20.015s] writing dependency_links to pars_msgs.egg-info/dependency_links.txt
[20.016s] writing top-level names to pars_msgs.egg-info/top_level.txt
[20.016s] writing manifest file 'pars_msgs.egg-info/SOURCES.txt'
[20.048s] [  5%] Built target pars_msgs__cpp
[20.068s] [  7%] [34m[1mGenerating C++ type support for eProsima Fast-RTPS[0m
[20.087s] [ 10%] [34m[1mGenerating C++ introspection for ROS interfaces[0m
[20.113s] [ 12%] [32mBuilding C object CMakeFiles/pars_msgs__rosidl_generator_c.dir/rosidl_generator_c/pars_msgs/msg/detail/data__functions.c.o[0m
[20.302s] reading manifest file 'pars_msgs.egg-info/SOURCES.txt'
[20.308s] writing manifest file 'pars_msgs.egg-info/SOURCES.txt'
[20.382s] [ 15%] [32mBuilding C object CMakeFiles/pars_msgs__rosidl_generator_c.dir/rosidl_generator_c/pars_msgs/msg/detail/target__functions.c.o[0m
[20.411s] [ 15%] Built target ament_cmake_python_build_pars_msgs_egg
[20.444s] [ 17%] [34m[1mGenerating C++ type support dispatch for ROS interfaces[0m
[20.651s] [ 20%] [32m[1mLinking C shared library libpars_msgs__rosidl_generator_c.so[0m
[20.767s] [ 20%] Built target pars_msgs__rosidl_generator_c
[20.790s] [ 23%] [34m[1mGenerating C introspection for ROS interfaces[0m
[21.128s] [ 25%] [32mBuilding CXX object CMakeFiles/pars_msgs__rosidl_typesupport_fastrtps_cpp.dir/rosidl_typesupport_fastrtps_cpp/pars_msgs/msg/detail/dds_fastrtps/data__type_support.cpp.o[0m
[21.132s] [ 28%] [32mBuilding CXX object CMakeFiles/pars_msgs__rosidl_typesupport_introspection_cpp.dir/rosidl_typesupport_introspection_cpp/pars_msgs/msg/detail/data__type_support.cpp.o[0m
[21.395s] [ 30%] [32mBuilding CXX object CMakeFiles/pars_msgs__rosidl_typesupport_cpp.dir/rosidl_typesupport_cpp/pars_msgs/msg/data__type_support.cpp.o[0m
[21.785s] [ 33%] [32mBuilding C object CMakeFiles/pars_msgs__rosidl_typesupport_introspection_c.dir/rosidl_typesupport_introspection_c/pars_msgs/msg/detail/data__type_support.c.o[0m
[21.976s] [ 35%] [32mBuilding C object CMakeFiles/pars_msgs__rosidl_typesupport_introspection_c.dir/rosidl_typesupport_introspection_c/pars_msgs/msg/detail/target__type_support.c.o[0m
[22.169s] [ 38%] [32m[1mLinking C shared library libpars_msgs__rosidl_typesupport_introspection_c.so[0m
[22.273s] [ 38%] Built target pars_msgs__rosidl_typesupport_introspection_c
[22.295s] [ 41%] [34m[1mGenerating C type support dispatch for ROS interfaces[0m
[22.973s] [ 43%] [32mBuilding CXX object CMakeFiles/pars_msgs__rosidl_typesupport_cpp.dir/rosidl_typesupport_cpp/pars_msgs/msg/target__type_support.cpp.o[0m
[23.178s] [ 46%] [32mBuilding CXX object CMakeFiles/pars_msgs__rosidl_typesupport_introspection_cpp.dir/rosidl_typesupport_introspection_cpp/pars_msgs/msg/detail/target__type_support.cpp.o[0m
[23.222s] [ 48%] [32mBuilding CXX object CMakeFiles/pars_msgs__rosidl_typesupport_fastrtps_cpp.dir/rosidl_typesupport_fastrtps_cpp/pars_msgs/msg/detail/dds_fastrtps/target__type_support.cpp.o[0m
[23.279s] [ 51%] [32mBuilding CXX object CMakeFiles/pars_msgs__rosidl_typesupport_c.dir/rosidl_typesupport_c/pars_msgs/msg/data__type_support.cpp.o[0m
[23.445s] [ 53%] [32mBuilding CXX object CMakeFiles/pars_msgs__rosidl_typesupport_c.dir/rosidl_typesupport_c/pars_msgs/msg/target__type_support.cpp.o[0m
[23.599s] [ 56%] [32m[1mLinking CXX shared library libpars_msgs__rosidl_typesupport_c.so[0m
[23.737s] [ 56%] Built target pars_msgs__rosidl_typesupport_c
[23.761s] [ 58%] [34m[1mGenerating C type support for eProsima Fast-RTPS[0m
[24.459s] [ 61%] [32m[1mLinking CXX shared library libpars_msgs__rosidl_typesupport_cpp.so[0m
[24.613s] [ 61%] Built target pars_msgs__rosidl_typesupport_cpp
[24.854s] [ 64%] [32mBuilding CXX object CMakeFiles/pars_msgs__rosidl_typesupport_fastrtps_c.dir/rosidl_typesupport_fastrtps_c/pars_msgs/msg/detail/data__type_support_c.cpp.o[0m
[24.857s] [ 66%] [32mBuilding CXX object CMakeFiles/pars_msgs__rosidl_typesupport_fastrtps_c.dir/rosidl_typesupport_fastrtps_c/pars_msgs/msg/detail/target__type_support_c.cpp.o[0m
[25.213s] [ 69%] [32m[1mLinking CXX shared library libpars_msgs__rosidl_typesupport_fastrtps_cpp.so[0m
[25.295s] [ 71%] [32m[1mLinking CXX shared library libpars_msgs__rosidl_typesupport_introspection_cpp.so[0m
[25.462s] [ 71%] Built target pars_msgs__rosidl_typesupport_introspection_cpp
[25.463s] [ 71%] Built target pars_msgs__rosidl_typesupport_fastrtps_cpp
[26.464s] [ 74%] [32m[1mLinking CXX shared library libpars_msgs__rosidl_typesupport_fastrtps_c.so[0m
[26.694s] [ 74%] Built target pars_msgs__rosidl_typesupport_fastrtps_c
[26.737s] [ 74%] Built target pars_msgs
[26.779s] [ 76%] [34m[1mGenerating Python code for ROS interfaces[0m
[28.037s] [ 76%] Built target pars_msgs__py
[28.078s] [ 79%] [32mBuilding C object CMakeFiles/pars_msgs__rosidl_generator_py.dir/rosidl_generator_py/pars_msgs/msg/_data_s.c.o[0m
[28.079s] [ 82%] [32mBuilding C object CMakeFiles/pars_msgs__rosidl_generator_py.dir/rosidl_generator_py/pars_msgs/msg/_target_s.c.o[0m
[28.656s] [ 84%] [32m[1mLinking C shared library rosidl_generator_py/pars_msgs/libpars_msgs__rosidl_generator_py.so[0m
[28.779s] [ 84%] Built target pars_msgs__rosidl_generator_py
[28.823s] [ 89%] [32mBuilding C object CMakeFiles/pars_msgs__rosidl_typesupport_fastrtps_c__pyext.dir/rosidl_generator_py/pars_msgs/_pars_msgs_s.ep.rosidl_typesupport_fastrtps_c.c.o[0m
[28.823s] [ 89%] [32mBuilding C object CMakeFiles/pars_msgs__rosidl_typesupport_introspection_c__pyext.dir/rosidl_generator_py/pars_msgs/_pars_msgs_s.ep.rosidl_typesupport_introspection_c.c.o[0m
[28.827s] [ 92%] [32mBuilding C object CMakeFiles/pars_msgs__rosidl_typesupport_c__pyext.dir/rosidl_generator_py/pars_msgs/_pars_msgs_s.ep.rosidl_typesupport_c.c.o[0m
[29.382s] [ 94%] [32m[1mLinking C shared library rosidl_generator_py/pars_msgs/pars_msgs_s__rosidl_typesupport_introspection_c.cpython-38-aarch64-linux-gnu.so[0m
[29.386s] [ 97%] [32m[1mLinking C shared library rosidl_generator_py/pars_msgs/pars_msgs_s__rosidl_typesupport_c.cpython-38-aarch64-linux-gnu.so[0m
[29.447s] [100%] [32m[1mLinking C shared library rosidl_generator_py/pars_msgs/pars_msgs_s__rosidl_typesupport_fastrtps_c.cpython-38-aarch64-linux-gnu.so[0m
[29.516s] [100%] Built target pars_msgs__rosidl_typesupport_c__pyext
[29.518s] [100%] Built target pars_msgs__rosidl_typesupport_introspection_c__pyext
[29.573s] [100%] Built target pars_msgs__rosidl_typesupport_fastrtps_c__pyext
[29.612s] Invoked command in '/root/bridges/jetson_workspace/build/pars_msgs' returned '0': PS1=\[\033[1;31m\]\u@\h\[\033[0m\]:\[\033[1;34m\]\w\[\033[0m\]# /usr/local/bin/cmake --build /root/bridges/jetson_workspace/build/pars_msgs -- -j4 -l4
[30.228s] Invoking command in '/root/bridges/jetson_workspace/build/pars_msgs': PS1=\[\033[1;31m\]\u@\h\[\033[0m\]:\[\033[1;34m\]\w\[\033[0m\]# /usr/local/bin/cmake --install /root/bridges/jetson_workspace/build/pars_msgs
[30.344s] -- Install configuration: ""
[30.347s] -- Installing: /root/bridges/jetson_workspace/install/pars_msgs/share/ament_index/resource_index/rosidl_interfaces/pars_msgs
[30.347s] -- Installing: /root/bridges/jetson_workspace/install/pars_msgs/include/pars_msgs/pars_msgs
[30.348s] -- Installing: /root/bridges/jetson_workspace/install/pars_msgs/include/pars_msgs/pars_msgs/msg
[30.348s] -- Installing: /root/bridges/jetson_workspace/install/pars_msgs/include/pars_msgs/pars_msgs/msg/data.h
[30.349s] -- Installing: /root/bridges/jetson_workspace/install/pars_msgs/include/pars_msgs/pars_msgs/msg/target.h
[30.349s] -- Installing: /root/bridges/jetson_workspace/install/pars_msgs/include/pars_msgs/pars_msgs/msg/rosidl_generator_c__visibility_control.h
[30.350s] -- Installing: /root/bridges/jetson_workspace/install/pars_msgs/include/pars_msgs/pars_msgs/msg/detail
[30.350s] -- Installing: /root/bridges/jetson_workspace/install/pars_msgs/include/pars_msgs/pars_msgs/msg/detail/data__struct.h
[30.351s] -- Installing: /root/bridges/jetson_workspace/install/pars_msgs/include/pars_msgs/pars_msgs/msg/detail/target__functions.c
[30.351s] -- Installing: /root/bridges/jetson_workspace/install/pars_msgs/include/pars_msgs/pars_msgs/msg/detail/data__functions.h
[30.352s] -- Installing: /root/bridges/jetson_workspace/install/pars_msgs/include/pars_msgs/pars_msgs/msg/detail/target__functions.h
[30.352s] -- Installing: /root/bridges/jetson_workspace/install/pars_msgs/include/pars_msgs/pars_msgs/msg/detail/data__type_support.h
[30.353s] -- Installing: /root/bridges/jetson_workspace/install/pars_msgs/include/pars_msgs/pars_msgs/msg/detail/data__functions.c
[30.355s] -- Installing: /root/bridges/jetson_workspace/install/pars_msgs/include/pars_msgs/pars_msgs/msg/detail/target__type_support.h
[30.355s] -- Installing: /root/bridges/jetson_workspace/install/pars_msgs/include/pars_msgs/pars_msgs/msg/detail/target__struct.h
[30.356s] -- Installing: /root/bridges/jetson_workspace/install/pars_msgs/share/pars_msgs/environment/library_path.sh
[30.358s] -- Installing: /root/bridges/jetson_workspace/install/pars_msgs/share/pars_msgs/environment/library_path.dsv
[30.358s] -- Installing: /root/bridges/jetson_workspace/install/pars_msgs/lib/libpars_msgs__rosidl_generator_c.so
[30.360s] -- Set runtime path of "/root/bridges/jetson_workspace/install/pars_msgs/lib/libpars_msgs__rosidl_generator_c.so" to ""
[30.361s] -- Up-to-date: /root/bridges/jetson_workspace/install/pars_msgs/include/pars_msgs/pars_msgs
[30.361s] -- Up-to-date: /root/bridges/jetson_workspace/install/pars_msgs/include/pars_msgs/pars_msgs/msg
[30.362s] -- Installing: /root/bridges/jetson_workspace/install/pars_msgs/include/pars_msgs/pars_msgs/msg/rosidl_typesupport_fastrtps_c__visibility_control.h
[30.362s] -- Up-to-date: /root/bridges/jetson_workspace/install/pars_msgs/include/pars_msgs/pars_msgs/msg/detail
[30.362s] -- Installing: /root/bridges/jetson_workspace/install/pars_msgs/include/pars_msgs/pars_msgs/msg/detail/data__rosidl_typesupport_fastrtps_c.h
[30.363s] -- Installing: /root/bridges/jetson_workspace/install/pars_msgs/include/pars_msgs/pars_msgs/msg/detail/target__rosidl_typesupport_fastrtps_c.h
[30.364s] -- Installing: /root/bridges/jetson_workspace/install/pars_msgs/lib/libpars_msgs__rosidl_typesupport_fastrtps_c.so
[30.366s] -- Set runtime path of "/root/bridges/jetson_workspace/install/pars_msgs/lib/libpars_msgs__rosidl_typesupport_fastrtps_c.so" to ""
[30.367s] -- Up-to-date: /root/bridges/jetson_workspace/install/pars_msgs/include/pars_msgs/pars_msgs
[30.367s] -- Up-to-date: /root/bridges/jetson_workspace/install/pars_msgs/include/pars_msgs/pars_msgs/msg
[30.368s] -- Installing: /root/bridges/jetson_workspace/install/pars_msgs/include/pars_msgs/pars_msgs/msg/data.hpp
[30.368s] -- Up-to-date: /root/bridges/jetson_workspace/install/pars_msgs/include/pars_msgs/pars_msgs/msg/detail
[30.368s] -- Installing: /root/bridges/jetson_workspace/install/pars_msgs/include/pars_msgs/pars_msgs/msg/detail/data__traits.hpp
[30.369s] -- Installing: /root/bridges/jetson_workspace/install/pars_msgs/include/pars_msgs/pars_msgs/msg/detail/data__builder.hpp
[30.369s] -- Installing: /root/bridges/jetson_workspace/install/pars_msgs/include/pars_msgs/pars_msgs/msg/detail/data__struct.hpp
[30.370s] -- Installing: /root/bridges/jetson_workspace/install/pars_msgs/include/pars_msgs/pars_msgs/msg/detail/target__builder.hpp
[30.371s] -- Installing: /root/bridges/jetson_workspace/install/pars_msgs/include/pars_msgs/pars_msgs/msg/detail/target__traits.hpp
[30.371s] -- Installing: /root/bridges/jetson_workspace/install/pars_msgs/include/pars_msgs/pars_msgs/msg/detail/target__struct.hpp
[30.372s] -- Installing: /root/bridges/jetson_workspace/install/pars_msgs/include/pars_msgs/pars_msgs/msg/target.hpp
[30.373s] -- Up-to-date: /root/bridges/jetson_workspace/install/pars_msgs/include/pars_msgs/pars_msgs
[30.373s] -- Up-to-date: /root/bridges/jetson_workspace/install/pars_msgs/include/pars_msgs/pars_msgs/msg
[30.374s] -- Installing: /root/bridges/jetson_workspace/install/pars_msgs/include/pars_msgs/pars_msgs/msg/rosidl_typesupport_fastrtps_cpp__visibility_control.h
[30.374s] -- Up-to-date: /root/bridges/jetson_workspace/install/pars_msgs/include/pars_msgs/pars_msgs/msg/detail
[30.374s] -- Installing: /root/bridges/jetson_workspace/install/pars_msgs/include/pars_msgs/pars_msgs/msg/detail/target__rosidl_typesupport_fastrtps_cpp.hpp
[30.375s] -- Installing: /root/bridges/jetson_workspace/install/pars_msgs/include/pars_msgs/pars_msgs/msg/detail/dds_fastrtps
[30.375s] -- Installing: /root/bridges/jetson_workspace/install/pars_msgs/include/pars_msgs/pars_msgs/msg/detail/data__rosidl_typesupport_fastrtps_cpp.hpp
[30.376s] -- Installing: /root/bridges/jetson_workspace/install/pars_msgs/lib/libpars_msgs__rosidl_typesupport_fastrtps_cpp.so
[30.378s] -- Set runtime path of "/root/bridges/jetson_workspace/install/pars_msgs/lib/libpars_msgs__rosidl_typesupport_fastrtps_cpp.so" to ""
[30.379s] -- Up-to-date: /root/bridges/jetson_workspace/install/pars_msgs/include/pars_msgs/pars_msgs
[30.379s] -- Up-to-date: /root/bridges/jetson_workspace/install/pars_msgs/include/pars_msgs/pars_msgs/msg
[30.379s] -- Installing: /root/bridges/jetson_workspace/install/pars_msgs/include/pars_msgs/pars_msgs/msg/rosidl_typesupport_introspection_c__visibility_control.h
[30.380s] -- Up-to-date: /root/bridges/jetson_workspace/install/pars_msgs/include/pars_msgs/pars_msgs/msg/detail
[30.380s] -- Installing: /root/bridges/jetson_workspace/install/pars_msgs/include/pars_msgs/pars_msgs/msg/detail/data__type_support.c
[30.381s] -- Installing: /root/bridges/jetson_workspace/install/pars_msgs/include/pars_msgs/pars_msgs/msg/detail/target__rosidl_typesupport_introspection_c.h
[30.381s] -- Installing: /root/bridges/jetson_workspace/install/pars_msgs/include/pars_msgs/pars_msgs/msg/detail/target__type_support.c
[30.382s] -- Installing: /root/bridges/jetson_workspace/install/pars_msgs/include/pars_msgs/pars_msgs/msg/detail/data__rosidl_typesupport_introspection_c.h
[30.383s] -- Installing: /root/bridges/jetson_workspace/install/pars_msgs/lib/libpars_msgs__rosidl_typesupport_introspection_c.so
[30.385s] -- Set runtime path of "/root/bridges/jetson_workspace/install/pars_msgs/lib/libpars_msgs__rosidl_typesupport_introspection_c.so" to ""
[30.385s] -- Installing: /root/bridges/jetson_workspace/install/pars_msgs/lib/libpars_msgs__rosidl_typesupport_c.so
[30.387s] -- Set runtime path of "/root/bridges/jetson_workspace/install/pars_msgs/lib/libpars_msgs__rosidl_typesupport_c.so" to ""
[30.388s] -- Up-to-date: /root/bridges/jetson_workspace/install/pars_msgs/include/pars_msgs/pars_msgs
[30.388s] -- Up-to-date: /root/bridges/jetson_workspace/install/pars_msgs/include/pars_msgs/pars_msgs/msg
[30.389s] -- Up-to-date: /root/bridges/jetson_workspace/install/pars_msgs/include/pars_msgs/pars_msgs/msg/detail
[30.389s] -- Installing: /root/bridges/jetson_workspace/install/pars_msgs/include/pars_msgs/pars_msgs/msg/detail/target__type_support.cpp
[30.390s] -- Installing: /root/bridges/jetson_workspace/install/pars_msgs/include/pars_msgs/pars_msgs/msg/detail/data__type_support.cpp
[30.390s] -- Installing: /root/bridges/jetson_workspace/install/pars_msgs/include/pars_msgs/pars_msgs/msg/detail/data__rosidl_typesupport_introspection_cpp.hpp
[30.390s] -- Installing: /root/bridges/jetson_workspace/install/pars_msgs/include/pars_msgs/pars_msgs/msg/detail/target__rosidl_typesupport_introspection_cpp.hpp
[30.391s] -- Installing: /root/bridges/jetson_workspace/install/pars_msgs/lib/libpars_msgs__rosidl_typesupport_introspection_cpp.so
[30.393s] -- Set runtime path of "/root/bridges/jetson_workspace/install/pars_msgs/lib/libpars_msgs__rosidl_typesupport_introspection_cpp.so" to ""
[30.394s] -- Installing: /root/bridges/jetson_workspace/install/pars_msgs/lib/libpars_msgs__rosidl_typesupport_cpp.so
[30.396s] -- Set runtime path of "/root/bridges/jetson_workspace/install/pars_msgs/lib/libpars_msgs__rosidl_typesupport_cpp.so" to ""
[30.396s] -- Installing: /root/bridges/jetson_workspace/install/pars_msgs/share/pars_msgs/environment/pythonpath.sh
[30.397s] -- Installing: /root/bridges/jetson_workspace/install/pars_msgs/share/pars_msgs/environment/pythonpath.dsv
[30.397s] -- Installing: /root/bridges/jetson_workspace/install/pars_msgs/lib/python3.8/site-packages/pars_msgs-0.0.0-py3.8.egg-info
[30.398s] -- Installing: /root/bridges/jetson_workspace/install/pars_msgs/lib/python3.8/site-packages/pars_msgs-0.0.0-py3.8.egg-info/top_level.txt
[30.399s] -- Installing: /root/bridges/jetson_workspace/install/pars_msgs/lib/python3.8/site-packages/pars_msgs-0.0.0-py3.8.egg-info/PKG-INFO
[30.399s] -- Installing: /root/bridges/jetson_workspace/install/pars_msgs/lib/python3.8/site-packages/pars_msgs-0.0.0-py3.8.egg-info/SOURCES.txt
[30.400s] -- Installing: /root/bridges/jetson_workspace/install/pars_msgs/lib/python3.8/site-packages/pars_msgs-0.0.0-py3.8.egg-info/dependency_links.txt
[30.401s] -- Installing: /root/bridges/jetson_workspace/install/pars_msgs/lib/python3.8/site-packages/pars_msgs
[30.401s] -- Installing: /root/bridges/jetson_workspace/install/pars_msgs/lib/python3.8/site-packages/pars_msgs/msg
[30.402s] -- Installing: /root/bridges/jetson_workspace/install/pars_msgs/lib/python3.8/site-packages/pars_msgs/msg/_data_s.c
[30.402s] -- Installing: /root/bridges/jetson_workspace/install/pars_msgs/lib/python3.8/site-packages/pars_msgs/msg/_target_s.c
[30.403s] -- Installing: /root/bridges/jetson_workspace/install/pars_msgs/lib/python3.8/site-packages/pars_msgs/msg/_target.py
[30.403s] -- Installing: /root/bridges/jetson_workspace/install/pars_msgs/lib/python3.8/site-packages/pars_msgs/msg/__init__.py
[30.404s] -- Installing: /root/bridges/jetson_workspace/install/pars_msgs/lib/python3.8/site-packages/pars_msgs/msg/_data.py
[30.405s] -- Installing: /root/bridges/jetson_workspace/install/pars_msgs/lib/python3.8/site-packages/pars_msgs/pars_msgs_s__rosidl_typesupport_introspection_c.cpython-38-aarch64-linux-gnu.so
[30.405s] -- Installing: /root/bridges/jetson_workspace/install/pars_msgs/lib/python3.8/site-packages/pars_msgs/pars_msgs_s__rosidl_typesupport_c.cpython-38-aarch64-linux-gnu.so
[30.406s] -- Installing: /root/bridges/jetson_workspace/install/pars_msgs/lib/python3.8/site-packages/pars_msgs/pars_msgs_s__rosidl_typesupport_fastrtps_c.cpython-38-aarch64-linux-gnu.so
[30.407s] -- Installing: /root/bridges/jetson_workspace/install/pars_msgs/lib/python3.8/site-packages/pars_msgs/__init__.py
[30.407s] -- Installing: /root/bridges/jetson_workspace/install/pars_msgs/lib/python3.8/site-packages/pars_msgs/_pars_msgs_s.ep.rosidl_typesupport_c.c
[30.408s] -- Installing: /root/bridges/jetson_workspace/install/pars_msgs/lib/python3.8/site-packages/pars_msgs/_pars_msgs_s.ep.rosidl_typesupport_fastrtps_c.c
[30.408s] -- Installing: /root/bridges/jetson_workspace/install/pars_msgs/lib/python3.8/site-packages/pars_msgs/_pars_msgs_s.ep.rosidl_typesupport_introspection_c.c
[30.409s] -- Installing: /root/bridges/jetson_workspace/install/pars_msgs/lib/python3.8/site-packages/pars_msgs/libpars_msgs__rosidl_generator_py.so
[30.549s] Listing '/root/bridges/jetson_workspace/install/pars_msgs/lib/python3.8/site-packages/pars_msgs'...
[30.549s] Compiling '/root/bridges/jetson_workspace/install/pars_msgs/lib/python3.8/site-packages/pars_msgs/__init__.py'...
[30.550s] Listing '/root/bridges/jetson_workspace/install/pars_msgs/lib/python3.8/site-packages/pars_msgs/msg'...
[30.550s] Compiling '/root/bridges/jetson_workspace/install/pars_msgs/lib/python3.8/site-packages/pars_msgs/msg/__init__.py'...
[30.550s] Compiling '/root/bridges/jetson_workspace/install/pars_msgs/lib/python3.8/site-packages/pars_msgs/msg/_data.py'...
[30.551s] Compiling '/root/bridges/jetson_workspace/install/pars_msgs/lib/python3.8/site-packages/pars_msgs/msg/_target.py'...
[30.563s] -- Installing: /root/bridges/jetson_workspace/install/pars_msgs/lib/python3.8/site-packages/pars_msgs/pars_msgs_s__rosidl_typesupport_fastrtps_c.cpython-38-aarch64-linux-gnu.so
[30.565s] -- Set runtime path of "/root/bridges/jetson_workspace/install/pars_msgs/lib/python3.8/site-packages/pars_msgs/pars_msgs_s__rosidl_typesupport_fastrtps_c.cpython-38-aarch64-linux-gnu.so" to ""
[30.566s] -- Installing: /root/bridges/jetson_workspace/install/pars_msgs/lib/python3.8/site-packages/pars_msgs/pars_msgs_s__rosidl_typesupport_introspection_c.cpython-38-aarch64-linux-gnu.so
[30.569s] -- Set runtime path of "/root/bridges/jetson_workspace/install/pars_msgs/lib/python3.8/site-packages/pars_msgs/pars_msgs_s__rosidl_typesupport_introspection_c.cpython-38-aarch64-linux-gnu.so" to ""
[30.570s] -- Installing: /root/bridges/jetson_workspace/install/pars_msgs/lib/python3.8/site-packages/pars_msgs/pars_msgs_s__rosidl_typesupport_c.cpython-38-aarch64-linux-gnu.so
[30.572s] -- Set runtime path of "/root/bridges/jetson_workspace/install/pars_msgs/lib/python3.8/site-packages/pars_msgs/pars_msgs_s__rosidl_typesupport_c.cpython-38-aarch64-linux-gnu.so" to ""
[30.573s] -- Installing: /root/bridges/jetson_workspace/install/pars_msgs/lib/libpars_msgs__rosidl_generator_py.so
[30.575s] -- Set runtime path of "/root/bridges/jetson_workspace/install/pars_msgs/lib/libpars_msgs__rosidl_generator_py.so" to ""
[30.576s] -- Installing: /root/bridges/jetson_workspace/install/pars_msgs/share/pars_msgs/msg/Data.idl
[30.576s] -- Installing: /root/bridges/jetson_workspace/install/pars_msgs/share/pars_msgs/msg/Target.idl
[30.577s] -- Installing: /root/bridges/jetson_workspace/install/pars_msgs/share/pars_msgs/msg/Data.msg
[30.578s] -- Installing: /root/bridges/jetson_workspace/install/pars_msgs/share/pars_msgs/msg/Target.msg
[30.579s] -- Installing: /root/bridges/jetson_workspace/install/pars_msgs/share/ament_index/resource_index/package_run_dependencies/pars_msgs
[30.580s] -- Installing: /root/bridges/jetson_workspace/install/pars_msgs/share/ament_index/resource_index/parent_prefix_path/pars_msgs
[30.581s] -- Installing: /root/bridges/jetson_workspace/install/pars_msgs/share/pars_msgs/environment/ament_prefix_path.sh
[30.582s] -- Installing: /root/bridges/jetson_workspace/install/pars_msgs/share/pars_msgs/environment/ament_prefix_path.dsv
[30.582s] -- Installing: /root/bridges/jetson_workspace/install/pars_msgs/share/pars_msgs/environment/path.sh
[30.583s] -- Installing: /root/bridges/jetson_workspace/install/pars_msgs/share/pars_msgs/environment/path.dsv
[30.584s] -- Installing: /root/bridges/jetson_workspace/install/pars_msgs/share/pars_msgs/local_setup.bash
[30.584s] -- Installing: /root/bridges/jetson_workspace/install/pars_msgs/share/pars_msgs/local_setup.sh
[30.585s] -- Installing: /root/bridges/jetson_workspace/install/pars_msgs/share/pars_msgs/local_setup.zsh
[30.586s] -- Installing: /root/bridges/jetson_workspace/install/pars_msgs/share/pars_msgs/local_setup.dsv
[30.587s] -- Installing: /root/bridges/jetson_workspace/install/pars_msgs/share/pars_msgs/package.dsv
[30.588s] -- Installing: /root/bridges/jetson_workspace/install/pars_msgs/share/ament_index/resource_index/packages/pars_msgs
[30.589s] -- Installing: /root/bridges/jetson_workspace/install/pars_msgs/share/pars_msgs/cmake/export_pars_msgs__rosidl_generator_cExport.cmake
[30.590s] -- Installing: /root/bridges/jetson_workspace/install/pars_msgs/share/pars_msgs/cmake/export_pars_msgs__rosidl_generator_cExport-noconfig.cmake
[30.590s] -- Installing: /root/bridges/jetson_workspace/install/pars_msgs/share/pars_msgs/cmake/export_pars_msgs__rosidl_typesupport_fastrtps_cExport.cmake
[30.591s] -- Installing: /root/bridges/jetson_workspace/install/pars_msgs/share/pars_msgs/cmake/export_pars_msgs__rosidl_typesupport_fastrtps_cExport-noconfig.cmake
[30.592s] -- Installing: /root/bridges/jetson_workspace/install/pars_msgs/share/pars_msgs/cmake/export_pars_msgs__rosidl_generator_cppExport.cmake
[30.593s] -- Installing: /root/bridges/jetson_workspace/install/pars_msgs/share/pars_msgs/cmake/export_pars_msgs__rosidl_typesupport_fastrtps_cppExport.cmake
[30.594s] -- Installing: /root/bridges/jetson_workspace/install/pars_msgs/share/pars_msgs/cmake/export_pars_msgs__rosidl_typesupport_fastrtps_cppExport-noconfig.cmake
[30.595s] -- Installing: /root/bridges/jetson_workspace/install/pars_msgs/share/pars_msgs/cmake/pars_msgs__rosidl_typesupport_introspection_cExport.cmake
[30.596s] -- Installing: /root/bridges/jetson_workspace/install/pars_msgs/share/pars_msgs/cmake/pars_msgs__rosidl_typesupport_introspection_cExport-noconfig.cmake
[30.596s] -- Installing: /root/bridges/jetson_workspace/install/pars_msgs/share/pars_msgs/cmake/pars_msgs__rosidl_typesupport_cExport.cmake
[30.597s] -- Installing: /root/bridges/jetson_workspace/install/pars_msgs/share/pars_msgs/cmake/pars_msgs__rosidl_typesupport_cExport-noconfig.cmake
[30.598s] -- Installing: /root/bridges/jetson_workspace/install/pars_msgs/share/pars_msgs/cmake/pars_msgs__rosidl_typesupport_introspection_cppExport.cmake
[30.599s] -- Installing: /root/bridges/jetson_workspace/install/pars_msgs/share/pars_msgs/cmake/pars_msgs__rosidl_typesupport_introspection_cppExport-noconfig.cmake
[30.600s] -- Installing: /root/bridges/jetson_workspace/install/pars_msgs/share/pars_msgs/cmake/pars_msgs__rosidl_typesupport_cppExport.cmake
[30.600s] -- Installing: /root/bridges/jetson_workspace/install/pars_msgs/share/pars_msgs/cmake/pars_msgs__rosidl_typesupport_cppExport-noconfig.cmake
[30.601s] -- Installing: /root/bridges/jetson_workspace/install/pars_msgs/share/pars_msgs/cmake/export_pars_msgs__rosidl_generator_pyExport.cmake
[30.602s] -- Installing: /root/bridges/jetson_workspace/install/pars_msgs/share/pars_msgs/cmake/export_pars_msgs__rosidl_generator_pyExport-noconfig.cmake
[30.603s] -- Installing: /root/bridges/jetson_workspace/install/pars_msgs/share/pars_msgs/cmake/rosidl_cmake-extras.cmake
[30.603s] -- Installing: /root/bridges/jetson_workspace/install/pars_msgs/share/pars_msgs/cmake/ament_cmake_export_dependencies-extras.cmake
[30.604s] -- Installing: /root/bridges/jetson_workspace/install/pars_msgs/share/pars_msgs/cmake/ament_cmake_export_include_directories-extras.cmake
[30.605s] -- Installing: /root/bridges/jetson_workspace/install/pars_msgs/share/pars_msgs/cmake/ament_cmake_export_libraries-extras.cmake
[30.606s] -- Installing: /root/bridges/jetson_workspace/install/pars_msgs/share/pars_msgs/cmake/ament_cmake_export_targets-extras.cmake
[30.607s] -- Installing: /root/bridges/jetson_workspace/install/pars_msgs/share/pars_msgs/cmake/rosidl_cmake_export_typesupport_targets-extras.cmake
[30.607s] -- Installing: /root/bridges/jetson_workspace/install/pars_msgs/share/pars_msgs/cmake/rosidl_cmake_export_typesupport_libraries-extras.cmake
[30.608s] -- Installing: /root/bridges/jetson_workspace/install/pars_msgs/share/pars_msgs/cmake/pars_msgsConfig.cmake
[30.609s] -- Installing: /root/bridges/jetson_workspace/install/pars_msgs/share/pars_msgs/cmake/pars_msgsConfig-version.cmake
[30.609s] -- Installing: /root/bridges/jetson_workspace/install/pars_msgs/share/pars_msgs/package.xml
[30.632s] Invoked command in '/root/bridges/jetson_workspace/build/pars_msgs' returned '0': PS1=\[\033[1;31m\]\u@\h\[\033[0m\]:\[\033[1;34m\]\w\[\033[0m\]# /usr/local/bin/cmake --install /root/bridges/jetson_workspace/build/pars_msgs
