[33mCMake Warning (dev) at /usr/lib/cmake/opencv4/OpenCVConfig.cmake:86 (find_package):
  Policy CMP0146 is not set: The FindCUDA module is removed.  Run "cmake
  --help-policy CMP0146" for policy details.  Use the cmake_policy command to
  set the policy and suppress this warning.

Call Stack (most recent call first):
  /usr/lib/cmake/opencv4/OpenCVConfig.cmake:108 (find_host_package)
  /opt/ros/humble/install/share/cv_bridge/cmake/ament_cmake_export_dependencies-extras.cmake:21 (find_package)
  /opt/ros/humble/install/share/cv_bridge/cmake/cv_bridgeConfig.cmake:41 (include)
  CMakeLists.txt:13 (find_package)
This warning is for project developers.  Use -Wno-dev to suppress it.
[0m
[01m[K/root/bridges/jetson_workspace/src/video_recorder_pkg/src/video_writer_node.cpp:[m[K In constructor ‘[01m[KVideoWriterNode::VideoWriterNode()[m[K’:
[01m[K/root/bridges/jetson_workspace/src/video_recorder_pkg/src/video_writer_node.cpp:23:28:[m[K [01;35m[Kwarning: [m[Kmissing initializer for member ‘[01m[Kstat::st_ino[m[K’ [[01;35m[K-Wmissing-field-initializers[m[K]
   23 |         struct stat st = {0[01;35m[K}[m[K;
      |                            [01;35m[K^[m[K
[01m[K/root/bridges/jetson_workspace/src/video_recorder_pkg/src/video_writer_node.cpp:23:28:[m[K [01;35m[Kwarning: [m[Kmissing initializer for member ‘[01m[Kstat::st_mode[m[K’ [[01;35m[K-Wmissing-field-initializers[m[K]
[01m[K/root/bridges/jetson_workspace/src/video_recorder_pkg/src/video_writer_node.cpp:23:28:[m[K [01;35m[Kwarning: [m[Kmissing initializer for member ‘[01m[Kstat::st_nlink[m[K’ [[01;35m[K-Wmissing-field-initializers[m[K]
[01m[K/root/bridges/jetson_workspace/src/video_recorder_pkg/src/video_writer_node.cpp:23:28:[m[K [01;35m[Kwarning: [m[Kmissing initializer for member ‘[01m[Kstat::st_uid[m[K’ [[01;35m[K-Wmissing-field-initializers[m[K]
[01m[K/root/bridges/jetson_workspace/src/video_recorder_pkg/src/video_writer_node.cpp:23:28:[m[K [01;35m[Kwarning: [m[Kmissing initializer for member ‘[01m[Kstat::st_gid[m[K’ [[01;35m[K-Wmissing-field-initializers[m[K]
[01m[K/root/bridges/jetson_workspace/src/video_recorder_pkg/src/video_writer_node.cpp:23:28:[m[K [01;35m[Kwarning: [m[Kmissing initializer for member ‘[01m[Kstat::st_rdev[m[K’ [[01;35m[K-Wmissing-field-initializers[m[K]
[01m[K/root/bridges/jetson_workspace/src/video_recorder_pkg/src/video_writer_node.cpp:23:28:[m[K [01;35m[Kwarning: [m[Kmissing initializer for member ‘[01m[Kstat::__pad1[m[K’ [[01;35m[K-Wmissing-field-initializers[m[K]
[01m[K/root/bridges/jetson_workspace/src/video_recorder_pkg/src/video_writer_node.cpp:23:28:[m[K [01;35m[Kwarning: [m[Kmissing initializer for member ‘[01m[Kstat::st_size[m[K’ [[01;35m[K-Wmissing-field-initializers[m[K]
[01m[K/root/bridges/jetson_workspace/src/video_recorder_pkg/src/video_writer_node.cpp:23:28:[m[K [01;35m[Kwarning: [m[Kmissing initializer for member ‘[01m[Kstat::st_blksize[m[K’ [[01;35m[K-Wmissing-field-initializers[m[K]
[01m[K/root/bridges/jetson_workspace/src/video_recorder_pkg/src/video_writer_node.cpp:23:28:[m[K [01;35m[Kwarning: [m[Kmissing initializer for member ‘[01m[Kstat::__pad2[m[K’ [[01;35m[K-Wmissing-field-initializers[m[K]
[01m[K/root/bridges/jetson_workspace/src/video_recorder_pkg/src/video_writer_node.cpp:23:28:[m[K [01;35m[Kwarning: [m[Kmissing initializer for member ‘[01m[Kstat::st_blocks[m[K’ [[01;35m[K-Wmissing-field-initializers[m[K]
[01m[K/root/bridges/jetson_workspace/src/video_recorder_pkg/src/video_writer_node.cpp:23:28:[m[K [01;35m[Kwarning: [m[Kmissing initializer for member ‘[01m[Kstat::st_atim[m[K’ [[01;35m[K-Wmissing-field-initializers[m[K]
[01m[K/root/bridges/jetson_workspace/src/video_recorder_pkg/src/video_writer_node.cpp:23:28:[m[K [01;35m[Kwarning: [m[Kmissing initializer for member ‘[01m[Kstat::st_mtim[m[K’ [[01;35m[K-Wmissing-field-initializers[m[K]
[01m[K/root/bridges/jetson_workspace/src/video_recorder_pkg/src/video_writer_node.cpp:23:28:[m[K [01;35m[Kwarning: [m[Kmissing initializer for member ‘[01m[Kstat::st_ctim[m[K’ [[01;35m[K-Wmissing-field-initializers[m[K]
[01m[K/root/bridges/jetson_workspace/src/video_recorder_pkg/src/video_writer_node.cpp:23:28:[m[K [01;35m[Kwarning: [m[Kmissing initializer for member ‘[01m[Kstat::__glibc_reserved[m[K’ [[01;35m[K-Wmissing-field-initializers[m[K]
[31mCMake Error at ament_cmake_symlink_install/ament_cmake_symlink_install.cmake:100 (message):
  ament_cmake_symlink_install_directory() can't find
  '/root/bridges/jetson_workspace/src/video_recorder_pkg/launch'
Call Stack (most recent call first):
  ament_cmake_symlink_install/ament_cmake_symlink_install.cmake:317 (ament_cmake_symlink_install_directory)
  cmake_install.cmake:46 (include)

[0m
