[0.435s] Invoking command in '/root/bridges/jetson_workspace/build/video_recorder_pkg': PS1=\[\033[1;31m\]\u@\h\[\033[0m\]:\[\033[1;34m\]\w\[\033[0m\]# /usr/local/bin/cmake /root/bridges/jetson_workspace/src/video_recorder_pkg -DAMENT_CMAKE_SYMLINK_INSTALL=1 -DCMAKE_INSTALL_PREFIX=/root/bridges/jetson_workspace/install/video_recorder_pkg
[1.076s] -- The C compiler identification is GNU 9.4.0
[1.523s] -- The CXX compiler identification is GNU 9.4.0
[1.667s] -- Detecting C compiler ABI info
[2.139s] -- Detecting C compiler ABI info - done
[2.210s] -- Check for working C compiler: /usr/bin/cc - skipped
[2.212s] -- Detecting C compile features
[2.215s] -- Detecting C compile features - done
[2.311s] -- Detecting CXX compiler ABI info
[2.813s] -- Detecting CXX compiler ABI info - done
[2.877s] -- Check for working CXX compiler: /usr/bin/c++ - skipped
[2.878s] -- Detecting CXX compile features
[2.881s] -- Detecting CXX compile features - done
[2.909s] -- Found ament_cmake: 1.3.6 (/opt/ros/humble/install/share/ament_cmake/cmake)
[10.320s] -- Found Python3: /usr/bin/python3.8 (found version "3.8.10") found components: Interpreter 
[10.623s] -- Override CMake install command with custom implementation using symlinks instead of copying resources
[10.854s] -- Found rclcpp: 16.0.6 (/opt/ros/humble/install/share/rclcpp/cmake)
[11.185s] -- Found rosidl_generator_c: 3.1.5 (/opt/ros/humble/install/share/rosidl_generator_c/cmake)
[11.228s] -- Found rosidl_adapter: 3.1.5 (/opt/ros/humble/install/share/rosidl_adapter/cmake)
[11.296s] -- Found rosidl_generator_cpp: 3.1.5 (/opt/ros/humble/install/share/rosidl_generator_cpp/cmake)
[11.410s] -- Using all available rosidl_typesupport_c: rosidl_typesupport_fastrtps_c;rosidl_typesupport_introspection_c
[11.564s] -- Using all available rosidl_typesupport_cpp: rosidl_typesupport_fastrtps_cpp;rosidl_typesupport_introspection_cpp
[12.058s] -- Found rmw_implementation_cmake: 6.1.1 (/opt/ros/humble/install/share/rmw_implementation_cmake/cmake)
[12.080s] -- Found rmw_cyclonedds_cpp: 1.3.4 (/opt/ros/humble/install/share/rmw_cyclonedds_cpp/cmake)
[12.328s] -- Using RMW implementation 'rmw_cyclonedds_cpp' as default
[12.403s] -- Performing Test CMAKE_HAVE_LIBC_PTHREAD
[12.833s] -- Performing Test CMAKE_HAVE_LIBC_PTHREAD - Failed
[12.835s] -- Looking for pthread_create in pthreads
[13.177s] -- Looking for pthread_create in pthreads - not found
[13.177s] -- Looking for pthread_create in pthread
[13.574s] -- Looking for pthread_create in pthread - found
[13.580s] -- Found Threads: TRUE  
[14.522s] -- Found sensor_msgs: 4.2.3 (/opt/ros/humble/install/share/sensor_msgs/cmake)
[15.203s] -- Found cv_bridge: 3.2.1 (/opt/ros/humble/install/share/cv_bridge/cmake)
[15.232s] [33mCMake Warning (dev) at /usr/lib/cmake/opencv4/OpenCVConfig.cmake:86 (find_package):
[15.232s]   Policy CMP0146 is not set: The FindCUDA module is removed.  Run "cmake
[15.233s]   --help-policy CMP0146" for policy details.  Use the cmake_policy command to
[15.233s]   set the policy and suppress this warning.
[15.233s] 
[15.234s] Call Stack (most recent call first):
[15.234s]   /usr/lib/cmake/opencv4/OpenCVConfig.cmake:108 (find_host_package)
[15.235s]   /opt/ros/humble/install/share/cv_bridge/cmake/ament_cmake_export_dependencies-extras.cmake:21 (find_package)
[15.235s]   /opt/ros/humble/install/share/cv_bridge/cmake/cv_bridgeConfig.cmake:41 (include)
[15.235s]   CMakeLists.txt:13 (find_package)
[15.236s] This warning is for project developers.  Use -Wno-dev to suppress it.
[15.236s] [0m
[15.385s] -- Found CUDA: /usr/local/cuda (found suitable exact version "11.4") 
[15.533s] -- Found OpenCV: /usr (found version "4.5.0") 
[15.893s] -- Configuring done (15.3s)
[16.057s] -- Generating done (0.1s)
[16.070s] -- Build files have been written to: /root/bridges/jetson_workspace/build/video_recorder_pkg
[16.131s] Invoked command in '/root/bridges/jetson_workspace/build/video_recorder_pkg' returned '0': PS1=\[\033[1;31m\]\u@\h\[\033[0m\]:\[\033[1;34m\]\w\[\033[0m\]# /usr/local/bin/cmake /root/bridges/jetson_workspace/src/video_recorder_pkg -DAMENT_CMAKE_SYMLINK_INSTALL=1 -DCMAKE_INSTALL_PREFIX=/root/bridges/jetson_workspace/install/video_recorder_pkg
[16.149s] Invoking command in '/root/bridges/jetson_workspace/build/video_recorder_pkg': PS1=\[\033[1;31m\]\u@\h\[\033[0m\]:\[\033[1;34m\]\w\[\033[0m\]# /usr/local/bin/cmake --build /root/bridges/jetson_workspace/build/video_recorder_pkg -- -j4 -l4
[16.444s] [ 25%] [32mBuilding CXX object CMakeFiles/video_recorder_control_node.dir/src/video_recorder_control_node.cpp.o[0m
[16.445s] [ 50%] [32mBuilding CXX object CMakeFiles/video_writer_node.dir/src/video_writer_node.cpp.o[0m
[35.045s] [01m[K/root/bridges/jetson_workspace/src/video_recorder_pkg/src/video_writer_node.cpp:[m[K In constructor ‘[01m[KVideoWriterNode::VideoWriterNode()[m[K’:
[35.046s] [01m[K/root/bridges/jetson_workspace/src/video_recorder_pkg/src/video_writer_node.cpp:23:28:[m[K [01;35m[Kwarning: [m[Kmissing initializer for member ‘[01m[Kstat::st_ino[m[K’ [[01;35m[K-Wmissing-field-initializers[m[K]
[35.047s]    23 |         struct stat st = {0[01;35m[K}[m[K;
[35.047s]       |                            [01;35m[K^[m[K
[35.048s] [01m[K/root/bridges/jetson_workspace/src/video_recorder_pkg/src/video_writer_node.cpp:23:28:[m[K [01;35m[Kwarning: [m[Kmissing initializer for member ‘[01m[Kstat::st_mode[m[K’ [[01;35m[K-Wmissing-field-initializers[m[K]
[35.048s] [01m[K/root/bridges/jetson_workspace/src/video_recorder_pkg/src/video_writer_node.cpp:23:28:[m[K [01;35m[Kwarning: [m[Kmissing initializer for member ‘[01m[Kstat::st_nlink[m[K’ [[01;35m[K-Wmissing-field-initializers[m[K]
[35.049s] [01m[K/root/bridges/jetson_workspace/src/video_recorder_pkg/src/video_writer_node.cpp:23:28:[m[K [01;35m[Kwarning: [m[Kmissing initializer for member ‘[01m[Kstat::st_uid[m[K’ [[01;35m[K-Wmissing-field-initializers[m[K]
[35.049s] [01m[K/root/bridges/jetson_workspace/src/video_recorder_pkg/src/video_writer_node.cpp:23:28:[m[K [01;35m[Kwarning: [m[Kmissing initializer for member ‘[01m[Kstat::st_gid[m[K’ [[01;35m[K-Wmissing-field-initializers[m[K]
[35.050s] [01m[K/root/bridges/jetson_workspace/src/video_recorder_pkg/src/video_writer_node.cpp:23:28:[m[K [01;35m[Kwarning: [m[Kmissing initializer for member ‘[01m[Kstat::st_rdev[m[K’ [[01;35m[K-Wmissing-field-initializers[m[K]
[35.050s] [01m[K/root/bridges/jetson_workspace/src/video_recorder_pkg/src/video_writer_node.cpp:23:28:[m[K [01;35m[Kwarning: [m[Kmissing initializer for member ‘[01m[Kstat::__pad1[m[K’ [[01;35m[K-Wmissing-field-initializers[m[K]
[35.051s] [01m[K/root/bridges/jetson_workspace/src/video_recorder_pkg/src/video_writer_node.cpp:23:28:[m[K [01;35m[Kwarning: [m[Kmissing initializer for member ‘[01m[Kstat::st_size[m[K’ [[01;35m[K-Wmissing-field-initializers[m[K]
[35.051s] [01m[K/root/bridges/jetson_workspace/src/video_recorder_pkg/src/video_writer_node.cpp:23:28:[m[K [01;35m[Kwarning: [m[Kmissing initializer for member ‘[01m[Kstat::st_blksize[m[K’ [[01;35m[K-Wmissing-field-initializers[m[K]
[35.052s] [01m[K/root/bridges/jetson_workspace/src/video_recorder_pkg/src/video_writer_node.cpp:23:28:[m[K [01;35m[Kwarning: [m[Kmissing initializer for member ‘[01m[Kstat::__pad2[m[K’ [[01;35m[K-Wmissing-field-initializers[m[K]
[35.052s] [01m[K/root/bridges/jetson_workspace/src/video_recorder_pkg/src/video_writer_node.cpp:23:28:[m[K [01;35m[Kwarning: [m[Kmissing initializer for member ‘[01m[Kstat::st_blocks[m[K’ [[01;35m[K-Wmissing-field-initializers[m[K]
[35.052s] [01m[K/root/bridges/jetson_workspace/src/video_recorder_pkg/src/video_writer_node.cpp:23:28:[m[K [01;35m[Kwarning: [m[Kmissing initializer for member ‘[01m[Kstat::st_atim[m[K’ [[01;35m[K-Wmissing-field-initializers[m[K]
[35.053s] [01m[K/root/bridges/jetson_workspace/src/video_recorder_pkg/src/video_writer_node.cpp:23:28:[m[K [01;35m[Kwarning: [m[Kmissing initializer for member ‘[01m[Kstat::st_mtim[m[K’ [[01;35m[K-Wmissing-field-initializers[m[K]
[35.054s] [01m[K/root/bridges/jetson_workspace/src/video_recorder_pkg/src/video_writer_node.cpp:23:28:[m[K [01;35m[Kwarning: [m[Kmissing initializer for member ‘[01m[Kstat::st_ctim[m[K’ [[01;35m[K-Wmissing-field-initializers[m[K]
[35.054s] [01m[K/root/bridges/jetson_workspace/src/video_recorder_pkg/src/video_writer_node.cpp:23:28:[m[K [01;35m[Kwarning: [m[Kmissing initializer for member ‘[01m[Kstat::__glibc_reserved[m[K’ [[01;35m[K-Wmissing-field-initializers[m[K]
[58.979s] [ 75%] [32m[1mLinking CXX executable video_recorder_control_node[0m
[60.822s] [ 75%] Built target video_recorder_control_node
[74.840s] [100%] [32m[1mLinking CXX executable video_writer_node[0m
[78.417s] [100%] Built target video_writer_node
[78.459s] Invoked command in '/root/bridges/jetson_workspace/build/video_recorder_pkg' returned '0': PS1=\[\033[1;31m\]\u@\h\[\033[0m\]:\[\033[1;34m\]\w\[\033[0m\]# /usr/local/bin/cmake --build /root/bridges/jetson_workspace/build/video_recorder_pkg -- -j4 -l4
[78.951s] Invoking command in '/root/bridges/jetson_workspace/build/video_recorder_pkg': PS1=\[\033[1;31m\]\u@\h\[\033[0m\]:\[\033[1;34m\]\w\[\033[0m\]# /usr/local/bin/cmake --install /root/bridges/jetson_workspace/build/video_recorder_pkg
[79.112s] -- Install configuration: ""
[79.117s] -- Execute custom install script
[79.122s] -- Symlinking: /root/bridges/jetson_workspace/install/video_recorder_pkg/lib/video_recorder_pkg/video_writer_node
[79.141s] -- Symlinking: /root/bridges/jetson_workspace/install/video_recorder_pkg/lib/video_recorder_pkg/video_recorder_control_node
[79.160s] [31mCMake Error at ament_cmake_symlink_install/ament_cmake_symlink_install.cmake:100 (message):
[79.161s]   ament_cmake_symlink_install_directory() can't find
[79.162s]   '/root/bridges/jetson_workspace/src/video_recorder_pkg/launch'
[79.162s] Call Stack (most recent call first):
[79.163s]   ament_cmake_symlink_install/ament_cmake_symlink_install.cmake:317 (ament_cmake_symlink_install_directory)
[79.164s]   cmake_install.cmake:46 (include)
[79.165s] 
[79.165s] [0m
[79.182s] Invoked command in '/root/bridges/jetson_workspace/build/video_recorder_pkg' returned '1': PS1=\[\033[1;31m\]\u@\h\[\033[0m\]:\[\033[1;34m\]\w\[\033[0m\]# /usr/local/bin/cmake --install /root/bridges/jetson_workspace/build/video_recorder_pkg
