[13.920s] DEBUG:colcon:Command line arguments: ['/usr/bin/colcon', 'build', '--symlink-install', '--packages-select', 'video_recorder_pkg']
[13.921s] DEBUG:colcon:Parsed command line arguments: Namespace(ament_cmake_args=None, base_paths=['.'], build_base='build', catkin_cmake_args=None, catkin_skip_building_tests=False, cmake_args=None, cmake_clean_cache=False, cmake_clean_first=False, cmake_force_configure=False, cmake_target=None, cmake_target_skip_unavailable=False, continue_on_error=False, event_handlers=None, executor='parallel', ignore_user_meta=False, install_base='install', log_base=None, log_level=None, main=<bound method BuildVerb.main of <colcon_core.verb.build.BuildVerb object at 0xffffb874bdc0>>, merge_install=False, metas=['./colcon.meta'], packages_above=None, packages_above_and_dependencies=None, packages_above_depth=None, packages_end=None, packages_ignore=None, packages_ignore_regex=None, packages_select=['video_recorder_pkg'], packages_select_build_failed=False, packages_select_by_dep=None, packages_select_regex=None, packages_select_test_failures=False, packages_skip=None, packages_skip_build_finished=False, packages_skip_by_dep=None, packages_skip_regex=None, packages_skip_test_passed=False, packages_skip_up_to=None, packages_start=None, packages_up_to=None, packages_up_to_regex=None, parallel_workers=4, paths=None, symlink_install=True, test_result_base=None, verb_extension=<colcon_core.verb.build.BuildVerb object at 0xffffb874bdc0>, verb_name='build', verb_parser=<colcon_defaults.argument_parser.defaults.DefaultArgumentsDecorator object at 0xffffb8437bb0>)
[14.593s] Level 1:colcon.colcon_core.package_discovery:discover_packages(colcon_meta) check parameters
[14.594s] Level 1:colcon.colcon_core.package_discovery:discover_packages(recursive) check parameters
[14.595s] Level 1:colcon.colcon_core.package_discovery:discover_packages(ignore) check parameters
[14.595s] Level 1:colcon.colcon_core.package_discovery:discover_packages(path) check parameters
[14.597s] Level 1:colcon.colcon_core.package_discovery:discover_packages(colcon_meta) discover
[14.598s] Level 1:colcon.colcon_core.package_discovery:discover_packages(recursive) discover
[14.598s] INFO:colcon.colcon_core.package_discovery:Crawling recursively for packages in '/root/bridges/jetson_workspace'
[14.599s] Level 1:colcon.colcon_core.package_identification:_identify(.) by extensions ['ignore', 'ignore_ament_install']
[14.599s] Level 1:colcon.colcon_core.package_identification:_identify(.) by extension 'ignore'
[14.600s] Level 1:colcon.colcon_core.package_identification:_identify(.) by extension 'ignore_ament_install'
[14.600s] Level 1:colcon.colcon_core.package_identification:_identify(.) by extensions ['colcon_pkg']
[14.600s] Level 1:colcon.colcon_core.package_identification:_identify(.) by extension 'colcon_pkg'
[14.601s] Level 1:colcon.colcon_core.package_identification:_identify(.) by extensions ['colcon_meta']
[14.601s] Level 1:colcon.colcon_core.package_identification:_identify(.) by extension 'colcon_meta'
[14.601s] Level 1:colcon.colcon_core.package_identification:_identify(.) by extensions ['ros']
[14.601s] Level 1:colcon.colcon_core.package_identification:_identify(.) by extension 'ros'
[14.682s] Level 1:colcon.colcon_core.package_identification:_identify(.) by extensions ['cmake', 'python']
[14.682s] Level 1:colcon.colcon_core.package_identification:_identify(.) by extension 'cmake'
[14.682s] Level 1:colcon.colcon_core.package_identification:_identify(.) by extension 'python'
[14.683s] Level 1:colcon.colcon_core.package_identification:_identify(.) by extensions ['python_setup_py']
[14.683s] Level 1:colcon.colcon_core.package_identification:_identify(.) by extension 'python_setup_py'
[14.684s] Level 1:colcon.colcon_core.package_identification:_identify(build) by extensions ['ignore', 'ignore_ament_install']
[14.684s] Level 1:colcon.colcon_core.package_identification:_identify(build) by extension 'ignore'
[14.685s] Level 1:colcon.colcon_core.package_identification:_identify(build) ignored
[14.685s] Level 1:colcon.colcon_core.package_identification:_identify(install) by extensions ['ignore', 'ignore_ament_install']
[14.686s] Level 1:colcon.colcon_core.package_identification:_identify(install) by extension 'ignore'
[14.686s] Level 1:colcon.colcon_core.package_identification:_identify(install) ignored
[14.687s] Level 1:colcon.colcon_core.package_identification:_identify(log) by extensions ['ignore', 'ignore_ament_install']
[14.687s] Level 1:colcon.colcon_core.package_identification:_identify(log) by extension 'ignore'
[14.688s] Level 1:colcon.colcon_core.package_identification:_identify(log) ignored
[14.688s] Level 1:colcon.colcon_core.package_identification:_identify(onnxruntime-linux-aarch64-1.16.3) by extensions ['ignore', 'ignore_ament_install']
[14.689s] Level 1:colcon.colcon_core.package_identification:_identify(onnxruntime-linux-aarch64-1.16.3) by extension 'ignore'
[14.689s] Level 1:colcon.colcon_core.package_identification:_identify(onnxruntime-linux-aarch64-1.16.3) by extension 'ignore_ament_install'
[14.689s] Level 1:colcon.colcon_core.package_identification:_identify(onnxruntime-linux-aarch64-1.16.3) by extensions ['colcon_pkg']
[14.689s] Level 1:colcon.colcon_core.package_identification:_identify(onnxruntime-linux-aarch64-1.16.3) by extension 'colcon_pkg'
[14.690s] Level 1:colcon.colcon_core.package_identification:_identify(onnxruntime-linux-aarch64-1.16.3) by extensions ['colcon_meta']
[14.690s] Level 1:colcon.colcon_core.package_identification:_identify(onnxruntime-linux-aarch64-1.16.3) by extension 'colcon_meta'
[14.690s] Level 1:colcon.colcon_core.package_identification:_identify(onnxruntime-linux-aarch64-1.16.3) by extensions ['ros']
[14.690s] Level 1:colcon.colcon_core.package_identification:_identify(onnxruntime-linux-aarch64-1.16.3) by extension 'ros'
[14.691s] Level 1:colcon.colcon_core.package_identification:_identify(onnxruntime-linux-aarch64-1.16.3) by extensions ['cmake', 'python']
[14.691s] Level 1:colcon.colcon_core.package_identification:_identify(onnxruntime-linux-aarch64-1.16.3) by extension 'cmake'
[14.691s] Level 1:colcon.colcon_core.package_identification:_identify(onnxruntime-linux-aarch64-1.16.3) by extension 'python'
[14.691s] Level 1:colcon.colcon_core.package_identification:_identify(onnxruntime-linux-aarch64-1.16.3) by extensions ['python_setup_py']
[14.691s] Level 1:colcon.colcon_core.package_identification:_identify(onnxruntime-linux-aarch64-1.16.3) by extension 'python_setup_py'
[14.692s] Level 1:colcon.colcon_core.package_identification:_identify(onnxruntime-linux-aarch64-1.16.3/include) by extensions ['ignore', 'ignore_ament_install']
[14.693s] Level 1:colcon.colcon_core.package_identification:_identify(onnxruntime-linux-aarch64-1.16.3/include) by extension 'ignore'
[14.693s] Level 1:colcon.colcon_core.package_identification:_identify(onnxruntime-linux-aarch64-1.16.3/include) by extension 'ignore_ament_install'
[14.693s] Level 1:colcon.colcon_core.package_identification:_identify(onnxruntime-linux-aarch64-1.16.3/include) by extensions ['colcon_pkg']
[14.693s] Level 1:colcon.colcon_core.package_identification:_identify(onnxruntime-linux-aarch64-1.16.3/include) by extension 'colcon_pkg'
[14.693s] Level 1:colcon.colcon_core.package_identification:_identify(onnxruntime-linux-aarch64-1.16.3/include) by extensions ['colcon_meta']
[14.694s] Level 1:colcon.colcon_core.package_identification:_identify(onnxruntime-linux-aarch64-1.16.3/include) by extension 'colcon_meta'
[14.694s] Level 1:colcon.colcon_core.package_identification:_identify(onnxruntime-linux-aarch64-1.16.3/include) by extensions ['ros']
[14.694s] Level 1:colcon.colcon_core.package_identification:_identify(onnxruntime-linux-aarch64-1.16.3/include) by extension 'ros'
[14.695s] Level 1:colcon.colcon_core.package_identification:_identify(onnxruntime-linux-aarch64-1.16.3/include) by extensions ['cmake', 'python']
[14.695s] Level 1:colcon.colcon_core.package_identification:_identify(onnxruntime-linux-aarch64-1.16.3/include) by extension 'cmake'
[14.695s] Level 1:colcon.colcon_core.package_identification:_identify(onnxruntime-linux-aarch64-1.16.3/include) by extension 'python'
[14.695s] Level 1:colcon.colcon_core.package_identification:_identify(onnxruntime-linux-aarch64-1.16.3/include) by extensions ['python_setup_py']
[14.696s] Level 1:colcon.colcon_core.package_identification:_identify(onnxruntime-linux-aarch64-1.16.3/include) by extension 'python_setup_py'
[14.696s] Level 1:colcon.colcon_core.package_identification:_identify(onnxruntime-linux-aarch64-1.16.3/lib) by extensions ['ignore', 'ignore_ament_install']
[14.697s] Level 1:colcon.colcon_core.package_identification:_identify(onnxruntime-linux-aarch64-1.16.3/lib) by extension 'ignore'
[14.697s] Level 1:colcon.colcon_core.package_identification:_identify(onnxruntime-linux-aarch64-1.16.3/lib) by extension 'ignore_ament_install'
[14.697s] Level 1:colcon.colcon_core.package_identification:_identify(onnxruntime-linux-aarch64-1.16.3/lib) by extensions ['colcon_pkg']
[14.697s] Level 1:colcon.colcon_core.package_identification:_identify(onnxruntime-linux-aarch64-1.16.3/lib) by extension 'colcon_pkg'
[14.698s] Level 1:colcon.colcon_core.package_identification:_identify(onnxruntime-linux-aarch64-1.16.3/lib) by extensions ['colcon_meta']
[14.698s] Level 1:colcon.colcon_core.package_identification:_identify(onnxruntime-linux-aarch64-1.16.3/lib) by extension 'colcon_meta'
[14.698s] Level 1:colcon.colcon_core.package_identification:_identify(onnxruntime-linux-aarch64-1.16.3/lib) by extensions ['ros']
[14.698s] Level 1:colcon.colcon_core.package_identification:_identify(onnxruntime-linux-aarch64-1.16.3/lib) by extension 'ros'
[14.699s] Level 1:colcon.colcon_core.package_identification:_identify(onnxruntime-linux-aarch64-1.16.3/lib) by extensions ['cmake', 'python']
[14.699s] Level 1:colcon.colcon_core.package_identification:_identify(onnxruntime-linux-aarch64-1.16.3/lib) by extension 'cmake'
[14.699s] Level 1:colcon.colcon_core.package_identification:_identify(onnxruntime-linux-aarch64-1.16.3/lib) by extension 'python'
[14.699s] Level 1:colcon.colcon_core.package_identification:_identify(onnxruntime-linux-aarch64-1.16.3/lib) by extensions ['python_setup_py']
[14.699s] Level 1:colcon.colcon_core.package_identification:_identify(onnxruntime-linux-aarch64-1.16.3/lib) by extension 'python_setup_py'
[14.700s] Level 1:colcon.colcon_core.package_identification:_identify(src) by extensions ['ignore', 'ignore_ament_install']
[14.701s] Level 1:colcon.colcon_core.package_identification:_identify(src) by extension 'ignore'
[14.701s] Level 1:colcon.colcon_core.package_identification:_identify(src) by extension 'ignore_ament_install'
[14.701s] Level 1:colcon.colcon_core.package_identification:_identify(src) by extensions ['colcon_pkg']
[14.702s] Level 1:colcon.colcon_core.package_identification:_identify(src) by extension 'colcon_pkg'
[14.702s] Level 1:colcon.colcon_core.package_identification:_identify(src) by extensions ['colcon_meta']
[14.702s] Level 1:colcon.colcon_core.package_identification:_identify(src) by extension 'colcon_meta'
[14.702s] Level 1:colcon.colcon_core.package_identification:_identify(src) by extensions ['ros']
[14.702s] Level 1:colcon.colcon_core.package_identification:_identify(src) by extension 'ros'
[14.703s] Level 1:colcon.colcon_core.package_identification:_identify(src) by extensions ['cmake', 'python']
[14.703s] Level 1:colcon.colcon_core.package_identification:_identify(src) by extension 'cmake'
[14.703s] Level 1:colcon.colcon_core.package_identification:_identify(src) by extension 'python'
[14.703s] Level 1:colcon.colcon_core.package_identification:_identify(src) by extensions ['python_setup_py']
[14.703s] Level 1:colcon.colcon_core.package_identification:_identify(src) by extension 'python_setup_py'
[14.704s] Level 1:colcon.colcon_core.package_identification:_identify(src/atmaca_vision) by extensions ['ignore', 'ignore_ament_install']
[14.705s] Level 1:colcon.colcon_core.package_identification:_identify(src/atmaca_vision) by extension 'ignore'
[14.705s] Level 1:colcon.colcon_core.package_identification:_identify(src/atmaca_vision) by extension 'ignore_ament_install'
[14.705s] Level 1:colcon.colcon_core.package_identification:_identify(src/atmaca_vision) by extensions ['colcon_pkg']
[14.706s] Level 1:colcon.colcon_core.package_identification:_identify(src/atmaca_vision) by extension 'colcon_pkg'
[14.706s] Level 1:colcon.colcon_core.package_identification:_identify(src/atmaca_vision) by extensions ['colcon_meta']
[14.706s] Level 1:colcon.colcon_core.package_identification:_identify(src/atmaca_vision) by extension 'colcon_meta'
[14.706s] Level 1:colcon.colcon_core.package_identification:_identify(src/atmaca_vision) by extensions ['ros']
[14.706s] Level 1:colcon.colcon_core.package_identification:_identify(src/atmaca_vision) by extension 'ros'
[14.721s] DEBUG:colcon.colcon_core.package_identification:Package 'src/atmaca_vision' with type 'ros.ament_cmake' and name 'atmaca_vision'
[14.722s] Level 1:colcon.colcon_core.package_identification:_identify(src/pars_msgs) by extensions ['ignore', 'ignore_ament_install']
[14.723s] Level 1:colcon.colcon_core.package_identification:_identify(src/pars_msgs) by extension 'ignore'
[14.723s] Level 1:colcon.colcon_core.package_identification:_identify(src/pars_msgs) by extension 'ignore_ament_install'
[14.724s] Level 1:colcon.colcon_core.package_identification:_identify(src/pars_msgs) by extensions ['colcon_pkg']
[14.724s] Level 1:colcon.colcon_core.package_identification:_identify(src/pars_msgs) by extension 'colcon_pkg'
[14.724s] Level 1:colcon.colcon_core.package_identification:_identify(src/pars_msgs) by extensions ['colcon_meta']
[14.724s] Level 1:colcon.colcon_core.package_identification:_identify(src/pars_msgs) by extension 'colcon_meta'
[14.725s] Level 1:colcon.colcon_core.package_identification:_identify(src/pars_msgs) by extensions ['ros']
[14.725s] Level 1:colcon.colcon_core.package_identification:_identify(src/pars_msgs) by extension 'ros'
[14.729s] DEBUG:colcon.colcon_core.package_identification:Package 'src/pars_msgs' with type 'ros.ament_cmake' and name 'pars_msgs'
[14.729s] Level 1:colcon.colcon_core.package_identification:_identify(src/pkg_srv) by extensions ['ignore', 'ignore_ament_install']
[14.730s] Level 1:colcon.colcon_core.package_identification:_identify(src/pkg_srv) by extension 'ignore'
[14.730s] Level 1:colcon.colcon_core.package_identification:_identify(src/pkg_srv) by extension 'ignore_ament_install'
[14.730s] Level 1:colcon.colcon_core.package_identification:_identify(src/pkg_srv) by extensions ['colcon_pkg']
[14.730s] Level 1:colcon.colcon_core.package_identification:_identify(src/pkg_srv) by extension 'colcon_pkg'
[14.731s] Level 1:colcon.colcon_core.package_identification:_identify(src/pkg_srv) by extensions ['colcon_meta']
[14.731s] Level 1:colcon.colcon_core.package_identification:_identify(src/pkg_srv) by extension 'colcon_meta'
[14.731s] Level 1:colcon.colcon_core.package_identification:_identify(src/pkg_srv) by extensions ['ros']
[14.731s] Level 1:colcon.colcon_core.package_identification:_identify(src/pkg_srv) by extension 'ros'
[14.734s] DEBUG:colcon.colcon_core.package_identification:Package 'src/pkg_srv' with type 'ros.ament_cmake' and name 'pkg_srv'
[14.735s] Level 1:colcon.colcon_core.package_identification:_identify(src/px4_msgs) by extensions ['ignore', 'ignore_ament_install']
[14.735s] Level 1:colcon.colcon_core.package_identification:_identify(src/px4_msgs) by extension 'ignore'
[14.735s] Level 1:colcon.colcon_core.package_identification:_identify(src/px4_msgs) by extension 'ignore_ament_install'
[14.736s] Level 1:colcon.colcon_core.package_identification:_identify(src/px4_msgs) by extensions ['colcon_pkg']
[14.736s] Level 1:colcon.colcon_core.package_identification:_identify(src/px4_msgs) by extension 'colcon_pkg'
[14.736s] Level 1:colcon.colcon_core.package_identification:_identify(src/px4_msgs) by extensions ['colcon_meta']
[14.736s] Level 1:colcon.colcon_core.package_identification:_identify(src/px4_msgs) by extension 'colcon_meta'
[14.737s] Level 1:colcon.colcon_core.package_identification:_identify(src/px4_msgs) by extensions ['ros']
[14.737s] Level 1:colcon.colcon_core.package_identification:_identify(src/px4_msgs) by extension 'ros'
[14.740s] DEBUG:colcon.colcon_core.package_identification:Package 'src/px4_msgs' with type 'ros.ament_cmake' and name 'px4_msgs'
[14.741s] Level 1:colcon.colcon_core.package_identification:_identify(src/px4_ros_com) by extensions ['ignore', 'ignore_ament_install']
[14.741s] Level 1:colcon.colcon_core.package_identification:_identify(src/px4_ros_com) by extension 'ignore'
[14.742s] Level 1:colcon.colcon_core.package_identification:_identify(src/px4_ros_com) by extension 'ignore_ament_install'
[14.742s] Level 1:colcon.colcon_core.package_identification:_identify(src/px4_ros_com) by extensions ['colcon_pkg']
[14.742s] Level 1:colcon.colcon_core.package_identification:_identify(src/px4_ros_com) by extension 'colcon_pkg'
[14.742s] Level 1:colcon.colcon_core.package_identification:_identify(src/px4_ros_com) by extensions ['colcon_meta']
[14.743s] Level 1:colcon.colcon_core.package_identification:_identify(src/px4_ros_com) by extension 'colcon_meta'
[14.743s] Level 1:colcon.colcon_core.package_identification:_identify(src/px4_ros_com) by extensions ['ros']
[14.743s] Level 1:colcon.colcon_core.package_identification:_identify(src/px4_ros_com) by extension 'ros'
[14.749s] DEBUG:colcon.colcon_core.package_identification:Package 'src/px4_ros_com' with type 'ros.ament_cmake' and name 'px4_ros_com'
[14.750s] Level 1:colcon.colcon_core.package_identification:_identify(src/qr_detector) by extensions ['ignore', 'ignore_ament_install']
[14.750s] Level 1:colcon.colcon_core.package_identification:_identify(src/qr_detector) by extension 'ignore'
[14.750s] Level 1:colcon.colcon_core.package_identification:_identify(src/qr_detector) by extension 'ignore_ament_install'
[14.750s] Level 1:colcon.colcon_core.package_identification:_identify(src/qr_detector) by extensions ['colcon_pkg']
[14.751s] Level 1:colcon.colcon_core.package_identification:_identify(src/qr_detector) by extension 'colcon_pkg'
[14.751s] Level 1:colcon.colcon_core.package_identification:_identify(src/qr_detector) by extensions ['colcon_meta']
[14.751s] Level 1:colcon.colcon_core.package_identification:_identify(src/qr_detector) by extension 'colcon_meta'
[14.751s] Level 1:colcon.colcon_core.package_identification:_identify(src/qr_detector) by extensions ['ros']
[14.751s] Level 1:colcon.colcon_core.package_identification:_identify(src/qr_detector) by extension 'ros'
[14.756s] DEBUG:colcon.colcon_core.package_identification:Package 'src/qr_detector' with type 'ros.ament_cmake' and name 'qr_detector'
[14.757s] Level 1:colcon.colcon_core.package_identification:_identify(src/siha_camera_pkg) by extensions ['ignore', 'ignore_ament_install']
[14.757s] Level 1:colcon.colcon_core.package_identification:_identify(src/siha_camera_pkg) by extension 'ignore'
[14.758s] Level 1:colcon.colcon_core.package_identification:_identify(src/siha_camera_pkg) by extension 'ignore_ament_install'
[14.758s] Level 1:colcon.colcon_core.package_identification:_identify(src/siha_camera_pkg) by extensions ['colcon_pkg']
[14.758s] Level 1:colcon.colcon_core.package_identification:_identify(src/siha_camera_pkg) by extension 'colcon_pkg'
[14.758s] Level 1:colcon.colcon_core.package_identification:_identify(src/siha_camera_pkg) by extensions ['colcon_meta']
[14.758s] Level 1:colcon.colcon_core.package_identification:_identify(src/siha_camera_pkg) by extension 'colcon_meta'
[14.759s] Level 1:colcon.colcon_core.package_identification:_identify(src/siha_camera_pkg) by extensions ['ros']
[14.759s] Level 1:colcon.colcon_core.package_identification:_identify(src/siha_camera_pkg) by extension 'ros'
[14.764s] DEBUG:colcon.colcon_core.package_identification:Package 'src/siha_camera_pkg' with type 'ros.ament_cmake' and name 'siha_camera_pkg'
[14.765s] Level 1:colcon.colcon_core.package_identification:_identify(src/video_recorder_pkg) by extensions ['ignore', 'ignore_ament_install']
[14.765s] Level 1:colcon.colcon_core.package_identification:_identify(src/video_recorder_pkg) by extension 'ignore'
[14.765s] Level 1:colcon.colcon_core.package_identification:_identify(src/video_recorder_pkg) by extension 'ignore_ament_install'
[14.765s] Level 1:colcon.colcon_core.package_identification:_identify(src/video_recorder_pkg) by extensions ['colcon_pkg']
[14.766s] Level 1:colcon.colcon_core.package_identification:_identify(src/video_recorder_pkg) by extension 'colcon_pkg'
[14.766s] Level 1:colcon.colcon_core.package_identification:_identify(src/video_recorder_pkg) by extensions ['colcon_meta']
[14.766s] Level 1:colcon.colcon_core.package_identification:_identify(src/video_recorder_pkg) by extension 'colcon_meta'
[14.766s] Level 1:colcon.colcon_core.package_identification:_identify(src/video_recorder_pkg) by extensions ['ros']
[14.767s] Level 1:colcon.colcon_core.package_identification:_identify(src/video_recorder_pkg) by extension 'ros'
[14.771s] DEBUG:colcon.colcon_core.package_identification:Package 'src/video_recorder_pkg' with type 'ros.ament_cmake' and name 'video_recorder_pkg'
[14.771s] Level 1:colcon.colcon_core.package_discovery:discover_packages(recursive) using defaults
[14.772s] Level 1:colcon.colcon_core.package_discovery:discover_packages(ignore) discover
[14.772s] Level 1:colcon.colcon_core.package_discovery:discover_packages(ignore) using defaults
[14.772s] Level 1:colcon.colcon_core.package_discovery:discover_packages(path) discover
[14.772s] Level 1:colcon.colcon_core.package_discovery:discover_packages(path) using defaults
[15.101s] INFO:colcon.colcon_core.package_selection:Skipping not selected package 'pars_msgs' in 'src/pars_msgs'
[15.101s] INFO:colcon.colcon_core.package_selection:Skipping not selected package 'pkg_srv' in 'src/pkg_srv'
[15.101s] INFO:colcon.colcon_core.package_selection:Skipping not selected package 'px4_msgs' in 'src/px4_msgs'
[15.101s] INFO:colcon.colcon_core.package_selection:Skipping not selected package 'atmaca_vision' in 'src/atmaca_vision'
[15.101s] INFO:colcon.colcon_core.package_selection:Skipping not selected package 'px4_ros_com' in 'src/px4_ros_com'
[15.102s] INFO:colcon.colcon_core.package_selection:Skipping not selected package 'qr_detector' in 'src/qr_detector'
[15.102s] INFO:colcon.colcon_core.package_selection:Skipping not selected package 'siha_camera_pkg' in 'src/siha_camera_pkg'
[15.176s] Level 5:colcon.colcon_core.verb:set package 'video_recorder_pkg' build argument 'cmake_args' from command line to 'None'
[15.177s] Level 5:colcon.colcon_core.verb:set package 'video_recorder_pkg' build argument 'cmake_target' from command line to 'None'
[15.177s] Level 5:colcon.colcon_core.verb:set package 'video_recorder_pkg' build argument 'cmake_target_skip_unavailable' from command line to 'False'
[15.177s] Level 5:colcon.colcon_core.verb:set package 'video_recorder_pkg' build argument 'cmake_clean_cache' from command line to 'False'
[15.177s] Level 5:colcon.colcon_core.verb:set package 'video_recorder_pkg' build argument 'cmake_clean_first' from command line to 'False'
[15.177s] Level 5:colcon.colcon_core.verb:set package 'video_recorder_pkg' build argument 'cmake_force_configure' from command line to 'False'
[15.177s] Level 5:colcon.colcon_core.verb:set package 'video_recorder_pkg' build argument 'ament_cmake_args' from command line to 'None'
[15.178s] Level 5:colcon.colcon_core.verb:set package 'video_recorder_pkg' build argument 'catkin_cmake_args' from command line to 'None'
[15.178s] Level 5:colcon.colcon_core.verb:set package 'video_recorder_pkg' build argument 'catkin_skip_building_tests' from command line to 'False'
[15.178s] DEBUG:colcon.colcon_core.verb:Building package 'video_recorder_pkg' with the following arguments: {'ament_cmake_args': None, 'build_base': '/root/bridges/jetson_workspace/build/video_recorder_pkg', 'catkin_cmake_args': None, 'catkin_skip_building_tests': False, 'cmake_args': None, 'cmake_clean_cache': False, 'cmake_clean_first': False, 'cmake_force_configure': False, 'cmake_target': None, 'cmake_target_skip_unavailable': False, 'install_base': '/root/bridges/jetson_workspace/install/video_recorder_pkg', 'merge_install': False, 'path': '/root/bridges/jetson_workspace/src/video_recorder_pkg', 'symlink_install': True, 'test_result_base': None}
[15.251s] INFO:colcon.colcon_core.executor:Executing jobs using 'parallel' executor
[15.333s] DEBUG:colcon.colcon_parallel_executor.executor.parallel:run_until_complete
[15.335s] INFO:colcon.colcon_ros.task.ament_cmake.build:Building ROS package in '/root/bridges/jetson_workspace/src/video_recorder_pkg' with build type 'ament_cmake'
[15.336s] INFO:colcon.colcon_cmake.task.cmake.build:Building CMake package in '/root/bridges/jetson_workspace/src/video_recorder_pkg'
[15.627s] INFO:colcon.colcon_core.plugin_system:Skipping extension 'colcon_core.shell.bat': Not used on non-Windows systems
[15.629s] INFO:colcon.colcon_core.shell:Skip shell extension 'powershell' for command environment: Not usable outside of PowerShell
[15.630s] DEBUG:colcon.colcon_core.shell:Skip shell extension 'dsv' for command environment
[15.988s] DEBUG:colcon.colcon_core.event_handler.log_command:Invoking command in '/root/bridges/jetson_workspace/build/video_recorder_pkg': PS1=\[\033[1;31m\]\u@\h\[\033[0m\]:\[\033[1;34m\]\w\[\033[0m\]# /usr/local/bin/cmake --build /root/bridges/jetson_workspace/build/video_recorder_pkg -- -j4 -l4
[100.552s] DEBUG:colcon.colcon_core.event_handler.log_command:Invoked command in '/root/bridges/jetson_workspace/build/video_recorder_pkg' returned '0': PS1=\[\033[1;31m\]\u@\h\[\033[0m\]:\[\033[1;34m\]\w\[\033[0m\]# /usr/local/bin/cmake --build /root/bridges/jetson_workspace/build/video_recorder_pkg -- -j4 -l4
[101.108s] DEBUG:colcon.colcon_core.event_handler.log_command:Invoking command in '/root/bridges/jetson_workspace/build/video_recorder_pkg': PS1=\[\033[1;31m\]\u@\h\[\033[0m\]:\[\033[1;34m\]\w\[\033[0m\]# /usr/local/bin/cmake --install /root/bridges/jetson_workspace/build/video_recorder_pkg
[101.760s] Level 1:colcon.colcon_core.environment:create_environment_scripts_only(video_recorder_pkg)
[101.765s] DEBUG:colcon.colcon_core.event_handler.log_command:Invoked command in '/root/bridges/jetson_workspace/build/video_recorder_pkg' returned '0': PS1=\[\033[1;31m\]\u@\h\[\033[0m\]:\[\033[1;34m\]\w\[\033[0m\]# /usr/local/bin/cmake --install /root/bridges/jetson_workspace/build/video_recorder_pkg
[101.878s] Level 1:colcon.colcon_core.environment:checking '/root/bridges/jetson_workspace/install/video_recorder_pkg' for CMake module files
[101.881s] Level 1:colcon.colcon_core.environment:checking '/root/bridges/jetson_workspace/install/video_recorder_pkg' for CMake config files
[101.883s] Level 1:colcon.colcon_core.shell:create_environment_hook('video_recorder_pkg', 'cmake_prefix_path')
[101.960s] INFO:colcon.colcon_core.shell:Creating environment hook '/root/bridges/jetson_workspace/install/video_recorder_pkg/share/video_recorder_pkg/hook/cmake_prefix_path.ps1'
[101.965s] INFO:colcon.colcon_core.shell:Creating environment descriptor '/root/bridges/jetson_workspace/install/video_recorder_pkg/share/video_recorder_pkg/hook/cmake_prefix_path.dsv'
[101.967s] INFO:colcon.colcon_core.shell:Creating environment hook '/root/bridges/jetson_workspace/install/video_recorder_pkg/share/video_recorder_pkg/hook/cmake_prefix_path.sh'
[101.973s] Level 1:colcon.colcon_core.environment:checking '/root/bridges/jetson_workspace/install/video_recorder_pkg/lib'
[101.973s] Level 1:colcon.colcon_core.environment:checking '/root/bridges/jetson_workspace/install/video_recorder_pkg/bin'
[101.974s] Level 1:colcon.colcon_core.environment:checking '/root/bridges/jetson_workspace/install/video_recorder_pkg/lib/pkgconfig/video_recorder_pkg.pc'
[101.979s] Level 1:colcon.colcon_core.environment:checking '/root/bridges/jetson_workspace/install/video_recorder_pkg/lib/python3.8/site-packages'
[101.979s] Level 1:colcon.colcon_core.environment:checking '/root/bridges/jetson_workspace/install/video_recorder_pkg/bin'
[102.056s] INFO:colcon.colcon_core.shell:Creating package script '/root/bridges/jetson_workspace/install/video_recorder_pkg/share/video_recorder_pkg/package.ps1'
[102.060s] INFO:colcon.colcon_core.shell:Creating package descriptor '/root/bridges/jetson_workspace/install/video_recorder_pkg/share/video_recorder_pkg/package.dsv'
[102.062s] INFO:colcon.colcon_core.shell:Creating package script '/root/bridges/jetson_workspace/install/video_recorder_pkg/share/video_recorder_pkg/package.sh'
[102.066s] INFO:colcon.colcon_core.shell:Creating package script '/root/bridges/jetson_workspace/install/video_recorder_pkg/share/video_recorder_pkg/package.bash'
[102.070s] INFO:colcon.colcon_core.shell:Creating package script '/root/bridges/jetson_workspace/install/video_recorder_pkg/share/video_recorder_pkg/package.zsh'
[102.073s] Level 1:colcon.colcon_core.environment:create_file_with_runtime_dependencies(/root/bridges/jetson_workspace/install/video_recorder_pkg/share/colcon-core/packages/video_recorder_pkg)
[102.630s] Level 1:colcon.colcon_core.environment:create_environment_scripts_only(video_recorder_pkg)
[102.712s] Level 1:colcon.colcon_core.environment:checking '/root/bridges/jetson_workspace/install/video_recorder_pkg' for CMake module files
[102.718s] Level 1:colcon.colcon_core.environment:checking '/root/bridges/jetson_workspace/install/video_recorder_pkg' for CMake config files
[102.721s] Level 1:colcon.colcon_core.shell:create_environment_hook('video_recorder_pkg', 'cmake_prefix_path')
[102.798s] INFO:colcon.colcon_core.shell:Creating environment hook '/root/bridges/jetson_workspace/install/video_recorder_pkg/share/video_recorder_pkg/hook/cmake_prefix_path.ps1'
[102.803s] INFO:colcon.colcon_core.shell:Creating environment descriptor '/root/bridges/jetson_workspace/install/video_recorder_pkg/share/video_recorder_pkg/hook/cmake_prefix_path.dsv'
[102.806s] INFO:colcon.colcon_core.shell:Creating environment hook '/root/bridges/jetson_workspace/install/video_recorder_pkg/share/video_recorder_pkg/hook/cmake_prefix_path.sh'
[102.811s] Level 1:colcon.colcon_core.environment:checking '/root/bridges/jetson_workspace/install/video_recorder_pkg/lib'
[102.812s] Level 1:colcon.colcon_core.environment:checking '/root/bridges/jetson_workspace/install/video_recorder_pkg/bin'
[102.812s] Level 1:colcon.colcon_core.environment:checking '/root/bridges/jetson_workspace/install/video_recorder_pkg/lib/pkgconfig/video_recorder_pkg.pc'
[102.814s] Level 1:colcon.colcon_core.environment:checking '/root/bridges/jetson_workspace/install/video_recorder_pkg/lib/python3.8/site-packages'
[102.815s] Level 1:colcon.colcon_core.environment:checking '/root/bridges/jetson_workspace/install/video_recorder_pkg/bin'
[102.892s] INFO:colcon.colcon_core.shell:Creating package script '/root/bridges/jetson_workspace/install/video_recorder_pkg/share/video_recorder_pkg/package.ps1'
[102.895s] INFO:colcon.colcon_core.shell:Creating package descriptor '/root/bridges/jetson_workspace/install/video_recorder_pkg/share/video_recorder_pkg/package.dsv'
[102.898s] INFO:colcon.colcon_core.shell:Creating package script '/root/bridges/jetson_workspace/install/video_recorder_pkg/share/video_recorder_pkg/package.sh'
[102.900s] INFO:colcon.colcon_core.shell:Creating package script '/root/bridges/jetson_workspace/install/video_recorder_pkg/share/video_recorder_pkg/package.bash'
[102.902s] INFO:colcon.colcon_core.shell:Creating package script '/root/bridges/jetson_workspace/install/video_recorder_pkg/share/video_recorder_pkg/package.zsh'
[102.904s] Level 1:colcon.colcon_core.environment:create_file_with_runtime_dependencies(/root/bridges/jetson_workspace/install/video_recorder_pkg/share/colcon-core/packages/video_recorder_pkg)
[102.906s] DEBUG:colcon.colcon_parallel_executor.executor.parallel:closing loop
[102.909s] DEBUG:colcon.colcon_parallel_executor.executor.parallel:loop closed
[102.909s] DEBUG:colcon.colcon_parallel_executor.executor.parallel:run_until_complete finished with '0'
[102.909s] DEBUG:colcon.colcon_core.event_reactor:joining thread
[103.029s] INFO:colcon.colcon_core.plugin_system:Skipping extension 'colcon_notification.desktop_notification.notify_send': Could not find 'notify-send'
[103.030s] INFO:colcon.colcon_core.plugin_system:Skipping extension 'colcon_notification.desktop_notification.terminal_notifier': Not used on non-Darwin systems
[103.030s] INFO:colcon.colcon_core.plugin_system:Skipping extension 'colcon_notification.desktop_notification.win32': Not used on non-Windows systems
[103.031s] INFO:colcon.colcon_notification.desktop_notification:Sending desktop notification using 'notify2'
[103.031s] DEBUG:colcon.colcon_notification.desktop_notification.notify2:Failed to initialize notify2: org.freedesktop.DBus.Error.NotSupported: Unable to autolaunch a dbus-daemon without a $DISPLAY for X11
[103.032s] DEBUG:colcon.colcon_core.event_reactor:joined thread
[103.109s] INFO:colcon.colcon_core.shell:Creating prefix script '/root/bridges/jetson_workspace/install/local_setup.ps1'
[103.113s] INFO:colcon.colcon_core.shell:Creating prefix util module '/root/bridges/jetson_workspace/install/_local_setup_util_ps1.py'
[103.119s] INFO:colcon.colcon_core.shell:Creating prefix chain script '/root/bridges/jetson_workspace/install/setup.ps1'
[103.198s] INFO:colcon.colcon_core.shell:Creating prefix script '/root/bridges/jetson_workspace/install/local_setup.sh'
[103.201s] INFO:colcon.colcon_core.shell:Creating prefix util module '/root/bridges/jetson_workspace/install/_local_setup_util_sh.py'
[103.204s] INFO:colcon.colcon_core.shell:Creating prefix chain script '/root/bridges/jetson_workspace/install/setup.sh'
[103.284s] INFO:colcon.colcon_core.shell:Creating prefix script '/root/bridges/jetson_workspace/install/local_setup.bash'
[103.286s] INFO:colcon.colcon_core.shell:Creating prefix chain script '/root/bridges/jetson_workspace/install/setup.bash'
[103.372s] INFO:colcon.colcon_core.shell:Creating prefix script '/root/bridges/jetson_workspace/install/local_setup.zsh'
[103.374s] INFO:colcon.colcon_core.shell:Creating prefix chain script '/root/bridges/jetson_workspace/install/setup.zsh'
