-- Found ament_cmake: 1.3.6 (/opt/ros/humble/install/share/ament_cmake/cmake)
-- Override CMake install command with custom implementation using symlinks instead of copying resources
-- Found rclcpp: 16.0.6 (/opt/ros/humble/install/share/rclcpp/cmake)
-- Found rosidl_generator_c: 3.1.5 (/opt/ros/humble/install/share/rosidl_generator_c/cmake)
-- Found rosidl_adapter: 3.1.5 (/opt/ros/humble/install/share/rosidl_adapter/cmake)
-- Found rosidl_generator_cpp: 3.1.5 (/opt/ros/humble/install/share/rosidl_generator_cpp/cmake)
-- Using all available rosidl_typesupport_c: rosidl_typesupport_fastrtps_c;rosidl_typesupport_introspection_c
-- Using all available rosidl_typesupport_cpp: rosidl_typesupport_fastrtps_cpp;rosidl_typesupport_introspection_cpp
-- Found rmw_implementation_cmake: 6.1.1 (/opt/ros/humble/install/share/rmw_implementation_cmake/cmake)
-- Found rmw_cyclonedds_cpp: 1.3.4 (/opt/ros/humble/install/share/rmw_cyclonedds_cpp/cmake)
-- Using RMW implementation 'rmw_cyclonedds_cpp' as default
-- Found sensor_msgs: 4.2.3 (/opt/ros/humble/install/share/sensor_msgs/cmake)
-- Found cv_bridge: 3.2.1 (/opt/ros/humble/install/share/cv_bridge/cmake)
-- Configuring done (6.4s)
-- Generating done (0.1s)
-- Build files have been written to: /root/bridges/jetson_workspace/build/video_recorder_pkg
[ 50%] Built target video_recorder_control_node
[ 75%] [32mBuilding CXX object CMakeFiles/video_writer_node.dir/src/video_writer_node.cpp.o[0m
[100%] [32m[1mLinking CXX executable video_writer_node[0m
[100%] Built target video_writer_node
-- Install configuration: ""
-- Execute custom install script
-- Up-to-date symlink: /root/bridges/jetson_workspace/install/video_recorder_pkg/lib/video_recorder_pkg/video_writer_node
-- Up-to-date symlink: /root/bridges/jetson_workspace/install/video_recorder_pkg/lib/video_recorder_pkg/video_recorder_control_node
-- Symlinking: /root/bridges/jetson_workspace/install/video_recorder_pkg/share/ament_index/resource_index/package_run_dependencies/video_recorder_pkg
-- Symlinking: /root/bridges/jetson_workspace/install/video_recorder_pkg/share/ament_index/resource_index/parent_prefix_path/video_recorder_pkg
-- Symlinking: /root/bridges/jetson_workspace/install/video_recorder_pkg/share/video_recorder_pkg/environment/ament_prefix_path.sh
-- Symlinking: /root/bridges/jetson_workspace/install/video_recorder_pkg/share/video_recorder_pkg/environment/ament_prefix_path.dsv
-- Symlinking: /root/bridges/jetson_workspace/install/video_recorder_pkg/share/video_recorder_pkg/environment/path.sh
-- Symlinking: /root/bridges/jetson_workspace/install/video_recorder_pkg/share/video_recorder_pkg/environment/path.dsv
-- Symlinking: /root/bridges/jetson_workspace/install/video_recorder_pkg/share/video_recorder_pkg/local_setup.bash
-- Symlinking: /root/bridges/jetson_workspace/install/video_recorder_pkg/share/video_recorder_pkg/local_setup.sh
-- Symlinking: /root/bridges/jetson_workspace/install/video_recorder_pkg/share/video_recorder_pkg/local_setup.zsh
-- Symlinking: /root/bridges/jetson_workspace/install/video_recorder_pkg/share/video_recorder_pkg/local_setup.dsv
-- Symlinking: /root/bridges/jetson_workspace/install/video_recorder_pkg/share/video_recorder_pkg/package.dsv
-- Symlinking: /root/bridges/jetson_workspace/install/video_recorder_pkg/share/ament_index/resource_index/packages/video_recorder_pkg
-- Symlinking: /root/bridges/jetson_workspace/install/video_recorder_pkg/share/video_recorder_pkg/cmake/video_recorder_pkgConfig.cmake
-- Symlinking: /root/bridges/jetson_workspace/install/video_recorder_pkg/share/video_recorder_pkg/cmake/video_recorder_pkgConfig-version.cmake
-- Symlinking: /root/bridges/jetson_workspace/install/video_recorder_pkg/share/video_recorder_pkg/package.xml
