[0.501s] Invoking command in '/root/bridges/jetson_workspace/build/atmaca_flight_control': CMAKE_PREFIX_PATH=/root/bridges/jetson_workspace/install/px4_msgs:/root/bridges/jetson_workspace/install/pars_msgs:/root/bridges/jetson_workspace/install/video_recorder_pkg:/root/bridges/jetson_workspace/install/siha_camera_pkg:/root/bridges/jetson_workspace/install/qr_detector:/root/bridges/jetson_workspace/install/pkg_kamikaze:/root/bridges/jetson_workspace/install/atmaca_flight_control:/root/bridges/jetson_workspace/install/pkg_srv:/root/bridges/jetson_workspace/install/atmaca_vision:/root/bridges/jetson_workspace/install/microxrcedds_agent:/opt/ros/humble/install LD_LIBRARY_PATH=/root/bridges/jetson_workspace/install/px4_msgs/lib:/root/bridges/jetson_workspace/install/pars_msgs/lib:/root/bridges/jetson_workspace/install/pkg_srv/lib:/root/bridges/jetson_workspace/install/microxrcedds_agent/lib:/opt/ros/humble/install/opt/rviz_ogre_vendor/lib:/opt/ros/humble/install/lib:/usr/local/cuda/lib64:/root/bridges/jetson_workspace/onnxruntime-linux-aarch64-1.16.3/lib PS1=\[\033[1;31m\]\u@\h\[\033[0m\]:\[\033[1;34m\]\w\[\033[0m\]# PYTHONPATH=/root/bridges/jetson_workspace/install/px4_msgs/lib/python3.8/site-packages:/root/bridges/jetson_workspace/install/pars_msgs/lib/python3.8/site-packages:/root/bridges/jetson_workspace/install/pkg_srv/lib/python3.8/site-packages:/opt/ros/humble/install/lib/python3.8/site-packages /usr/local/bin/cmake --build /root/bridges/jetson_workspace/build/atmaca_flight_control -- -j6 -l6
[1.086s] [ 20%] [32mBuilding CXX object CMakeFiles/target_navigation_node.dir/src/target_navigation_node.cpp.o[0m
[1.087s] [ 50%] Built target telemetry_node
[1.088s] [ 30%] Built target sahte_hedef
[1.089s] [ 80%] Built target hedef_gps
[1.090s] [ 90%] Built target offboard_node
[18.831s] [01m[K/root/bridges/jetson_workspace/src/atmaca_flight_control/src/target_navigation_node.cpp:[m[K In member function ‘[01m[Kvoid TargetNavigatingNode::run_gps_follow_control()[m[K’:
[18.833s] [01m[K/root/bridges/jetson_workspace/src/atmaca_flight_control/src/target_navigation_node.cpp:422:43:[m[K [01;31m[Kerror: [m[Kconflicting declaration ‘[01m[Kpx4_msgs::msg::TrajectorySetpoint msg[m[K’
[18.834s]   422 |         px4_msgs::msg::TrajectorySetpoint [01;31m[Kmsg[m[K{};
[18.834s]       |                                           [01;31m[K^~~[m[K
[18.835s] [01m[K/root/bridges/jetson_workspace/src/atmaca_flight_control/src/target_navigation_node.cpp:392:44:[m[K [01;36m[Knote: [m[Kprevious declaration as ‘[01m[Kpx4_msgs::msg::OffboardControlMode msg[m[K’
[18.835s]   392 |         px4_msgs::msg::OffboardControlMode [01;36m[Kmsg[m[K{};
[18.836s]       |                                            [01;36m[K^~~[m[K
[18.836s] [01m[K/root/bridges/jetson_workspace/src/atmaca_flight_control/src/target_navigation_node.cpp:426:23:[m[K [01;31m[Kerror: [m[Kinvalid types ‘[01m[Kpx4_msgs::msg::OffboardControlMode_<std::allocator<void> >::_position_type {aka bool}[int][m[K’ for array subscript
[18.837s]   426 |         msg.position[0[01;31m[K][m[K = target_local_x;
[18.837s]       |                       [01;31m[K^[m[K
[18.837s] [01m[K/root/bridges/jetson_workspace/src/atmaca_flight_control/src/target_navigation_node.cpp:427:23:[m[K [01;31m[Kerror: [m[Kinvalid types ‘[01m[Kpx4_msgs::msg::OffboardControlMode_<std::allocator<void> >::_position_type {aka bool}[int][m[K’ for array subscript
[18.838s]   427 |         msg.position[1[01;31m[K][m[K = target_local_y;
[18.838s]       |                       [01;31m[K^[m[K
[18.839s] [01m[K/root/bridges/jetson_workspace/src/atmaca_flight_control/src/target_navigation_node.cpp:428:23:[m[K [01;31m[Kerror: [m[Kinvalid types ‘[01m[Kpx4_msgs::msg::OffboardControlMode_<std::allocator<void> >::_position_type {aka bool}[int][m[K’ for array subscript
[18.839s]   428 |         msg.position[2[01;31m[K][m[K = target_local_z;
[18.840s]       |                       [01;31m[K^[m[K
[18.840s] [01m[K/root/bridges/jetson_workspace/src/atmaca_flight_control/src/target_navigation_node.cpp:430:23:[m[K [01;31m[Kerror: [m[Kinvalid types ‘[01m[Kpx4_msgs::msg::OffboardControlMode_<std::allocator<void> >::_velocity_type {aka bool}[int][m[K’ for array subscript
[18.841s]   430 |         msg.velocity[0[01;31m[K][m[K = NAN; msg.velocity[1] = NAN; msg.velocity[2] = NAN;
[18.841s]       |                       [01;31m[K^[m[K
[18.842s] [01m[K/root/bridges/jetson_workspace/src/atmaca_flight_control/src/target_navigation_node.cpp:430:46:[m[K [01;31m[Kerror: [m[Kinvalid types ‘[01m[Kpx4_msgs::msg::OffboardControlMode_<std::allocator<void> >::_velocity_type {aka bool}[int][m[K’ for array subscript
[18.842s]   430 |         msg.velocity[0] = NAN; msg.velocity[1[01;31m[K][m[K = NAN; msg.velocity[2] = NAN;
[18.843s]       |                                              [01;31m[K^[m[K
[18.843s] [01m[K/root/bridges/jetson_workspace/src/atmaca_flight_control/src/target_navigation_node.cpp:430:69:[m[K [01;31m[Kerror: [m[Kinvalid types ‘[01m[Kpx4_msgs::msg::OffboardControlMode_<std::allocator<void> >::_velocity_type {aka bool}[int][m[K’ for array subscript
[18.844s]   430 |         msg.velocity[0] = NAN; msg.velocity[1] = NAN; msg.velocity[2[01;31m[K][m[K = NAN;
[18.844s]       |                                                                     [01;31m[K^[m[K
[18.845s] [01m[K/root/bridges/jetson_workspace/src/atmaca_flight_control/src/target_navigation_node.cpp:431:27:[m[K [01;31m[Kerror: [m[Kinvalid types ‘[01m[Kpx4_msgs::msg::OffboardControlMode_<std::allocator<void> >::_acceleration_type {aka bool}[int][m[K’ for array subscript
[18.845s]   431 |         msg.acceleration[0[01;31m[K][m[K = NAN; msg.acceleration[1] = NAN; msg.acceleration[2] = NAN;
[18.846s]       |                           [01;31m[K^[m[K
[18.846s] [01m[K/root/bridges/jetson_workspace/src/atmaca_flight_control/src/target_navigation_node.cpp:431:54:[m[K [01;31m[Kerror: [m[Kinvalid types ‘[01m[Kpx4_msgs::msg::OffboardControlMode_<std::allocator<void> >::_acceleration_type {aka bool}[int][m[K’ for array subscript
[18.846s]   431 |         msg.acceleration[0] = NAN; msg.acceleration[1[01;31m[K][m[K = NAN; msg.acceleration[2] = NAN;
[18.847s]       |                                                      [01;31m[K^[m[K
[18.847s] [01m[K/root/bridges/jetson_workspace/src/atmaca_flight_control/src/target_navigation_node.cpp:431:81:[m[K [01;31m[Kerror: [m[Kinvalid types ‘[01m[Kpx4_msgs::msg::OffboardControlMode_<std::allocator<void> >::_acceleration_type {aka bool}[int][m[K’ for array subscript
[18.848s]   431 |         msg.acceleration[0] = NAN; msg.acceleration[1] = NAN; msg.acceleration[2[01;31m[K][m[K = NAN;
[18.848s]       |                                                                                 [01;31m[K^[m[K
[18.849s] [01m[K/root/bridges/jetson_workspace/src/atmaca_flight_control/src/target_navigation_node.cpp:432:13:[m[K [01;31m[Kerror: [m[K‘[01m[Kusing OffboardControlMode = struct px4_msgs::msg::OffboardControlMode_<std::allocator<void> >[m[K’ {aka ‘[01m[Kstruct px4_msgs::msg::OffboardControlMode_<std::allocator<void> >[m[K’} has no member named ‘[01m[Kjerk[m[K’
[18.849s]   432 |         msg.[01;31m[Kjerk[m[K[0] = NAN; msg.jerk[1] = NAN; msg.jerk[2] = NAN;
[18.850s]       |             [01;31m[K^~~~[m[K
[18.850s] [01m[K/root/bridges/jetson_workspace/src/atmaca_flight_control/src/target_navigation_node.cpp:432:32:[m[K [01;31m[Kerror: [m[K‘[01m[Kusing OffboardControlMode = struct px4_msgs::msg::OffboardControlMode_<std::allocator<void> >[m[K’ {aka ‘[01m[Kstruct px4_msgs::msg::OffboardControlMode_<std::allocator<void> >[m[K’} has no member named ‘[01m[Kjerk[m[K’
[18.851s]   432 |         msg.jerk[0] = NAN; msg.[01;31m[Kjerk[m[K[1] = NAN; msg.jerk[2] = NAN;
[18.851s]       |                                [01;31m[K^~~~[m[K
[18.852s] [01m[K/root/bridges/jetson_workspace/src/atmaca_flight_control/src/target_navigation_node.cpp:432:51:[m[K [01;31m[Kerror: [m[K‘[01m[Kusing OffboardControlMode = struct px4_msgs::msg::OffboardControlMode_<std::allocator<void> >[m[K’ {aka ‘[01m[Kstruct px4_msgs::msg::OffboardControlMode_<std::allocator<void> >[m[K’} has no member named ‘[01m[Kjerk[m[K’
[18.852s]   432 |         msg.jerk[0] = NAN; msg.jerk[1] = NAN; msg.[01;31m[Kjerk[m[K[2] = NAN;
[18.853s]       |                                                   [01;31m[K^~~~[m[K
[18.853s] [01m[K/root/bridges/jetson_workspace/src/atmaca_flight_control/src/target_navigation_node.cpp:433:13:[m[K [01;31m[Kerror: [m[K‘[01m[Kusing OffboardControlMode = struct px4_msgs::msg::OffboardControlMode_<std::allocator<void> >[m[K’ {aka ‘[01m[Kstruct px4_msgs::msg::OffboardControlMode_<std::allocator<void> >[m[K’} has no member named ‘[01m[Kyaw[m[K’
[18.854s]   433 |         msg.[01;31m[Kyaw[m[K = NAN;
[18.854s]       |             [01;31m[K^~~[m[K
[18.855s] [01m[K/root/bridges/jetson_workspace/src/atmaca_flight_control/src/target_navigation_node.cpp:434:13:[m[K [01;31m[Kerror: [m[K‘[01m[Kusing OffboardControlMode = struct px4_msgs::msg::OffboardControlMode_<std::allocator<void> >[m[K’ {aka ‘[01m[Kstruct px4_msgs::msg::OffboardControlMode_<std::allocator<void> >[m[K’} has no member named ‘[01m[Kyawspeed[m[K’
[18.855s]   434 |         msg.[01;31m[Kyawspeed[m[K = NAN;
[18.855s]       |             [01;31m[K^~~~~~~~[m[K
[18.856s] [01m[K/root/bridges/jetson_workspace/src/atmaca_flight_control/src/target_navigation_node.cpp:436:46:[m[K [01;31m[Kerror: [m[Kno matching function for call to ‘[01m[Krclcpp_lifecycle::LifecyclePublisher<px4_msgs::msg::TrajectorySetpoint_<std::allocator<void> > >::publish(px4_msgs::msg::OffboardControlMode&)[m[K’
[18.856s]   436 |         trajectory_setpoint_pub_->publish(msg[01;31m[K)[m[K;
[18.857s]       |                                              [01;31m[K^[m[K
[18.857s] In file included from [01m[K/opt/ros/humble/install/include/rclcpp_lifecycle/rclcpp_lifecycle/lifecycle_node.hpp:87[m[K,
[18.858s]                  from [01m[K/root/bridges/jetson_workspace/src/atmaca_flight_control/src/target_navigation_node.cpp:4[m[K:
[18.858s] [01m[K/opt/ros/humble/install/include/rclcpp_lifecycle/rclcpp_lifecycle/lifecycle_publisher.hpp:66:3:[m[K [01;36m[Knote: [m[Kcandidate: ‘[01m[Kvoid rclcpp_lifecycle::LifecyclePublisher<MessageT, Alloc>::publish(std::unique_ptr<RosMessageT, typename std::conditional<std::is_same<typename std::allocator_traits<typename std::allocator_traits<_Alloc>::rebind_traits<MessageT>::allocator_type>::rebind_alloc<MessageT>, std::allocator<_Tp1> >::value, std::default_delete<_Tp>, rclcpp::allocator::AllocatorDeleter<typename std::allocator_traits<_Alloc>::rebind_traits<MessageT>::allocator_type> >::type>) [with MessageT = px4_msgs::msg::TrajectorySetpoint_<std::allocator<void> >; Alloc = std::allocator<void>; typename std::conditional<std::is_same<typename std::allocator_traits<typename std::allocator_traits<_Alloc>::rebind_traits<MessageT>::allocator_type>::rebind_alloc<MessageT>, std::allocator<_Tp1> >::value, std::default_delete<_Tp>, rclcpp::allocator::AllocatorDeleter<typename std::allocator_traits<_Alloc>::rebind_traits<MessageT>::allocator_type> >::type = std::default_delete<px4_msgs::msg::TrajectorySetpoint_<std::allocator<void> > >][m[K’
[18.859s]    66 |   [01;36m[Kpublish[m[K(std::unique_ptr<MessageT, MessageDeleter> msg)
[18.859s]       |   [01;36m[K^~~~~~~[m[K
[18.859s] [01m[K/opt/ros/humble/install/include/rclcpp_lifecycle/rclcpp_lifecycle/lifecycle_publisher.hpp:66:53:[m[K [01;36m[Knote: [m[K  no known conversion for argument 1 from ‘[01m[Kpx4_msgs::msg::OffboardControlMode[m[K’ {aka ‘[01m[Kpx4_msgs::msg::OffboardControlMode_<std::allocator<void> >[m[K’} to ‘[01m[Kstd::unique_ptr<px4_msgs::msg::TrajectorySetpoint_<std::allocator<void> >, std::default_delete<px4_msgs::msg::TrajectorySetpoint_<std::allocator<void> > > >[m[K’
[18.860s]    66 |   publish([01;36m[Kstd::unique_ptr<MessageT, MessageDeleter> msg[m[K)
[18.860s]       |           [01;36m[K~~~~~~~~~~~~~~~~~~~~~~~~~~~~~~~~~~~~~~~~~~^~~[m[K
[18.861s] [01m[K/opt/ros/humble/install/include/rclcpp_lifecycle/rclcpp_lifecycle/lifecycle_publisher.hpp:82:3:[m[K [01;36m[Knote: [m[Kcandidate: ‘[01m[Kvoid rclcpp_lifecycle::LifecyclePublisher<MessageT, Alloc>::publish(const MessageT&) [with MessageT = px4_msgs::msg::TrajectorySetpoint_<std::allocator<void> >; Alloc = std::allocator<void>][m[K’
[18.861s]    82 |   [01;36m[Kpublish[m[K(const MessageT & msg)
[18.862s]       |   [01;36m[K^~~~~~~[m[K
[18.862s] [01m[K/opt/ros/humble/install/include/rclcpp_lifecycle/rclcpp_lifecycle/lifecycle_publisher.hpp:82:28:[m[K [01;36m[Knote: [m[K  no known conversion for argument 1 from ‘[01m[Kpx4_msgs::msg::OffboardControlMode[m[K’ {aka ‘[01m[Kpx4_msgs::msg::OffboardControlMode_<std::allocator<void> >[m[K’} to ‘[01m[Kconst px4_msgs::msg::TrajectorySetpoint_<std::allocator<void> >&[m[K’
[18.862s]    82 |   publish([01;36m[Kconst MessageT & msg[m[K)
[18.863s]       |           [01;36m[K~~~~~~~~~~~~~~~~~^~~[m[K
[54.709s] make[2]: *** [CMakeFiles/target_navigation_node.dir/build.make:76: CMakeFiles/target_navigation_node.dir/src/target_navigation_node.cpp.o] Error 1
[54.710s] make[1]: *** [CMakeFiles/Makefile2:223: CMakeFiles/target_navigation_node.dir/all] Error 2
[54.711s] make: *** [Makefile:146: all] Error 2
[54.737s] Invoked command in '/root/bridges/jetson_workspace/build/atmaca_flight_control' returned '2': CMAKE_PREFIX_PATH=/root/bridges/jetson_workspace/install/px4_msgs:/root/bridges/jetson_workspace/install/pars_msgs:/root/bridges/jetson_workspace/install/video_recorder_pkg:/root/bridges/jetson_workspace/install/siha_camera_pkg:/root/bridges/jetson_workspace/install/qr_detector:/root/bridges/jetson_workspace/install/pkg_kamikaze:/root/bridges/jetson_workspace/install/atmaca_flight_control:/root/bridges/jetson_workspace/install/pkg_srv:/root/bridges/jetson_workspace/install/atmaca_vision:/root/bridges/jetson_workspace/install/microxrcedds_agent:/opt/ros/humble/install LD_LIBRARY_PATH=/root/bridges/jetson_workspace/install/px4_msgs/lib:/root/bridges/jetson_workspace/install/pars_msgs/lib:/root/bridges/jetson_workspace/install/pkg_srv/lib:/root/bridges/jetson_workspace/install/microxrcedds_agent/lib:/opt/ros/humble/install/opt/rviz_ogre_vendor/lib:/opt/ros/humble/install/lib:/usr/local/cuda/lib64:/root/bridges/jetson_workspace/onnxruntime-linux-aarch64-1.16.3/lib PS1=\[\033[1;31m\]\u@\h\[\033[0m\]:\[\033[1;34m\]\w\[\033[0m\]# PYTHONPATH=/root/bridges/jetson_workspace/install/px4_msgs/lib/python3.8/site-packages:/root/bridges/jetson_workspace/install/pars_msgs/lib/python3.8/site-packages:/root/bridges/jetson_workspace/install/pkg_srv/lib/python3.8/site-packages:/opt/ros/humble/install/lib/python3.8/site-packages /usr/local/bin/cmake --build /root/bridges/jetson_workspace/build/atmaca_flight_control -- -j6 -l6
