[11.143s] DEBUG:colcon:Command line arguments: ['/usr/bin/colcon', 'build', '--symlink-install', '--packages-select', 'atmaca_flight_control']
[11.143s] DEBUG:colcon:Parsed command line arguments: Namespace(ament_cmake_args=None, base_paths=['.'], build_base='build', catkin_cmake_args=None, catkin_skip_building_tests=False, cmake_args=None, cmake_clean_cache=False, cmake_clean_first=False, cmake_force_configure=False, cmake_target=None, cmake_target_skip_unavailable=False, continue_on_error=False, event_handlers=None, executor='parallel', ignore_user_meta=False, install_base='install', log_base=None, log_level=None, main=<bound method BuildVerb.main of <colcon_core.verb.build.BuildVerb object at 0xffff8406f670>>, merge_install=False, metas=['./colcon.meta'], packages_above=None, packages_above_and_dependencies=None, packages_above_depth=None, packages_end=None, packages_ignore=None, packages_ignore_regex=None, packages_select=['atmaca_flight_control'], packages_select_build_failed=False, packages_select_by_dep=None, packages_select_regex=None, packages_select_test_failures=False, packages_skip=None, packages_skip_build_finished=False, packages_skip_by_dep=None, packages_skip_regex=None, packages_skip_test_passed=False, packages_skip_up_to=None, packages_start=None, packages_up_to=None, packages_up_to_regex=None, parallel_workers=6, paths=None, symlink_install=True, test_result_base=None, verb_extension=<colcon_core.verb.build.BuildVerb object at 0xffff8406f670>, verb_name='build', verb_parser=<colcon_defaults.argument_parser.defaults.DefaultArgumentsDecorator object at 0xffff8406fe50>)
[11.630s] Level 1:colcon.colcon_core.package_discovery:discover_packages(colcon_meta) check parameters
[11.631s] Level 1:colcon.colcon_core.package_discovery:discover_packages(recursive) check parameters
[11.631s] Level 1:colcon.colcon_core.package_discovery:discover_packages(ignore) check parameters
[11.631s] Level 1:colcon.colcon_core.package_discovery:discover_packages(path) check parameters
[11.632s] Level 1:colcon.colcon_core.package_discovery:discover_packages(colcon_meta) discover
[11.632s] Level 1:colcon.colcon_core.package_discovery:discover_packages(recursive) discover
[11.632s] INFO:colcon.colcon_core.package_discovery:Crawling recursively for packages in '/root/bridges/jetson_workspace'
[11.633s] Level 1:colcon.colcon_core.package_identification:_identify(.) by extensions ['ignore', 'ignore_ament_install']
[11.633s] Level 1:colcon.colcon_core.package_identification:_identify(.) by extension 'ignore'
[11.633s] Level 1:colcon.colcon_core.package_identification:_identify(.) by extension 'ignore_ament_install'
[11.634s] Level 1:colcon.colcon_core.package_identification:_identify(.) by extensions ['colcon_pkg']
[11.634s] Level 1:colcon.colcon_core.package_identification:_identify(.) by extension 'colcon_pkg'
[11.634s] Level 1:colcon.colcon_core.package_identification:_identify(.) by extensions ['colcon_meta']
[11.634s] Level 1:colcon.colcon_core.package_identification:_identify(.) by extension 'colcon_meta'
[11.634s] Level 1:colcon.colcon_core.package_identification:_identify(.) by extensions ['ros']
[11.635s] Level 1:colcon.colcon_core.package_identification:_identify(.) by extension 'ros'
[11.707s] Level 1:colcon.colcon_core.package_identification:_identify(.) by extensions ['cmake', 'python']
[11.708s] Level 1:colcon.colcon_core.package_identification:_identify(.) by extension 'cmake'
[11.708s] Level 1:colcon.colcon_core.package_identification:_identify(.) by extension 'python'
[11.708s] Level 1:colcon.colcon_core.package_identification:_identify(.) by extensions ['python_setup_py']
[11.709s] Level 1:colcon.colcon_core.package_identification:_identify(.) by extension 'python_setup_py'
[11.709s] Level 1:colcon.colcon_core.package_identification:_identify(build) by extensions ['ignore', 'ignore_ament_install']
[11.710s] Level 1:colcon.colcon_core.package_identification:_identify(build) by extension 'ignore'
[11.710s] Level 1:colcon.colcon_core.package_identification:_identify(build) ignored
[11.711s] Level 1:colcon.colcon_core.package_identification:_identify(install) by extensions ['ignore', 'ignore_ament_install']
[11.711s] Level 1:colcon.colcon_core.package_identification:_identify(install) by extension 'ignore'
[11.711s] Level 1:colcon.colcon_core.package_identification:_identify(install) ignored
[11.712s] Level 1:colcon.colcon_core.package_identification:_identify(log) by extensions ['ignore', 'ignore_ament_install']
[11.712s] Level 1:colcon.colcon_core.package_identification:_identify(log) by extension 'ignore'
[11.712s] Level 1:colcon.colcon_core.package_identification:_identify(log) ignored
[11.713s] Level 1:colcon.colcon_core.package_identification:_identify(onnxruntime-linux-aarch64-1.16.3) by extensions ['ignore', 'ignore_ament_install']
[11.713s] Level 1:colcon.colcon_core.package_identification:_identify(onnxruntime-linux-aarch64-1.16.3) by extension 'ignore'
[11.713s] Level 1:colcon.colcon_core.package_identification:_identify(onnxruntime-linux-aarch64-1.16.3) by extension 'ignore_ament_install'
[11.714s] Level 1:colcon.colcon_core.package_identification:_identify(onnxruntime-linux-aarch64-1.16.3) by extensions ['colcon_pkg']
[11.714s] Level 1:colcon.colcon_core.package_identification:_identify(onnxruntime-linux-aarch64-1.16.3) by extension 'colcon_pkg'
[11.714s] Level 1:colcon.colcon_core.package_identification:_identify(onnxruntime-linux-aarch64-1.16.3) by extensions ['colcon_meta']
[11.714s] Level 1:colcon.colcon_core.package_identification:_identify(onnxruntime-linux-aarch64-1.16.3) by extension 'colcon_meta'
[11.715s] Level 1:colcon.colcon_core.package_identification:_identify(onnxruntime-linux-aarch64-1.16.3) by extensions ['ros']
[11.715s] Level 1:colcon.colcon_core.package_identification:_identify(onnxruntime-linux-aarch64-1.16.3) by extension 'ros'
[11.715s] Level 1:colcon.colcon_core.package_identification:_identify(onnxruntime-linux-aarch64-1.16.3) by extensions ['cmake', 'python']
[11.715s] Level 1:colcon.colcon_core.package_identification:_identify(onnxruntime-linux-aarch64-1.16.3) by extension 'cmake'
[11.715s] Level 1:colcon.colcon_core.package_identification:_identify(onnxruntime-linux-aarch64-1.16.3) by extension 'python'
[11.716s] Level 1:colcon.colcon_core.package_identification:_identify(onnxruntime-linux-aarch64-1.16.3) by extensions ['python_setup_py']
[11.716s] Level 1:colcon.colcon_core.package_identification:_identify(onnxruntime-linux-aarch64-1.16.3) by extension 'python_setup_py'
[11.716s] Level 1:colcon.colcon_core.package_identification:_identify(onnxruntime-linux-aarch64-1.16.3/include) by extensions ['ignore', 'ignore_ament_install']
[11.717s] Level 1:colcon.colcon_core.package_identification:_identify(onnxruntime-linux-aarch64-1.16.3/include) by extension 'ignore'
[11.717s] Level 1:colcon.colcon_core.package_identification:_identify(onnxruntime-linux-aarch64-1.16.3/include) by extension 'ignore_ament_install'
[11.717s] Level 1:colcon.colcon_core.package_identification:_identify(onnxruntime-linux-aarch64-1.16.3/include) by extensions ['colcon_pkg']
[11.717s] Level 1:colcon.colcon_core.package_identification:_identify(onnxruntime-linux-aarch64-1.16.3/include) by extension 'colcon_pkg'
[11.718s] Level 1:colcon.colcon_core.package_identification:_identify(onnxruntime-linux-aarch64-1.16.3/include) by extensions ['colcon_meta']
[11.718s] Level 1:colcon.colcon_core.package_identification:_identify(onnxruntime-linux-aarch64-1.16.3/include) by extension 'colcon_meta'
[11.718s] Level 1:colcon.colcon_core.package_identification:_identify(onnxruntime-linux-aarch64-1.16.3/include) by extensions ['ros']
[11.718s] Level 1:colcon.colcon_core.package_identification:_identify(onnxruntime-linux-aarch64-1.16.3/include) by extension 'ros'
[11.719s] Level 1:colcon.colcon_core.package_identification:_identify(onnxruntime-linux-aarch64-1.16.3/include) by extensions ['cmake', 'python']
[11.719s] Level 1:colcon.colcon_core.package_identification:_identify(onnxruntime-linux-aarch64-1.16.3/include) by extension 'cmake'
[11.719s] Level 1:colcon.colcon_core.package_identification:_identify(onnxruntime-linux-aarch64-1.16.3/include) by extension 'python'
[11.719s] Level 1:colcon.colcon_core.package_identification:_identify(onnxruntime-linux-aarch64-1.16.3/include) by extensions ['python_setup_py']
[11.719s] Level 1:colcon.colcon_core.package_identification:_identify(onnxruntime-linux-aarch64-1.16.3/include) by extension 'python_setup_py'
[11.720s] Level 1:colcon.colcon_core.package_identification:_identify(onnxruntime-linux-aarch64-1.16.3/lib) by extensions ['ignore', 'ignore_ament_install']
[11.720s] Level 1:colcon.colcon_core.package_identification:_identify(onnxruntime-linux-aarch64-1.16.3/lib) by extension 'ignore'
[11.721s] Level 1:colcon.colcon_core.package_identification:_identify(onnxruntime-linux-aarch64-1.16.3/lib) by extension 'ignore_ament_install'
[11.721s] Level 1:colcon.colcon_core.package_identification:_identify(onnxruntime-linux-aarch64-1.16.3/lib) by extensions ['colcon_pkg']
[11.721s] Level 1:colcon.colcon_core.package_identification:_identify(onnxruntime-linux-aarch64-1.16.3/lib) by extension 'colcon_pkg'
[11.721s] Level 1:colcon.colcon_core.package_identification:_identify(onnxruntime-linux-aarch64-1.16.3/lib) by extensions ['colcon_meta']
[11.721s] Level 1:colcon.colcon_core.package_identification:_identify(onnxruntime-linux-aarch64-1.16.3/lib) by extension 'colcon_meta'
[11.722s] Level 1:colcon.colcon_core.package_identification:_identify(onnxruntime-linux-aarch64-1.16.3/lib) by extensions ['ros']
[11.722s] Level 1:colcon.colcon_core.package_identification:_identify(onnxruntime-linux-aarch64-1.16.3/lib) by extension 'ros'
[11.722s] Level 1:colcon.colcon_core.package_identification:_identify(onnxruntime-linux-aarch64-1.16.3/lib) by extensions ['cmake', 'python']
[11.722s] Level 1:colcon.colcon_core.package_identification:_identify(onnxruntime-linux-aarch64-1.16.3/lib) by extension 'cmake'
[11.723s] Level 1:colcon.colcon_core.package_identification:_identify(onnxruntime-linux-aarch64-1.16.3/lib) by extension 'python'
[11.723s] Level 1:colcon.colcon_core.package_identification:_identify(onnxruntime-linux-aarch64-1.16.3/lib) by extensions ['python_setup_py']
[11.723s] Level 1:colcon.colcon_core.package_identification:_identify(onnxruntime-linux-aarch64-1.16.3/lib) by extension 'python_setup_py'
[11.723s] Level 1:colcon.colcon_core.package_identification:_identify(src) by extensions ['ignore', 'ignore_ament_install']
[11.724s] Level 1:colcon.colcon_core.package_identification:_identify(src) by extension 'ignore'
[11.724s] Level 1:colcon.colcon_core.package_identification:_identify(src) by extension 'ignore_ament_install'
[11.724s] Level 1:colcon.colcon_core.package_identification:_identify(src) by extensions ['colcon_pkg']
[11.725s] Level 1:colcon.colcon_core.package_identification:_identify(src) by extension 'colcon_pkg'
[11.725s] Level 1:colcon.colcon_core.package_identification:_identify(src) by extensions ['colcon_meta']
[11.725s] Level 1:colcon.colcon_core.package_identification:_identify(src) by extension 'colcon_meta'
[11.725s] Level 1:colcon.colcon_core.package_identification:_identify(src) by extensions ['ros']
[11.725s] Level 1:colcon.colcon_core.package_identification:_identify(src) by extension 'ros'
[11.726s] Level 1:colcon.colcon_core.package_identification:_identify(src) by extensions ['cmake', 'python']
[11.726s] Level 1:colcon.colcon_core.package_identification:_identify(src) by extension 'cmake'
[11.726s] Level 1:colcon.colcon_core.package_identification:_identify(src) by extension 'python'
[11.726s] Level 1:colcon.colcon_core.package_identification:_identify(src) by extensions ['python_setup_py']
[11.726s] Level 1:colcon.colcon_core.package_identification:_identify(src) by extension 'python_setup_py'
[11.727s] Level 1:colcon.colcon_core.package_identification:_identify(src/Micro-XRCE-DDS-Agent) by extensions ['ignore', 'ignore_ament_install']
[11.727s] Level 1:colcon.colcon_core.package_identification:_identify(src/Micro-XRCE-DDS-Agent) by extension 'ignore'
[11.728s] Level 1:colcon.colcon_core.package_identification:_identify(src/Micro-XRCE-DDS-Agent) by extension 'ignore_ament_install'
[11.728s] Level 1:colcon.colcon_core.package_identification:_identify(src/Micro-XRCE-DDS-Agent) by extensions ['colcon_pkg']
[11.728s] Level 1:colcon.colcon_core.package_identification:_identify(src/Micro-XRCE-DDS-Agent) by extension 'colcon_pkg'
[11.733s] INFO:colcon.colcon_metadata.metadata.colcon_pkg:Setting type 'cmake' of package 'src/Micro-XRCE-DDS-Agent' from colcon.pkg
[11.733s] INFO:colcon.colcon_metadata.metadata.colcon_pkg:Setting name 'microxrcedds_agent' of package 'src/Micro-XRCE-DDS-Agent' from colcon.pkg
[11.733s] DEBUG:colcon.colcon_core.package_identification:Package 'src/Micro-XRCE-DDS-Agent' with type 'cmake' and name 'microxrcedds_agent'
[11.734s] Level 1:colcon.colcon_core.package_identification:_identify(src/atmaca_flight_control) by extensions ['ignore', 'ignore_ament_install']
[11.734s] Level 1:colcon.colcon_core.package_identification:_identify(src/atmaca_flight_control) by extension 'ignore'
[11.735s] Level 1:colcon.colcon_core.package_identification:_identify(src/atmaca_flight_control) by extension 'ignore_ament_install'
[11.735s] Level 1:colcon.colcon_core.package_identification:_identify(src/atmaca_flight_control) by extensions ['colcon_pkg']
[11.735s] Level 1:colcon.colcon_core.package_identification:_identify(src/atmaca_flight_control) by extension 'colcon_pkg'
[11.735s] Level 1:colcon.colcon_core.package_identification:_identify(src/atmaca_flight_control) by extensions ['colcon_meta']
[11.735s] Level 1:colcon.colcon_core.package_identification:_identify(src/atmaca_flight_control) by extension 'colcon_meta'
[11.736s] Level 1:colcon.colcon_core.package_identification:_identify(src/atmaca_flight_control) by extensions ['ros']
[11.736s] Level 1:colcon.colcon_core.package_identification:_identify(src/atmaca_flight_control) by extension 'ros'
[11.750s] DEBUG:colcon.colcon_core.package_identification:Package 'src/atmaca_flight_control' with type 'ros.ament_cmake' and name 'atmaca_flight_control'
[11.750s] Level 1:colcon.colcon_core.package_identification:_identify(src/atmaca_vision) by extensions ['ignore', 'ignore_ament_install']
[11.751s] Level 1:colcon.colcon_core.package_identification:_identify(src/atmaca_vision) by extension 'ignore'
[11.751s] Level 1:colcon.colcon_core.package_identification:_identify(src/atmaca_vision) by extension 'ignore_ament_install'
[11.751s] Level 1:colcon.colcon_core.package_identification:_identify(src/atmaca_vision) by extensions ['colcon_pkg']
[11.751s] Level 1:colcon.colcon_core.package_identification:_identify(src/atmaca_vision) by extension 'colcon_pkg'
[11.752s] Level 1:colcon.colcon_core.package_identification:_identify(src/atmaca_vision) by extensions ['colcon_meta']
[11.752s] Level 1:colcon.colcon_core.package_identification:_identify(src/atmaca_vision) by extension 'colcon_meta'
[11.752s] Level 1:colcon.colcon_core.package_identification:_identify(src/atmaca_vision) by extensions ['ros']
[11.752s] Level 1:colcon.colcon_core.package_identification:_identify(src/atmaca_vision) by extension 'ros'
[11.757s] DEBUG:colcon.colcon_core.package_identification:Package 'src/atmaca_vision' with type 'ros.ament_cmake' and name 'atmaca_vision'
[11.758s] Level 1:colcon.colcon_core.package_identification:_identify(src/pars_msgs) by extensions ['ignore', 'ignore_ament_install']
[11.758s] Level 1:colcon.colcon_core.package_identification:_identify(src/pars_msgs) by extension 'ignore'
[11.758s] Level 1:colcon.colcon_core.package_identification:_identify(src/pars_msgs) by extension 'ignore_ament_install'
[11.759s] Level 1:colcon.colcon_core.package_identification:_identify(src/pars_msgs) by extensions ['colcon_pkg']
[11.759s] Level 1:colcon.colcon_core.package_identification:_identify(src/pars_msgs) by extension 'colcon_pkg'
[11.759s] Level 1:colcon.colcon_core.package_identification:_identify(src/pars_msgs) by extensions ['colcon_meta']
[11.759s] Level 1:colcon.colcon_core.package_identification:_identify(src/pars_msgs) by extension 'colcon_meta'
[11.759s] Level 1:colcon.colcon_core.package_identification:_identify(src/pars_msgs) by extensions ['ros']
[11.760s] Level 1:colcon.colcon_core.package_identification:_identify(src/pars_msgs) by extension 'ros'
[11.763s] DEBUG:colcon.colcon_core.package_identification:Package 'src/pars_msgs' with type 'ros.ament_cmake' and name 'pars_msgs'
[11.764s] Level 1:colcon.colcon_core.package_identification:_identify(src/pkg_kamikaze) by extensions ['ignore', 'ignore_ament_install']
[11.764s] Level 1:colcon.colcon_core.package_identification:_identify(src/pkg_kamikaze) by extension 'ignore'
[11.764s] Level 1:colcon.colcon_core.package_identification:_identify(src/pkg_kamikaze) by extension 'ignore_ament_install'
[11.765s] Level 1:colcon.colcon_core.package_identification:_identify(src/pkg_kamikaze) by extensions ['colcon_pkg']
[11.765s] Level 1:colcon.colcon_core.package_identification:_identify(src/pkg_kamikaze) by extension 'colcon_pkg'
[11.765s] Level 1:colcon.colcon_core.package_identification:_identify(src/pkg_kamikaze) by extensions ['colcon_meta']
[11.765s] Level 1:colcon.colcon_core.package_identification:_identify(src/pkg_kamikaze) by extension 'colcon_meta'
[11.766s] Level 1:colcon.colcon_core.package_identification:_identify(src/pkg_kamikaze) by extensions ['ros']
[11.766s] Level 1:colcon.colcon_core.package_identification:_identify(src/pkg_kamikaze) by extension 'ros'
[11.770s] DEBUG:colcon.colcon_core.package_identification:Package 'src/pkg_kamikaze' with type 'ros.ament_cmake' and name 'pkg_kamikaze'
[11.770s] Level 1:colcon.colcon_core.package_identification:_identify(src/pkg_srv) by extensions ['ignore', 'ignore_ament_install']
[11.771s] Level 1:colcon.colcon_core.package_identification:_identify(src/pkg_srv) by extension 'ignore'
[11.771s] Level 1:colcon.colcon_core.package_identification:_identify(src/pkg_srv) by extension 'ignore_ament_install'
[11.771s] Level 1:colcon.colcon_core.package_identification:_identify(src/pkg_srv) by extensions ['colcon_pkg']
[11.771s] Level 1:colcon.colcon_core.package_identification:_identify(src/pkg_srv) by extension 'colcon_pkg'
[11.771s] Level 1:colcon.colcon_core.package_identification:_identify(src/pkg_srv) by extensions ['colcon_meta']
[11.772s] Level 1:colcon.colcon_core.package_identification:_identify(src/pkg_srv) by extension 'colcon_meta'
[11.772s] Level 1:colcon.colcon_core.package_identification:_identify(src/pkg_srv) by extensions ['ros']
[11.772s] Level 1:colcon.colcon_core.package_identification:_identify(src/pkg_srv) by extension 'ros'
[11.775s] DEBUG:colcon.colcon_core.package_identification:Package 'src/pkg_srv' with type 'ros.ament_cmake' and name 'pkg_srv'
[11.776s] Level 1:colcon.colcon_core.package_identification:_identify(src/px4_msgs) by extensions ['ignore', 'ignore_ament_install']
[11.776s] Level 1:colcon.colcon_core.package_identification:_identify(src/px4_msgs) by extension 'ignore'
[11.776s] Level 1:colcon.colcon_core.package_identification:_identify(src/px4_msgs) by extension 'ignore_ament_install'
[11.776s] Level 1:colcon.colcon_core.package_identification:_identify(src/px4_msgs) by extensions ['colcon_pkg']
[11.777s] Level 1:colcon.colcon_core.package_identification:_identify(src/px4_msgs) by extension 'colcon_pkg'
[11.777s] Level 1:colcon.colcon_core.package_identification:_identify(src/px4_msgs) by extensions ['colcon_meta']
[11.777s] Level 1:colcon.colcon_core.package_identification:_identify(src/px4_msgs) by extension 'colcon_meta'
[11.777s] Level 1:colcon.colcon_core.package_identification:_identify(src/px4_msgs) by extensions ['ros']
[11.777s] Level 1:colcon.colcon_core.package_identification:_identify(src/px4_msgs) by extension 'ros'
[11.780s] DEBUG:colcon.colcon_core.package_identification:Package 'src/px4_msgs' with type 'ros.ament_cmake' and name 'px4_msgs'
[11.781s] Level 1:colcon.colcon_core.package_identification:_identify(src/px4_ros_com) by extensions ['ignore', 'ignore_ament_install']
[11.781s] Level 1:colcon.colcon_core.package_identification:_identify(src/px4_ros_com) by extension 'ignore'
[11.782s] Level 1:colcon.colcon_core.package_identification:_identify(src/px4_ros_com) by extension 'ignore_ament_install'
[11.782s] Level 1:colcon.colcon_core.package_identification:_identify(src/px4_ros_com) by extensions ['colcon_pkg']
[11.782s] Level 1:colcon.colcon_core.package_identification:_identify(src/px4_ros_com) by extension 'colcon_pkg'
[11.782s] Level 1:colcon.colcon_core.package_identification:_identify(src/px4_ros_com) by extensions ['colcon_meta']
[11.782s] Level 1:colcon.colcon_core.package_identification:_identify(src/px4_ros_com) by extension 'colcon_meta'
[11.783s] Level 1:colcon.colcon_core.package_identification:_identify(src/px4_ros_com) by extensions ['ros']
[11.783s] Level 1:colcon.colcon_core.package_identification:_identify(src/px4_ros_com) by extension 'ros'
[11.783s] Level 1:colcon.colcon_core.package_identification:_identify(src/px4_ros_com) by extensions ['cmake', 'python']
[11.783s] Level 1:colcon.colcon_core.package_identification:_identify(src/px4_ros_com) by extension 'cmake'
[11.784s] Level 1:colcon.colcon_core.package_identification:_identify(src/px4_ros_com) by extension 'python'
[11.784s] Level 1:colcon.colcon_core.package_identification:_identify(src/px4_ros_com) by extensions ['python_setup_py']
[11.784s] Level 1:colcon.colcon_core.package_identification:_identify(src/px4_ros_com) by extension 'python_setup_py'
[11.785s] Level 1:colcon.colcon_core.package_identification:_identify(src/qr_detector) by extensions ['ignore', 'ignore_ament_install']
[11.785s] Level 1:colcon.colcon_core.package_identification:_identify(src/qr_detector) by extension 'ignore'
[11.785s] Level 1:colcon.colcon_core.package_identification:_identify(src/qr_detector) by extension 'ignore_ament_install'
[11.785s] Level 1:colcon.colcon_core.package_identification:_identify(src/qr_detector) by extensions ['colcon_pkg']
[11.786s] Level 1:colcon.colcon_core.package_identification:_identify(src/qr_detector) by extension 'colcon_pkg'
[11.786s] Level 1:colcon.colcon_core.package_identification:_identify(src/qr_detector) by extensions ['colcon_meta']
[11.786s] Level 1:colcon.colcon_core.package_identification:_identify(src/qr_detector) by extension 'colcon_meta'
[11.786s] Level 1:colcon.colcon_core.package_identification:_identify(src/qr_detector) by extensions ['ros']
[11.786s] Level 1:colcon.colcon_core.package_identification:_identify(src/qr_detector) by extension 'ros'
[11.791s] DEBUG:colcon.colcon_core.package_identification:Package 'src/qr_detector' with type 'ros.ament_cmake' and name 'qr_detector'
[11.792s] Level 1:colcon.colcon_core.package_identification:_identify(src/siha_camera_pkg) by extensions ['ignore', 'ignore_ament_install']
[11.792s] Level 1:colcon.colcon_core.package_identification:_identify(src/siha_camera_pkg) by extension 'ignore'
[11.792s] Level 1:colcon.colcon_core.package_identification:_identify(src/siha_camera_pkg) by extension 'ignore_ament_install'
[11.793s] Level 1:colcon.colcon_core.package_identification:_identify(src/siha_camera_pkg) by extensions ['colcon_pkg']
[11.793s] Level 1:colcon.colcon_core.package_identification:_identify(src/siha_camera_pkg) by extension 'colcon_pkg'
[11.793s] Level 1:colcon.colcon_core.package_identification:_identify(src/siha_camera_pkg) by extensions ['colcon_meta']
[11.793s] Level 1:colcon.colcon_core.package_identification:_identify(src/siha_camera_pkg) by extension 'colcon_meta'
[11.793s] Level 1:colcon.colcon_core.package_identification:_identify(src/siha_camera_pkg) by extensions ['ros']
[11.793s] Level 1:colcon.colcon_core.package_identification:_identify(src/siha_camera_pkg) by extension 'ros'
[11.799s] DEBUG:colcon.colcon_core.package_identification:Package 'src/siha_camera_pkg' with type 'ros.ament_cmake' and name 'siha_camera_pkg'
[11.799s] Level 1:colcon.colcon_core.package_identification:_identify(src/video_recorder_pkg) by extensions ['ignore', 'ignore_ament_install']
[11.800s] Level 1:colcon.colcon_core.package_identification:_identify(src/video_recorder_pkg) by extension 'ignore'
[11.800s] Level 1:colcon.colcon_core.package_identification:_identify(src/video_recorder_pkg) by extension 'ignore_ament_install'
[11.800s] Level 1:colcon.colcon_core.package_identification:_identify(src/video_recorder_pkg) by extensions ['colcon_pkg']
[11.800s] Level 1:colcon.colcon_core.package_identification:_identify(src/video_recorder_pkg) by extension 'colcon_pkg'
[11.801s] Level 1:colcon.colcon_core.package_identification:_identify(src/video_recorder_pkg) by extensions ['colcon_meta']
[11.801s] Level 1:colcon.colcon_core.package_identification:_identify(src/video_recorder_pkg) by extension 'colcon_meta'
[11.801s] Level 1:colcon.colcon_core.package_identification:_identify(src/video_recorder_pkg) by extensions ['ros']
[11.801s] Level 1:colcon.colcon_core.package_identification:_identify(src/video_recorder_pkg) by extension 'ros'
[11.805s] DEBUG:colcon.colcon_core.package_identification:Package 'src/video_recorder_pkg' with type 'ros.ament_cmake' and name 'video_recorder_pkg'
[11.805s] Level 1:colcon.colcon_core.package_discovery:discover_packages(recursive) using defaults
[11.806s] Level 1:colcon.colcon_core.package_discovery:discover_packages(ignore) discover
[11.806s] Level 1:colcon.colcon_core.package_discovery:discover_packages(ignore) using defaults
[11.806s] Level 1:colcon.colcon_core.package_discovery:discover_packages(path) discover
[11.806s] Level 1:colcon.colcon_core.package_discovery:discover_packages(path) using defaults
[12.047s] INFO:colcon.colcon_metadata.metadata.colcon_pkg:Updating descriptor of package 'src/Micro-XRCE-DDS-Agent' from colcon.pkg: {'name': 'microxrcedds_agent', 'type': 'cmake', 'dependencies': ['fastcdr', 'fastrtps'], 'cmake-args': ['-DUAGENT_ISOLATED_INSTALL=OFF', '-DUAGENT_USE_SYSTEM_FASTCDR=ON', '-DUAGENT_USE_SYSTEM_FASTDDS=ON']}
[12.132s] INFO:colcon.colcon_core.package_selection:Skipping not selected package 'microxrcedds_agent' in 'src/Micro-XRCE-DDS-Agent'
[12.133s] INFO:colcon.colcon_core.package_selection:Skipping not selected package 'pars_msgs' in 'src/pars_msgs'
[12.133s] INFO:colcon.colcon_core.package_selection:Skipping not selected package 'pkg_srv' in 'src/pkg_srv'
[12.133s] INFO:colcon.colcon_core.package_selection:Skipping not selected package 'px4_msgs' in 'src/px4_msgs'
[12.133s] INFO:colcon.colcon_core.package_selection:Skipping not selected package 'video_recorder_pkg' in 'src/video_recorder_pkg'
[12.133s] INFO:colcon.colcon_core.package_selection:Skipping not selected package 'atmaca_vision' in 'src/atmaca_vision'
[12.133s] INFO:colcon.colcon_core.package_selection:Skipping not selected package 'pkg_kamikaze' in 'src/pkg_kamikaze'
[12.134s] INFO:colcon.colcon_core.package_selection:Skipping not selected package 'qr_detector' in 'src/qr_detector'
[12.134s] INFO:colcon.colcon_core.package_selection:Skipping not selected package 'siha_camera_pkg' in 'src/siha_camera_pkg'
[12.206s] Level 5:colcon.colcon_core.verb:set package 'atmaca_flight_control' build argument 'cmake_args' from command line to 'None'
[12.206s] Level 5:colcon.colcon_core.verb:set package 'atmaca_flight_control' build argument 'cmake_target' from command line to 'None'
[12.207s] Level 5:colcon.colcon_core.verb:set package 'atmaca_flight_control' build argument 'cmake_target_skip_unavailable' from command line to 'False'
[12.207s] Level 5:colcon.colcon_core.verb:set package 'atmaca_flight_control' build argument 'cmake_clean_cache' from command line to 'False'
[12.207s] Level 5:colcon.colcon_core.verb:set package 'atmaca_flight_control' build argument 'cmake_clean_first' from command line to 'False'
[12.207s] Level 5:colcon.colcon_core.verb:set package 'atmaca_flight_control' build argument 'cmake_force_configure' from command line to 'False'
[12.207s] Level 5:colcon.colcon_core.verb:set package 'atmaca_flight_control' build argument 'ament_cmake_args' from command line to 'None'
[12.207s] Level 5:colcon.colcon_core.verb:set package 'atmaca_flight_control' build argument 'catkin_cmake_args' from command line to 'None'
[12.207s] Level 5:colcon.colcon_core.verb:set package 'atmaca_flight_control' build argument 'catkin_skip_building_tests' from command line to 'False'
[12.208s] DEBUG:colcon.colcon_core.verb:Building package 'atmaca_flight_control' with the following arguments: {'ament_cmake_args': None, 'build_base': '/root/bridges/jetson_workspace/build/atmaca_flight_control', 'catkin_cmake_args': None, 'catkin_skip_building_tests': False, 'cmake_args': None, 'cmake_clean_cache': False, 'cmake_clean_first': False, 'cmake_force_configure': False, 'cmake_target': None, 'cmake_target_skip_unavailable': False, 'install_base': '/root/bridges/jetson_workspace/install/atmaca_flight_control', 'merge_install': False, 'path': '/root/bridges/jetson_workspace/src/atmaca_flight_control', 'symlink_install': True, 'test_result_base': None}
[12.278s] INFO:colcon.colcon_core.executor:Executing jobs using 'parallel' executor
[12.353s] DEBUG:colcon.colcon_parallel_executor.executor.parallel:run_until_complete
[12.354s] INFO:colcon.colcon_ros.task.ament_cmake.build:Building ROS package in '/root/bridges/jetson_workspace/src/atmaca_flight_control' with build type 'ament_cmake'
[12.355s] INFO:colcon.colcon_cmake.task.cmake.build:Building CMake package in '/root/bridges/jetson_workspace/src/atmaca_flight_control'
[12.447s] INFO:colcon.colcon_core.plugin_system:Skipping extension 'colcon_core.shell.bat': Not used on non-Windows systems
[12.449s] INFO:colcon.colcon_core.shell:Skip shell extension 'powershell' for command environment: Not usable outside of PowerShell
[12.449s] DEBUG:colcon.colcon_core.shell:Skip shell extension 'dsv' for command environment
[12.834s] DEBUG:colcon.colcon_core.event_handler.log_command:Invoking command in '/root/bridges/jetson_workspace/build/atmaca_flight_control': CMAKE_PREFIX_PATH=/root/bridges/jetson_workspace/install/px4_msgs:/root/bridges/jetson_workspace/install/pars_msgs:/root/bridges/jetson_workspace/install/video_recorder_pkg:/root/bridges/jetson_workspace/install/siha_camera_pkg:/root/bridges/jetson_workspace/install/qr_detector:/root/bridges/jetson_workspace/install/pkg_kamikaze:/root/bridges/jetson_workspace/install/atmaca_flight_control:/root/bridges/jetson_workspace/install/pkg_srv:/root/bridges/jetson_workspace/install/atmaca_vision:/root/bridges/jetson_workspace/install/microxrcedds_agent:/opt/ros/humble/install LD_LIBRARY_PATH=/root/bridges/jetson_workspace/install/px4_msgs/lib:/root/bridges/jetson_workspace/install/pars_msgs/lib:/root/bridges/jetson_workspace/install/pkg_srv/lib:/root/bridges/jetson_workspace/install/microxrcedds_agent/lib:/opt/ros/humble/install/opt/rviz_ogre_vendor/lib:/opt/ros/humble/install/lib:/usr/local/cuda/lib64:/root/bridges/jetson_workspace/onnxruntime-linux-aarch64-1.16.3/lib PS1=\[\033[1;31m\]\u@\h\[\033[0m\]:\[\033[1;34m\]\w\[\033[0m\]# PYTHONPATH=/root/bridges/jetson_workspace/install/px4_msgs/lib/python3.8/site-packages:/root/bridges/jetson_workspace/install/pars_msgs/lib/python3.8/site-packages:/root/bridges/jetson_workspace/install/pkg_srv/lib/python3.8/site-packages:/opt/ros/humble/install/lib/python3.8/site-packages /usr/local/bin/cmake --build /root/bridges/jetson_workspace/build/atmaca_flight_control -- -j6 -l6
[117.854s] DEBUG:colcon.colcon_core.event_handler.log_command:Invoked command in '/root/bridges/jetson_workspace/build/atmaca_flight_control' returned '0': CMAKE_PREFIX_PATH=/root/bridges/jetson_workspace/install/px4_msgs:/root/bridges/jetson_workspace/install/pars_msgs:/root/bridges/jetson_workspace/install/video_recorder_pkg:/root/bridges/jetson_workspace/install/siha_camera_pkg:/root/bridges/jetson_workspace/install/qr_detector:/root/bridges/jetson_workspace/install/pkg_kamikaze:/root/bridges/jetson_workspace/install/atmaca_flight_control:/root/bridges/jetson_workspace/install/pkg_srv:/root/bridges/jetson_workspace/install/atmaca_vision:/root/bridges/jetson_workspace/install/microxrcedds_agent:/opt/ros/humble/install LD_LIBRARY_PATH=/root/bridges/jetson_workspace/install/px4_msgs/lib:/root/bridges/jetson_workspace/install/pars_msgs/lib:/root/bridges/jetson_workspace/install/pkg_srv/lib:/root/bridges/jetson_workspace/install/microxrcedds_agent/lib:/opt/ros/humble/install/opt/rviz_ogre_vendor/lib:/opt/ros/humble/install/lib:/usr/local/cuda/lib64:/root/bridges/jetson_workspace/onnxruntime-linux-aarch64-1.16.3/lib PS1=\[\033[1;31m\]\u@\h\[\033[0m\]:\[\033[1;34m\]\w\[\033[0m\]# PYTHONPATH=/root/bridges/jetson_workspace/install/px4_msgs/lib/python3.8/site-packages:/root/bridges/jetson_workspace/install/pars_msgs/lib/python3.8/site-packages:/root/bridges/jetson_workspace/install/pkg_srv/lib/python3.8/site-packages:/opt/ros/humble/install/lib/python3.8/site-packages /usr/local/bin/cmake --build /root/bridges/jetson_workspace/build/atmaca_flight_control -- -j6 -l6
[118.402s] DEBUG:colcon.colcon_core.event_handler.log_command:Invoking command in '/root/bridges/jetson_workspace/build/atmaca_flight_control': CMAKE_PREFIX_PATH=/root/bridges/jetson_workspace/install/px4_msgs:/root/bridges/jetson_workspace/install/pars_msgs:/root/bridges/jetson_workspace/install/video_recorder_pkg:/root/bridges/jetson_workspace/install/siha_camera_pkg:/root/bridges/jetson_workspace/install/qr_detector:/root/bridges/jetson_workspace/install/pkg_kamikaze:/root/bridges/jetson_workspace/install/atmaca_flight_control:/root/bridges/jetson_workspace/install/pkg_srv:/root/bridges/jetson_workspace/install/atmaca_vision:/root/bridges/jetson_workspace/install/microxrcedds_agent:/opt/ros/humble/install LD_LIBRARY_PATH=/root/bridges/jetson_workspace/install/px4_msgs/lib:/root/bridges/jetson_workspace/install/pars_msgs/lib:/root/bridges/jetson_workspace/install/pkg_srv/lib:/root/bridges/jetson_workspace/install/microxrcedds_agent/lib:/opt/ros/humble/install/opt/rviz_ogre_vendor/lib:/opt/ros/humble/install/lib:/usr/local/cuda/lib64:/root/bridges/jetson_workspace/onnxruntime-linux-aarch64-1.16.3/lib PS1=\[\033[1;31m\]\u@\h\[\033[0m\]:\[\033[1;34m\]\w\[\033[0m\]# PYTHONPATH=/root/bridges/jetson_workspace/install/px4_msgs/lib/python3.8/site-packages:/root/bridges/jetson_workspace/install/pars_msgs/lib/python3.8/site-packages:/root/bridges/jetson_workspace/install/pkg_srv/lib/python3.8/site-packages:/opt/ros/humble/install/lib/python3.8/site-packages /usr/local/bin/cmake --install /root/bridges/jetson_workspace/build/atmaca_flight_control
[118.629s] Level 1:colcon.colcon_core.environment:create_environment_scripts_only(atmaca_flight_control)
[118.633s] DEBUG:colcon.colcon_core.event_handler.log_command:Invoked command in '/root/bridges/jetson_workspace/build/atmaca_flight_control' returned '0': CMAKE_PREFIX_PATH=/root/bridges/jetson_workspace/install/px4_msgs:/root/bridges/jetson_workspace/install/pars_msgs:/root/bridges/jetson_workspace/install/video_recorder_pkg:/root/bridges/jetson_workspace/install/siha_camera_pkg:/root/bridges/jetson_workspace/install/qr_detector:/root/bridges/jetson_workspace/install/pkg_kamikaze:/root/bridges/jetson_workspace/install/atmaca_flight_control:/root/bridges/jetson_workspace/install/pkg_srv:/root/bridges/jetson_workspace/install/atmaca_vision:/root/bridges/jetson_workspace/install/microxrcedds_agent:/opt/ros/humble/install LD_LIBRARY_PATH=/root/bridges/jetson_workspace/install/px4_msgs/lib:/root/bridges/jetson_workspace/install/pars_msgs/lib:/root/bridges/jetson_workspace/install/pkg_srv/lib:/root/bridges/jetson_workspace/install/microxrcedds_agent/lib:/opt/ros/humble/install/opt/rviz_ogre_vendor/lib:/opt/ros/humble/install/lib:/usr/local/cuda/lib64:/root/bridges/jetson_workspace/onnxruntime-linux-aarch64-1.16.3/lib PS1=\[\033[1;31m\]\u@\h\[\033[0m\]:\[\033[1;34m\]\w\[\033[0m\]# PYTHONPATH=/root/bridges/jetson_workspace/install/px4_msgs/lib/python3.8/site-packages:/root/bridges/jetson_workspace/install/pars_msgs/lib/python3.8/site-packages:/root/bridges/jetson_workspace/install/pkg_srv/lib/python3.8/site-packages:/opt/ros/humble/install/lib/python3.8/site-packages /usr/local/bin/cmake --install /root/bridges/jetson_workspace/build/atmaca_flight_control
[118.730s] Level 1:colcon.colcon_core.environment:checking '/root/bridges/jetson_workspace/install/atmaca_flight_control' for CMake module files
[118.734s] Level 1:colcon.colcon_core.environment:checking '/root/bridges/jetson_workspace/install/atmaca_flight_control' for CMake config files
[118.735s] Level 1:colcon.colcon_core.shell:create_environment_hook('atmaca_flight_control', 'cmake_prefix_path')
[118.811s] INFO:colcon.colcon_core.shell:Creating environment hook '/root/bridges/jetson_workspace/install/atmaca_flight_control/share/atmaca_flight_control/hook/cmake_prefix_path.ps1'
[118.815s] INFO:colcon.colcon_core.shell:Creating environment descriptor '/root/bridges/jetson_workspace/install/atmaca_flight_control/share/atmaca_flight_control/hook/cmake_prefix_path.dsv'
[118.818s] INFO:colcon.colcon_core.shell:Creating environment hook '/root/bridges/jetson_workspace/install/atmaca_flight_control/share/atmaca_flight_control/hook/cmake_prefix_path.sh'
[118.823s] Level 1:colcon.colcon_core.environment:checking '/root/bridges/jetson_workspace/install/atmaca_flight_control/lib'
[118.823s] Level 1:colcon.colcon_core.environment:checking '/root/bridges/jetson_workspace/install/atmaca_flight_control/bin'
[118.824s] Level 1:colcon.colcon_core.environment:checking '/root/bridges/jetson_workspace/install/atmaca_flight_control/lib/pkgconfig/atmaca_flight_control.pc'
[118.828s] Level 1:colcon.colcon_core.environment:checking '/root/bridges/jetson_workspace/install/atmaca_flight_control/lib/python3.8/site-packages'
[118.829s] Level 1:colcon.colcon_core.environment:checking '/root/bridges/jetson_workspace/install/atmaca_flight_control/bin'
[118.906s] INFO:colcon.colcon_core.shell:Creating package script '/root/bridges/jetson_workspace/install/atmaca_flight_control/share/atmaca_flight_control/package.ps1'
[118.910s] INFO:colcon.colcon_core.shell:Creating package descriptor '/root/bridges/jetson_workspace/install/atmaca_flight_control/share/atmaca_flight_control/package.dsv'
[118.912s] INFO:colcon.colcon_core.shell:Creating package script '/root/bridges/jetson_workspace/install/atmaca_flight_control/share/atmaca_flight_control/package.sh'
[118.916s] INFO:colcon.colcon_core.shell:Creating package script '/root/bridges/jetson_workspace/install/atmaca_flight_control/share/atmaca_flight_control/package.bash'
[118.919s] INFO:colcon.colcon_core.shell:Creating package script '/root/bridges/jetson_workspace/install/atmaca_flight_control/share/atmaca_flight_control/package.zsh'
[118.922s] Level 1:colcon.colcon_core.environment:create_file_with_runtime_dependencies(/root/bridges/jetson_workspace/install/atmaca_flight_control/share/colcon-core/packages/atmaca_flight_control)
[119.360s] Level 1:colcon.colcon_core.environment:create_environment_scripts_only(atmaca_flight_control)
[119.436s] Level 1:colcon.colcon_core.environment:checking '/root/bridges/jetson_workspace/install/atmaca_flight_control' for CMake module files
[119.440s] Level 1:colcon.colcon_core.environment:checking '/root/bridges/jetson_workspace/install/atmaca_flight_control' for CMake config files
[119.441s] Level 1:colcon.colcon_core.shell:create_environment_hook('atmaca_flight_control', 'cmake_prefix_path')
[119.516s] INFO:colcon.colcon_core.shell:Creating environment hook '/root/bridges/jetson_workspace/install/atmaca_flight_control/share/atmaca_flight_control/hook/cmake_prefix_path.ps1'
[119.519s] INFO:colcon.colcon_core.shell:Creating environment descriptor '/root/bridges/jetson_workspace/install/atmaca_flight_control/share/atmaca_flight_control/hook/cmake_prefix_path.dsv'
[119.521s] INFO:colcon.colcon_core.shell:Creating environment hook '/root/bridges/jetson_workspace/install/atmaca_flight_control/share/atmaca_flight_control/hook/cmake_prefix_path.sh'
[119.524s] Level 1:colcon.colcon_core.environment:checking '/root/bridges/jetson_workspace/install/atmaca_flight_control/lib'
[119.525s] Level 1:colcon.colcon_core.environment:checking '/root/bridges/jetson_workspace/install/atmaca_flight_control/bin'
[119.525s] Level 1:colcon.colcon_core.environment:checking '/root/bridges/jetson_workspace/install/atmaca_flight_control/lib/pkgconfig/atmaca_flight_control.pc'
[119.527s] Level 1:colcon.colcon_core.environment:checking '/root/bridges/jetson_workspace/install/atmaca_flight_control/lib/python3.8/site-packages'
[119.527s] Level 1:colcon.colcon_core.environment:checking '/root/bridges/jetson_workspace/install/atmaca_flight_control/bin'
[119.603s] INFO:colcon.colcon_core.shell:Creating package script '/root/bridges/jetson_workspace/install/atmaca_flight_control/share/atmaca_flight_control/package.ps1'
[119.606s] INFO:colcon.colcon_core.shell:Creating package descriptor '/root/bridges/jetson_workspace/install/atmaca_flight_control/share/atmaca_flight_control/package.dsv'
[119.608s] INFO:colcon.colcon_core.shell:Creating package script '/root/bridges/jetson_workspace/install/atmaca_flight_control/share/atmaca_flight_control/package.sh'
[119.611s] INFO:colcon.colcon_core.shell:Creating package script '/root/bridges/jetson_workspace/install/atmaca_flight_control/share/atmaca_flight_control/package.bash'
[119.613s] INFO:colcon.colcon_core.shell:Creating package script '/root/bridges/jetson_workspace/install/atmaca_flight_control/share/atmaca_flight_control/package.zsh'
[119.615s] Level 1:colcon.colcon_core.environment:create_file_with_runtime_dependencies(/root/bridges/jetson_workspace/install/atmaca_flight_control/share/colcon-core/packages/atmaca_flight_control)
[119.617s] DEBUG:colcon.colcon_parallel_executor.executor.parallel:closing loop
[119.619s] DEBUG:colcon.colcon_parallel_executor.executor.parallel:loop closed
[119.619s] DEBUG:colcon.colcon_parallel_executor.executor.parallel:run_until_complete finished with '0'
[119.620s] DEBUG:colcon.colcon_core.event_reactor:joining thread
[119.726s] INFO:colcon.colcon_core.plugin_system:Skipping extension 'colcon_notification.desktop_notification.notify_send': Could not find 'notify-send'
[119.727s] INFO:colcon.colcon_core.plugin_system:Skipping extension 'colcon_notification.desktop_notification.terminal_notifier': Not used on non-Darwin systems
[119.727s] INFO:colcon.colcon_core.plugin_system:Skipping extension 'colcon_notification.desktop_notification.win32': Not used on non-Windows systems
[119.727s] INFO:colcon.colcon_notification.desktop_notification:Sending desktop notification using 'notify2'
[119.749s] DEBUG:colcon.colcon_notification.desktop_notification.notify2:Failed to initialize notify2: org.freedesktop.DBus.Error.Spawn.ExecFailed: /usr/bin/dbus-launch terminated abnormally with the following error: No protocol specified
Autolaunch error: X11 initialization failed.

[119.752s] DEBUG:colcon.colcon_core.event_reactor:joined thread
[119.837s] INFO:colcon.colcon_core.shell:Creating prefix script '/root/bridges/jetson_workspace/install/local_setup.ps1'
[119.843s] INFO:colcon.colcon_core.shell:Creating prefix util module '/root/bridges/jetson_workspace/install/_local_setup_util_ps1.py'
[119.850s] INFO:colcon.colcon_core.shell:Creating prefix chain script '/root/bridges/jetson_workspace/install/setup.ps1'
[119.932s] INFO:colcon.colcon_core.shell:Creating prefix script '/root/bridges/jetson_workspace/install/local_setup.sh'
[119.935s] INFO:colcon.colcon_core.shell:Creating prefix util module '/root/bridges/jetson_workspace/install/_local_setup_util_sh.py'
[119.938s] INFO:colcon.colcon_core.shell:Creating prefix chain script '/root/bridges/jetson_workspace/install/setup.sh'
[120.020s] INFO:colcon.colcon_core.shell:Creating prefix script '/root/bridges/jetson_workspace/install/local_setup.bash'
[120.022s] INFO:colcon.colcon_core.shell:Creating prefix chain script '/root/bridges/jetson_workspace/install/setup.bash'
[120.102s] INFO:colcon.colcon_core.shell:Creating prefix script '/root/bridges/jetson_workspace/install/local_setup.zsh'
[120.105s] INFO:colcon.colcon_core.shell:Creating prefix chain script '/root/bridges/jetson_workspace/install/setup.zsh'
